Connection: _FCCS_fGcNJi2ZDOAAAA
ClientRejoin: _FCCS_fGcNJi2ZDOAAAA
ClientJoin: _FCCS_fGcNJi2ZDOAAAA
WritePacket: {"Msg":"ServerMessage","Packet":"0 joined."}
ClientSpawn: _FCCS_fGcNJi2ZDOAAAA
WritePacket: {"Msg":"ServerSpawn","Packet":{"playerId":"_FCCS_fGcNJi2ZDOAAAA","playerNumber":0,"shipId":1482771,"position":{"data":{"0":0,"1":0,"2":0}},"orientation":{"data":{"0":0,"1":0,"2":0}}}}
WritePacket: {"Msg":"ServerUpdate","Packet":{"playerId":"_FCCS_fGcNJi2ZDOAAAA","playerNumber":0,"shipId":1482771,"position":{"data":{"0":0,"1":0,"2":0}},"orientation":{"data":{"0":0,"1":0,"2":0}}}}
WritePacket: {"Msg":"ServerUpdate","Packet":{"playerId":"_FCCS_fGcNJi2ZDOAAAA","playerNumber":0,"shipId":1482771,"position":{"data":{"0":0,"1":0,"2":0}},"orientation":{"data":{"0":0,"1":0,"2":0}}}}
WritePacket: {"Msg":"ServerUpdate","Packet":{"playerId":"_FCCS_fGcNJi2ZDOAAAA","playerNumber":0,"shipId":1482771,"position":{"data":{"0":0.3408755660057068,"1":0,"2":-1.0519064664840698}},"orientation":{"data":{"0":0,"1":0,"2":0}}}}
WritePacket: {"Msg":"ServerUpdate","Packet":{"playerId":"_FCCS_fGcNJi2ZDOAAAA","playerNumber":0,"shipId":1482771,"position":{"data":{"0":0.3564666211605072,"1":0,"2":-2.455125570297241}},"orientation":{"data":{"0":0,"1":0,"2":0}}}}
WritePacket: {"Msg":"ServerUpdate","Packet":{"playerId":"_FCCS_fGcNJi2ZDOAAAA","playerNumber":0,"shipId":1482771,"position":{"data":{"0":-0.6462841629981995,"1":0,"2":-3.422969341278076}},"orientation":{"data":{"0":0,"1":1.492449402809143,"2":0}}}}
WritePacket: {"Msg":"ServerUpdate","Packet":{"playerId":"_FCCS_fGcNJi2ZDOAAAA","playerNumber":0,"shipId":1482771,"position":{"data":{"0":-2.0404345989227295,"1":0.0005963053554296494,"2":-3.807616710662842}},"orientation":{"data":{"0":0.6261308193206787,"1":26.310104370117188,"2":0}}}}
WritePacket: {"Msg":"ServerUpdate","Packet":{"playerId":"_FCCS_fGcNJi2ZDOAAAA","playerNumber":0,"shipId":1482771,"position":{"data":{"0":-3.4929702281951904,"1":0.12040039896965027,"2":-4.074079990386963}},"orientation":{"data":{"0":9.568615913391113,"1":38.81751251220703,"2":0.8980244398117065}}}}
WritePacket: {"Msg":"ServerUpdate","Packet":{"playerId":"_FCCS_fGcNJi2ZDOAAAA","playerNumber":0,"shipId":1482771,"position":{"data":{"0":-4.851099491119385,"1":0.47041749954223633,"2":-3.8108742237091064}},"orientation":{"data":{"0":-9.991623878479004,"1":38.72673034667969,"2":-29.88184928894043}}}}
WritePacket: {"Msg":"ServerUpdate","Packet":{"playerId":"_FCCS_fGcNJi2ZDOAAAA","playerNumber":0,"shipId":1482771,"position":{"data":{"0":-5.318049907684326,"1":0.7426323294639587,"2":-3.7326748371124268}},"orientation":{"data":{"0":-25.669248580932617,"1":29.441089630126953,"2":-56.84017562866211}}}}
WritePacket: {"Msg":"ServerUpdate","Packet":{"playerId":"_FCCS_fGcNJi2ZDOAAAA","playerNumber":0,"shipId":1482771,"position":{"data":{"0":-5.405760288238525,"1":0.9505442380905151,"2":-3.7295751571655273}},"orientation":{"data":{"0":-29.02517318725586,"1":-1.875731110572815,"2":-67.89041137695312}}}}
WritePacket: {"Msg":"ServerUpdate","Packet":{"playerId":"_FCCS_fGcNJi2ZDOAAAA","playerNumber":0,"shipId":1482771,"position":{"data":{"0":-5.756275653839111,"1":2.1063103675842285,"2":-4.158128261566162}},"orientation":{"data":{"0":-26.021028518676758,"1":-34.35243225097656,"2":-78.47563171386719}}}}
WritePacket: {"Msg":"ServerUpdate","Packet":{"playerId":"_FCCS_fGcNJi2ZDOAAAA","playerNumber":0,"shipId":1482771,"position":{"data":{"0":-5.836684703826904,"1":2.638241767883301,"2":-5.2289276123046875}},"orientation":{"data":{"0":5.810163497924805,"1":-62.83158493041992,"2":-106.101806640625}}}}
WritePacket: {"Msg":"ServerUpdate","Packet":{"playerId":"_FCCS_fGcNJi2ZDOAAAA","playerNumber":0,"shipId":1482771,"position":{"data":{"0":-5.5247979164123535,"1":1.6252528429031372,"2":-6.216709136962891}},"orientation":{"data":{"0":78.0828628540039,"1":-54.36376953125,"2":-158.61898803710938}}}}
WritePacket: {"Msg":"ServerUpdate","Packet":{"playerId":"_FCCS_fGcNJi2ZDOAAAA","playerNumber":0,"shipId":1482771,"position":{"data":{"0":-4.350066184997559,"1":1.0728029012680054,"2":-6.95253849029541}},"orientation":{"data":{"0":100.63233947753906,"1":-28.800350189208984,"2":-155.26881408691406}}}}
WritePacket: {"Msg":"ServerUpdate","Packet":{"playerId":"_FCCS_fGcNJi2ZDOAAAA","playerNumber":0,"shipId":1482771,"position":{"data":{"0":-3.0559396743774414,"1":1.1789305210113525,"2":-7.095006465911865}},"orientation":{"data":{"0":118.91078186035156,"1":-6.998878002166748,"2":-143.45169067382812}}}}
WritePacket: {"Msg":"ServerUpdate","Packet":{"playerId":"_FCCS_fGcNJi2ZDOAAAA","playerNumber":0,"shipId":1482771,"position":{"data":{"0":-1.8756436109542847,"1":1.7820199728012085,"2":-6.642892360687256}},"orientation":{"data":{"0":144.28387451171875,"1":6.7495503425598145,"2":-126.97611236572266}}}}
WritePacket: {"Msg":"ServerUpdate","Packet":{"playerId":"_FCCS_fGcNJi2ZDOAAAA","playerNumber":0,"shipId":1482771,"position":{"data":{"0":-0.9554223418235779,"1":2.7654948234558105,"2":-6.237003326416016}},"orientation":{"data":{"0":149.16322326660156,"1":-13.0255126953125,"2":-114.7995376586914}}}}
WritePacket: {"Msg":"ServerUpdate","Packet":{"playerId":"_FCCS_fGcNJi2ZDOAAAA","playerNumber":0,"shipId":1482771,"position":{"data":{"0":-0.1322898268699646,"1":3.7849433422088623,"2":-6.24439811706543}},"orientation":{"data":{"0":161.0443572998047,"1":-28.2839298248291,"2":-127.9132308959961}}}}
WritePacket: {"Msg":"ServerUpdate","Packet":{"playerId":"_FCCS_fGcNJi2ZDOAAAA","playerNumber":0,"shipId":1482771,"position":{"data":{"0":1.048316240310669,"1":4.36790132522583,"2":-5.514247894287109}},"orientation":{"data":{"0":176.64088439941406,"1":-33.45817184448242,"2":-157.77267456054688}}}}
WritePacket: {"Msg":"ServerUpdate","Packet":{"playerId":"_FCCS_fGcNJi2ZDOAAAA","playerNumber":0,"shipId":1482771,"position":{"data":{"0":2.002332925796509,"1":4.5550713539123535,"2":-4.47005033493042}},"orientation":{"data":{"0":-176.18443298339844,"1":-33.39134979248047,"2":171.0605926513672}}}}
WritePacket: {"Msg":"ServerUpdate","Packet":{"playerId":"_FCCS_fGcNJi2ZDOAAAA","playerNumber":0,"shipId":1482771,"position":{"data":{"0":2.7710583209991455,"1":4.2311811447143555,"2":-3.4882469177246094}},"orientation":{"data":{"0":-175.18646240234375,"1":-49.05382537841797,"2":138.14199829101562}}}}
WritePacket: {"Msg":"ServerUpdate","Packet":{"playerId":"_FCCS_fGcNJi2ZDOAAAA","playerNumber":0,"shipId":1482771,"position":{"data":{"0":3.6462457180023193,"1":3.4004623889923096,"2":-2.78275465965271}},"orientation":{"data":{"0":-137.00244140625,"1":-56.79128646850586,"2":85.58831787109375}}}}
WritePacket: {"Msg":"ServerUpdate","Packet":{"playerId":"_FCCS_fGcNJi2ZDOAAAA","playerNumber":0,"shipId":1482771,"position":{"data":{"0":4.5540618896484375,"1":2.5671842098236084,"2":-2.386457920074463}},"orientation":{"data":{"0":-103.79618072509766,"1":-38.136871337890625,"2":63.085479736328125}}}}
WritePacket: {"Msg":"ServerUpdate","Packet":{"playerId":"_FCCS_fGcNJi2ZDOAAAA","playerNumber":0,"shipId":1482771,"position":{"data":{"0":5.685763835906982,"1":1.929472804069519,"2":-2.383422374725342}},"orientation":{"data":{"0":-82.22601318359375,"1":-14.199666023254395,"2":61.827049255371094}}}}
WritePacket: {"Msg":"ServerUpdate","Packet":{"playerId":"_FCCS_fGcNJi2ZDOAAAA","playerNumber":0,"shipId":1482771,"position":{"data":{"0":6.93975305557251,"1":2.405686140060425,"2":-2.515471935272217}},"orientation":{"data":{"0":-82.3600845336914,"1":9.475383758544922,"2":65.0101089477539}}}}
WritePacket: {"Msg":"ServerUpdate","Packet":{"playerId":"_FCCS_fGcNJi2ZDOAAAA","playerNumber":0,"shipId":1482771,"position":{"data":{"0":8.107194900512695,"1":3.1999351978302,"2":-3.150070905685425}},"orientation":{"data":{"0":-80.74762725830078,"1":35.354488372802734,"2":69.12994384765625}}}}
WritePacket: {"Msg":"ServerUpdate","Packet":{"playerId":"_FCCS_fGcNJi2ZDOAAAA","playerNumber":0,"shipId":1482771,"position":{"data":{"0":8.323116302490234,"1":3.2838447093963623,"2":-3.2945969104766846}},"orientation":{"data":{"0":-80.74762725830078,"1":35.354488372802734,"2":69.12994384765625}}}}
WritePacket: {"Msg":"ServerUpdate","Packet":{"playerId":"_FCCS_fGcNJi2ZDOAAAA","playerNumber":0,"shipId":1482771,"position":{"data":{"0":8.323116302490234,"1":3.2838447093963623,"2":-3.2945969104766846}},"orientation":{"data":{"0":-80.74762725830078,"1":35.354488372802734,"2":69.12994384765625}}}}
WritePacket: {"Msg":"ServerUpdate","Packet":{"playerId":"_FCCS_fGcNJi2ZDOAAAA","playerNumber":0,"shipId":1482771,"position":{"data":{"0":8.323116302490234,"1":3.2838447093963623,"2":-3.2945969104766846}},"orientation":{"data":{"0":-80.74762725830078,"1":35.354488372802734,"2":69.12994384765625}}}}
WritePacket: {"Msg":"ServerUpdate","Packet":{"playerId":"_FCCS_fGcNJi2ZDOAAAA","playerNumber":0,"shipId":1482771,"position":{"data":{"0":8.323116302490234,"1":3.2838447093963623,"2":-3.2945969104766846}},"orientation":{"data":{"0":-80.74762725830078,"1":35.354488372802734,"2":69.12994384765625}}}}
WritePacket: {"Msg":"ServerUpdate","Packet":{"playerId":"_FCCS_fGcNJi2ZDOAAAA","playerNumber":0,"shipId":1482771,"position":{"data":{"0":8.323116302490234,"1":3.2838447093963623,"2":-3.2945969104766846}},"orientation":{"data":{"0":-80.74762725830078,"1":35.354488372802734,"2":69.12994384765625}}}}
WritePacket: {"Msg":"ServerUpdate","Packet":{"playerId":"_FCCS_fGcNJi2ZDOAAAA","playerNumber":0,"shipId":1482771,"position":{"data":{"0":8.323116302490234,"1":3.2838447093963623,"2":-3.2945969104766846}},"orientation":{"data":{"0":-80.74762725830078,"1":35.354488372802734,"2":69.12994384765625}}}}
WritePacket: {"Msg":"ServerUpdate","Packet":{"playerId":"_FCCS_fGcNJi2ZDOAAAA","playerNumber":0,"shipId":1482771,"position":{"data":{"0":8.323116302490234,"1":3.2838447093963623,"2":-3.2945969104766846}},"orientation":{"data":{"0":-80.74762725830078,"1":35.354488372802734,"2":69.12994384765625}}}}
WritePacket: {"Msg":"ServerUpdate","Packet":{"playerId":"_FCCS_fGcNJi2ZDOAAAA","playerNumber":0,"shipId":1482771,"position":{"data":{"0":8.323116302490234,"1":3.2838447093963623,"2":-3.2945969104766846}},"orientation":{"data":{"0":-80.74762725830078,"1":35.354488372802734,"2":69.12994384765625}}}}
WritePacket: {"Msg":"ServerUpdate","Packet":{"playerId":"_FCCS_fGcNJi2ZDOAAAA","playerNumber":0,"shipId":1482771,"position":{"data":{"0":8.323116302490234,"1":3.2838447093963623,"2":-3.2945969104766846}},"orientation":{"data":{"0":-80.74762725830078,"1":35.354488372802734,"2":69.12994384765625}}}}
WritePacket: {"Msg":"ServerUpdate","Packet":{"playerId":"_FCCS_fGcNJi2ZDOAAAA","playerNumber":0,"shipId":1482771,"position":{"data":{"0":8.323116302490234,"1":3.2838447093963623,"2":-3.2945969104766846}},"orientation":{"data":{"0":-80.74762725830078,"1":35.354488372802734,"2":69.12994384765625}}}}
WritePacket: {"Msg":"ServerUpdate","Packet":{"playerId":"_FCCS_fGcNJi2ZDOAAAA","playerNumber":0,"shipId":1482771,"position":{"data":{"0":8.323116302490234,"1":3.2838447093963623,"2":-3.2945969104766846}},"orientation":{"data":{"0":-80.74762725830078,"1":35.354488372802734,"2":69.12994384765625}}}}
WritePacket: {"Msg":"ServerUpdate","Packet":{"playerId":"_FCCS_fGcNJi2ZDOAAAA","playerNumber":0,"shipId":1482771,"position":{"data":{"0":8.323116302490234,"1":3.2838447093963623,"2":-3.2945969104766846}},"orientation":{"data":{"0":-80.74762725830078,"1":35.354488372802734,"2":69.12994384765625}}}}
WritePacket: {"Msg":"ServerUpdate","Packet":{"playerId":"_FCCS_fGcNJi2ZDOAAAA","playerNumber":0,"shipId":1482771,"position":{"data":{"0":8.323116302490234,"1":3.2838447093963623,"2":-3.2945969104766846}},"orientation":{"data":{"0":-80.74762725830078,"1":35.354488372802734,"2":69.12994384765625}}}}
Disconnect: _FCCS_fGcNJi2ZDOAAAA
WritePacket: {"Msg":"ServerQuit","Packet":{"playerId":"_FCCS_fGcNJi2ZDOAAAA","playerNumber":0}}
