{"Msg":"ServerMessage","Packet":"0 joined."}
{"Msg":"ServerSpawn","Packet":{"playerId":"9l3yyGyh-jc8I2WEAAAA","playerNumber":0,"shipId":1482771,"position":{"data":{"0":0,"1":0,"2":0}},"orientation":{"data":{"0":0,"1":0,"2":0}}}}
{"Msg":"ServerUpdate","Packet":{"playerId":"9l3yyGyh-jc8I2WEAAAA","playerNumber":0,"shipId":1482771,"position":{"data":{"0":0,"1":0,"2":0}},"orientation":{"data":{"0":0,"1":0,"2":0}}}}
{"Msg":"ServerUpdate","Packet":{"playerId":"9l3yyGyh-jc8I2WEAAAA","playerNumber":0,"shipId":1482771,"position":{"data":{"0":0,"1":0,"2":0}},"orientation":{"data":{"0":0,"1":0,"2":0}}}}
{"Msg":"ServerUpdate","Packet":{"playerId":"9l3yyGyh-jc8I2WEAAAA","playerNumber":0,"shipId":1482771,"position":{"data":{"0":0,"1":0,"2":0}},"orientation":{"data":{"0":0,"1":0,"2":0}}}}
{"Msg":"ServerUpdate","Packet":{"playerId":"9l3yyGyh-jc8I2WEAAAA","playerNumber":0,"shipId":1482771,"position":{"data":{"0":0,"1":0,"2":0}},"orientation":{"data":{"0":0,"1":0,"2":0}}}}
{"Msg":"ServerUpdate","Packet":{"playerId":"9l3yyGyh-jc8I2WEAAAA","playerNumber":0,"shipId":1482771,"position":{"data":{"0":0,"1":0,"2":0}},"orientation":{"data":{"0":0,"1":0,"2":0}}}}
{"Msg":"ServerUpdate","Packet":{"playerId":"9l3yyGyh-jc8I2WEAAAA","playerNumber":0,"shipId":1482771,"position":{"data":{"0":0,"1":0,"2":0}},"orientation":{"data":{"0":0,"1":0,"2":0}}}}
{"Msg":"ServerUpdate","Packet":{"playerId":"9l3yyGyh-jc8I2WEAAAA","playerNumber":0,"shipId":1482771,"position":{"data":{"0":0.504280686378479,"1":0,"2":0.21569207310676575}},"orientation":{"data":{"0":0,"1":0,"2":0}}}}
{"Msg":"ServerUpdate","Packet":{"playerId":"9l3yyGyh-jc8I2WEAAAA","playerNumber":0,"shipId":1482771,"position":{"data":{"0":1.683741807937622,"1":0,"2":0.9975423216819763}},"orientation":{"data":{"0":0,"1":5.999083518981934,"2":0}}}}
{"Msg":"ServerUpdate","Packet":{"playerId":"9l3yyGyh-jc8I2WEAAAA","playerNumber":0,"shipId":1482771,"position":{"data":{"0":3.0788040161132812,"1":0,"2":1.5734670162200928}},"orientation":{"data":{"0":0,"1":31.91971778869629,"2":0}}}}
{"Msg":"ServerUpdate","Packet":{"playerId":"9l3yyGyh-jc8I2WEAAAA","playerNumber":0,"shipId":1482771,"position":{"data":{"0":4.575161457061768,"1":0,"2":1.6509343385696411}},"orientation":{"data":{"0":0,"1":57.975685119628906,"2":0}}}}
{"Msg":"ServerUpdate","Packet":{"playerId":"9l3yyGyh-jc8I2WEAAAA","playerNumber":0,"shipId":1482771,"position":{"data":{"0":5.873461723327637,"1":-0.000023160433556768112,"2":1.8555370569229126}},"orientation":{"data":{"0":-12.537976264953613,"1":81.74276733398438,"2":-13.524211883544922}}}}
{"Msg":"ServerUpdate","Packet":{"playerId":"9l3yyGyh-jc8I2WEAAAA","playerNumber":0,"shipId":1482771,"position":{"data":{"0":6.815162658691406,"1":0.02773473784327507,"2":2.543203592300415}},"orientation":{"data":{"0":-74.75082397460938,"1":64.095947265625,"2":-95.26283264160156}}}}
{"Msg":"ServerUpdate","Packet":{"playerId":"9l3yyGyh-jc8I2WEAAAA","playerNumber":0,"shipId":1482771,"position":{"data":{"0":6.631226062774658,"1":0.10899266600608826,"2":2.45178484916687}},"orientation":{"data":{"0":-58.82231903076172,"1":35.62041473388672,"2":-94.39859771728516}}}}
{"Msg":"ServerUpdate","Packet":{"playerId":"9l3yyGyh-jc8I2WEAAAA","playerNumber":0,"shipId":1482771,"position":{"data":{"0":5.558935165405273,"1":0.5805261731147766,"2":1.8876466751098633}},"orientation":{"data":{"0":-63.398963928222656,"1":14.300371170043945,"2":-106.68572235107422}}}}
{"Msg":"ServerUpdate","Packet":{"playerId":"9l3yyGyh-jc8I2WEAAAA","playerNumber":0,"shipId":1482771,"position":{"data":{"0":4.579194068908691,"1":1.2438567876815796,"2":1.307710886001587}},"orientation":{"data":{"0":-64.05978393554688,"1":-7.286526203155518,"2":-117.26763916015625}}}}
{"Msg":"ServerUpdate","Packet":{"playerId":"9l3yyGyh-jc8I2WEAAAA","playerNumber":0,"shipId":1482771,"position":{"data":{"0":3.6325736045837402,"1":2.2421696186065674,"2":0.5356574654579163}},"orientation":{"data":{"0":-74.11663055419922,"1":-36.78921127319336,"2":-113.27932739257812}}}}
{"Msg":"ServerUpdate","Packet":{"playerId":"9l3yyGyh-jc8I2WEAAAA","playerNumber":0,"shipId":1482771,"position":{"data":{"0":2.3072376251220703,"1":2.841174840927124,"2":-0.017231423407793045}},"orientation":{"data":{"0":-112.39684295654297,"1":-62.14193344116211,"2":-71.53424835205078}}}}
{"Msg":"ServerUpdate","Packet":{"playerId":"9l3yyGyh-jc8I2WEAAAA","playerNumber":0,"shipId":1482771,"position":{"data":{"0":0.9828742146492004,"1":2.886906623840332,"2":-0.48227187991142273}},"orientation":{"data":{"0":-156.88450622558594,"1":-67.8405990600586,"2":-4.821013927459717}}}}
{"Msg":"ServerUpdate","Packet":{"playerId":"9l3yyGyh-jc8I2WEAAAA","playerNumber":0,"shipId":1482771,"position":{"data":{"0":0.12239810824394226,"1":2.3477349281311035,"2":-1.335357666015625}},"orientation":{"data":{"0":158.21900939941406,"1":-68.73238372802734,"2":62.720069885253906}}}}
{"Msg":"ServerUpdate","Packet":{"playerId":"9l3yyGyh-jc8I2WEAAAA","playerNumber":0,"shipId":1482771,"position":{"data":{"0":-0.5734747648239136,"1":1.4353411197662354,"2":-2.2376818656921387}},"orientation":{"data":{"0":149.4751739501953,"1":-66.98194122314453,"2":72.156005859375}}}}
{"Msg":"ServerUpdate","Packet":{"playerId":"9l3yyGyh-jc8I2WEAAAA","playerNumber":0,"shipId":1482771,"position":{"data":{"0":-1.2404531240463257,"1":0.5747514963150024,"2":-3.1151726245880127}},"orientation":{"data":{"0":145.4403076171875,"1":-64.29275512695312,"2":68.1366958618164}}}}
{"Msg":"ServerUpdate","Packet":{"playerId":"9l3yyGyh-jc8I2WEAAAA","playerNumber":0,"shipId":1482771,"position":{"data":{"0":-1.2802101373672485,"1":0.5278257727622986,"2":-3.175733804702759}},"orientation":{"data":{"0":147.9463348388672,"1":-52.74293899536133,"2":52.18655014038086}}}}
{"Msg":"ServerUpdate","Packet":{"playerId":"9l3yyGyh-jc8I2WEAAAA","playerNumber":0,"shipId":1482771,"position":{"data":{"0":-1.2802101373672485,"1":0.5278257727622986,"2":-3.175733804702759}},"orientation":{"data":{"0":145.85446166992188,"1":-22.319093704223633,"2":53.99664306640625}}}}
{"Msg":"ServerUpdate","Packet":{"playerId":"9l3yyGyh-jc8I2WEAAAA","playerNumber":0,"shipId":1482771,"position":{"data":{"0":-1.2802101373672485,"1":0.5278257727622986,"2":-3.175733804702759}},"orientation":{"data":{"0":144.94554138183594,"1":9.529864311218262,"2":61.18387222290039}}}}
{"Msg":"ServerUpdate","Packet":{"playerId":"9l3yyGyh-jc8I2WEAAAA","playerNumber":0,"shipId":1482771,"position":{"data":{"0":-1.3618886470794678,"1":1.416999101638794,"2":-2.974994421005249}},"orientation":{"data":{"0":151.45648193359375,"1":20.51947593688965,"2":86.02386474609375}}}}
{"Msg":"ServerUpdate","Packet":{"playerId":"9l3yyGyh-jc8I2WEAAAA","playerNumber":0,"shipId":1482771,"position":{"data":{"0":-2.1263582706451416,"1":2.4464306831359863,"2":-2.4454452991485596}},"orientation":{"data":{"0":138.9796600341797,"1":20.397584915161133,"2":105.77216339111328}}}}
{"Msg":"ServerUpdate","Packet":{"playerId":"9l3yyGyh-jc8I2WEAAAA","playerNumber":0,"shipId":1482771,"position":{"data":{"0":-3.1870644092559814,"1":3.341524600982666,"2":-2.3582189083099365}},"orientation":{"data":{"0":116.82247924804688,"1":24.710689544677734,"2":110.28016662597656}}}}
{"Msg":"ServerUpdate","Packet":{"playerId":"9l3yyGyh-jc8I2WEAAAA","playerNumber":0,"shipId":1482771,"position":{"data":{"0":-4.386240005493164,"1":4.184670448303223,"2":-2.721317768096924}},"orientation":{"data":{"0":93.43209075927734,"1":23.662086486816406,"2":116.49105834960938}}}}
{"Msg":"ServerUpdate","Packet":{"playerId":"9l3yyGyh-jc8I2WEAAAA","playerNumber":0,"shipId":1482771,"position":{"data":{"0":-5.720785140991211,"1":3.9494097232818604,"2":-2.9430789947509766}},"orientation":{"data":{"0":87.305419921875,"1":23.606393814086914,"2":117.45077514648438}}}}
{"Msg":"ServerUpdate","Packet":{"playerId":"9l3yyGyh-jc8I2WEAAAA","playerNumber":0,"shipId":1482771,"position":{"data":{"0":-7.196966648101807,"1":4.146058082580566,"2":-3.3793625831604004}},"orientation":{"data":{"0":93.93799591064453,"1":23.440872192382812,"2":133.97161865234375}}}}
{"Msg":"ServerUpdate","Packet":{"playerId":"9l3yyGyh-jc8I2WEAAAA","playerNumber":0,"shipId":1482771,"position":{"data":{"0":-8.550769805908203,"1":4.268252849578857,"2":-3.7566568851470947}},"orientation":{"data":{"0":105.14547729492188,"1":19.713747024536133,"2":159.50308227539062}}}}
{"Msg":"ServerUpdate","Packet":{"playerId":"9l3yyGyh-jc8I2WEAAAA","playerNumber":0,"shipId":1482771,"position":{"data":{"0":-9.973889350891113,"1":4.106256008148193,"2":-3.961470127105713}},"orientation":{"data":{"0":123.58049774169922,"1":9.21589183807373,"2":-176.1273956298828}}}}
{"Msg":"ServerUpdate","Packet":{"playerId":"9l3yyGyh-jc8I2WEAAAA","playerNumber":0,"shipId":1482771,"position":{"data":{"0":-11.197159767150879,"1":3.6068947315216064,"2":-3.8365306854248047}},"orientation":{"data":{"0":136.5335235595703,"1":-5.71505880355835,"2":-158.21510314941406}}}}
{"Msg":"ServerUpdate","Packet":{"playerId":"9l3yyGyh-jc8I2WEAAAA","playerNumber":0,"shipId":1482771,"position":{"data":{"0":-12.418944358825684,"1":3.3185887336730957,"2":-4.031263828277588}},"orientation":{"data":{"0":145.51730346679688,"1":-23.87511444091797,"2":-142.87559509277344}}}}
{"Msg":"ServerUpdate","Packet":{"playerId":"9l3yyGyh-jc8I2WEAAAA","playerNumber":0,"shipId":1482771,"position":{"data":{"0":-12.28816032409668,"1":3.544041395187378,"2":-4.20479154586792}},"orientation":{"data":{"0":152.90699768066406,"1":-39.70597839355469,"2":-131.0116424560547}}}}
{"Msg":"ServerUpdate","Packet":{"playerId":"9l3yyGyh-jc8I2WEAAAA","playerNumber":0,"shipId":1482771,"position":{"data":{"0":-11.276678085327148,"1":3.7278873920440674,"2":-3.2384135723114014}},"orientation":{"data":{"0":152.90699768066406,"1":-39.70597839355469,"2":-131.0116424560547}}}}
{"Msg":"ServerUpdate","Packet":{"playerId":"9l3yyGyh-jc8I2WEAAAA","playerNumber":0,"shipId":1482771,"position":{"data":{"0":-10.44697380065918,"1":3.8244481086730957,"2":-2.3212718963623047}},"orientation":{"data":{"0":152.90699768066406,"1":-39.70597839355469,"2":-131.0116424560547}}}}
{"Msg":"ServerUpdate","Packet":{"playerId":"9l3yyGyh-jc8I2WEAAAA","playerNumber":0,"shipId":1482771,"position":{"data":{"0":-10.511046409606934,"1":3.571439027786255,"2":-1.852447271347046}},"orientation":{"data":{"0":137.9040069580078,"1":-44.235774993896484,"2":-126.80603790283203}}}}
{"Msg":"ServerUpdate","Packet":{"playerId":"9l3yyGyh-jc8I2WEAAAA","playerNumber":0,"shipId":1482771,"position":{"data":{"0":-9.79719352722168,"1":4.2954912185668945,"2":-2.729898452758789}},"orientation":{"data":{"0":101.91642761230469,"1":-50.95439147949219,"2":-110.92204284667969}}}}
{"Msg":"ServerUpdate","Packet":{"playerId":"9l3yyGyh-jc8I2WEAAAA","playerNumber":0,"shipId":1482771,"position":{"data":{"0":-9.320879936218262,"1":4.991373538970947,"2":-3.7067952156066895}},"orientation":{"data":{"0":114.0451431274414,"1":-46.1956787109375,"2":-137.2439422607422}}}}
{"Msg":"ServerUpdate","Packet":{"playerId":"9l3yyGyh-jc8I2WEAAAA","playerNumber":0,"shipId":1482771,"position":{"data":{"0":-8.91904067993164,"1":5.2965545654296875,"2":-4.199034214019775}},"orientation":{"data":{"0":118.42341613769531,"1":-44.73060989379883,"2":-141.63482666015625}}}}
{"Msg":"ServerUpdate","Packet":{"playerId":"9l3yyGyh-jc8I2WEAAAA","playerNumber":0,"shipId":1482771,"position":{"data":{"0":-8.91904067993164,"1":5.2965545654296875,"2":-4.199034214019775}},"orientation":{"data":{"0":108.09197235107422,"1":-49.90443420410156,"2":-124.51840209960938}}}}
{"Msg":"ServerUpdate","Packet":{"playerId":"9l3yyGyh-jc8I2WEAAAA","playerNumber":0,"shipId":1482771,"position":{"data":{"0":-8.91904067993164,"1":5.2965545654296875,"2":-4.199034214019775}},"orientation":{"data":{"0":96.37630462646484,"1":-51.74515151977539,"2":-111.6613998413086}}}}
{"Msg":"ServerUpdate","Packet":{"playerId":"9l3yyGyh-jc8I2WEAAAA","playerNumber":0,"shipId":1482771,"position":{"data":{"0":-8.91904067993164,"1":5.2965545654296875,"2":-4.199034214019775}},"orientation":{"data":{"0":59.04218292236328,"1":-46.609901428222656,"2":-75.61461639404297}}}}
{"Msg":"ServerUpdate","Packet":{"playerId":"9l3yyGyh-jc8I2WEAAAA","playerNumber":0,"shipId":1482771,"position":{"data":{"0":-9.323382377624512,"1":4.555152416229248,"2":-2.9567809104919434}},"orientation":{"data":{"0":43.96128845214844,"1":-36.930484771728516,"2":-59.585697174072266}}}}
{"Msg":"ServerUpdate","Packet":{"playerId":"9l3yyGyh-jc8I2WEAAAA","playerNumber":0,"shipId":1482771,"position":{"data":{"0":-8.358038902282715,"1":3.872749090194702,"2":-2.7788784503936768}},"orientation":{"data":{"0":43.96128845214844,"1":-36.930484771728516,"2":-59.585697174072266}}}}
{"Msg":"ServerUpdate","Packet":{"playerId":"9l3yyGyh-jc8I2WEAAAA","playerNumber":0,"shipId":1482771,"position":{"data":{"0":-7.126937389373779,"1":3.376978635787964,"2":-3.040687322616577}},"orientation":{"data":{"0":60.51149368286133,"1":-50.39585876464844,"2":-83.2177734375}}}}
{"Msg":"ServerUpdate","Packet":{"playerId":"9l3yyGyh-jc8I2WEAAAA","playerNumber":0,"shipId":1482771,"position":{"data":{"0":-6.033190727233887,"1":2.604365825653076,"2":-2.8398489952087402}},"orientation":{"data":{"0":90.55387115478516,"1":-56.29458999633789,"2":-120.16150665283203}}}}
{"Msg":"ServerUpdate","Packet":{"playerId":"9l3yyGyh-jc8I2WEAAAA","playerNumber":0,"shipId":1482771,"position":{"data":{"0":-5.075977325439453,"1":1.6115275621414185,"2":-2.2508509159088135}},"orientation":{"data":{"0":97.47007751464844,"1":-55.968624114990234,"2":-128.4864959716797}}}}
{"Msg":"ServerUpdate","Packet":{"playerId":"9l3yyGyh-jc8I2WEAAAA","playerNumber":0,"shipId":1482771,"position":{"data":{"0":-4.656615734100342,"1":0.6341803669929504,"2":-1.2850465774536133}},"orientation":{"data":{"0":94.9925765991211,"1":-56.15070343017578,"2":-125.50039672851562}}}}
{"Msg":"ServerUpdate","Packet":{"playerId":"9l3yyGyh-jc8I2WEAAAA","playerNumber":0,"shipId":1482771,"position":{"data":{"0":-4.055096626281738,"1":-0.3177938163280487,"2":-0.4060344994068146}},"orientation":{"data":{"0":69.12146759033203,"1":-52.57475662231445,"2":-86.78153228759766}}}}
{"Msg":"ServerUpdate","Packet":{"playerId":"9l3yyGyh-jc8I2WEAAAA","playerNumber":0,"shipId":1482771,"position":{"data":{"0":-3.157443046569824,"1":-1.2010818719863892,"2":0.3088562786579132}},"orientation":{"data":{"0":66.59101104736328,"1":-51.400020599365234,"2":-82.16099548339844}}}}
{"Msg":"ServerUpdate","Packet":{"playerId":"9l3yyGyh-jc8I2WEAAAA","playerNumber":0,"shipId":1482771,"position":{"data":{"0":-2.6059958934783936,"1":-1.5959364175796509,"2":0.5513606667518616}},"orientation":{"data":{"0":66.59101104736328,"1":-51.400020599365234,"2":-82.16099548339844}}}}
{"Msg":"ServerUpdate","Packet":{"playerId":"9l3yyGyh-jc8I2WEAAAA","playerNumber":0,"shipId":1482771,"position":{"data":{"0":-2.6059958934783936,"1":-1.5959364175796509,"2":0.5513606667518616}},"orientation":{"data":{"0":66.59101104736328,"1":-51.400020599365234,"2":-82.16099548339844}}}}
{"Msg":"ServerUpdate","Packet":{"playerId":"9l3yyGyh-jc8I2WEAAAA","playerNumber":0,"shipId":1482771,"position":{"data":{"0":-2.629518985748291,"1":-1.5326409339904785,"2":0.4789738655090332}},"orientation":{"data":{"0":54.833770751953125,"1":-44.34375,"2":-64.10897827148438}}}}
{"Msg":"ServerUpdate","Packet":{"playerId":"9l3yyGyh-jc8I2WEAAAA","playerNumber":0,"shipId":1482771,"position":{"data":{"0":-2.629518985748291,"1":-1.5326409339904785,"2":0.4789738655090332}},"orientation":{"data":{"0":39.5427360534668,"1":-57.71488571166992,"2":-44.64750671386719}}}}
{"Msg":"ServerUpdate","Packet":{"playerId":"9l3yyGyh-jc8I2WEAAAA","playerNumber":0,"shipId":1482771,"position":{"data":{"0":-2.629518985748291,"1":-1.5326409339904785,"2":0.4789738655090332}},"orientation":{"data":{"0":-4.610288619995117,"1":-65.59188079833984,"2":4.733770847320557}}}}
{"Msg":"ServerUpdate","Packet":{"playerId":"9l3yyGyh-jc8I2WEAAAA","playerNumber":0,"shipId":1482771,"position":{"data":{"0":-2.629518985748291,"1":-1.5326409339904785,"2":0.4789738655090332}},"orientation":{"data":{"0":-17.296892166137695,"1":-64.44319152832031,"2":18.716833114624023}}}}
{"Msg":"ServerUpdate","Packet":{"playerId":"9l3yyGyh-jc8I2WEAAAA","playerNumber":0,"shipId":1482771,"position":{"data":{"0":-2.629518985748291,"1":-1.5326409339904785,"2":0.4789738655090332}},"orientation":{"data":{"0":-17.296892166137695,"1":-64.44319152832031,"2":18.716833114624023}}}}
{"Msg":"ServerUpdate","Packet":{"playerId":"9l3yyGyh-jc8I2WEAAAA","playerNumber":0,"shipId":1482771,"position":{"data":{"0":-1.9476563930511475,"1":-1.536529541015625,"2":0.17075175046920776}},"orientation":{"data":{"0":-17.296892166137695,"1":-64.44319152832031,"2":18.716833114624023}}}}
{"Msg":"ServerUpdate","Packet":{"playerId":"9l3yyGyh-jc8I2WEAAAA","playerNumber":0,"shipId":1482771,"position":{"data":{"0":-1.347287893295288,"1":-1.539953589439392,"2":-0.10063254833221436}},"orientation":{"data":{"0":-17.296892166137695,"1":-64.44319152832031,"2":18.716833114624023}}}}
{"Msg":"ServerUpdate","Packet":{"playerId":"9l3yyGyh-jc8I2WEAAAA","playerNumber":0,"shipId":1482771,"position":{"data":{"0":-1.347287893295288,"1":-1.539953589439392,"2":-0.10063254833221436}},"orientation":{"data":{"0":-17.296892166137695,"1":-64.44319152832031,"2":18.716833114624023}}}}
{"Msg":"ServerUpdate","Packet":{"playerId":"9l3yyGyh-jc8I2WEAAAA","playerNumber":0,"shipId":1482771,"position":{"data":{"0":-1.347287893295288,"1":-1.539953589439392,"2":-0.10063254833221436}},"orientation":{"data":{"0":-17.296892166137695,"1":-64.44319152832031,"2":18.716833114624023}}}}
{"Msg":"ServerUpdate","Packet":{"playerId":"9l3yyGyh-jc8I2WEAAAA","playerNumber":0,"shipId":1482771,"position":{"data":{"0":-1.347287893295288,"1":-1.539953589439392,"2":-0.10063254833221436}},"orientation":{"data":{"0":-17.296892166137695,"1":-64.44319152832031,"2":18.716833114624023}}}}
{"Msg":"ServerUpdate","Packet":{"playerId":"9l3yyGyh-jc8I2WEAAAA","playerNumber":0,"shipId":1482771,"position":{"data":{"0":-1.347287893295288,"1":-1.539953589439392,"2":-0.10063254833221436}},"orientation":{"data":{"0":-17.296892166137695,"1":-64.44319152832031,"2":18.716833114624023}}}}
{"Msg":"ServerUpdate","Packet":{"playerId":"9l3yyGyh-jc8I2WEAAAA","playerNumber":0,"shipId":1482771,"position":{"data":{"0":-1.347287893295288,"1":-1.539953589439392,"2":-0.10063254833221436}},"orientation":{"data":{"0":-17.296892166137695,"1":-64.44319152832031,"2":18.716833114624023}}}}
{"Msg":"ServerUpdate","Packet":{"playerId":"9l3yyGyh-jc8I2WEAAAA","playerNumber":0,"shipId":1482771,"position":{"data":{"0":-1.347287893295288,"1":-1.539953589439392,"2":-0.10063254833221436}},"orientation":{"data":{"0":-17.296892166137695,"1":-64.44319152832031,"2":18.716833114624023}}}}
{"Msg":"ServerUpdate","Packet":{"playerId":"9l3yyGyh-jc8I2WEAAAA","playerNumber":0,"shipId":1482771,"position":{"data":{"0":-1.347287893295288,"1":-1.539953589439392,"2":-0.10063254833221436}},"orientation":{"data":{"0":-17.296892166137695,"1":-64.44319152832031,"2":18.716833114624023}}}}
{"Msg":"ServerUpdate","Packet":{"playerId":"9l3yyGyh-jc8I2WEAAAA","playerNumber":0,"shipId":1482771,"position":{"data":{"0":-1.347287893295288,"1":-1.539953589439392,"2":-0.10063254833221436}},"orientation":{"data":{"0":-17.296892166137695,"1":-64.44319152832031,"2":18.716833114624023}}}}
{"Msg":"ServerQuit","Packet":{"playerId":"9l3yyGyh-jc8I2WEAAAA","playerNumber":0}}
