{"DateTime": "2015-03-14T16:43:30.126Z", "Message":"MuvZwSsiGdFj_N5LAAAA"}
{"DateTime": "2015-03-14T16:43:30.467Z", "Message":"MuvZwSsiGdFj_N5LAAAA"}
{"DateTime": "2015-03-14T16:43:30.467Z", "Message":"MuvZwSsiGdFj_N5LAAAA"}
{"DateTime": "2015-03-14T16:43:30.471Z", "Message":{"Msg":"ServerMessage","Packet":"0 joined."}}
{"DateTime": "2015-03-14T16:43:59.495Z", "Message":"MuvZwSsiGdFj_N5LAAAA"}
{"DateTime": "2015-03-14T16:43:59.503Z", "Message":{"Msg":"ServerSpawn","Packet":{"playerId":"MuvZwSsiGdFj_N5LAAAA","playerNumber":0,"shipId":1482780,"position":{"data":{"0":0,"1":0,"2":0}},"orientation":{"data":{"0":0,"1":0,"2":0}}}}}
{"DateTime": "2015-03-14T16:43:59.694Z", "Message":"MuvZwSsiGdFj_N5LAAAA"}
{"DateTime": "2015-03-14T16:43:59.707Z", "Message":{"Msg":"ServerUpdate","Packet":{"playerId":"MuvZwSsiGdFj_N5LAAAA","playerNumber":0,"shipId":1482780,"position":{"data":{"0":0,"1":0,"2":0}},"orientation":{"data":{"0":0,"1":0,"2":0}}}}}
{"DateTime": "2015-03-14T16:43:59.909Z", "Message":"MuvZwSsiGdFj_N5LAAAA"}
{"DateTime": "2015-03-14T16:43:59.910Z", "Message":{"Msg":"ServerUpdate","Packet":{"playerId":"MuvZwSsiGdFj_N5LAAAA","playerNumber":0,"shipId":1482780,"position":{"data":{"0":0,"1":0,"2":0}},"orientation":{"data":{"0":0,"1":0,"2":0}}}}}
{"DateTime": "2015-03-14T16:44:00.109Z", "Message":"MuvZwSsiGdFj_N5LAAAA"}
{"DateTime": "2015-03-14T16:44:00.110Z", "Message":{"Msg":"ServerUpdate","Packet":{"playerId":"MuvZwSsiGdFj_N5LAAAA","playerNumber":0,"shipId":1482780,"position":{"data":{"0":0,"1":0,"2":0}},"orientation":{"data":{"0":0,"1":0,"2":0}}}}}
{"DateTime": "2015-03-14T16:44:00.309Z", "Message":"MuvZwSsiGdFj_N5LAAAA"}
{"DateTime": "2015-03-14T16:44:00.310Z", "Message":{"Msg":"ServerUpdate","Packet":{"playerId":"MuvZwSsiGdFj_N5LAAAA","playerNumber":0,"shipId":1482780,"position":{"data":{"0":0,"1":0,"2":0}},"orientation":{"data":{"0":0,"1":0,"2":0}}}}}
{"DateTime": "2015-03-14T16:44:00.509Z", "Message":"MuvZwSsiGdFj_N5LAAAA"}
{"DateTime": "2015-03-14T16:44:00.511Z", "Message":{"Msg":"ServerUpdate","Packet":{"playerId":"MuvZwSsiGdFj_N5LAAAA","playerNumber":0,"shipId":1482780,"position":{"data":{"0":0,"1":0,"2":0}},"orientation":{"data":{"0":0,"1":0,"2":0}}}}}
{"DateTime": "2015-03-14T16:44:00.711Z", "Message":"MuvZwSsiGdFj_N5LAAAA"}
{"DateTime": "2015-03-14T16:44:00.714Z", "Message":{"Msg":"ServerUpdate","Packet":{"playerId":"MuvZwSsiGdFj_N5LAAAA","playerNumber":0,"shipId":1482780,"position":{"data":{"0":0,"1":0,"2":0}},"orientation":{"data":{"0":0,"1":0,"2":0}}}}}
{"DateTime": "2015-03-14T16:44:00.926Z", "Message":"MuvZwSsiGdFj_N5LAAAA"}
{"DateTime": "2015-03-14T16:44:00.936Z", "Message":{"Msg":"ServerUpdate","Packet":{"playerId":"MuvZwSsiGdFj_N5LAAAA","playerNumber":0,"shipId":1482780,"position":{"data":{"0":0,"1":0,"2":0}},"orientation":{"data":{"0":0,"1":0,"2":0}}}}}
{"DateTime": "2015-03-14T16:44:01.126Z", "Message":"MuvZwSsiGdFj_N5LAAAA"}
{"DateTime": "2015-03-14T16:44:01.136Z", "Message":{"Msg":"ServerUpdate","Packet":{"playerId":"MuvZwSsiGdFj_N5LAAAA","playerNumber":0,"shipId":1482780,"position":{"data":{"0":0,"1":0,"2":0}},"orientation":{"data":{"0":0,"1":0,"2":0}}}}}
{"DateTime": "2015-03-14T16:44:01.326Z", "Message":"MuvZwSsiGdFj_N5LAAAA"}
{"DateTime": "2015-03-14T16:44:01.336Z", "Message":{"Msg":"ServerUpdate","Packet":{"playerId":"MuvZwSsiGdFj_N5LAAAA","playerNumber":0,"shipId":1482780,"position":{"data":{"0":-0.09797091037034988,"1":0,"2":-0.5625002384185791}},"orientation":{"data":{"0":0,"1":0,"2":0}}}}}
{"DateTime": "2015-03-14T16:44:01.543Z", "Message":"MuvZwSsiGdFj_N5LAAAA"}
{"DateTime": "2015-03-14T16:44:01.556Z", "Message":{"Msg":"ServerUpdate","Packet":{"playerId":"MuvZwSsiGdFj_N5LAAAA","playerNumber":0,"shipId":1482780,"position":{"data":{"0":-0.09900805354118347,"1":0.0010767384665086865,"2":-1.9702728986740112}},"orientation":{"data":{"0":0.5580087900161743,"1":0.5375148057937622,"2":0}}}}}
{"DateTime": "2015-03-14T16:44:01.760Z", "Message":"MuvZwSsiGdFj_N5LAAAA"}
{"DateTime": "2015-03-14T16:44:01.778Z", "Message":{"Msg":"ServerUpdate","Packet":{"playerId":"MuvZwSsiGdFj_N5LAAAA","playerNumber":0,"shipId":1482780,"position":{"data":{"0":-0.16633066534996033,"1":0.11851239204406738,"2":-3.3663671016693115}},"orientation":{"data":{"0":8.648056030273438,"1":3.1590893268585205,"2":0.07719606906175613}}}}}
{"DateTime": "2015-03-14T16:44:01.976Z", "Message":"MuvZwSsiGdFj_N5LAAAA"}
{"DateTime": "2015-03-14T16:44:01.978Z", "Message":{"Msg":"ServerUpdate","Packet":{"playerId":"MuvZwSsiGdFj_N5LAAAA","playerNumber":0,"shipId":1482780,"position":{"data":{"0":-0.2425066977739334,"1":0.4309752881526947,"2":-4.738927364349365}},"orientation":{"data":{"0":16.137147903442383,"1":3.1590893268585205,"2":0.07719606906175613}}}}}
{"DateTime": "2015-03-14T16:44:02.176Z", "Message":"MuvZwSsiGdFj_N5LAAAA"}
{"DateTime": "2015-03-14T16:44:02.179Z", "Message":{"Msg":"ServerUpdate","Packet":{"playerId":"MuvZwSsiGdFj_N5LAAAA","playerNumber":0,"shipId":1482780,"position":{"data":{"0":-0.3118235170841217,"1":0.7922616600990295,"2":-5.986016750335693}},"orientation":{"data":{"0":16.137147903442383,"1":3.1590893268585205,"2":0.07719606906175613}}}}}
{"DateTime": "2015-03-14T16:44:02.377Z", "Message":"MuvZwSsiGdFj_N5LAAAA"}
{"DateTime": "2015-03-14T16:44:02.380Z", "Message":{"Msg":"ServerUpdate","Packet":{"playerId":"MuvZwSsiGdFj_N5LAAAA","playerNumber":0,"shipId":1482780,"position":{"data":{"0":-0.38113123178482056,"1":1.1535005569458008,"2":-7.232943534851074}},"orientation":{"data":{"0":16.137147903442383,"1":3.1590893268585205,"2":0.07719606906175613}}}}}
{"DateTime": "2015-03-14T16:44:02.592Z", "Message":"MuvZwSsiGdFj_N5LAAAA"}
{"DateTime": "2015-03-14T16:44:02.604Z", "Message":{"Msg":"ServerUpdate","Packet":{"playerId":"MuvZwSsiGdFj_N5LAAAA","playerNumber":0,"shipId":1482780,"position":{"data":{"0":-0.45632079243659973,"1":1.5453966856002808,"2":-8.585693359375}},"orientation":{"data":{"0":16.137147903442383,"1":3.1590893268585205,"2":0.07719606906175613}}}}}
{"DateTime": "2015-03-14T16:44:02.792Z", "Message":"MuvZwSsiGdFj_N5LAAAA"}
{"DateTime": "2015-03-14T16:44:02.805Z", "Message":{"Msg":"ServerUpdate","Packet":{"playerId":"MuvZwSsiGdFj_N5LAAAA","playerNumber":0,"shipId":1482780,"position":{"data":{"0":-0.5256373882293701,"1":1.9066818952560425,"2":-9.832778930664062}},"orientation":{"data":{"0":16.137147903442383,"1":3.1590893268585205,"2":0.07719606906175613}}}}}
{"DateTime": "2015-03-14T16:44:02.993Z", "Message":"MuvZwSsiGdFj_N5LAAAA"}
{"DateTime": "2015-03-14T16:44:03.009Z", "Message":{"Msg":"ServerUpdate","Packet":{"playerId":"MuvZwSsiGdFj_N5LAAAA","playerNumber":0,"shipId":1482780,"position":{"data":{"0":-0.5952993035316467,"1":2.2697668075561523,"2":-11.086079597473145}},"orientation":{"data":{"0":16.137147903442383,"1":3.1590893268585205,"2":0.07719606906175613}}}}}
{"DateTime": "2015-03-14T16:44:03.209Z", "Message":"MuvZwSsiGdFj_N5LAAAA"}
{"DateTime": "2015-03-14T16:44:03.214Z", "Message":{"Msg":"ServerUpdate","Packet":{"playerId":"MuvZwSsiGdFj_N5LAAAA","playerNumber":0,"shipId":1482780,"position":{"data":{"0":-0.7072029113769531,"1":2.4388651847839355,"2":-12.459623336791992}},"orientation":{"data":{"0":-1.0696301460266113,"1":6.615487098693848,"2":0.4370661675930023}}}}}
{"DateTime": "2015-03-14T16:44:03.410Z", "Message":"MuvZwSsiGdFj_N5LAAAA"}
{"DateTime": "2015-03-14T16:44:03.418Z", "Message":{"Msg":"ServerUpdate","Packet":{"playerId":"MuvZwSsiGdFj_N5LAAAA","playerNumber":0,"shipId":1482780,"position":{"data":{"0":-0.856766402721405,"1":2.413454055786133,"2":-13.750843048095703}},"orientation":{"data":{"0":-1.0696301460266113,"1":6.615487098693848,"2":0.4370661675930023}}}}}
{"DateTime": "2015-03-14T16:44:03.626Z", "Message":"MuvZwSsiGdFj_N5LAAAA"}
{"DateTime": "2015-03-14T16:44:03.641Z", "Message":{"Msg":"ServerUpdate","Packet":{"playerId":"MuvZwSsiGdFj_N5LAAAA","playerNumber":0,"shipId":1482780,"position":{"data":{"0":-0.9813823699951172,"1":2.3859479427337646,"2":-15.168135643005371}},"orientation":{"data":{"0":-1.1018213033676147,"1":15.350752830505371,"2":0.26859205961227417}}}}}
{"DateTime": "2015-03-14T16:44:03.842Z", "Message":"MuvZwSsiGdFj_N5LAAAA"}
{"DateTime": "2015-03-14T16:44:03.845Z", "Message":{"Msg":"ServerUpdate","Packet":{"playerId":"MuvZwSsiGdFj_N5LAAAA","playerNumber":0,"shipId":1482780,"position":{"data":{"0":-0.917907178401947,"1":2.357450008392334,"2":-16.738134384155273}},"orientation":{"data":{"0":-1.2356061935424805,"1":30.69182014465332,"2":-0.07044282555580139}}}}}
{"DateTime": "2015-03-14T16:44:04.060Z", "Message":"MuvZwSsiGdFj_N5LAAAA"}
{"DateTime": "2015-03-14T16:44:04.069Z", "Message":{"Msg":"ServerUpdate","Packet":{"playerId":"MuvZwSsiGdFj_N5LAAAA","playerNumber":0,"shipId":1482780,"position":{"data":{"0":-1.723874568939209,"1":2.328646421432495,"2":-17.866140365600586}},"orientation":{"data":{"0":-1.6771373748779297,"1":50.68536376953125,"2":-0.7374060750007629}}}}}
{"DateTime": "2015-03-14T16:44:04.260Z", "Message":"MuvZwSsiGdFj_N5LAAAA"}
{"DateTime": "2015-03-14T16:44:04.272Z", "Message":{"Msg":"ServerUpdate","Packet":{"playerId":"MuvZwSsiGdFj_N5LAAAA","playerNumber":0,"shipId":1482780,"position":{"data":{"0":-2.8109419345855713,"1":2.352497100830078,"2":-18.57859992980957}},"orientation":{"data":{"0":1.4274661540985107,"1":60.178916931152344,"2":-1.0820763111114502}}}}}
{"DateTime": "2015-03-14T16:44:04.476Z", "Message":"MuvZwSsiGdFj_N5LAAAA"}
{"DateTime": "2015-03-14T16:44:04.477Z", "Message":{"Msg":"ServerUpdate","Packet":{"playerId":"MuvZwSsiGdFj_N5LAAAA","playerNumber":0,"shipId":1482780,"position":{"data":{"0":-3.941924571990967,"1":2.4089515209198,"2":-19.43528938293457}},"orientation":{"data":{"0":2.2498674392700195,"1":71.60511016845703,"2":-0.18556678295135498}}}}}
{"DateTime": "2015-03-14T16:44:04.676Z", "Message":"MuvZwSsiGdFj_N5LAAAA"}
{"DateTime": "2015-03-14T16:44:04.678Z", "Message":{"Msg":"ServerUpdate","Packet":{"playerId":"MuvZwSsiGdFj_N5LAAAA","playerNumber":0,"shipId":1482780,"position":{"data":{"0":-5.222165107727051,"1":2.4630112648010254,"2":-19.611066818237305}},"orientation":{"data":{"0":160.6738739013672,"1":87.85469818115234,"2":158.36582946777344}}}}}
{"DateTime": "2015-03-14T16:44:04.892Z", "Message":"MuvZwSsiGdFj_N5LAAAA"}
{"DateTime": "2015-03-14T16:44:04.898Z", "Message":{"Msg":"ServerUpdate","Packet":{"playerId":"MuvZwSsiGdFj_N5LAAAA","playerNumber":0,"shipId":1482780,"position":{"data":{"0":-6.571040153503418,"1":2.513045072555542,"2":-19.23781394958496}},"orientation":{"data":{"0":178.33143615722656,"1":64.82080078125,"2":176.1693115234375}}}}}
{"DateTime": "2015-03-14T16:44:05.092Z", "Message":"MuvZwSsiGdFj_N5LAAAA"}
{"DateTime": "2015-03-14T16:44:05.099Z", "Message":{"Msg":"ServerUpdate","Packet":{"playerId":"MuvZwSsiGdFj_N5LAAAA","playerNumber":0,"shipId":1482780,"position":{"data":{"0":-7.873959064483643,"1":2.56138277053833,"2":-18.877988815307617}},"orientation":{"data":{"0":178.8284149169922,"1":52.70769119262695,"2":176.74729919433594}}}}}
{"DateTime": "2015-03-14T16:44:05.309Z", "Message":"MuvZwSsiGdFj_N5LAAAA"}
{"DateTime": "2015-03-14T16:44:05.321Z", "Message":{"Msg":"ServerUpdate","Packet":{"playerId":"MuvZwSsiGdFj_N5LAAAA","playerNumber":0,"shipId":1482780,"position":{"data":{"0":-9.12714672088623,"1":2.602802276611328,"2":-18.12275505065918}},"orientation":{"data":{"0":179.14248657226562,"1":34.12950897216797,"2":177.19827270507812}}}}}
{"DateTime": "2015-03-14T16:44:05.509Z", "Message":"MuvZwSsiGdFj_N5LAAAA"}
{"DateTime": "2015-03-14T16:44:05.521Z", "Message":{"Msg":"ServerUpdate","Packet":{"playerId":"MuvZwSsiGdFj_N5LAAAA","playerNumber":0,"shipId":1482780,"position":{"data":{"0":-10.062728881835938,"1":2.6286239624023438,"2":-17.147537231445312}},"orientation":{"data":{"0":179.2470245361328,"1":19.490846633911133,"2":177.42816162109375}}}}}
{"DateTime": "2015-03-14T16:44:05.726Z", "Message":"MuvZwSsiGdFj_N5LAAAA"}
{"DateTime": "2015-03-14T16:44:05.745Z", "Message":{"Msg":"ServerUpdate","Packet":{"playerId":"MuvZwSsiGdFj_N5LAAAA","playerNumber":0,"shipId":1482780,"position":{"data":{"0":-10.238003730773926,"1":2.618480920791626,"2":-15.756668090820312}},"orientation":{"data":{"0":179.2896270751953,"1":-2.2747817039489746,"2":177.70761108398438}}}}}
{"DateTime": "2015-03-14T16:44:05.926Z", "Message":"MuvZwSsiGdFj_N5LAAAA"}
{"DateTime": "2015-03-14T16:44:05.932Z", "Message":{"Msg":"ServerUpdate","Packet":{"playerId":"MuvZwSsiGdFj_N5LAAAA","playerNumber":0,"shipId":1482780,"position":{"data":{"0":-10.145637512207031,"1":2.598578929901123,"2":-14.453461647033691}},"orientation":{"data":{"0":179.28831481933594,"1":-4.165322303771973,"2":177.73110961914062}}}}}
{"DateTime": "2015-03-14T16:44:06.142Z", "Message":"MuvZwSsiGdFj_N5LAAAA"}
{"DateTime": "2015-03-14T16:44:06.156Z", "Message":{"Msg":"ServerUpdate","Packet":{"playerId":"MuvZwSsiGdFj_N5LAAAA","playerNumber":0,"shipId":1482780,"position":{"data":{"0":-10.044453620910645,"1":2.5771193504333496,"2":-13.053492546081543}},"orientation":{"data":{"0":179.28831481933594,"1":-4.165322303771973,"2":177.73110961914062}}}}}
{"DateTime": "2015-03-14T16:44:06.343Z", "Message":"MuvZwSsiGdFj_N5LAAAA"}
{"DateTime": "2015-03-14T16:44:06.356Z", "Message":{"Msg":"ServerUpdate","Packet":{"playerId":"MuvZwSsiGdFj_N5LAAAA","playerNumber":0,"shipId":1482780,"position":{"data":{"0":-9.950716972351074,"1":2.5572397708892822,"2":-11.75656795501709}},"orientation":{"data":{"0":179.28831481933594,"1":-4.165322303771973,"2":177.73110961914062}}}}}
{"DateTime": "2015-03-14T16:44:06.559Z", "Message":"MuvZwSsiGdFj_N5LAAAA"}
{"DateTime": "2015-03-14T16:44:06.576Z", "Message":{"Msg":"ServerUpdate","Packet":{"playerId":"MuvZwSsiGdFj_N5LAAAA","playerNumber":0,"shipId":1482780,"position":{"data":{"0":-9.849515914916992,"1":2.5357770919799805,"2":-10.356383323669434}},"orientation":{"data":{"0":179.28831481933594,"1":-4.165322303771973,"2":177.73110961914062}}}}}
{"DateTime": "2015-03-14T16:44:06.759Z", "Message":"MuvZwSsiGdFj_N5LAAAA"}
{"DateTime": "2015-03-14T16:44:06.777Z", "Message":{"Msg":"ServerUpdate","Packet":{"playerId":"MuvZwSsiGdFj_N5LAAAA","playerNumber":0,"shipId":1482780,"position":{"data":{"0":-9.75581169128418,"1":2.5159049034118652,"2":-9.059910774230957}},"orientation":{"data":{"0":179.28831481933594,"1":-4.165322303771973,"2":177.73110961914062}}}}}
{"DateTime": "2015-03-14T16:44:06.959Z", "Message":"MuvZwSsiGdFj_N5LAAAA"}
{"DateTime": "2015-03-14T16:44:06.977Z", "Message":{"Msg":"ServerUpdate","Packet":{"playerId":"MuvZwSsiGdFj_N5LAAAA","playerNumber":0,"shipId":1482780,"position":{"data":{"0":-9.662079811096191,"1":2.496026039123535,"2":-7.763045310974121}},"orientation":{"data":{"0":179.28831481933594,"1":-4.165322303771973,"2":177.73110961914062}}}}}
{"DateTime": "2015-03-14T16:44:07.160Z", "Message":"MuvZwSsiGdFj_N5LAAAA"}
{"DateTime": "2015-03-14T16:44:07.180Z", "Message":{"Msg":"ServerUpdate","Packet":{"playerId":"MuvZwSsiGdFj_N5LAAAA","playerNumber":0,"shipId":1482780,"position":{"data":{"0":-9.547734260559082,"1":2.3964757919311523,"2":-6.47603178024292}},"orientation":{"data":{"0":167.72921752929688,"1":-8.587470054626465,"2":178.24606323242188}}}}}
{"DateTime": "2015-03-14T16:44:07.376Z", "Message":"MuvZwSsiGdFj_N5LAAAA"}
{"DateTime": "2015-03-14T16:44:07.381Z", "Message":{"Msg":"ServerUpdate","Packet":{"playerId":"MuvZwSsiGdFj_N5LAAAA","playerNumber":0,"shipId":1482780,"position":{"data":{"0":-9.249613761901855,"1":1.8405488729476929,"2":-5.218789100646973}},"orientation":{"data":{"0":153.4804229736328,"1":-14.84076976776123,"2":-179.6219940185547}}}}}
{"DateTime": "2015-03-14T16:44:07.577Z", "Message":"MuvZwSsiGdFj_N5LAAAA"}
{"DateTime": "2015-03-14T16:44:07.583Z", "Message":{"Msg":"ServerUpdate","Packet":{"playerId":"MuvZwSsiGdFj_N5LAAAA","playerNumber":0,"shipId":1482780,"position":{"data":{"0":-8.946356773376465,"1":1.2592065334320068,"2":-4.088806629180908}},"orientation":{"data":{"0":153.4804229736328,"1":-14.84076976776123,"2":-179.6219940185547}}}}}
{"DateTime": "2015-03-14T16:44:07.792Z", "Message":"MuvZwSsiGdFj_N5LAAAA"}
{"DateTime": "2015-03-14T16:44:07.808Z", "Message":{"Msg":"ServerUpdate","Packet":{"playerId":"MuvZwSsiGdFj_N5LAAAA","playerNumber":0,"shipId":1482780,"position":{"data":{"0":-8.035545349121094,"1":0.66070556640625,"2":-3.073636293411255}},"orientation":{"data":{"0":151.85887145996094,"1":-25.911041259765625,"2":-173.4644775390625}}}}}
{"DateTime": "2015-03-14T16:44:08.010Z", "Message":"MuvZwSsiGdFj_N5LAAAA"}
{"DateTime": "2015-03-14T16:44:08.030Z", "Message":{"Msg":"ServerUpdate","Packet":{"playerId":"MuvZwSsiGdFj_N5LAAAA","playerNumber":0,"shipId":1482780,"position":{"data":{"0":-6.744612693786621,"1":0.32751408219337463,"2":-2.400254964828491}},"orientation":{"data":{"0":153.18531799316406,"1":-47.70571517944336,"2":-158.9756622314453}}}}}
{"DateTime": "2015-03-14T16:44:08.226Z", "Message":"MuvZwSsiGdFj_N5LAAAA"}
{"DateTime": "2015-03-14T16:44:08.232Z", "Message":{"Msg":"ServerUpdate","Packet":{"playerId":"MuvZwSsiGdFj_N5LAAAA","playerNumber":0,"shipId":1482780,"position":{"data":{"0":-5.720654487609863,"1":0.13357451558113098,"2":-1.492569923400879}},"orientation":{"data":{"0":154.6028594970703,"1":-52.12986755371094,"2":-155.52931213378906}}}}}
{"DateTime": "2015-03-14T16:44:08.426Z", "Message":"MuvZwSsiGdFj_N5LAAAA"}
{"DateTime": "2015-03-14T16:44:08.435Z", "Message":{"Msg":"ServerUpdate","Packet":{"playerId":"MuvZwSsiGdFj_N5LAAAA","playerNumber":0,"shipId":1482780,"position":{"data":{"0":-5.8186116218566895,"1":-0.2532635033130646,"2":-0.10302583128213882}},"orientation":{"data":{"0":159.2447509765625,"1":-42.01663589477539,"2":-161.8411407470703}}}}}
{"DateTime": "2015-03-14T16:44:08.626Z", "Message":"MuvZwSsiGdFj_N5LAAAA"}
{"DateTime": "2015-03-14T16:44:08.635Z", "Message":{"Msg":"ServerUpdate","Packet":{"playerId":"MuvZwSsiGdFj_N5LAAAA","playerNumber":0,"shipId":1482780,"position":{"data":{"0":-6.021875858306885,"1":-0.6354407668113708,"2":1.243066430091858}},"orientation":{"data":{"0":156.83377075195312,"1":-47.990543365478516,"2":-158.4368438720703}}}}}
{"DateTime": "2015-03-14T16:44:08.827Z", "Message":"MuvZwSsiGdFj_N5LAAAA"}
{"DateTime": "2015-03-14T16:44:08.837Z", "Message":{"Msg":"ServerUpdate","Packet":{"playerId":"MuvZwSsiGdFj_N5LAAAA","playerNumber":0,"shipId":1482780,"position":{"data":{"0":-5.162327766418457,"1":-0.8378784656524658,"2":2.1986942291259766}},"orientation":{"data":{"0":145.28558349609375,"1":-62.463157653808594,"2":-144.51148986816406}}}}}
{"DateTime": "2015-03-14T16:44:09.043Z", "Message":"MuvZwSsiGdFj_N5LAAAA"}
{"DateTime": "2015-03-14T16:44:09.061Z", "Message":{"Msg":"ServerUpdate","Packet":{"playerId":"MuvZwSsiGdFj_N5LAAAA","playerNumber":0,"shipId":1482780,"position":{"data":{"0":-3.840228796005249,"1":-0.8808876276016235,"2":2.68754243850708}},"orientation":{"data":{"0":142.46836853027344,"1":-64.39395141601562,"2":-141.3621826171875}}}}}
{"DateTime": "2015-03-14T16:44:09.259Z", "Message":"MuvZwSsiGdFj_N5LAAAA"}
{"DateTime": "2015-03-14T16:44:09.264Z", "Message":{"Msg":"ServerUpdate","Packet":{"playerId":"MuvZwSsiGdFj_N5LAAAA","playerNumber":0,"shipId":1482780,"position":{"data":{"0":-2.5217816829681396,"1":-0.9220643639564514,"2":3.1687755584716797}},"orientation":{"data":{"0":142.46836853027344,"1":-64.39395141601562,"2":-141.3621826171875}}}}}
{"DateTime": "2015-03-14T16:44:09.460Z", "Message":"MuvZwSsiGdFj_N5LAAAA"}
{"DateTime": "2015-03-14T16:44:09.468Z", "Message":{"Msg":"ServerUpdate","Packet":{"playerId":"MuvZwSsiGdFj_N5LAAAA","playerNumber":0,"shipId":1482780,"position":{"data":{"0":-1.2784754037857056,"1":-0.9444450736045837,"2":3.562450408935547}},"orientation":{"data":{"0":125.80421447753906,"1":-71.05663299560547,"2":-123.40528869628906}}}}}
{"DateTime": "2015-03-14T16:44:09.676Z", "Message":"MuvZwSsiGdFj_N5LAAAA"}
{"DateTime": "2015-03-14T16:44:09.691Z", "Message":{"Msg":"ServerUpdate","Packet":{"playerId":"MuvZwSsiGdFj_N5LAAAA","playerNumber":0,"shipId":1482780,"position":{"data":{"0":0.10813488811254501,"1":-0.8325676321983337,"2":3.5012810230255127}},"orientation":{"data":{"0":47.32398986816406,"1":-69.01563262939453,"2":-41.435340881347656}}}}}
{"DateTime": "2015-03-14T16:44:09.876Z", "Message":"MuvZwSsiGdFj_N5LAAAA"}
{"DateTime": "2015-03-14T16:44:09.891Z", "Message":{"Msg":"ServerUpdate","Packet":{"playerId":"MuvZwSsiGdFj_N5LAAAA","playerNumber":0,"shipId":1482780,"position":{"data":{"0":1.2602969408035278,"1":-0.6016748547554016,"2":2.9509129524230957}},"orientation":{"data":{"0":24.274988174438477,"1":-48.95588302612305,"2":-14.342772483825684}}}}}
{"DateTime": "2015-03-14T16:44:10.093Z", "Message":"MuvZwSsiGdFj_N5LAAAA"}
{"DateTime": "2015-03-14T16:44:10.095Z", "Message":{"Msg":"ServerUpdate","Packet":{"playerId":"MuvZwSsiGdFj_N5LAAAA","playerNumber":0,"shipId":1482780,"position":{"data":{"0":2.181241273880005,"1":-0.511171281337738,"2":2.935687303543091}},"orientation":{"data":{"0":23.790555953979492,"1":-45.32733917236328,"2":-11.999105453491211}}}}}
{"DateTime": "2015-03-14T16:44:10.309Z", "Message":"MuvZwSsiGdFj_N5LAAAA"}
{"DateTime": "2015-03-14T16:44:10.315Z", "Message":{"Msg":"ServerUpdate","Packet":{"playerId":"MuvZwSsiGdFj_N5LAAAA","playerNumber":0,"shipId":1482780,"position":{"data":{"0":2.181241273880005,"1":-0.511171281337738,"2":2.935687303543091}},"orientation":{"data":{"0":23.790555953979492,"1":-45.32733917236328,"2":-11.999105453491211}}}}}
{"DateTime": "2015-03-14T16:44:10.509Z", "Message":"MuvZwSsiGdFj_N5LAAAA"}
{"DateTime": "2015-03-14T16:44:10.515Z", "Message":{"Msg":"ServerUpdate","Packet":{"playerId":"MuvZwSsiGdFj_N5LAAAA","playerNumber":0,"shipId":1482780,"position":{"data":{"0":2.181241273880005,"1":-0.511171281337738,"2":2.935687303543091}},"orientation":{"data":{"0":23.790555953979492,"1":-45.32733917236328,"2":-11.999105453491211}}}}}
{"DateTime": "2015-03-14T16:44:10.711Z", "Message":"MuvZwSsiGdFj_N5LAAAA"}
{"DateTime": "2015-03-14T16:44:10.716Z", "Message":{"Msg":"ServerUpdate","Packet":{"playerId":"MuvZwSsiGdFj_N5LAAAA","playerNumber":0,"shipId":1482780,"position":{"data":{"0":2.181241273880005,"1":-0.511171281337738,"2":2.935687303543091}},"orientation":{"data":{"0":23.790555953979492,"1":-45.32733917236328,"2":-11.999105453491211}}}}}
{"DateTime": "2015-03-14T16:44:10.926Z", "Message":"MuvZwSsiGdFj_N5LAAAA"}
{"DateTime": "2015-03-14T16:44:10.941Z", "Message":{"Msg":"ServerUpdate","Packet":{"playerId":"MuvZwSsiGdFj_N5LAAAA","playerNumber":0,"shipId":1482780,"position":{"data":{"0":2.181241273880005,"1":-0.511171281337738,"2":2.935687303543091}},"orientation":{"data":{"0":23.790555953979492,"1":-45.32733917236328,"2":-11.999105453491211}}}}}
{"DateTime": "2015-03-14T16:44:11.127Z", "Message":"MuvZwSsiGdFj_N5LAAAA"}
{"DateTime": "2015-03-14T16:44:11.144Z", "Message":{"Msg":"ServerUpdate","Packet":{"playerId":"MuvZwSsiGdFj_N5LAAAA","playerNumber":0,"shipId":1482780,"position":{"data":{"0":2.181241273880005,"1":-0.511171281337738,"2":2.935687303543091}},"orientation":{"data":{"0":23.790555953979492,"1":-45.32733917236328,"2":-11.999105453491211}}}}}
{"DateTime": "2015-03-14T16:44:11.342Z", "Message":"MuvZwSsiGdFj_N5LAAAA"}
{"DateTime": "2015-03-14T16:44:11.347Z", "Message":{"Msg":"ServerUpdate","Packet":{"playerId":"MuvZwSsiGdFj_N5LAAAA","playerNumber":0,"shipId":1482780,"position":{"data":{"0":2.181241273880005,"1":-0.511171281337738,"2":2.935687303543091}},"orientation":{"data":{"0":23.790555953979492,"1":-45.32733917236328,"2":-11.999105453491211}}}}}
{"DateTime": "2015-03-14T16:44:11.542Z", "Message":"MuvZwSsiGdFj_N5LAAAA"}
{"DateTime": "2015-03-14T16:44:11.548Z", "Message":{"Msg":"ServerUpdate","Packet":{"playerId":"MuvZwSsiGdFj_N5LAAAA","playerNumber":0,"shipId":1482780,"position":{"data":{"0":2.181241273880005,"1":-0.511171281337738,"2":2.935687303543091}},"orientation":{"data":{"0":23.790555953979492,"1":-45.32733917236328,"2":-11.999105453491211}}}}}
{"DateTime": "2015-03-14T16:44:11.742Z", "Message":"MuvZwSsiGdFj_N5LAAAA"}
{"DateTime": "2015-03-14T16:44:11.748Z", "Message":{"Msg":"ServerUpdate","Packet":{"playerId":"MuvZwSsiGdFj_N5LAAAA","playerNumber":0,"shipId":1482780,"position":{"data":{"0":2.181241273880005,"1":-0.511171281337738,"2":2.935687303543091}},"orientation":{"data":{"0":23.790555953979492,"1":-45.32733917236328,"2":-11.999105453491211}}}}}
{"DateTime": "2015-03-14T16:44:11.943Z", "Message":"MuvZwSsiGdFj_N5LAAAA"}
{"DateTime": "2015-03-14T16:44:11.951Z", "Message":{"Msg":"ServerUpdate","Packet":{"playerId":"MuvZwSsiGdFj_N5LAAAA","playerNumber":0,"shipId":1482780,"position":{"data":{"0":2.181241273880005,"1":-0.511171281337738,"2":2.935687303543091}},"orientation":{"data":{"0":23.790555953979492,"1":-45.32733917236328,"2":-11.999105453491211}}}}}
{"DateTime": "2015-03-14T16:44:13.229Z", "Message":"MuvZwSsiGdFj_N5LAAAA"}
{"DateTime": "2015-03-14T16:44:13.244Z", "Message":{"Msg":"ServerQuit","Packet":{"playerId":"MuvZwSsiGdFj_N5LAAAA","playerNumber":0}}}
