{"DateTime": "2015-03-14T00:32:08.449Z", "Message":"TRbcBdfzOVeFD051AAAA"}
{"DateTime": "2015-03-14T00:32:08.582Z", "Message":"TRbcBdfzOVeFD051AAAA"}
{"DateTime": "2015-03-14T00:32:08.583Z", "Message":"TRbcBdfzOVeFD051AAAA"}
{"DateTime": "2015-03-14T00:32:08.600Z", "Message":{"Msg":"ServerMessage","Packet":"0 joined."}}
{"DateTime": "2015-03-14T00:32:15.971Z", "Message":"TRbcBdfzOVeFD051AAAA"}
{"DateTime": "2015-03-14T00:32:15.979Z", "Message":{"Msg":"ServerSpawn","Packet":{"playerId":"TRbcBdfzOVeFD051AAAA","playerNumber":0,"shipId":1482771,"position":{"data":{"0":0,"1":0,"2":0}},"orientation":{"data":{"0":0,"1":0,"2":0}}}}}
{"DateTime": "2015-03-14T00:32:16.184Z", "Message":"TRbcBdfzOVeFD051AAAA"}
{"DateTime": "2015-03-14T00:32:16.202Z", "Message":{"Msg":"ServerUpdate","Packet":{"playerId":"TRbcBdfzOVeFD051AAAA","playerNumber":0,"shipId":1482771,"position":{"data":{"0":0,"1":0,"2":0}},"orientation":{"data":{"0":0,"1":0,"2":0}}}}}
{"DateTime": "2015-03-14T00:32:16.384Z", "Message":"TRbcBdfzOVeFD051AAAA"}
{"DateTime": "2015-03-14T00:32:16.403Z", "Message":{"Msg":"ServerUpdate","Packet":{"playerId":"TRbcBdfzOVeFD051AAAA","playerNumber":0,"shipId":1482771,"position":{"data":{"0":0,"1":0,"2":0}},"orientation":{"data":{"0":0,"1":0,"2":0}}}}}
{"DateTime": "2015-03-14T00:32:16.584Z", "Message":"TRbcBdfzOVeFD051AAAA"}
{"DateTime": "2015-03-14T00:32:16.603Z", "Message":{"Msg":"ServerUpdate","Packet":{"playerId":"TRbcBdfzOVeFD051AAAA","playerNumber":0,"shipId":1482771,"position":{"data":{"0":0.2801772356033325,"1":0,"2":-0.061405476182699203}},"orientation":{"data":{"0":0,"1":0,"2":0}}}}}
{"DateTime": "2015-03-14T00:32:16.801Z", "Message":"TRbcBdfzOVeFD051AAAA"}
{"DateTime": "2015-03-14T00:32:16.805Z", "Message":{"Msg":"ServerUpdate","Packet":{"playerId":"TRbcBdfzOVeFD051AAAA","playerNumber":0,"shipId":1482771,"position":{"data":{"0":1.1657675504684448,"1":0,"2":-1.2276339530944824}},"orientation":{"data":{"0":0,"1":0,"2":0}}}}}
{"DateTime": "2015-03-14T00:32:17.018Z", "Message":"TRbcBdfzOVeFD051AAAA"}
{"DateTime": "2015-03-14T00:32:17.027Z", "Message":{"Msg":"ServerUpdate","Packet":{"playerId":"TRbcBdfzOVeFD051AAAA","playerNumber":0,"shipId":1482771,"position":{"data":{"0":1.9821233749389648,"1":0,"2":-2.5634071826934814}},"orientation":{"data":{"0":0,"1":19.971786499023438,"2":0}}}}}
{"DateTime": "2015-03-14T00:32:17.219Z", "Message":"TRbcBdfzOVeFD051AAAA"}
{"DateTime": "2015-03-14T00:32:17.231Z", "Message":{"Msg":"ServerUpdate","Packet":{"playerId":"TRbcBdfzOVeFD051AAAA","playerNumber":0,"shipId":1482771,"position":{"data":{"0":2.3595242500305176,"1":0,"2":-3.9353456497192383}},"orientation":{"data":{"0":0,"1":44.10738754272461,"2":0}}}}}
{"DateTime": "2015-03-14T00:32:17.418Z", "Message":"TRbcBdfzOVeFD051AAAA"}
{"DateTime": "2015-03-14T00:32:17.431Z", "Message":{"Msg":"ServerUpdate","Packet":{"playerId":"TRbcBdfzOVeFD051AAAA","playerNumber":0,"shipId":1482771,"position":{"data":{"0":1.9826807975769043,"1":0,"2":-5.277683734893799}},"orientation":{"data":{"0":0,"1":67.98812103271484,"2":0}}}}}
{"DateTime": "2015-03-14T00:32:17.634Z", "Message":"TRbcBdfzOVeFD051AAAA"}
{"DateTime": "2015-03-14T00:32:17.634Z", "Message":{"Msg":"ServerUpdate","Packet":{"playerId":"TRbcBdfzOVeFD051AAAA","playerNumber":0,"shipId":1482771,"position":{"data":{"0":0.7188910245895386,"1":-0.004872385878115892,"2":-6.123411655426025}},"orientation":{"data":{"0":-134.63592529296875,"1":84.26875305175781,"2":-134.71014404296875}}}}}
{"DateTime": "2015-03-14T00:32:17.834Z", "Message":"TRbcBdfzOVeFD051AAAA"}
{"DateTime": "2015-03-14T00:32:17.839Z", "Message":{"Msg":"ServerUpdate","Packet":{"playerId":"TRbcBdfzOVeFD051AAAA","playerNumber":0,"shipId":1482771,"position":{"data":{"0":-0.6834632158279419,"1":-0.07052657753229141,"2":-6.3111348152160645}},"orientation":{"data":{"0":-131.467041015625,"1":50.34615707397461,"2":-136.32603454589844}}}}}
{"DateTime": "2015-03-14T00:32:18.034Z", "Message":"TRbcBdfzOVeFD051AAAA"}
{"DateTime": "2015-03-14T00:32:18.040Z", "Message":{"Msg":"ServerUpdate","Packet":{"playerId":"TRbcBdfzOVeFD051AAAA","playerNumber":0,"shipId":1482771,"position":{"data":{"0":-2.033257246017456,"1":0.0632937103509903,"2":-5.957159519195557}},"orientation":{"data":{"0":-125.12071990966797,"1":19.146591186523438,"2":-136.9371337890625}}}}}
{"DateTime": "2015-03-14T00:32:18.252Z", "Message":"TRbcBdfzOVeFD051AAAA"}
{"DateTime": "2015-03-14T00:32:18.262Z", "Message":{"Msg":"ServerUpdate","Packet":{"playerId":"TRbcBdfzOVeFD051AAAA","playerNumber":0,"shipId":1482771,"position":{"data":{"0":-3.0091733932495117,"1":0.8331320881843567,"2":-5.321112632751465}},"orientation":{"data":{"0":-108.66844940185547,"1":-7.154783248901367,"2":-130.04579162597656}}}}}
{"DateTime": "2015-03-14T00:32:18.452Z", "Message":"TRbcBdfzOVeFD051AAAA"}
{"DateTime": "2015-03-14T00:32:18.463Z", "Message":{"Msg":"ServerUpdate","Packet":{"playerId":"TRbcBdfzOVeFD051AAAA","playerNumber":0,"shipId":1482771,"position":{"data":{"0":-4.05061149597168,"1":1.5787622928619385,"2":-5.1622161865234375}},"orientation":{"data":{"0":-88.18914031982422,"1":-29.81734848022461,"2":-118.9036865234375}}}}}
{"DateTime": "2015-03-14T00:32:18.668Z", "Message":"TRbcBdfzOVeFD051AAAA"}
{"DateTime": "2015-03-14T00:32:18.686Z", "Message":{"Msg":"ServerUpdate","Packet":{"playerId":"TRbcBdfzOVeFD051AAAA","playerNumber":0,"shipId":1482771,"position":{"data":{"0":-5.352880477905273,"1":2.070711374282837,"2":-5.536391258239746}},"orientation":{"data":{"0":-77.1951675415039,"1":-57.98890686035156,"2":-101.92862701416016}}}}}
{"DateTime": "2015-03-14T00:32:18.885Z", "Message":"TRbcBdfzOVeFD051AAAA"}
{"DateTime": "2015-03-14T00:32:18.890Z", "Message":{"Msg":"ServerUpdate","Packet":{"playerId":"TRbcBdfzOVeFD051AAAA","playerNumber":0,"shipId":1482771,"position":{"data":{"0":-5.402125835418701,"1":2.4671013355255127,"2":-6.641247272491455}},"orientation":{"data":{"0":-156.13034057617188,"1":-75.04006958007812,"2":-4.618492603302002}}}}}
{"DateTime": "2015-03-14T00:32:19.101Z", "Message":"TRbcBdfzOVeFD051AAAA"}
{"DateTime": "2015-03-14T00:32:19.110Z", "Message":{"Msg":"ServerUpdate","Packet":{"playerId":"TRbcBdfzOVeFD051AAAA","playerNumber":0,"shipId":1482771,"position":{"data":{"0":-5.402125835418701,"1":2.4671013355255127,"2":-6.641247272491455}},"orientation":{"data":{"0":163.6598358154297,"1":-55.37808609008789,"2":61.104915618896484}}}}}
{"DateTime": "2015-03-14T00:32:19.318Z", "Message":"TRbcBdfzOVeFD051AAAA"}
{"DateTime": "2015-03-14T00:32:19.330Z", "Message":{"Msg":"ServerUpdate","Packet":{"playerId":"TRbcBdfzOVeFD051AAAA","playerNumber":0,"shipId":1482771,"position":{"data":{"0":-5.793891906738281,"1":1.7245572805404663,"2":-6.339426040649414}},"orientation":{"data":{"0":161.00704956054688,"1":-27.47975730895996,"2":85.96401977539062}}}}}
{"DateTime": "2015-03-14T00:32:19.518Z", "Message":"TRbcBdfzOVeFD051AAAA"}
{"DateTime": "2015-03-14T00:32:19.533Z", "Message":{"Msg":"ServerUpdate","Packet":{"playerId":"TRbcBdfzOVeFD051AAAA","playerNumber":0,"shipId":1482771,"position":{"data":{"0":-6.061532974243164,"1":0.9091795682907104,"2":-5.245451927185059}},"orientation":{"data":{"0":168.3245391845703,"1":-5.457564353942871,"2":104.80358123779297}}}}}
{"DateTime": "2015-03-14T00:32:19.719Z", "Message":"TRbcBdfzOVeFD051AAAA"}
{"DateTime": "2015-03-14T00:32:19.736Z", "Message":{"Msg":"ServerUpdate","Packet":{"playerId":"TRbcBdfzOVeFD051AAAA","playerNumber":0,"shipId":1482771,"position":{"data":{"0":-5.908168315887451,"1":-0.05839161574840546,"2":-4.139993667602539}},"orientation":{"data":{"0":170.1100311279297,"1":5.397841453552246,"2":120.97257995605469}}}}}
{"DateTime": "2015-03-14T00:32:19.935Z", "Message":"TRbcBdfzOVeFD051AAAA"}
{"DateTime": "2015-03-14T00:32:19.939Z", "Message":{"Msg":"ServerUpdate","Packet":{"playerId":"TRbcBdfzOVeFD051AAAA","playerNumber":0,"shipId":1482771,"position":{"data":{"0":-5.5401082038879395,"1":-0.49995923042297363,"2":-2.67866587638855}},"orientation":{"data":{"0":-171.94989013671875,"1":26.197126388549805,"2":147.34747314453125}}}}}
{"DateTime": "2015-03-14T00:32:20.151Z", "Message":"TRbcBdfzOVeFD051AAAA"}
{"DateTime": "2015-03-14T00:32:20.162Z", "Message":{"Msg":"ServerUpdate","Packet":{"playerId":"TRbcBdfzOVeFD051AAAA","playerNumber":0,"shipId":1482771,"position":{"data":{"0":-5.206033706665039,"1":-0.20799969136714935,"2":-1.2232364416122437}},"orientation":{"data":{"0":-157.4603729248047,"1":29.623544692993164,"2":167.16908264160156}}}}}
{"DateTime": "2015-03-14T00:32:20.352Z", "Message":"TRbcBdfzOVeFD051AAAA"}
{"DateTime": "2015-03-14T00:32:20.365Z", "Message":{"Msg":"ServerUpdate","Packet":{"playerId":"TRbcBdfzOVeFD051AAAA","playerNumber":0,"shipId":1482771,"position":{"data":{"0":-5.077714443206787,"1":-0.05452959984540939,"2":-0.6777209043502808}},"orientation":{"data":{"0":-157.4603729248047,"1":29.623544692993164,"2":167.16908264160156}}}}}
{"DateTime": "2015-03-14T00:32:20.552Z", "Message":"TRbcBdfzOVeFD051AAAA"}
{"DateTime": "2015-03-14T00:32:20.567Z", "Message":{"Msg":"ServerUpdate","Packet":{"playerId":"TRbcBdfzOVeFD051AAAA","playerNumber":0,"shipId":1482771,"position":{"data":{"0":-4.7464680671691895,"1":-0.07090894877910614,"2":-0.19103795289993286}},"orientation":{"data":{"0":-169.71975708007812,"1":32.160465240478516,"2":167.91012573242188}}}}}
{"DateTime": "2015-03-14T00:32:20.768Z", "Message":"TRbcBdfzOVeFD051AAAA"}
{"DateTime": "2015-03-14T00:32:20.787Z", "Message":{"Msg":"ServerUpdate","Packet":{"playerId":"TRbcBdfzOVeFD051AAAA","playerNumber":0,"shipId":1482771,"position":{"data":{"0":-4.361069679260254,"1":-0.128156378865242,"2":1.267049789428711}},"orientation":{"data":{"0":178.11624145507812,"1":41.1914176940918,"2":168.4635467529297}}}}}
{"DateTime": "2015-03-14T00:32:20.968Z", "Message":"TRbcBdfzOVeFD051AAAA"}
{"DateTime": "2015-03-14T00:32:20.969Z", "Message":{"Msg":"ServerUpdate","Packet":{"playerId":"TRbcBdfzOVeFD051AAAA","playerNumber":0,"shipId":1482771,"position":{"data":{"0":-4.318110942840576,"1":-0.14161793887615204,"2":1.4920293092727661}},"orientation":{"data":{"0":178.11624145507812,"1":41.1914176940918,"2":168.4635467529297}}}}}
{"DateTime": "2015-03-14T00:32:21.185Z", "Message":"TRbcBdfzOVeFD051AAAA"}
{"DateTime": "2015-03-14T00:32:21.191Z", "Message":{"Msg":"ServerUpdate","Packet":{"playerId":"TRbcBdfzOVeFD051AAAA","playerNumber":0,"shipId":1482771,"position":{"data":{"0":-4.318110942840576,"1":-0.14161793887615204,"2":1.4920293092727661}},"orientation":{"data":{"0":178.11624145507812,"1":41.1914176940918,"2":168.4635467529297}}}}}
{"DateTime": "2015-03-14T00:32:21.401Z", "Message":"TRbcBdfzOVeFD051AAAA"}
{"DateTime": "2015-03-14T00:32:21.413Z", "Message":{"Msg":"ServerUpdate","Packet":{"playerId":"TRbcBdfzOVeFD051AAAA","playerNumber":0,"shipId":1482771,"position":{"data":{"0":-4.318110942840576,"1":-0.14161793887615204,"2":1.4920293092727661}},"orientation":{"data":{"0":178.11624145507812,"1":41.1914176940918,"2":168.4635467529297}}}}}
{"DateTime": "2015-03-14T00:32:21.618Z", "Message":"TRbcBdfzOVeFD051AAAA"}
{"DateTime": "2015-03-14T00:32:21.636Z", "Message":{"Msg":"ServerUpdate","Packet":{"playerId":"TRbcBdfzOVeFD051AAAA","playerNumber":0,"shipId":1482771,"position":{"data":{"0":-4.318110942840576,"1":-0.14161793887615204,"2":1.4920293092727661}},"orientation":{"data":{"0":178.11624145507812,"1":41.1914176940918,"2":168.4635467529297}}}}}
{"DateTime": "2015-03-14T00:32:21.819Z", "Message":"TRbcBdfzOVeFD051AAAA"}
{"DateTime": "2015-03-14T00:32:21.819Z", "Message":{"Msg":"ServerUpdate","Packet":{"playerId":"TRbcBdfzOVeFD051AAAA","playerNumber":0,"shipId":1482771,"position":{"data":{"0":-4.318110942840576,"1":-0.14161793887615204,"2":1.4920293092727661}},"orientation":{"data":{"0":178.11624145507812,"1":41.1914176940918,"2":168.4635467529297}}}}}
{"DateTime": "2015-03-14T00:32:22.034Z", "Message":"TRbcBdfzOVeFD051AAAA"}
{"DateTime": "2015-03-14T00:32:22.043Z", "Message":{"Msg":"ServerUpdate","Packet":{"playerId":"TRbcBdfzOVeFD051AAAA","playerNumber":0,"shipId":1482771,"position":{"data":{"0":-4.318110942840576,"1":-0.14161793887615204,"2":1.4920293092727661}},"orientation":{"data":{"0":178.11624145507812,"1":41.1914176940918,"2":168.4635467529297}}}}}
{"DateTime": "2015-03-14T00:32:22.234Z", "Message":"TRbcBdfzOVeFD051AAAA"}
{"DateTime": "2015-03-14T00:32:22.245Z", "Message":{"Msg":"ServerUpdate","Packet":{"playerId":"TRbcBdfzOVeFD051AAAA","playerNumber":0,"shipId":1482771,"position":{"data":{"0":-4.318110942840576,"1":-0.14161793887615204,"2":1.4920293092727661}},"orientation":{"data":{"0":178.11624145507812,"1":41.1914176940918,"2":168.4635467529297}}}}}
{"DateTime": "2015-03-14T00:32:22.451Z", "Message":"TRbcBdfzOVeFD051AAAA"}
{"DateTime": "2015-03-14T00:32:22.467Z", "Message":{"Msg":"ServerUpdate","Packet":{"playerId":"TRbcBdfzOVeFD051AAAA","playerNumber":0,"shipId":1482771,"position":{"data":{"0":-4.318110942840576,"1":-0.14161793887615204,"2":1.4920293092727661}},"orientation":{"data":{"0":178.11624145507812,"1":41.1914176940918,"2":168.4635467529297}}}}}
{"DateTime": "2015-03-14T00:32:22.669Z", "Message":"TRbcBdfzOVeFD051AAAA"}
{"DateTime": "2015-03-14T00:32:22.672Z", "Message":{"Msg":"ServerUpdate","Packet":{"playerId":"TRbcBdfzOVeFD051AAAA","playerNumber":0,"shipId":1482771,"position":{"data":{"0":-4.318110942840576,"1":-0.14161793887615204,"2":1.4920293092727661}},"orientation":{"data":{"0":178.11624145507812,"1":41.1914176940918,"2":168.4635467529297}}}}}
{"DateTime": "2015-03-14T00:32:22.885Z", "Message":"TRbcBdfzOVeFD051AAAA"}
{"DateTime": "2015-03-14T00:32:22.894Z", "Message":{"Msg":"ServerUpdate","Packet":{"playerId":"TRbcBdfzOVeFD051AAAA","playerNumber":0,"shipId":1482771,"position":{"data":{"0":-4.318110942840576,"1":-0.14161793887615204,"2":1.4920293092727661}},"orientation":{"data":{"0":178.11624145507812,"1":41.1914176940918,"2":168.4635467529297}}}}}
{"DateTime": "2015-03-14T00:32:23.102Z", "Message":"TRbcBdfzOVeFD051AAAA"}
{"DateTime": "2015-03-14T00:32:23.116Z", "Message":{"Msg":"ServerUpdate","Packet":{"playerId":"TRbcBdfzOVeFD051AAAA","playerNumber":0,"shipId":1482771,"position":{"data":{"0":-4.318110942840576,"1":-0.14161793887615204,"2":1.4920293092727661}},"orientation":{"data":{"0":178.11624145507812,"1":41.1914176940918,"2":168.4635467529297}}}}}
{"DateTime": "2015-03-14T00:32:25.137Z", "Message":"TRbcBdfzOVeFD051AAAA"}
{"DateTime": "2015-03-14T00:32:25.139Z", "Message":{"Msg":"ServerQuit","Packet":{"playerId":"TRbcBdfzOVeFD051AAAA","playerNumber":0}}}
