{"DateTime": "2015-03-17T01:59:51.151Z", "Message":"XHFonc8qrpUGyeBeAAAA"}
{"DateTime": "2015-03-17T01:59:51.228Z", "Message":"XHFonc8qrpUGyeBeAAAA"}
{"DateTime": "2015-03-17T01:59:51.228Z", "Message":"XHFonc8qrpUGyeBeAAAA"}
{"DateTime": "2015-03-17T01:59:51.238Z", "Message":{"Msg":"ServerMessage","Packet":"0 joined."}}
{"DateTime": "2015-03-17T02:00:05.970Z", "Message":"XHFonc8qrpUGyeBeAAAA"}
{"DateTime": "2015-03-17T02:00:05.986Z", "Message":{"Msg":"ServerSpawn","Packet":{"playerId":"XHFonc8qrpUGyeBeAAAA","playerNumber":0,"shipId":1482780,"position":{"data":{"0":-5,"1":0,"2":0}},"orientation":{"data":{"0":0,"1":0,"2":0}}}}}
{"DateTime": "2015-03-17T02:00:06.184Z", "Message":"XHFonc8qrpUGyeBeAAAA"}
{"DateTime": "2015-03-17T02:00:06.192Z", "Message":{"Msg":"ServerUpdate","Packet":{"playerId":"XHFonc8qrpUGyeBeAAAA","playerNumber":0,"shipId":1482780,"dt":0.016032738627085565,"position":{"data":{"0":-5,"1":0,"2":0}},"orientation":{"data":{"0":0,"1":0,"2":0}}}}}
{"DateTime": "2015-03-17T02:00:06.383Z", "Message":"XHFonc8qrpUGyeBeAAAA"}
{"DateTime": "2015-03-17T02:00:06.394Z", "Message":{"Msg":"ServerUpdate","Packet":{"playerId":"XHFonc8qrpUGyeBeAAAA","playerNumber":0,"shipId":1482780,"dt":0.014986186844656914,"position":{"data":{"0":-5,"1":0,"2":0}},"orientation":{"data":{"0":0,"1":0,"2":0}}}}}
{"DateTime": "2015-03-17T02:00:06.600Z", "Message":"XHFonc8qrpUGyeBeAAAA"}
{"DateTime": "2015-03-17T02:00:06.617Z", "Message":{"Msg":"ServerUpdate","Packet":{"playerId":"XHFonc8qrpUGyeBeAAAA","playerNumber":0,"shipId":1482780,"dt":0.01698933585769555,"position":{"data":{"0":-5,"1":0,"2":0}},"orientation":{"data":{"0":0,"1":0,"2":0}}}}}
{"DateTime": "2015-03-17T02:00:06.800Z", "Message":"XHFonc8qrpUGyeBeAAAA"}
{"DateTime": "2015-03-17T02:00:06.801Z", "Message":{"Msg":"ServerUpdate","Packet":{"playerId":"XHFonc8qrpUGyeBeAAAA","playerNumber":0,"shipId":1482780,"dt":0.01700925867789556,"position":{"data":{"0":-5,"1":0,"2":0}},"orientation":{"data":{"0":0,"1":0,"2":0}}}}}
{"DateTime": "2015-03-17T02:00:07.005Z", "Message":"XHFonc8qrpUGyeBeAAAA"}
{"DateTime": "2015-03-17T02:00:07.023Z", "Message":{"Msg":"ServerUpdate","Packet":{"playerId":"XHFonc8qrpUGyeBeAAAA","playerNumber":0,"shipId":1482780,"dt":0.01799755130428093,"position":{"data":{"0":-5,"1":0,"2":0}},"orientation":{"data":{"0":0,"1":0,"2":0}}}}}
{"DateTime": "2015-03-17T02:00:07.217Z", "Message":"XHFonc8qrpUGyeBeAAAA"}
{"DateTime": "2015-03-17T02:00:07.224Z", "Message":{"Msg":"ServerUpdate","Packet":{"playerId":"XHFonc8qrpUGyeBeAAAA","playerNumber":0,"shipId":1482780,"dt":0.01700412704238988,"position":{"data":{"0":-5.068743705749512,"1":0,"2":-0.03184600546956062}},"orientation":{"data":{"0":0,"1":0,"2":0}}}}}
{"DateTime": "2015-03-17T02:00:07.418Z", "Message":"XHFonc8qrpUGyeBeAAAA"}
{"DateTime": "2015-03-17T02:00:07.430Z", "Message":{"Msg":"ServerUpdate","Packet":{"playerId":"XHFonc8qrpUGyeBeAAAA","playerNumber":0,"shipId":1482780,"dt":0.016936510198065663,"position":{"data":{"0":-5.881469249725342,"1":0,"2":-1.0200722217559814}},"orientation":{"data":{"0":0,"1":0,"2":0}}}}}
{"DateTime": "2015-03-17T02:00:07.633Z", "Message":"XHFonc8qrpUGyeBeAAAA"}
{"DateTime": "2015-03-17T02:00:07.634Z", "Message":{"Msg":"ServerUpdate","Packet":{"playerId":"XHFonc8qrpUGyeBeAAAA","playerNumber":0,"shipId":1482780,"dt":0.01599832648310621,"position":{"data":{"0":-6.628399848937988,"1":0,"2":-2.2975735664367676}},"orientation":{"data":{"0":0,"1":0,"2":0}}}}}
{"DateTime": "2015-03-17T02:00:07.833Z", "Message":"XHFonc8qrpUGyeBeAAAA"}
{"DateTime": "2015-03-17T02:00:07.835Z", "Message":{"Msg":"ServerUpdate","Packet":{"playerId":"XHFonc8qrpUGyeBeAAAA","playerNumber":0,"shipId":1482780,"dt":0.016014023250532774,"position":{"data":{"0":-7.392117023468018,"1":0,"2":-3.477701425552368}},"orientation":{"data":{"0":0,"1":0,"2":0}}}}}
{"DateTime": "2015-03-17T02:00:08.034Z", "Message":"XHFonc8qrpUGyeBeAAAA"}
{"DateTime": "2015-03-17T02:00:08.036Z", "Message":{"Msg":"ServerUpdate","Packet":{"playerId":"XHFonc8qrpUGyeBeAAAA","playerNumber":0,"shipId":1482780,"dt":0.015732688880405476,"position":{"data":{"0":-8.077022552490234,"1":0.017033886164426804,"2":-4.679583549499512}},"orientation":{"data":{"0":3.6663687229156494,"1":0,"2":0}}}}}
{"DateTime": "2015-03-17T02:00:08.251Z", "Message":"XHFonc8qrpUGyeBeAAAA"}
{"DateTime": "2015-03-17T02:00:08.257Z", "Message":{"Msg":"ServerUpdate","Packet":{"playerId":"XHFonc8qrpUGyeBeAAAA","playerNumber":0,"shipId":1482780,"dt":0.0183854425763966,"position":{"data":{"0":-8.800582885742188,"1":0.16960269212722778,"2":-5.975935459136963}},"orientation":{"data":{"0":7.0763936042785645,"1":0,"2":0}}}}}
{"DateTime": "2015-03-17T02:00:08.467Z", "Message":"XHFonc8qrpUGyeBeAAAA"}
{"DateTime": "2015-03-17T02:00:08.479Z", "Message":{"Msg":"ServerUpdate","Packet":{"playerId":"XHFonc8qrpUGyeBeAAAA","playerNumber":0,"shipId":1482780,"dt":0.016919605986990063,"position":{"data":{"0":-9.279590606689453,"1":0.47975197434425354,"2":-7.348084926605225}},"orientation":{"data":{"0":18.48346710205078,"1":0,"2":0}}}}}
{"DateTime": "2015-03-17T02:00:08.667Z", "Message":"XHFonc8qrpUGyeBeAAAA"}
{"DateTime": "2015-03-17T02:00:08.679Z", "Message":{"Msg":"ServerUpdate","Packet":{"playerId":"XHFonc8qrpUGyeBeAAAA","playerNumber":0,"shipId":1482780,"dt":0.016980280030329597,"position":{"data":{"0":-9.729551315307617,"1":0.8918358683586121,"2":-8.580855369567871}},"orientation":{"data":{"0":18.48346710205078,"1":0,"2":0}}}}}
{"DateTime": "2015-03-17T02:00:08.868Z", "Message":"XHFonc8qrpUGyeBeAAAA"}
{"DateTime": "2015-03-17T02:00:08.882Z", "Message":{"Msg":"ServerUpdate","Packet":{"playerId":"XHFonc8qrpUGyeBeAAAA","playerNumber":0,"shipId":1482780,"dt":0.016669061429900465,"position":{"data":{"0":-10.179152488708496,"1":1.3067811727523804,"2":-9.822185516357422}},"orientation":{"data":{"0":18.48346710205078,"1":0,"2":0}}}}}
{"DateTime": "2015-03-17T02:00:09.084Z", "Message":"XHFonc8qrpUGyeBeAAAA"}
{"DateTime": "2015-03-17T02:00:09.103Z", "Message":{"Msg":"ServerUpdate","Packet":{"playerId":"XHFonc8qrpUGyeBeAAAA","playerNumber":0,"shipId":1482780,"dt":0.016068358214721228,"position":{"data":{"0":-10.647387504577637,"1":1.5915707349777222,"2":-11.19256591796875}},"orientation":{"data":{"0":4.266791820526123,"1":-2.7216436862945557,"2":-0.28821951150894165}}}}}
{"DateTime": "2015-03-17T02:00:09.301Z", "Message":"XHFonc8qrpUGyeBeAAAA"}
{"DateTime": "2015-03-17T02:00:09.305Z", "Message":{"Msg":"ServerUpdate","Packet":{"playerId":"XHFonc8qrpUGyeBeAAAA","playerNumber":0,"shipId":1482780,"dt":0.017003523320567183,"position":{"data":{"0":-10.495057106018066,"1":1.6945592164993286,"2":-12.577574729919434}},"orientation":{"data":{"0":4.404691696166992,"1":-14.611485481262207,"2":-1.1984378099441528}}}}}
{"DateTime": "2015-03-17T02:00:09.501Z", "Message":"XHFonc8qrpUGyeBeAAAA"}
{"DateTime": "2015-03-17T02:00:09.506Z", "Message":{"Msg":"ServerUpdate","Packet":{"playerId":"XHFonc8qrpUGyeBeAAAA","playerNumber":0,"shipId":1482780,"dt":0.016009193475940264,"position":{"data":{"0":-10.035357475280762,"1":1.7846118211746216,"2":-13.795140266418457}},"orientation":{"data":{"0":4.726842403411865,"1":-25.598466873168945,"2":-2.1313045024871826}}}}}
{"DateTime": "2015-03-17T02:00:09.701Z", "Message":"XHFonc8qrpUGyeBeAAAA"}
{"DateTime": "2015-03-17T02:00:09.707Z", "Message":{"Msg":"ServerUpdate","Packet":{"playerId":"XHFonc8qrpUGyeBeAAAA","playerNumber":0,"shipId":1482780,"dt":0.01596964969644614,"position":{"data":{"0":-9.540340423583984,"1":1.875677227973938,"2":-15.026999473571777}},"orientation":{"data":{"0":5.299976825714111,"1":-36.432769775390625,"2":-3.238607406616211}}}}}
{"DateTime": "2015-03-17T02:00:09.901Z", "Message":"XHFonc8qrpUGyeBeAAAA"}
{"DateTime": "2015-03-17T02:00:09.911Z", "Message":{"Msg":"ServerUpdate","Packet":{"playerId":"XHFonc8qrpUGyeBeAAAA","playerNumber":0,"shipId":1482780,"dt":0.017021634975295456,"position":{"data":{"0":-9.278985977172852,"1":1.9836045503616333,"2":-16.480457305908203}},"orientation":{"data":{"0":6.278991222381592,"1":-47.195404052734375,"2":-4.700505256652832}}}}}
{"DateTime": "2015-03-17T02:00:10.102Z", "Message":"XHFonc8qrpUGyeBeAAAA"}
{"DateTime": "2015-03-17T02:00:10.114Z", "Message":{"Msg":"ServerUpdate","Packet":{"playerId":"XHFonc8qrpUGyeBeAAAA","playerNumber":0,"shipId":1482780,"dt":0.018038906249243154,"position":{"data":{"0":-8.918431282043457,"1":2.0862038135528564,"2":-17.86440658569336}},"orientation":{"data":{"0":8.464882850646973,"1":-59.67802810668945,"2":-7.405681133270264}}}}}
{"DateTime": "2015-03-17T02:00:10.318Z", "Message":"XHFonc8qrpUGyeBeAAAA"}
{"DateTime": "2015-03-17T02:00:10.334Z", "Message":{"Msg":"ServerUpdate","Packet":{"playerId":"XHFonc8qrpUGyeBeAAAA","playerNumber":0,"shipId":1482780,"dt":0.01699054330134095,"position":{"data":{"0":-8.118410110473633,"1":2.1795425415039062,"2":-19.13285255432129}},"orientation":{"data":{"0":16.742631912231445,"1":-75.0498275756836,"2":-16.29136848449707}}}}}
{"DateTime": "2015-03-17T02:00:10.519Z", "Message":"XHFonc8qrpUGyeBeAAAA"}
{"DateTime": "2015-03-17T02:00:10.534Z", "Message":{"Msg":"ServerUpdate","Packet":{"playerId":"XHFonc8qrpUGyeBeAAAA","playerNumber":0,"shipId":1482780,"dt":0.010197767195204505,"position":{"data":{"0":-6.973489284515381,"1":2.236499786376953,"2":-19.920000076293945}},"orientation":{"data":{"0":92.15337371826172,"1":-85.73501586914062,"2":-92.24459075927734}}}}}
{"DateTime": "2015-03-17T02:00:10.734Z", "Message":"XHFonc8qrpUGyeBeAAAA"}
{"DateTime": "2015-03-17T02:00:10.754Z", "Message":{"Msg":"ServerUpdate","Packet":{"playerId":"XHFonc8qrpUGyeBeAAAA","playerNumber":0,"shipId":1482780,"dt":0.016012513945974204,"position":{"data":{"0":-5.647672653198242,"1":2.214595317840576,"2":-19.652536392211914}},"orientation":{"data":{"0":167.9812774658203,"1":-69.09033966064453,"2":-168.837158203125}}}}}
{"DateTime": "2015-03-17T02:00:10.934Z", "Message":"XHFonc8qrpUGyeBeAAAA"}
{"DateTime": "2015-03-17T02:00:10.935Z", "Message":{"Msg":"ServerUpdate","Packet":{"playerId":"XHFonc8qrpUGyeBeAAAA","playerNumber":0,"shipId":1482780,"dt":0.016016438137830845,"position":{"data":{"0":-4.51243782043457,"1":2.1663475036621094,"2":-19.027780532836914}},"orientation":{"data":{"0":172.61448669433594,"1":-54.68016052246094,"2":-174.0479736328125}}}}}
{"DateTime": "2015-03-17T02:00:11.135Z", "Message":"XHFonc8qrpUGyeBeAAAA"}
{"DateTime": "2015-03-17T02:00:11.136Z", "Message":{"Msg":"ServerUpdate","Packet":{"playerId":"XHFonc8qrpUGyeBeAAAA","playerNumber":0,"shipId":1482780,"dt":0.01695250882641267,"position":{"data":{"0":-3.311588764190674,"1":2.1178019046783447,"2":-18.400339126586914}},"orientation":{"data":{"0":174.14630126953125,"1":-43.224430084228516,"2":-176.06887817382812}}}}}
{"DateTime": "2015-03-17T02:00:11.351Z", "Message":"XHFonc8qrpUGyeBeAAAA"}
{"DateTime": "2015-03-17T02:00:11.358Z", "Message":{"Msg":"ServerUpdate","Packet":{"playerId":"XHFonc8qrpUGyeBeAAAA","playerNumber":0,"shipId":1482780,"dt":0.017008353095159693,"position":{"data":{"0":-1.7588469982147217,"1":2.0936195850372314,"2":-18.106836318969727}},"orientation":{"data":{"0":174.9102783203125,"1":-33.10234069824219,"2":-177.3004150390625}}}}}
{"DateTime": "2015-03-17T02:00:11.568Z", "Message":"XHFonc8qrpUGyeBeAAAA"}
{"DateTime": "2015-03-17T02:00:11.581Z", "Message":{"Msg":"ServerUpdate","Packet":{"playerId":"XHFonc8qrpUGyeBeAAAA","playerNumber":0,"shipId":1482780,"dt":0.017078988548604686,"position":{"data":{"0":-0.8712026476860046,"1":2.0182716846466064,"2":-17.113479614257812}},"orientation":{"data":{"0":175.62149047851562,"1":-13.237069129943848,"2":-179.08079528808594}}}}}
{"DateTime": "2015-03-17T02:00:11.784Z", "Message":"XHFonc8qrpUGyeBeAAAA"}
{"DateTime": "2015-03-17T02:00:11.802Z", "Message":{"Msg":"ServerUpdate","Packet":{"playerId":"XHFonc8qrpUGyeBeAAAA","playerNumber":0,"shipId":1482780,"dt":0.01604451120266094,"position":{"data":{"0":-0.790963351726532,"1":1.9137274026870728,"2":-15.712238311767578}},"orientation":{"data":{"0":175.7379608154297,"1":0.3176996111869812,"2":179.89108276367188}}}}}
{"DateTime": "2015-03-17T02:00:12.001Z", "Message":"XHFonc8qrpUGyeBeAAAA"}
{"DateTime": "2015-03-17T02:00:12.002Z", "Message":{"Msg":"ServerUpdate","Packet":{"playerId":"XHFonc8qrpUGyeBeAAAA","playerNumber":0,"shipId":1482780,"dt":0.01700744751242746,"position":{"data":{"0":-0.7989263534545898,"1":1.8093843460083008,"2":-14.311933517456055}},"orientation":{"data":{"0":175.7379608154297,"1":0.3176996111869812,"2":179.89108276367188}}}}}
{"DateTime": "2015-03-17T02:00:12.201Z", "Message":"XHFonc8qrpUGyeBeAAAA"}
{"DateTime": "2015-03-17T02:00:12.205Z", "Message":{"Msg":"ServerUpdate","Packet":{"playerId":"XHFonc8qrpUGyeBeAAAA","playerNumber":0,"shipId":1482780,"dt":0.016977865143035162,"position":{"data":{"0":-0.8062999248504639,"1":1.7127655744552612,"2":-13.015289306640625}},"orientation":{"data":{"0":175.7379608154297,"1":0.3176996111869812,"2":179.89108276367188}}}}}
{"DateTime": "2015-03-17T02:00:12.402Z", "Message":"XHFonc8qrpUGyeBeAAAA"}
{"DateTime": "2015-03-17T02:00:12.409Z", "Message":{"Msg":"ServerUpdate","Packet":{"playerId":"XHFonc8qrpUGyeBeAAAA","playerNumber":0,"shipId":1482780,"dt":0.018016568541748712,"position":{"data":{"0":-0.7696917057037354,"1":1.6162292957305908,"2":-11.72063159942627}},"orientation":{"data":{"0":175.7073974609375,"1":-6.84328556060791,"2":-179.57281494140625}}}}}
{"DateTime": "2015-03-17T02:00:12.618Z", "Message":"XHFonc8qrpUGyeBeAAAA"}
{"DateTime": "2015-03-17T02:00:12.631Z", "Message":{"Msg":"ServerUpdate","Packet":{"playerId":"XHFonc8qrpUGyeBeAAAA","playerNumber":0,"shipId":1482780,"dt":0.016983298639454004,"position":{"data":{"0":-0.3388746678829193,"1":1.5163753032684326,"2":-10.389322280883789}},"orientation":{"data":{"0":175.20108032226562,"1":-27.336170196533203,"2":-177.87744140625}}}}}
{"DateTime": "2015-03-17T02:00:12.819Z", "Message":"XHFonc8qrpUGyeBeAAAA"}
{"DateTime": "2015-03-17T02:00:12.831Z", "Message":{"Msg":"ServerUpdate","Packet":{"playerId":"XHFonc8qrpUGyeBeAAAA","playerNumber":0,"shipId":1482780,"dt":0.017993023390597954,"position":{"data":{"0":0.3873760402202606,"1":1.4353083372116089,"2":-9.316010475158691}},"orientation":{"data":{"0":174.54000854492188,"1":-38.643733978271484,"2":-176.6693115234375}}}}}
{"DateTime": "2015-03-17T02:00:13.035Z", "Message":"XHFonc8qrpUGyeBeAAAA"}
{"DateTime": "2015-03-17T02:00:13.053Z", "Message":{"Msg":"ServerUpdate","Packet":{"playerId":"XHFonc8qrpUGyeBeAAAA","playerNumber":0,"shipId":1482780,"dt":0.01667087259537584,"position":{"data":{"0":1.379346251487732,"1":1.359354853630066,"2":-8.316618919372559}},"orientation":{"data":{"0":173.4354248046875,"1":-49.45376205444336,"2":-175.0877227783203}}}}}
{"DateTime": "2015-03-17T02:00:13.251Z", "Message":"XHFonc8qrpUGyeBeAAAA"}
{"DateTime": "2015-03-17T02:00:13.256Z", "Message":{"Msg":"ServerUpdate","Packet":{"playerId":"XHFonc8qrpUGyeBeAAAA","playerNumber":0,"shipId":1482780,"dt":0.01703823732546516,"position":{"data":{"0":2.0760462284088135,"1":1.2266004085540771,"2":-6.975344657897949}},"orientation":{"data":{"0":165.96856689453125,"1":-52.60789108276367,"2":-174.57289123535156}}}}}
{"DateTime": "2015-03-17T02:00:13.468Z", "Message":"XHFonc8qrpUGyeBeAAAA"}
{"DateTime": "2015-03-17T02:00:13.478Z", "Message":{"Msg":"ServerUpdate","Packet":{"playerId":"XHFonc8qrpUGyeBeAAAA","playerNumber":0,"shipId":1482780,"dt":0.017004428903299413,"position":{"data":{"0":2.5743658542633057,"1":0.6514083743095398,"2":-5.6285481452941895}},"orientation":{"data":{"0":147.1569061279297,"1":-45.581356048583984,"2":-179.07884216308594}}}}}
{"DateTime": "2015-03-17T02:00:13.668Z", "Message":"XHFonc8qrpUGyeBeAAAA"}
{"DateTime": "2015-03-17T02:00:13.678Z", "Message":{"Msg":"ServerUpdate","Packet":{"playerId":"XHFonc8qrpUGyeBeAAAA","playerNumber":0,"shipId":1482780,"dt":0.016995071215023926,"position":{"data":{"0":2.953009843826294,"1":0.0014569982886314392,"2":-4.404365062713623}},"orientation":{"data":{"0":157.1219024658203,"1":-45.581356048583984,"2":-179.07884216308594}}}}}
{"DateTime": "2015-03-17T02:00:13.868Z", "Message":"XHFonc8qrpUGyeBeAAAA"}
{"DateTime": "2015-03-17T02:00:13.879Z", "Message":{"Msg":"ServerUpdate","Packet":{"playerId":"XHFonc8qrpUGyeBeAAAA","playerNumber":0,"shipId":1482780,"dt":0.017025861028065265,"position":{"data":{"0":3.4331514835357666,"1":-0.21220199763774872,"2":-3.0737578868865967}},"orientation":{"data":{"0":-178.87327575683594,"1":-45.581356048583984,"2":-179.07884216308594}}}}}
{"DateTime": "2015-03-17T02:00:14.084Z", "Message":"XHFonc8qrpUGyeBeAAAA"}
{"DateTime": "2015-03-17T02:00:14.103Z", "Message":{"Msg":"ServerUpdate","Packet":{"playerId":"XHFonc8qrpUGyeBeAAAA","playerNumber":0,"shipId":1482780,"dt":0.015945500823476323,"position":{"data":{"0":3.9388012886047363,"1":0.16410943865776062,"2":-1.6568571329116821}},"orientation":{"data":{"0":-151.55856323242188,"1":-48.505916595458984,"2":179.18179321289062}}}}}
{"DateTime": "2015-03-17T02:00:14.284Z", "Message":"XHFonc8qrpUGyeBeAAAA"}
{"DateTime": "2015-03-17T02:00:14.286Z", "Message":{"Msg":"ServerUpdate","Packet":{"playerId":"XHFonc8qrpUGyeBeAAAA","playerNumber":0,"shipId":1482780,"dt":0.0160097971977666,"position":{"data":{"0":4.3686370849609375,"1":1.039917230606079,"2":-0.6109544634819031}},"orientation":{"data":{"0":-118.7188491821289,"1":-55.499595642089844,"2":167.91233825683594}}}}}
{"DateTime": "2015-03-17T02:00:14.501Z", "Message":"XHFonc8qrpUGyeBeAAAA"}
{"DateTime": "2015-03-17T02:00:14.508Z", "Message":{"Msg":"ServerUpdate","Packet":{"playerId":"XHFonc8qrpUGyeBeAAAA","playerNumber":0,"shipId":1482780,"dt":0.01699446749320123,"position":{"data":{"0":4.7401251792907715,"1":2.417313575744629,"2":-0.002881685271859169}},"orientation":{"data":{"0":-68.41329193115234,"1":-56.68751525878906,"2":136.418212890625}}}}}
{"DateTime": "2015-03-17T02:00:14.701Z", "Message":"XHFonc8qrpUGyeBeAAAA"}
{"DateTime": "2015-03-17T02:00:14.711Z", "Message":{"Msg":"ServerUpdate","Packet":{"playerId":"XHFonc8qrpUGyeBeAAAA","playerNumber":0,"shipId":1482780,"dt":0.016031833044351514,"position":{"data":{"0":4.852715015411377,"1":3.9446539878845215,"2":0.09839633107185364}},"orientation":{"data":{"0":-30.66504669189453,"1":-45.56523513793945,"2":115.26860809326172}}}}}
{"DateTime": "2015-03-17T02:00:14.918Z", "Message":"XHFonc8qrpUGyeBeAAAA"}
{"DateTime": "2015-03-17T02:00:14.935Z", "Message":{"Msg":"ServerUpdate","Packet":{"playerId":"XHFonc8qrpUGyeBeAAAA","playerNumber":0,"shipId":1482780,"dt":0.017014692174310765,"position":{"data":{"0":4.712467670440674,"1":5.472365379333496,"2":-0.4629465341567993}},"orientation":{"data":{"0":-7.135237693786621,"1":-24.60919952392578,"2":106.83130645751953}}}}}
{"DateTime": "2015-03-17T02:00:15.118Z", "Message":"XHFonc8qrpUGyeBeAAAA"}
{"DateTime": "2015-03-17T02:00:15.120Z", "Message":{"Msg":"ServerUpdate","Packet":{"playerId":"XHFonc8qrpUGyeBeAAAA","playerNumber":0,"shipId":1482780,"dt":0.017048802457393323,"position":{"data":{"0":4.637213230133057,"1":5.759693622589111,"2":-1.6361360549926758}},"orientation":{"data":{"0":5.317995548248291,"1":-0.6949893236160278,"2":106.22798919677734}}}}}
{"DateTime": "2015-03-17T02:00:15.334Z", "Message":"XHFonc8qrpUGyeBeAAAA"}
{"DateTime": "2015-03-17T02:00:15.342Z", "Message":{"Msg":"ServerUpdate","Packet":{"playerId":"XHFonc8qrpUGyeBeAAAA","playerNumber":0,"shipId":1482780,"dt":0.016013419528710073,"position":{"data":{"0":4.912215709686279,"1":4.4590253829956055,"2":-2.0842885971069336}},"orientation":{"data":{"0":19.70829200744629,"1":24.742324829101562,"2":111.7200698852539}}}}}
{"DateTime": "2015-03-17T02:00:15.534Z", "Message":"XHFonc8qrpUGyeBeAAAA"}
{"DateTime": "2015-03-17T02:00:15.542Z", "Message":{"Msg":"ServerUpdate","Packet":{"playerId":"XHFonc8qrpUGyeBeAAAA","playerNumber":0,"shipId":1482780,"dt":0.015982327854755566,"position":{"data":{"0":5.291404724121094,"1":3.301424026489258,"2":-1.6841500997543335}},"orientation":{"data":{"0":34.67761993408203,"1":45.97261428833008,"2":125.6231918334961}}}}}
{"DateTime": "2015-03-17T02:00:15.734Z", "Message":"XHFonc8qrpUGyeBeAAAA"}
{"DateTime": "2015-03-17T02:00:15.743Z", "Message":{"Msg":"ServerUpdate","Packet":{"playerId":"XHFonc8qrpUGyeBeAAAA","playerNumber":0,"shipId":1482780,"dt":0.015008524552158634,"position":{"data":{"0":5.730676174163818,"1":2.229172468185425,"2":-1.0740041732788086}},"orientation":{"data":{"0":40.20040512084961,"1":52.220401763916016,"2":132.91519165039062}}}}}
{"DateTime": "2015-03-17T02:00:15.951Z", "Message":"XHFonc8qrpUGyeBeAAAA"}
{"DateTime": "2015-03-17T02:00:15.965Z", "Message":{"Msg":"ServerUpdate","Packet":{"playerId":"XHFonc8qrpUGyeBeAAAA","playerNumber":0,"shipId":1482780,"dt":0.01701529589614074,"position":{"data":{"0":6.012698173522949,"1":0.7577436566352844,"2":-0.8399627804756165}},"orientation":{"data":{"0":23.441022872924805,"1":55.52927780151367,"2":112.55255126953125}}}}}
{"DateTime": "2015-03-17T02:00:16.152Z", "Message":"XHFonc8qrpUGyeBeAAAA"}
{"DateTime": "2015-03-17T02:00:16.167Z", "Message":{"Msg":"ServerUpdate","Packet":{"playerId":"XHFonc8qrpUGyeBeAAAA","playerNumber":0,"shipId":1482780,"dt":0.018003890383435646,"position":{"data":{"0":5.761801242828369,"1":-0.6112820506095886,"2":-0.9162279367446899}},"orientation":{"data":{"0":3.468249559402466,"1":36.68838882446289,"2":70.61190795898438}}}}}
{"DateTime": "2015-03-17T02:00:16.368Z", "Message":"XHFonc8qrpUGyeBeAAAA"}
{"DateTime": "2015-03-17T02:00:16.369Z", "Message":{"Msg":"ServerUpdate","Packet":{"playerId":"XHFonc8qrpUGyeBeAAAA","playerNumber":0,"shipId":1482780,"dt":0.0169968823804993,"position":{"data":{"0":4.919318675994873,"1":-1.7497925758361816,"2":-0.9869194030761719}},"orientation":{"data":{"0":5.509378910064697,"1":12.354480743408203,"2":40.84738540649414}}}}}
{"DateTime": "2015-03-17T02:00:16.568Z", "Message":"XHFonc8qrpUGyeBeAAAA"}
{"DateTime": "2015-03-17T02:00:16.569Z", "Message":{"Msg":"ServerUpdate","Packet":{"playerId":"XHFonc8qrpUGyeBeAAAA","playerNumber":0,"shipId":1482780,"dt":0.01699265632773313,"position":{"data":{"0":3.7935731410980225,"1":-2.303044319152832,"2":-0.8855957388877869}},"orientation":{"data":{"0":22.700366973876953,"1":0.1869342178106308,"2":13.658167839050293}}}}}
{"DateTime": "2015-03-17T02:00:16.784Z", "Message":"XHFonc8qrpUGyeBeAAAA"}
{"DateTime": "2015-03-17T02:00:16.793Z", "Message":{"Msg":"ServerUpdate","Packet":{"playerId":"XHFonc8qrpUGyeBeAAAA","playerNumber":0,"shipId":1482780,"dt":0.016426968978357763,"position":{"data":{"0":2.427027702331543,"1":-2.2444565296173096,"2":-0.8817059397697449}},"orientation":{"data":{"0":47.107421875,"1":2.408313751220703,"2":-15.877852439880371}}}}}
{"DateTime": "2015-03-17T02:00:16.985Z", "Message":"XHFonc8qrpUGyeBeAAAA"}
{"DateTime": "2015-03-17T02:00:16.995Z", "Message":{"Msg":"ServerUpdate","Packet":{"playerId":"XHFonc8qrpUGyeBeAAAA","playerNumber":0,"shipId":1482780,"dt":0.016991448884080454,"position":{"data":{"0":1.3413283824920654,"1":-1.6414848566055298,"2":-0.6786041855812073}},"orientation":{"data":{"0":67.64199829101562,"1":17.099342346191406,"2":-37.339683532714844}}}}}
{"DateTime": "2015-03-17T02:00:17.201Z", "Message":"XHFonc8qrpUGyeBeAAAA"}
{"DateTime": "2015-03-17T02:00:17.218Z", "Message":{"Msg":"ServerUpdate","Packet":{"playerId":"XHFonc8qrpUGyeBeAAAA","playerNumber":0,"shipId":1482780,"dt":0.017026162888974794,"position":{"data":{"0":1.590186357498169,"1":-0.31895023584365845,"2":-0.553263247013092}},"orientation":{"data":{"0":82.03402709960938,"1":30.083209991455078,"2":-50.61801528930664}}}}}
{"DateTime": "2015-03-17T02:00:17.418Z", "Message":"XHFonc8qrpUGyeBeAAAA"}
{"DateTime": "2015-03-17T02:00:17.419Z", "Message":{"Msg":"ServerUpdate","Packet":{"playerId":"XHFonc8qrpUGyeBeAAAA","playerNumber":0,"shipId":1482780,"dt":0.017018012644348345,"position":{"data":{"0":2.5100560188293457,"1":0.7600430250167847,"2":-0.6446007490158081}},"orientation":{"data":{"0":83.07085418701172,"1":6.282375335693359,"2":-47.367576599121094}}}}}
{"DateTime": "2015-03-17T02:00:17.619Z", "Message":"XHFonc8qrpUGyeBeAAAA"}
{"DateTime": "2015-03-17T02:00:17.620Z", "Message":{"Msg":"ServerUpdate","Packet":{"playerId":"XHFonc8qrpUGyeBeAAAA","playerNumber":0,"shipId":1482780,"dt":0.01705091548377459,"position":{"data":{"0":3.4451982975006104,"1":1.6194419860839844,"2":-0.928783118724823}},"orientation":{"data":{"0":67.11125183105469,"1":-17.273006439208984,"2":-42.46280288696289}}}}}
{"DateTime": "2015-03-17T02:00:17.834Z", "Message":"XHFonc8qrpUGyeBeAAAA"}
{"DateTime": "2015-03-17T02:00:17.842Z", "Message":{"Msg":"ServerUpdate","Packet":{"playerId":"XHFonc8qrpUGyeBeAAAA","playerNumber":0,"shipId":1482780,"dt":0.015071311621886707,"position":{"data":{"0":4.4321136474609375,"1":2.335777521133423,"2":-1.6333447694778442}},"orientation":{"data":{"0":47.59605026245117,"1":-38.63521957397461,"2":-25.528919219970703}}}}}
{"DateTime": "2015-03-17T02:00:18.051Z", "Message":"XHFonc8qrpUGyeBeAAAA"}
{"DateTime": "2015-03-17T02:00:18.063Z", "Message":{"Msg":"ServerUpdate","Packet":{"playerId":"XHFonc8qrpUGyeBeAAAA","playerNumber":0,"shipId":1482780,"dt":0.01697846886485786,"position":{"data":{"0":5.407928943634033,"1":3.0134658813476562,"2":-2.3695950508117676}},"orientation":{"data":{"0":25.16756820678711,"1":-54.407676696777344,"2":4.759087085723877}}}}}
{"DateTime": "2015-03-17T02:00:18.251Z", "Message":"XHFonc8qrpUGyeBeAAAA"}
{"DateTime": "2015-03-17T02:00:18.263Z", "Message":{"Msg":"ServerUpdate","Packet":{"playerId":"XHFonc8qrpUGyeBeAAAA","playerNumber":0,"shipId":1482780,"dt":0.016956433018272946,"position":{"data":{"0":6.379446506500244,"1":3.487062692642212,"2":-3.0796399116516113}},"orientation":{"data":{"0":-26.495058059692383,"1":-54.17442321777344,"2":46.03071212768555}}}}}
{"DateTime": "2015-03-17T02:00:18.451Z", "Message":"XHFonc8qrpUGyeBeAAAA"}
{"DateTime": "2015-03-17T02:00:18.463Z", "Message":{"Msg":"ServerUpdate","Packet":{"playerId":"XHFonc8qrpUGyeBeAAAA","playerNumber":0,"shipId":1482780,"dt":0.015994100430329127,"position":{"data":{"0":6.665454387664795,"1":2.9370460510253906,"2":-4.162412166595459}},"orientation":{"data":{"0":-39.633888244628906,"1":-27.806245803833008,"2":47.10035705566406}}}}}
{"DateTime": "2015-03-17T02:00:18.652Z", "Message":"XHFonc8qrpUGyeBeAAAA"}
{"DateTime": "2015-03-17T02:00:18.666Z", "Message":{"Msg":"ServerUpdate","Packet":{"playerId":"XHFonc8qrpUGyeBeAAAA","playerNumber":0,"shipId":1482780,"dt":0.0180449434674847,"position":{"data":{"0":5.740519046783447,"1":2.1883416175842285,"2":-4.553898811340332}},"orientation":{"data":{"0":-34.24384307861328,"1":-8.674324035644531,"2":31.95970916748047}}}}}
{"DateTime": "2015-03-17T02:00:18.870Z", "Message":"XHFonc8qrpUGyeBeAAAA"}
{"DateTime": "2015-03-17T02:00:18.888Z", "Message":{"Msg":"ServerUpdate","Packet":{"playerId":"XHFonc8qrpUGyeBeAAAA","playerNumber":0,"shipId":1482780,"dt":0.01883038556090469,"position":{"data":{"0":4.401522159576416,"1":1.8366427421569824,"2":-4.0371222496032715}},"orientation":{"data":{"0":-24.52264404296875,"1":13.932388305664062,"2":18.95978355407715}}}}}
{"DateTime": "2015-03-17T02:00:19.084Z", "Message":"XHFonc8qrpUGyeBeAAAA"}
{"DateTime": "2015-03-17T02:00:19.090Z", "Message":{"Msg":"ServerUpdate","Packet":{"playerId":"XHFonc8qrpUGyeBeAAAA","playerNumber":0,"shipId":1482780,"dt":0.015000072446619016,"position":{"data":{"0":3.20833158493042,"1":1.6140116453170776,"2":-3.2731516361236572}},"orientation":{"data":{"0":-17.609174728393555,"1":38.29016876220703,"2":8.371739387512207}}}}}
{"DateTime": "2015-03-17T02:00:19.284Z", "Message":"XHFonc8qrpUGyeBeAAAA"}
{"DateTime": "2015-03-17T02:00:19.294Z", "Message":{"Msg":"ServerUpdate","Packet":{"playerId":"XHFonc8qrpUGyeBeAAAA","playerNumber":0,"shipId":1482780,"dt":0.015346608773768821,"position":{"data":{"0":2.1482672691345215,"1":1.296868085861206,"2":-2.5997233390808105}},"orientation":{"data":{"0":15.65500545501709,"1":62.836578369140625,"2":35.775272369384766}}}}}
{"DateTime": "2015-03-17T02:00:19.501Z", "Message":"XHFonc8qrpUGyeBeAAAA"}
{"DateTime": "2015-03-17T02:00:19.520Z", "Message":{"Msg":"ServerUpdate","Packet":{"playerId":"XHFonc8qrpUGyeBeAAAA","playerNumber":0,"shipId":1482780,"dt":0.01698329863945037,"position":{"data":{"0":1.1409897804260254,"1":0.5833197236061096,"2":-1.8392744064331055}},"orientation":{"data":{"0":93.28459930419922,"1":55.75300979614258,"2":110.17365264892578}}}}}
{"DateTime": "2015-03-17T02:00:19.702Z", "Message":"XHFonc8qrpUGyeBeAAAA"}
{"DateTime": "2015-03-17T02:00:19.704Z", "Message":{"Msg":"ServerUpdate","Packet":{"playerId":"XHFonc8qrpUGyeBeAAAA","playerNumber":0,"shipId":1482780,"dt":0.017032803829046317,"position":{"data":{"0":0.49373915791511536,"1":-0.31987082958221436,"2":-1.00879967212677}},"orientation":{"data":{"0":120.33626556396484,"1":26.599721908569336,"2":129.44949340820312}}}}}
{"DateTime": "2015-03-17T02:00:19.901Z", "Message":"XHFonc8qrpUGyeBeAAAA"}
{"DateTime": "2015-03-17T02:00:19.906Z", "Message":{"Msg":"ServerUpdate","Packet":{"playerId":"XHFonc8qrpUGyeBeAAAA","playerNumber":0,"shipId":1482780,"dt":0.01702706847171794,"position":{"data":{"0":-0.18431687355041504,"1":-0.6179986596107483,"2":-0.39508745074272156}},"orientation":{"data":{"0":141.27816772460938,"1":7.334632873535156,"2":129.05580139160156}}}}}
{"DateTime": "2015-03-17T02:00:20.118Z", "Message":"XHFonc8qrpUGyeBeAAAA"}
{"DateTime": "2015-03-17T02:00:20.130Z", "Message":{"Msg":"ServerUpdate","Packet":{"playerId":"XHFonc8qrpUGyeBeAAAA","playerNumber":0,"shipId":1482780,"dt":0.016991448884080454,"position":{"data":{"0":-1.0980168581008911,"1":0.30815380811691284,"2":-0.8706611394882202}},"orientation":{"data":{"0":170.7382354736328,"1":28.924270629882812,"2":144.66456604003906}}}}}
{"DateTime": "2015-03-17T02:00:20.318Z", "Message":"XHFonc8qrpUGyeBeAAAA"}
{"DateTime": "2015-03-17T02:00:20.333Z", "Message":{"Msg":"ServerUpdate","Packet":{"playerId":"XHFonc8qrpUGyeBeAAAA","playerNumber":0,"shipId":1482780,"dt":0.01691387062965805,"position":{"data":{"0":-1.3460845947265625,"1":0.3951427638530731,"2":-1.7292661666870117}},"orientation":{"data":{"0":-154.5454559326172,"1":39.052547454833984,"2":174.8946990966797}}}}}
{"DateTime": "2015-03-17T02:00:20.534Z", "Message":"XHFonc8qrpUGyeBeAAAA"}
{"DateTime": "2015-03-17T02:00:20.534Z", "Message":{"Msg":"ServerUpdate","Packet":{"playerId":"XHFonc8qrpUGyeBeAAAA","playerNumber":0,"shipId":1482780,"dt":0.016023380938811897,"position":{"data":{"0":-1.3460845947265625,"1":0.3951427638530731,"2":-1.7292661666870117}},"orientation":{"data":{"0":-146.5251922607422,"1":34.09326934814453,"2":-174.3479766845703}}}}}
{"DateTime": "2015-03-17T02:00:20.735Z", "Message":"XHFonc8qrpUGyeBeAAAA"}
{"DateTime": "2015-03-17T02:00:20.736Z", "Message":{"Msg":"ServerUpdate","Packet":{"playerId":"XHFonc8qrpUGyeBeAAAA","playerNumber":0,"shipId":1482780,"dt":0.01705363223198583,"position":{"data":{"0":-1.6439502239227295,"1":0.3776377737522125,"2":-1.896323800086975}},"orientation":{"data":{"0":-151.8897247314453,"1":38.353633880615234,"2":-171.1551055908203}}}}}
{"DateTime": "2015-03-17T02:00:20.935Z", "Message":"XHFonc8qrpUGyeBeAAAA"}
{"DateTime": "2015-03-17T02:00:20.938Z", "Message":{"Msg":"ServerUpdate","Packet":{"playerId":"XHFonc8qrpUGyeBeAAAA","playerNumber":0,"shipId":1482780,"dt":0.016017041859657185,"position":{"data":{"0":-3.0063869953155518,"1":0.5687749981880188,"2":-1.9873648881912231}},"orientation":{"data":{"0":-151.8897247314453,"1":38.353633880615234,"2":-171.1551055908203}}}}}
{"DateTime": "2015-03-17T02:00:21.136Z", "Message":"XHFonc8qrpUGyeBeAAAA"}
{"DateTime": "2015-03-17T02:00:21.141Z", "Message":{"Msg":"ServerUpdate","Packet":{"playerId":"XHFonc8qrpUGyeBeAAAA","playerNumber":0,"shipId":1482780,"dt":0.016749356432537752,"position":{"data":{"0":-4.401387691497803,"1":0.7612565755844116,"2":-2.083599328994751}},"orientation":{"data":{"0":-155.62191772460938,"1":30.786436080932617,"2":-175.76416015625}}}}}
{"DateTime": "2015-03-17T02:00:21.351Z", "Message":"XHFonc8qrpUGyeBeAAAA"}
{"DateTime": "2015-03-17T02:00:21.363Z", "Message":{"Msg":"ServerUpdate","Packet":{"playerId":"XHFonc8qrpUGyeBeAAAA","playerNumber":0,"shipId":1482780,"dt":0.016906927828680637,"position":{"data":{"0":-5.8557939529418945,"1":0.9334131479263306,"2":-2.1359615325927734}},"orientation":{"data":{"0":-165.66941833496094,"1":6.451388359069824,"2":175.16773986816406}}}}}
{"DateTime": "2015-03-17T02:00:21.568Z", "Message":"XHFonc8qrpUGyeBeAAAA"}
{"DateTime": "2015-03-17T02:00:21.584Z", "Message":{"Msg":"ServerUpdate","Packet":{"playerId":"XHFonc8qrpUGyeBeAAAA","playerNumber":0,"shipId":1482780,"dt":0.01702737033262747,"position":{"data":{"0":-7.226583957672119,"1":1.043587327003479,"2":-2.460531711578369}},"orientation":{"data":{"0":-172.21188354492188,"1":-19.064247131347656,"2":170.07508850097656}}}}}
{"DateTime": "2015-03-17T02:00:21.768Z", "Message":"XHFonc8qrpUGyeBeAAAA"}
{"DateTime": "2015-03-17T02:00:21.787Z", "Message":{"Msg":"ServerUpdate","Packet":{"playerId":"XHFonc8qrpUGyeBeAAAA","playerNumber":0,"shipId":1482780,"dt":0.017093477872385847,"position":{"data":{"0":-7.428915977478027,"1":1.0493510961532593,"2":-2.653827428817749}},"orientation":{"data":{"0":-177.19845581054688,"1":-42.943599700927734,"2":167.38389587402344}}}}}
{"DateTime": "2015-03-17T02:00:21.969Z", "Message":"XHFonc8qrpUGyeBeAAAA"}
{"DateTime": "2015-03-17T02:00:21.970Z", "Message":{"Msg":"ServerUpdate","Packet":{"playerId":"XHFonc8qrpUGyeBeAAAA","playerNumber":0,"shipId":1482780,"dt":0.01792751957265864,"position":{"data":{"0":-7.428915977478027,"1":1.0493510961532593,"2":-2.653827428817749}},"orientation":{"data":{"0":176.2727813720703,"1":-66.94638061523438,"2":167.5282440185547}}}}}
{"DateTime": "2015-03-17T02:00:22.184Z", "Message":"XHFonc8qrpUGyeBeAAAA"}
{"DateTime": "2015-03-17T02:00:22.192Z", "Message":{"Msg":"ServerUpdate","Packet":{"playerId":"XHFonc8qrpUGyeBeAAAA","playerNumber":0,"shipId":1482780,"dt":0.016032436766174215,"position":{"data":{"0":-6.605807781219482,"1":0.7834614515304565,"2":-2.429656982421875}},"orientation":{"data":{"0":170.78872680664062,"1":-77.59337615966797,"2":171.60862731933594}}}}}
{"DateTime": "2015-03-17T02:00:22.385Z", "Message":"XHFonc8qrpUGyeBeAAAA"}
{"DateTime": "2015-03-17T02:00:22.397Z", "Message":{"Msg":"ServerUpdate","Packet":{"playerId":"XHFonc8qrpUGyeBeAAAA","playerNumber":0,"shipId":1482780,"dt":0.016326751155524108,"position":{"data":{"0":-5.476311206817627,"1":0.4054580628871918,"2":-1.7576347589492798}},"orientation":{"data":{"0":170.78872680664062,"1":-77.59337615966797,"2":171.60862731933594}}}}}
{"DateTime": "2015-03-17T02:00:22.601Z", "Message":"XHFonc8qrpUGyeBeAAAA"}
{"DateTime": "2015-03-17T02:00:22.620Z", "Message":{"Msg":"ServerUpdate","Packet":{"playerId":"XHFonc8qrpUGyeBeAAAA","playerNumber":0,"shipId":1482780,"dt":0.01699658051958977,"position":{"data":{"0":-4.270813941955566,"1":0.00175495445728302,"2":-1.0330579280853271}},"orientation":{"data":{"0":172.06854248046875,"1":-75.5676040649414,"2":170.29310607910156}}}}}
{"DateTime": "2015-03-17T02:00:22.802Z", "Message":"XHFonc8qrpUGyeBeAAAA"}
{"DateTime": "2015-03-17T02:00:22.820Z", "Message":{"Msg":"ServerUpdate","Packet":{"playerId":"XHFonc8qrpUGyeBeAAAA","playerNumber":0,"shipId":1482780,"dt":0.016983902361280345,"position":{"data":{"0":-3.1914703845977783,"1":-0.26710736751556396,"2":-0.3709150552749634}},"orientation":{"data":{"0":-172.8466033935547,"1":-54.73048782348633,"2":167.10842895507812}}}}}
{"DateTime": "2015-03-17T02:00:23.018Z", "Message":"XHFonc8qrpUGyeBeAAAA"}
{"DateTime": "2015-03-17T02:00:23.023Z", "Message":{"Msg":"ServerUpdate","Packet":{"playerId":"XHFonc8qrpUGyeBeAAAA","playerNumber":0,"shipId":1482780,"dt":0.016642799530549382,"position":{"data":{"0":-2.768096685409546,"1":-0.021503008902072906,"2":1.1472073793411255}},"orientation":{"data":{"0":-158.42979431152344,"1":-52.13467788696289,"2":167.27854919433594}}}}}
{"DateTime": "2015-03-17T02:00:23.234Z", "Message":"XHFonc8qrpUGyeBeAAAA"}
{"DateTime": "2015-03-17T02:00:23.247Z", "Message":{"Msg":"ServerUpdate","Packet":{"playerId":"XHFonc8qrpUGyeBeAAAA","playerNumber":0,"shipId":1482780,"dt":0.015991081821208356,"position":{"data":{"0":-2.0789055824279785,"1":0.4638359546661377,"2":2.290438652038574}},"orientation":{"data":{"0":-136.92605590820312,"1":-62.845882415771484,"2":153.64849853515625}}}}}
{"DateTime": "2015-03-17T02:00:23.434Z", "Message":"XHFonc8qrpUGyeBeAAAA"}
{"DateTime": "2015-03-17T02:00:23.451Z", "Message":{"Msg":"ServerUpdate","Packet":{"playerId":"XHFonc8qrpUGyeBeAAAA","playerNumber":0,"shipId":1482780,"dt":0.015991987403955136,"position":{"data":{"0":-0.7935948371887207,"1":0.7603626251220703,"2":2.2613847255706787}},"orientation":{"data":{"0":-108.56158447265625,"1":-70.8048095703125,"2":122.97831726074219}}}}}
{"DateTime": "2015-03-17T02:00:23.634Z", "Message":"XHFonc8qrpUGyeBeAAAA"}
{"DateTime": "2015-03-17T02:00:23.653Z", "Message":{"Msg":"ServerUpdate","Packet":{"playerId":"XHFonc8qrpUGyeBeAAAA","playerNumber":0,"shipId":1482780,"dt":0.01602519210428727,"position":{"data":{"0":-0.7935948371887207,"1":0.7603626251220703,"2":2.2613847255706787}},"orientation":{"data":{"0":-108.56158447265625,"1":-70.8048095703125,"2":122.97831726074219}}}}}
{"DateTime": "2015-03-17T02:00:23.834Z", "Message":"XHFonc8qrpUGyeBeAAAA"}
{"DateTime": "2015-03-17T02:00:23.837Z", "Message":{"Msg":"ServerUpdate","Packet":{"playerId":"XHFonc8qrpUGyeBeAAAA","playerNumber":0,"shipId":1482780,"dt":0.015010033856720837,"position":{"data":{"0":-0.7935948371887207,"1":0.7603626251220703,"2":2.2613847255706787}},"orientation":{"data":{"0":-108.56158447265625,"1":-70.8048095703125,"2":122.97831726074219}}}}}
{"DateTime": "2015-03-17T02:00:24.035Z", "Message":"XHFonc8qrpUGyeBeAAAA"}
{"DateTime": "2015-03-17T02:00:24.038Z", "Message":{"Msg":"ServerUpdate","Packet":{"playerId":"XHFonc8qrpUGyeBeAAAA","playerNumber":0,"shipId":1482780,"dt":0.016226231471773645,"position":{"data":{"0":-0.7935948371887207,"1":0.7603626251220703,"2":2.2613847255706787}},"orientation":{"data":{"0":-108.56158447265625,"1":-70.8048095703125,"2":122.97831726074219}}}}}
{"DateTime": "2015-03-17T02:00:24.252Z", "Message":"XHFonc8qrpUGyeBeAAAA"}
{"DateTime": "2015-03-17T02:00:24.261Z", "Message":{"Msg":"ServerUpdate","Packet":{"playerId":"XHFonc8qrpUGyeBeAAAA","playerNumber":0,"shipId":1482780,"dt":0.017185545450593052,"position":{"data":{"0":-0.7935948371887207,"1":0.7603626251220703,"2":2.2613847255706787}},"orientation":{"data":{"0":-108.56158447265625,"1":-70.8048095703125,"2":122.97831726074219}}}}}
{"DateTime": "2015-03-17T02:00:24.468Z", "Message":"XHFonc8qrpUGyeBeAAAA"}
{"DateTime": "2015-03-17T02:00:24.483Z", "Message":{"Msg":"ServerUpdate","Packet":{"playerId":"XHFonc8qrpUGyeBeAAAA","playerNumber":0,"shipId":1482780,"dt":0.015955160372664978,"position":{"data":{"0":-0.7935948371887207,"1":0.7603626251220703,"2":2.2613847255706787}},"orientation":{"data":{"0":-108.56158447265625,"1":-70.8048095703125,"2":122.97831726074219}}}}}
{"DateTime": "2015-03-17T02:00:24.668Z", "Message":"XHFonc8qrpUGyeBeAAAA"}
{"DateTime": "2015-03-17T02:00:24.684Z", "Message":{"Msg":"ServerUpdate","Packet":{"playerId":"XHFonc8qrpUGyeBeAAAA","playerNumber":0,"shipId":1482780,"dt":0.016885797564827953,"position":{"data":{"0":-0.7935948371887207,"1":0.7603626251220703,"2":2.2613847255706787}},"orientation":{"data":{"0":-108.56158447265625,"1":-70.8048095703125,"2":122.97831726074219}}}}}
{"DateTime": "2015-03-17T02:00:24.868Z", "Message":"XHFonc8qrpUGyeBeAAAA"}
{"DateTime": "2015-03-17T02:00:24.885Z", "Message":{"Msg":"ServerUpdate","Packet":{"playerId":"XHFonc8qrpUGyeBeAAAA","playerNumber":0,"shipId":1482780,"dt":0.016976355838472956,"position":{"data":{"0":-0.7935948371887207,"1":0.7603626251220703,"2":2.2613847255706787}},"orientation":{"data":{"0":-108.56158447265625,"1":-70.8048095703125,"2":122.97831726074219}}}}}
{"DateTime": "2015-03-17T02:00:25.069Z", "Message":"XHFonc8qrpUGyeBeAAAA"}
{"DateTime": "2015-03-17T02:00:25.085Z", "Message":{"Msg":"ServerUpdate","Packet":{"playerId":"XHFonc8qrpUGyeBeAAAA","playerNumber":0,"shipId":1482780,"dt":0.01797823220589635,"position":{"data":{"0":-0.7935948371887207,"1":0.7603626251220703,"2":2.2613847255706787}},"orientation":{"data":{"0":-108.56158447265625,"1":-70.8048095703125,"2":122.97831726074219}}}}}
{"DateTime": "2015-03-17T02:00:25.285Z", "Message":"XHFonc8qrpUGyeBeAAAA"}
{"DateTime": "2015-03-17T02:00:25.287Z", "Message":{"Msg":"ServerUpdate","Packet":{"playerId":"XHFonc8qrpUGyeBeAAAA","playerNumber":0,"shipId":1482780,"dt":0.016947980912729692,"position":{"data":{"0":-0.7935948371887207,"1":0.7603626251220703,"2":2.2613847255706787}},"orientation":{"data":{"0":-108.56158447265625,"1":-70.8048095703125,"2":122.97831726074219}}}}}
{"DateTime": "2015-03-17T02:00:25.501Z", "Message":"XHFonc8qrpUGyeBeAAAA"}
{"DateTime": "2015-03-17T02:00:25.507Z", "Message":{"Msg":"ServerUpdate","Packet":{"playerId":"XHFonc8qrpUGyeBeAAAA","playerNumber":0,"shipId":1482780,"dt":0.01703069080266141,"position":{"data":{"0":-0.7935948371887207,"1":0.7603626251220703,"2":2.2613847255706787}},"orientation":{"data":{"0":-108.56158447265625,"1":-70.8048095703125,"2":122.97831726074219}}}}}
{"DateTime": "2015-03-17T02:00:25.701Z", "Message":"XHFonc8qrpUGyeBeAAAA"}
{"DateTime": "2015-03-17T02:00:25.707Z", "Message":{"Msg":"ServerUpdate","Packet":{"playerId":"XHFonc8qrpUGyeBeAAAA","playerNumber":0,"shipId":1482780,"dt":0.01700714565151429,"position":{"data":{"0":-0.7935948371887207,"1":0.7603626251220703,"2":2.2613847255706787}},"orientation":{"data":{"0":-108.56158447265625,"1":-70.8048095703125,"2":122.97831726074219}}}}}
{"DateTime": "2015-03-17T02:00:27.722Z", "Message":"XHFonc8qrpUGyeBeAAAA"}
{"DateTime": "2015-03-17T02:00:27.722Z", "Message":"XHFonc8qrpUGyeBeAAAA"}
{"DateTime": "2015-03-17T02:00:27.733Z", "Message":{"Msg":"ServerQuit","Packet":{"playerId":"XHFonc8qrpUGyeBeAAAA","playerNumber":0}}}
