{"DateTime": "2015-03-17T02:03:21.559Z", "Message":"NyRikk1pBUBiafN6AAAA"}
{"DateTime": "2015-03-17T02:03:21.674Z", "Message":"NyRikk1pBUBiafN6AAAA"}
{"DateTime": "2015-03-17T02:03:21.674Z", "Message":"NyRikk1pBUBiafN6AAAA"}
{"DateTime": "2015-03-17T02:03:21.689Z", "Message":{"Msg":"ServerMessage","Packet":"0 joined."}}
{"DateTime": "2015-03-17T02:03:33.501Z", "Message":"NyRikk1pBUBiafN6AAAA"}
{"DateTime": "2015-03-17T02:03:33.501Z", "Message":{"Msg":"ServerSpawn","Packet":{"playerId":"NyRikk1pBUBiafN6AAAA","playerNumber":0,"shipId":1482771,"position":{"data":{"0":0,"1":0,"2":0}},"orientation":{"data":{"0":0,"1":0,"2":0}}}}}
{"DateTime": "2015-03-17T02:03:33.713Z", "Message":"NyRikk1pBUBiafN6AAAA"}
{"DateTime": "2015-03-17T02:03:33.723Z", "Message":{"Msg":"ServerUpdate","Packet":{"playerId":"NyRikk1pBUBiafN6AAAA","playerNumber":0,"shipId":1482771,"dt":0.016056283778234502,"position":{"data":{"0":0,"1":0,"2":0}},"orientation":{"data":{"0":0,"1":0,"2":0}}}}}
{"DateTime": "2015-03-17T02:03:33.930Z", "Message":"NyRikk1pBUBiafN6AAAA"}
{"DateTime": "2015-03-17T02:03:33.948Z", "Message":{"Msg":"ServerUpdate","Packet":{"playerId":"NyRikk1pBUBiafN6AAAA","playerNumber":0,"shipId":1482771,"dt":0.016991448884080454,"position":{"data":{"0":0,"1":0,"2":0}},"orientation":{"data":{"0":0,"1":0,"2":0}}}}}
{"DateTime": "2015-03-17T02:03:34.130Z", "Message":"NyRikk1pBUBiafN6AAAA"}
{"DateTime": "2015-03-17T02:03:34.131Z", "Message":{"Msg":"ServerUpdate","Packet":{"playerId":"NyRikk1pBUBiafN6AAAA","playerNumber":0,"shipId":1482771,"dt":0.016963375819250358,"position":{"data":{"0":0,"1":0,"2":0}},"orientation":{"data":{"0":0,"1":0,"2":0}}}}}
{"DateTime": "2015-03-17T02:03:34.330Z", "Message":"NyRikk1pBUBiafN6AAAA"}
{"DateTime": "2015-03-17T02:03:34.334Z", "Message":{"Msg":"ServerUpdate","Packet":{"playerId":"NyRikk1pBUBiafN6AAAA","playerNumber":0,"shipId":1482771,"dt":0.01724863438123248,"position":{"data":{"0":0.40000078082084656,"1":0.01048984657973051,"2":0.09083490073680878}},"orientation":{"data":{"0":-7.613086700439453,"1":-1.0088132619857788,"2":0.08345495164394379}}}}}
{"DateTime": "2015-03-17T02:03:34.547Z", "Message":"NyRikk1pBUBiafN6AAAA"}
{"DateTime": "2015-03-17T02:03:34.559Z", "Message":{"Msg":"ServerUpdate","Packet":{"playerId":"NyRikk1pBUBiafN6AAAA","playerNumber":0,"shipId":1482771,"dt":0.017010164260635067,"position":{"data":{"0":1.4920316934585571,"1":0.18010398745536804,"2":0.6226979494094849}},"orientation":{"data":{"0":-29.347984313964844,"1":-4.708562850952148,"2":0.9852328300476074}}}}}
{"DateTime": "2015-03-17T02:03:34.747Z", "Message":"NyRikk1pBUBiafN6AAAA"}
{"DateTime": "2015-03-17T02:03:34.765Z", "Message":{"Msg":"ServerUpdate","Packet":{"playerId":"NyRikk1pBUBiafN6AAAA","playerNumber":0,"shipId":1482771,"dt":0.01700714565151429,"position":{"data":{"0":1.1033234596252441,"1":-0.46388500928878784,"2":-0.5473331212997437}},"orientation":{"data":{"0":-29.347984313964844,"1":-4.708562850952148,"2":0.9852328300476074}}}}}
{"DateTime": "2015-03-17T02:03:34.949Z", "Message":"NyRikk1pBUBiafN6AAAA"}
{"DateTime": "2015-03-17T02:03:34.969Z", "Message":{"Msg":"ServerUpdate","Packet":{"playerId":"NyRikk1pBUBiafN6AAAA","playerNumber":0,"shipId":1482771,"dt":0.01693228414530131,"position":{"data":{"0":0.9259671568870544,"1":-1.1044566631317139,"2":-1.7003417015075684}},"orientation":{"data":{"0":-29.347984313964844,"1":-4.708562850952148,"2":0.9852328300476074}}}}}
{"DateTime": "2015-03-17T02:03:35.164Z", "Message":"NyRikk1pBUBiafN6AAAA"}
{"DateTime": "2015-03-17T02:03:35.172Z", "Message":{"Msg":"ServerUpdate","Packet":{"playerId":"NyRikk1pBUBiafN6AAAA","playerNumber":0,"shipId":1482771,"dt":0.01703129452448411,"position":{"data":{"0":1.0387182235717773,"1":-1.7936457395553589,"2":-2.925175189971924}},"orientation":{"data":{"0":-29.347984313964844,"1":-4.708562850952148,"2":0.9852328300476074}}}}}
{"DateTime": "2015-03-17T02:03:35.381Z", "Message":"NyRikk1pBUBiafN6AAAA"}
{"DateTime": "2015-03-17T02:03:35.393Z", "Message":{"Msg":"ServerUpdate","Packet":{"playerId":"NyRikk1pBUBiafN6AAAA","playerNumber":0,"shipId":1482771,"dt":0.018454568725279386,"position":{"data":{"0":1.7006138563156128,"1":-2.3758246898651123,"2":-4.069520473480225}},"orientation":{"data":{"0":-21.595050811767578,"1":-4.708562850952148,"2":0.9852328300476074}}}}}
{"DateTime": "2015-03-17T02:03:35.598Z", "Message":"NyRikk1pBUBiafN6AAAA"}
{"DateTime": "2015-03-17T02:03:35.613Z", "Message":{"Msg":"ServerUpdate","Packet":{"playerId":"NyRikk1pBUBiafN6AAAA","playerNumber":0,"shipId":1482771,"dt":0.01701559775705391,"position":{"data":{"0":2.6206095218658447,"1":-2.766901731491089,"2":-5.25193977355957}},"orientation":{"data":{"0":-17.410280227661133,"1":-4.708562850952148,"2":0.9852328300476074}}}}}
{"DateTime": "2015-03-17T02:03:35.814Z", "Message":"NyRikk1pBUBiafN6AAAA"}
{"DateTime": "2015-03-17T02:03:35.834Z", "Message":{"Msg":"ServerUpdate","Packet":{"playerId":"NyRikk1pBUBiafN6AAAA","playerNumber":0,"shipId":1482771,"dt":0.01699024144043142,"position":{"data":{"0":2.7706363201141357,"1":-3.1844701766967773,"2":-6.584366321563721}},"orientation":{"data":{"0":-17.410280227661133,"1":-4.708562850952148,"2":0.9852328300476074}}}}}
{"DateTime": "2015-03-17T02:03:36.014Z", "Message":"NyRikk1pBUBiafN6AAAA"}
{"DateTime": "2015-03-17T02:03:36.015Z", "Message":{"Msg":"ServerUpdate","Packet":{"playerId":"NyRikk1pBUBiafN6AAAA","playerNumber":0,"shipId":1482771,"dt":0.01702797405445199,"position":{"data":{"0":2.879178524017334,"1":-3.571794033050537,"2":-7.821122646331787}},"orientation":{"data":{"0":-17.410280227661133,"1":-4.708562850952148,"2":0.9852328300476074}}}}}
{"DateTime": "2015-03-17T02:03:36.230Z", "Message":"NyRikk1pBUBiafN6AAAA"}
{"DateTime": "2015-03-17T02:03:36.239Z", "Message":{"Msg":"ServerUpdate","Packet":{"playerId":"NyRikk1pBUBiafN6AAAA","playerNumber":0,"shipId":1482771,"dt":0.017040048490936897,"position":{"data":{"0":2.995896100997925,"1":-3.777184247970581,"2":-9.195107460021973}},"orientation":{"data":{"0":2.747807025909424,"1":-4.708562850952148,"2":0.9852328300476074}}}}}
{"DateTime": "2015-03-17T02:03:36.431Z", "Message":"NyRikk1pBUBiafN6AAAA"}
{"DateTime": "2015-03-17T02:03:36.441Z", "Message":{"Msg":"ServerUpdate","Packet":{"playerId":"NyRikk1pBUBiafN6AAAA","playerNumber":0,"shipId":1482771,"dt":0.017650713116217957,"position":{"data":{"0":3.097085952758789,"1":-3.544466018676758,"2":-10.472057342529297}},"orientation":{"data":{"0":11.701363563537598,"1":-4.708562850952148,"2":0.9852328300476074}}}}}
{"DateTime": "2015-03-17T02:03:36.647Z", "Message":"NyRikk1pBUBiafN6AAAA"}
{"DateTime": "2015-03-17T02:03:36.663Z", "Message":{"Msg":"ServerUpdate","Packet":{"playerId":"NyRikk1pBUBiafN6AAAA","playerNumber":0,"shipId":1482771,"dt":0.017001712155093628,"position":{"data":{"0":3.2053399085998535,"1":-3.2569963932037354,"2":-11.846182823181152}},"orientation":{"data":{"0":11.701363563537598,"1":-4.708562850952148,"2":0.9852328300476074}}}}}
{"DateTime": "2015-03-17T02:03:36.847Z", "Message":"NyRikk1pBUBiafN6AAAA"}
{"DateTime": "2015-03-17T02:03:36.866Z", "Message":{"Msg":"ServerUpdate","Packet":{"playerId":"NyRikk1pBUBiafN6AAAA","playerNumber":0,"shipId":1482771,"dt":0.01731262889460777,"position":{"data":{"0":3.147444725036621,"1":-3.010737657546997,"2":-13.135785102844238}},"orientation":{"data":{"0":7.6701459884643555,"1":-7.104085922241211,"2":0.5443087220191956}}}}}
{"DateTime": "2015-03-17T02:03:37.063Z", "Message":"NyRikk1pBUBiafN6AAAA"}
{"DateTime": "2015-03-17T02:03:37.067Z", "Message":{"Msg":"ServerUpdate","Packet":{"playerId":"NyRikk1pBUBiafN6AAAA","playerNumber":0,"shipId":1482771,"dt":0.01601070278050247,"position":{"data":{"0":2.9258172512054443,"1":-2.968935489654541,"2":-14.613844871520996}},"orientation":{"data":{"0":0.712103545665741,"1":-17.07155418395996,"2":0.16636338829994202}}}}}
{"DateTime": "2015-03-17T02:03:37.264Z", "Message":"NyRikk1pBUBiafN6AAAA"}
{"DateTime": "2015-03-17T02:03:37.269Z", "Message":{"Msg":"ServerUpdate","Packet":{"playerId":"NyRikk1pBUBiafN6AAAA","playerNumber":0,"shipId":1482771,"dt":0.016183669083166024,"position":{"data":{"0":3.420156240463257,"1":-2.951430559158325,"2":-15.814498901367188}},"orientation":{"data":{"0":0.7643336653709412,"1":-27.048852920532227,"2":0.027825288474559784}}}}}
{"DateTime": "2015-03-17T02:03:37.480Z", "Message":"NyRikk1pBUBiafN6AAAA"}
{"DateTime": "2015-03-17T02:03:37.492Z", "Message":{"Msg":"ServerUpdate","Packet":{"playerId":"NyRikk1pBUBiafN6AAAA","playerNumber":0,"shipId":1482771,"dt":0.01705423595380853,"position":{"data":{"0":4.186279296875,"1":-2.9324653148651123,"2":-16.98814582824707}},"orientation":{"data":{"0":0.8615125417709351,"1":-37.799224853515625,"2":-0.1526203751564026}}}}}
{"DateTime": "2015-03-17T02:03:37.681Z", "Message":"NyRikk1pBUBiafN6AAAA"}
{"DateTime": "2015-03-17T02:03:37.695Z", "Message":{"Msg":"ServerUpdate","Packet":{"playerId":"NyRikk1pBUBiafN6AAAA","playerNumber":0,"shipId":1482771,"dt":0.0180733183932316,"position":{"data":{"0":4.79538631439209,"1":-2.9142956733703613,"2":-18.181467056274414}},"orientation":{"data":{"0":0.9052807688713074,"1":-41.23923110961914,"2":-0.22137075662612915}}}}}
{"DateTime": "2015-03-17T02:03:37.897Z", "Message":"NyRikk1pBUBiafN6AAAA"}
{"DateTime": "2015-03-17T02:03:37.899Z", "Message":{"Msg":"ServerUpdate","Packet":{"playerId":"NyRikk1pBUBiafN6AAAA","playerNumber":0,"shipId":1482771,"dt":0.016008891615023457,"position":{"data":{"0":5.391077995300293,"1":-2.8941540718078613,"2":-19.548141479492188}},"orientation":{"data":{"0":0.9361658692359924,"1":-43.35136413574219,"2":-0.2672581374645233}}}}}
{"DateTime": "2015-03-17T02:03:38.113Z", "Message":"NyRikk1pBUBiafN6AAAA"}
{"DateTime": "2015-03-17T02:03:38.120Z", "Message":{"Msg":"ServerUpdate","Packet":{"playerId":"NyRikk1pBUBiafN6AAAA","playerNumber":0,"shipId":1482771,"dt":0.0159959115958045,"position":{"data":{"0":6.100916862487793,"1":-2.874088764190674,"2":-20.845455169677734}},"orientation":{"data":{"0":1.066804051399231,"1":-50.348209381103516,"2":-0.44598785042762756}}}}}
{"DateTime": "2015-03-17T02:03:38.314Z", "Message":"NyRikk1pBUBiafN6AAAA"}
{"DateTime": "2015-03-17T02:03:38.323Z", "Message":{"Msg":"ServerUpdate","Packet":{"playerId":"NyRikk1pBUBiafN6AAAA","playerNumber":0,"shipId":1482771,"dt":0.016999599128706903,"position":{"data":{"0":7.10845422744751,"1":-2.8578836917877197,"2":-21.653650283813477}},"orientation":{"data":{"0":1.5669984817504883,"1":-64.24919891357422,"2":-1.0360273122787476}}}}}
{"DateTime": "2015-03-17T02:03:38.530Z", "Message":"NyRikk1pBUBiafN6AAAA"}
{"DateTime": "2015-03-17T02:03:38.546Z", "Message":{"Msg":"ServerUpdate","Packet":{"playerId":"NyRikk1pBUBiafN6AAAA","playerNumber":0,"shipId":1482771,"dt":0.01699990098962371,"position":{"data":{"0":8.440991401672363,"1":-2.8440096378326416,"2":-22.08646583557129}},"orientation":{"data":{"0":3.008176565170288,"1":-76.91534423828125,"2":-2.5547897815704346}}}}}
{"DateTime": "2015-03-17T02:03:38.731Z", "Message":"NyRikk1pBUBiafN6AAAA"}
{"DateTime": "2015-03-17T02:03:38.748Z", "Message":{"Msg":"ServerUpdate","Packet":{"playerId":"NyRikk1pBUBiafN6AAAA","playerNumber":0,"shipId":1482771,"dt":0.018007512714386394,"position":{"data":{"0":9.7090482711792,"1":-2.8322036266326904,"2":-22.380779266357422}},"orientation":{"data":{"0":3.008176565170288,"1":-76.91534423828125,"2":-2.5547897815704346}}}}}
{"DateTime": "2015-03-17T02:03:38.947Z", "Message":"NyRikk1pBUBiafN6AAAA"}
{"DateTime": "2015-03-17T02:03:38.950Z", "Message":{"Msg":"ServerUpdate","Packet":{"playerId":"NyRikk1pBUBiafN6AAAA","playerNumber":0,"shipId":1482771,"dt":0.01598866693391392,"position":{"data":{"0":11.087712287902832,"1":-2.8193681240081787,"2":-22.700763702392578}},"orientation":{"data":{"0":3.008176565170288,"1":-76.91534423828125,"2":-2.5547897815704346}}}}}
{"DateTime": "2015-03-17T02:03:39.147Z", "Message":"NyRikk1pBUBiafN6AAAA"}
{"DateTime": "2015-03-17T02:03:39.151Z", "Message":{"Msg":"ServerUpdate","Packet":{"playerId":"NyRikk1pBUBiafN6AAAA","playerNumber":0,"shipId":1482771,"dt":0.016062622857392853,"position":{"data":{"0":12.354005813598633,"1":-2.8075785636901855,"2":-22.994665145874023}},"orientation":{"data":{"0":3.008176565170288,"1":-76.91534423828125,"2":-2.5547897815704346}}}}}
{"DateTime": "2015-03-17T02:03:39.364Z", "Message":"NyRikk1pBUBiafN6AAAA"}
{"DateTime": "2015-03-17T02:03:39.371Z", "Message":{"Msg":"ServerUpdate","Packet":{"playerId":"NyRikk1pBUBiafN6AAAA","playerNumber":0,"shipId":1482771,"dt":0.017002315876921786,"position":{"data":{"0":13.746834754943848,"1":-2.870152711868286,"2":-23.051923751831055}},"orientation":{"data":{"0":173.73284912109375,"1":-83.81949615478516,"2":179.72244262695312}}}}}
{"DateTime": "2015-03-17T02:03:39.580Z", "Message":"NyRikk1pBUBiafN6AAAA"}
{"DateTime": "2015-03-17T02:03:39.592Z", "Message":{"Msg":"ServerUpdate","Packet":{"playerId":"NyRikk1pBUBiafN6AAAA","playerNumber":0,"shipId":1482771,"dt":0.01702374800168036,"position":{"data":{"0":15.086150169372559,"1":-3.122316360473633,"2":-22.73053741455078}},"orientation":{"data":{"0":173.08383178710938,"1":-70.5468521118164,"2":173.07545471191406}}}}}
{"DateTime": "2015-03-17T02:03:39.781Z", "Message":"NyRikk1pBUBiafN6AAAA"}
{"DateTime": "2015-03-17T02:03:39.793Z", "Message":{"Msg":"ServerUpdate","Packet":{"playerId":"NyRikk1pBUBiafN6AAAA","playerNumber":0,"shipId":1482771,"dt":0.01829790291187237,"position":{"data":{"0":16.200908660888672,"1":-3.478062868118286,"2":-22.169506072998047}},"orientation":{"data":{"0":172.50514221191406,"1":-59.46955490112305,"2":169.5351104736328}}}}}
{"DateTime": "2015-03-17T02:03:39.997Z", "Message":"NyRikk1pBUBiafN6AAAA"}
{"DateTime": "2015-03-17T02:03:40.015Z", "Message":{"Msg":"ServerUpdate","Packet":{"playerId":"NyRikk1pBUBiafN6AAAA","playerNumber":0,"shipId":1482771,"dt":0.017014994035231212,"position":{"data":{"0":17.374195098876953,"1":-3.73443341255188,"2":-21.44295883178711}},"orientation":{"data":{"0":-170.9948272705078,"1":-58.81635665893555,"2":169.3691864013672}}}}}
{"DateTime": "2015-03-17T02:03:40.198Z", "Message":"NyRikk1pBUBiafN6AAAA"}
{"DateTime": "2015-03-17T02:03:40.199Z", "Message":{"Msg":"ServerUpdate","Packet":{"playerId":"NyRikk1pBUBiafN6AAAA","playerNumber":0,"shipId":1482771,"dt":0.018003588522522478,"position":{"data":{"0":18.49284553527832,"1":-3.636667251586914,"2":-20.7884521484375}},"orientation":{"data":{"0":-165.6809539794922,"1":-58.81635665893555,"2":169.3691864013672}}}}}
{"DateTime": "2015-03-17T02:03:40.414Z", "Message":"NyRikk1pBUBiafN6AAAA"}
{"DateTime": "2015-03-17T02:03:40.419Z", "Message":{"Msg":"ServerUpdate","Packet":{"playerId":"NyRikk1pBUBiafN6AAAA","playerNumber":0,"shipId":1482771,"dt":0.016967300011110638,"position":{"data":{"0":19.630687713623047,"1":-3.498077630996704,"2":-19.975095748901367}},"orientation":{"data":{"0":-169.58729553222656,"1":-44.884132385253906,"2":174.29876708984375}}}}}
{"DateTime": "2015-03-17T02:03:40.630Z", "Message":"NyRikk1pBUBiafN6AAAA"}
{"DateTime": "2015-03-17T02:03:40.640Z", "Message":{"Msg":"ServerUpdate","Packet":{"playerId":"NyRikk1pBUBiafN6AAAA","playerNumber":0,"shipId":1482771,"dt":0.01695250882641267,"position":{"data":{"0":20.47641372680664,"1":-3.3639473915100098,"2":-18.866992950439453}},"orientation":{"data":{"0":-176.32164001464844,"1":-30.735790252685547,"2":176.9972686767578}}}}}
{"DateTime": "2015-03-17T02:03:40.847Z", "Message":"NyRikk1pBUBiafN6AAAA"}
{"DateTime": "2015-03-17T02:03:40.862Z", "Message":{"Msg":"ServerUpdate","Packet":{"playerId":"NyRikk1pBUBiafN6AAAA","playerNumber":0,"shipId":1482771,"dt":0.017365454554237658,"position":{"data":{"0":20.966665267944336,"1":-3.4270896911621094,"2":-17.55611801147461}},"orientation":{"data":{"0":176.89187622070312,"1":-10.200286865234375,"2":176.49844360351562}}}}}
{"DateTime": "2015-03-17T02:03:41.048Z", "Message":"NyRikk1pBUBiafN6AAAA"}
{"DateTime": "2015-03-17T02:03:41.066Z", "Message":{"Msg":"ServerUpdate","Packet":{"playerId":"NyRikk1pBUBiafN6AAAA","playerNumber":0,"shipId":1482771,"dt":0.01696277209742402,"position":{"data":{"0":20.928438186645508,"1":-3.4938955307006836,"2":-16.258581161499023}},"orientation":{"data":{"0":176.89183044433594,"1":10.204582214355469,"2":175.3963165283203}}}}}
{"DateTime": "2015-03-17T02:03:41.249Z", "Message":"NyRikk1pBUBiafN6AAAA"}
{"DateTime": "2015-03-17T02:03:41.251Z", "Message":{"Msg":"ServerUpdate","Packet":{"playerId":"NyRikk1pBUBiafN6AAAA","playerNumber":0,"shipId":1482771,"dt":0.019160923259711127,"position":{"data":{"0":20.6250057220459,"1":-3.5220460891723633,"2":-15.002001762390137}},"orientation":{"data":{"0":-179.75973510742188,"1":13.833200454711914,"2":175.1935272216797}}}}}
{"DateTime": "2015-03-17T02:03:41.463Z", "Message":"NyRikk1pBUBiafN6AAAA"}
{"DateTime": "2015-03-17T02:03:41.475Z", "Message":{"Msg":"ServerUpdate","Packet":{"playerId":"NyRikk1pBUBiafN6AAAA","playerNumber":0,"shipId":1482771,"dt":0.016000741370400647,"position":{"data":{"0":20.30437469482422,"1":-3.3393495082855225,"2":-13.642294883728027}},"orientation":{"data":{"0":-170.45339965820312,"1":13.833200454711914,"2":175.1935272216797}}}}}
{"DateTime": "2015-03-17T02:03:41.664Z", "Message":"NyRikk1pBUBiafN6AAAA"}
{"DateTime": "2015-03-17T02:03:41.677Z", "Message":{"Msg":"ServerUpdate","Packet":{"playerId":"NyRikk1pBUBiafN6AAAA","playerNumber":0,"shipId":1482771,"dt":0.01610427966327188,"position":{"data":{"0":20.052274703979492,"1":-3.101060152053833,"2":-12.38434886932373}},"orientation":{"data":{"0":-170.6438446044922,"1":7.870584964752197,"2":174.183349609375}}}}}
{"DateTime": "2015-03-17T02:03:41.881Z", "Message":"NyRikk1pBUBiafN6AAAA"}
{"DateTime": "2015-03-17T02:03:41.899Z", "Message":{"Msg":"ServerUpdate","Packet":{"playerId":"NyRikk1pBUBiafN6AAAA","playerNumber":0,"shipId":1482771,"dt":0.01798306198049613,"position":{"data":{"0":20.00815773010254,"1":-2.8704957962036133,"2":-11.00641918182373}},"orientation":{"data":{"0":-171.54568481445312,"1":-0.8358832597732544,"2":172.75445556640625}}}}}
{"DateTime": "2015-03-17T02:03:42.098Z", "Message":"NyRikk1pBUBiafN6AAAA"}
{"DateTime": "2015-03-17T02:03:42.101Z", "Message":{"Msg":"ServerUpdate","Packet":{"playerId":"NyRikk1pBUBiafN6AAAA","playerNumber":0,"shipId":1482771,"dt":0.018016266680831904,"position":{"data":{"0":20.214834213256836,"1":-2.816814422607422,"2":-9.61572265625}},"orientation":{"data":{"0":-178.5168914794922,"1":-10.794157981872559,"2":171.81883239746094}}}}}
{"DateTime": "2015-03-17T02:03:42.298Z", "Message":"NyRikk1pBUBiafN6AAAA"}
{"DateTime": "2015-03-17T02:03:42.305Z", "Message":{"Msg":"ServerUpdate","Packet":{"playerId":"NyRikk1pBUBiafN6AAAA","playerNumber":0,"shipId":1482771,"dt":0.01801143690623576,"position":{"data":{"0":20.46055793762207,"1":-2.8181443214416504,"2":-8.339018821716309}},"orientation":{"data":{"0":-178.5168914794922,"1":-10.794157981872559,"2":171.81883239746094}}}}}
{"DateTime": "2015-03-17T02:03:42.515Z", "Message":"NyRikk1pBUBiafN6AAAA"}
{"DateTime": "2015-03-17T02:03:42.528Z", "Message":{"Msg":"ServerUpdate","Packet":{"playerId":"NyRikk1pBUBiafN6AAAA","playerNumber":0,"shipId":1482771,"dt":0.01785960086742489,"position":{"data":{"0":20.72736167907715,"1":-2.8195881843566895,"2":-6.952764511108398}},"orientation":{"data":{"0":-178.5168914794922,"1":-10.794157981872559,"2":171.81883239746094}}}}}
{"DateTime": "2015-03-17T02:03:42.730Z", "Message":"NyRikk1pBUBiafN6AAAA"}
{"DateTime": "2015-03-17T02:03:42.731Z", "Message":{"Msg":"ServerUpdate","Packet":{"playerId":"NyRikk1pBUBiafN6AAAA","playerNumber":0,"shipId":1482771,"dt":0.017043670821884006,"position":{"data":{"0":21.227176666259766,"1":-2.8555521965026855,"2":-5.651156425476074}},"orientation":{"data":{"0":-178.3035888671875,"1":-30.814790725708008,"2":171.2274627685547}}}}}
{"DateTime": "2015-03-17T02:03:42.930Z", "Message":"NyRikk1pBUBiafN6AAAA"}
{"DateTime": "2015-03-17T02:03:42.935Z", "Message":{"Msg":"ServerUpdate","Packet":{"playerId":"NyRikk1pBUBiafN6AAAA","playerNumber":0,"shipId":1482771,"dt":0.017306289815453055,"position":{"data":{"0":22.008281707763672,"1":-2.937450647354126,"2":-4.617710590362549}},"orientation":{"data":{"0":-178.013427734375,"1":-42.825557708740234,"2":170.74595642089844}}}}}
{"DateTime": "2015-03-17T02:03:43.148Z", "Message":"NyRikk1pBUBiafN6AAAA"}
{"DateTime": "2015-03-17T02:03:43.157Z", "Message":{"Msg":"ServerUpdate","Packet":{"playerId":"NyRikk1pBUBiafN6AAAA","playerNumber":0,"shipId":1482771,"dt":0.01799121222512622,"position":{"data":{"0":23.12944984436035,"1":-3.0616819858551025,"2":-3.7813870906829834}},"orientation":{"data":{"0":-174.80099487304688,"1":-61.00266647338867,"2":169.3607635498047}}}}}
{"DateTime": "2015-03-17T02:03:43.348Z", "Message":"NyRikk1pBUBiafN6AAAA"}
{"DateTime": "2015-03-17T02:03:43.366Z", "Message":{"Msg":"ServerUpdate","Packet":{"playerId":"NyRikk1pBUBiafN6AAAA","playerNumber":0,"shipId":1482771,"dt":0.017045481987355744,"position":{"data":{"0":24.31821632385254,"1":-3.1414146423339844,"2":-3.248396635055542}},"orientation":{"data":{"0":-171.4102783203125,"1":-69.37279510498047,"2":166.8153076171875}}}}}
{"DateTime": "2015-03-17T02:03:43.565Z", "Message":"NyRikk1pBUBiafN6AAAA"}
{"DateTime": "2015-03-17T02:03:43.568Z", "Message":{"Msg":"ServerUpdate","Packet":{"playerId":"NyRikk1pBUBiafN6AAAA","playerNumber":0,"shipId":1482771,"dt":0.017044274543706706,"position":{"data":{"0":25.669885635375977,"1":-3.2425529956817627,"2":-2.862715482711792}},"orientation":{"data":{"0":-165.89553833007812,"1":-77.53071594238281,"2":161.0772247314453}}}}}
{"DateTime": "2015-03-17T02:03:43.782Z", "Message":"NyRikk1pBUBiafN6AAAA"}
{"DateTime": "2015-03-17T02:03:43.793Z", "Message":{"Msg":"ServerUpdate","Packet":{"playerId":"NyRikk1pBUBiafN6AAAA","playerNumber":0,"shipId":1482771,"dt":0.018057017903975067,"position":{"data":{"0":27.039363861083984,"1":-3.3522045612335205,"2":-2.6077046394348145}},"orientation":{"data":{"0":-159.19692993164062,"1":-81.48023223876953,"2":154.2689666748047}}}}}
{"DateTime": "2015-03-17T02:03:43.999Z", "Message":"NyRikk1pBUBiafN6AAAA"}
{"DateTime": "2015-03-17T02:03:44.015Z", "Message":{"Msg":"ServerUpdate","Packet":{"playerId":"NyRikk1pBUBiafN6AAAA","playerNumber":0,"shipId":1482771,"dt":0.017806473346889107,"position":{"data":{"0":28.442089080810547,"1":-3.473721504211426,"2":-2.5204689502716064}},"orientation":{"data":{"0":-71.58186340332031,"1":-86.82090759277344,"2":66.4172134399414}}}}}
{"DateTime": "2015-03-17T02:03:44.214Z", "Message":"NyRikk1pBUBiafN6AAAA"}
{"DateTime": "2015-03-17T02:03:44.217Z", "Message":{"Msg":"ServerUpdate","Packet":{"playerId":"NyRikk1pBUBiafN6AAAA","playerNumber":0,"shipId":1482771,"dt":0.015027843650535942,"position":{"data":{"0":29.857101440429688,"1":-3.520155668258667,"2":-2.5683212280273438}},"orientation":{"data":{"0":-24.250362396240234,"1":-84.01100158691406,"2":25.266605377197266}}}}}
{"DateTime": "2015-03-17T02:03:44.430Z", "Message":"NyRikk1pBUBiafN6AAAA"}
{"DateTime": "2015-03-17T02:03:44.440Z", "Message":{"Msg":"ServerUpdate","Packet":{"playerId":"NyRikk1pBUBiafN6AAAA","playerNumber":0,"shipId":1482771,"dt":0.01696790373293334,"position":{"data":{"0":31.292734146118164,"1":-3.4678988456726074,"2":-2.012329339981079}},"orientation":{"data":{"0":-35.12654113769531,"1":-85.72872924804688,"2":36.18504333496094}}}}}
{"DateTime": "2015-03-17T02:03:44.631Z", "Message":"NyRikk1pBUBiafN6AAAA"}
{"DateTime": "2015-03-17T02:03:44.643Z", "Message":{"Msg":"ServerUpdate","Packet":{"playerId":"NyRikk1pBUBiafN6AAAA","playerNumber":0,"shipId":1482771,"dt":0.01603304048800055,"position":{"data":{"0":32.63095474243164,"1":-3.420700788497925,"2":-1.5293434858322144}},"orientation":{"data":{"0":-35.12654113769531,"1":-85.72872924804688,"2":36.18504333496094}}}}}
{"DateTime": "2015-03-17T02:03:44.849Z", "Message":"NyRikk1pBUBiafN6AAAA"}
{"DateTime": "2015-03-17T02:03:44.865Z", "Message":{"Msg":"ServerUpdate","Packet":{"playerId":"NyRikk1pBUBiafN6AAAA","playerNumber":0,"shipId":1482771,"dt":0.018068790479548624,"position":{"data":{"0":34.03826904296875,"1":-3.392153739929199,"2":-1.5129613876342773}},"orientation":{"data":{"0":-35.12654113769531,"1":-85.72872924804688,"2":36.18504333496094}}}}}
{"DateTime": "2015-03-17T02:03:45.064Z", "Message":"NyRikk1pBUBiafN6AAAA"}
{"DateTime": "2015-03-17T02:03:45.066Z", "Message":{"Msg":"ServerUpdate","Packet":{"playerId":"NyRikk1pBUBiafN6AAAA","playerNumber":0,"shipId":1482771,"dt":0.014959019362562685,"position":{"data":{"0":35.45276641845703,"1":-3.3678715229034424,"2":-1.5992984771728516}},"orientation":{"data":{"0":-35.12654113769531,"1":-85.72872924804688,"2":36.18504333496094}}}}}
{"DateTime": "2015-03-17T02:03:45.264Z", "Message":"NyRikk1pBUBiafN6AAAA"}
{"DateTime": "2015-03-17T02:03:45.266Z", "Message":{"Msg":"ServerUpdate","Packet":{"playerId":"NyRikk1pBUBiafN6AAAA","playerNumber":0,"shipId":1482771,"dt":0.015001581751177582,"position":{"data":{"0":36.529762268066406,"1":-3.3493831157684326,"2":-1.665035605430603}},"orientation":{"data":{"0":-35.12654113769531,"1":-85.72872924804688,"2":36.18504333496094}}}}}
{"DateTime": "2015-03-17T02:03:45.465Z", "Message":"NyRikk1pBUBiafN6AAAA"}
{"DateTime": "2015-03-17T02:03:45.466Z", "Message":{"Msg":"ServerUpdate","Packet":{"playerId":"NyRikk1pBUBiafN6AAAA","playerNumber":0,"shipId":1482771,"dt":0.016986619109487948,"position":{"data":{"0":36.529762268066406,"1":-3.3493831157684326,"2":-1.665035605430603}},"orientation":{"data":{"0":-35.12654113769531,"1":-85.72872924804688,"2":36.18504333496094}}}}}
{"DateTime": "2015-03-17T02:03:45.681Z", "Message":"NyRikk1pBUBiafN6AAAA"}
{"DateTime": "2015-03-17T02:03:45.686Z", "Message":{"Msg":"ServerUpdate","Packet":{"playerId":"NyRikk1pBUBiafN6AAAA","playerNumber":0,"shipId":1482771,"dt":0.01596964969644978,"position":{"data":{"0":36.529762268066406,"1":-3.3493831157684326,"2":-1.665035605430603}},"orientation":{"data":{"0":-35.12654113769531,"1":-85.72872924804688,"2":36.18504333496094}}}}}
{"DateTime": "2015-03-17T02:03:45.898Z", "Message":"NyRikk1pBUBiafN6AAAA"}
{"DateTime": "2015-03-17T02:03:45.906Z", "Message":{"Msg":"ServerUpdate","Packet":{"playerId":"NyRikk1pBUBiafN6AAAA","playerNumber":0,"shipId":1482771,"dt":0.017026464749887962,"position":{"data":{"0":36.529762268066406,"1":-3.3493831157684326,"2":-1.665035605430603}},"orientation":{"data":{"0":-35.12654113769531,"1":-85.72872924804688,"2":36.18504333496094}}}}}
{"DateTime": "2015-03-17T02:03:46.099Z", "Message":"NyRikk1pBUBiafN6AAAA"}
{"DateTime": "2015-03-17T02:03:46.106Z", "Message":{"Msg":"ServerUpdate","Packet":{"playerId":"NyRikk1pBUBiafN6AAAA","playerNumber":0,"shipId":1482771,"dt":0.017627469825984007,"position":{"data":{"0":36.529762268066406,"1":-3.3493831157684326,"2":-1.665035605430603}},"orientation":{"data":{"0":-35.12654113769531,"1":-85.72872924804688,"2":36.18504333496094}}}}}
{"DateTime": "2015-03-17T02:03:46.315Z", "Message":"NyRikk1pBUBiafN6AAAA"}
{"DateTime": "2015-03-17T02:03:46.326Z", "Message":{"Msg":"ServerUpdate","Packet":{"playerId":"NyRikk1pBUBiafN6AAAA","playerNumber":0,"shipId":1482771,"dt":0.01750944220932797,"position":{"data":{"0":36.529762268066406,"1":-3.3493831157684326,"2":-1.665035605430603}},"orientation":{"data":{"0":-35.12654113769531,"1":-85.72872924804688,"2":36.18504333496094}}}}}
{"DateTime": "2015-03-17T02:03:46.531Z", "Message":"NyRikk1pBUBiafN6AAAA"}
{"DateTime": "2015-03-17T02:03:46.548Z", "Message":{"Msg":"ServerUpdate","Packet":{"playerId":"NyRikk1pBUBiafN6AAAA","playerNumber":0,"shipId":1482771,"dt":0.01696790373293334,"position":{"data":{"0":36.529762268066406,"1":-3.3493831157684326,"2":-1.665035605430603}},"orientation":{"data":{"0":-35.12654113769531,"1":-85.72872924804688,"2":36.18504333496094}}}}}
{"DateTime": "2015-03-17T02:03:46.732Z", "Message":"NyRikk1pBUBiafN6AAAA"}
{"DateTime": "2015-03-17T02:03:46.732Z", "Message":{"Msg":"ServerUpdate","Packet":{"playerId":"NyRikk1pBUBiafN6AAAA","playerNumber":0,"shipId":1482771,"dt":0.01698722283130701,"position":{"data":{"0":36.529762268066406,"1":-3.3493831157684326,"2":-1.665035605430603}},"orientation":{"data":{"0":-35.12654113769531,"1":-85.72872924804688,"2":36.18504333496094}}}}}
{"DateTime": "2015-03-17T02:03:52.913Z", "Message":"NyRikk1pBUBiafN6AAAA"}
{"DateTime": "2015-03-17T02:03:52.914Z", "Message":"NyRikk1pBUBiafN6AAAA"}
{"DateTime": "2015-03-17T02:03:52.917Z", "Message":{"Msg":"ServerQuit","Packet":{"playerId":"NyRikk1pBUBiafN6AAAA","playerNumber":0}}}
