{"DateTime": "2015-03-17T02:07:35.520Z", "Message":"jIFFYfEdhnj-UNnLAAAA"}
{"DateTime": "2015-03-17T02:07:35.718Z", "Message":"jIFFYfEdhnj-UNnLAAAA"}
{"DateTime": "2015-03-17T02:07:35.718Z", "Message":"jIFFYfEdhnj-UNnLAAAA"}
{"DateTime": "2015-03-17T02:07:35.724Z", "Message":{"Msg":"ServerMessage","Packet":"0 joined."}}
{"DateTime": "2015-03-17T02:07:47.353Z", "Message":"jIFFYfEdhnj-UNnLAAAA"}
{"DateTime": "2015-03-17T02:07:47.359Z", "Message":{"Msg":"ServerSpawn","Packet":{"playerId":"jIFFYfEdhnj-UNnLAAAA","playerNumber":0,"shipId":1482780,"position":{"data":{"0":5,"1":0,"2":0}},"orientation":{"data":{"0":0,"1":0,"2":0}}}}}
{"DateTime": "2015-03-17T02:07:47.564Z", "Message":"jIFFYfEdhnj-UNnLAAAA"}
{"DateTime": "2015-03-17T02:07:47.580Z", "Message":{"Msg":"ServerUpdate","Packet":{"playerId":"jIFFYfEdhnj-UNnLAAAA","playerNumber":0,"shipId":1482780,"dt":0.0170192200879992,"position":{"data":{"0":5,"1":0,"2":0}},"orientation":{"data":{"0":0,"1":0,"2":0}}}}}
{"DateTime": "2015-03-17T02:07:47.780Z", "Message":"jIFFYfEdhnj-UNnLAAAA"}
{"DateTime": "2015-03-17T02:07:47.800Z", "Message":{"Msg":"ServerUpdate","Packet":{"playerId":"jIFFYfEdhnj-UNnLAAAA","playerNumber":0,"shipId":1482780,"dt":0.0169968823804993,"position":{"data":{"0":5,"1":0,"2":0}},"orientation":{"data":{"0":0,"1":0,"2":0}}}}}
{"DateTime": "2015-03-17T02:07:47.981Z", "Message":"jIFFYfEdhnj-UNnLAAAA"}
{"DateTime": "2015-03-17T02:07:48.002Z", "Message":{"Msg":"ServerUpdate","Packet":{"playerId":"jIFFYfEdhnj-UNnLAAAA","playerNumber":0,"shipId":1482780,"dt":0.016664533516221127,"position":{"data":{"0":5,"1":0,"2":0}},"orientation":{"data":{"0":0,"1":0,"2":0}}}}}
{"DateTime": "2015-03-17T02:07:48.197Z", "Message":"jIFFYfEdhnj-UNnLAAAA"}
{"DateTime": "2015-03-17T02:07:48.203Z", "Message":{"Msg":"ServerUpdate","Packet":{"playerId":"jIFFYfEdhnj-UNnLAAAA","playerNumber":0,"shipId":1482780,"dt":0.0170119754261068,"position":{"data":{"0":5,"1":0,"2":0}},"orientation":{"data":{"0":0,"1":0,"2":0}}}}}
{"DateTime": "2015-03-17T02:07:48.413Z", "Message":"jIFFYfEdhnj-UNnLAAAA"}
{"DateTime": "2015-03-17T02:07:48.425Z", "Message":{"Msg":"ServerUpdate","Packet":{"playerId":"jIFFYfEdhnj-UNnLAAAA","playerNumber":0,"shipId":1482780,"dt":0.016051454003641993,"position":{"data":{"0":5.751486778259277,"1":0.0020761950872838497,"2":0.10605715215206146}},"orientation":{"data":{"0":-4.6438493728637695,"1":-13.768208503723145,"2":0.45038658380508423}}}}}
{"DateTime": "2015-03-17T02:07:48.614Z", "Message":"jIFFYfEdhnj-UNnLAAAA"}
{"DateTime": "2015-03-17T02:07:48.625Z", "Message":{"Msg":"ServerUpdate","Packet":{"playerId":"jIFFYfEdhnj-UNnLAAAA","playerNumber":0,"shipId":1482780,"dt":0.016997486102322,"position":{"data":{"0":6.904092311859131,"1":0.04754284769296646,"2":0.6849529147148132}},"orientation":{"data":{"0":-15.085331916809082,"1":-37.43071365356445,"2":4.806655406951904}}}}}
{"DateTime": "2015-03-17T02:07:48.830Z", "Message":"jIFFYfEdhnj-UNnLAAAA"}
{"DateTime": "2015-03-17T02:07:48.846Z", "Message":{"Msg":"ServerUpdate","Packet":{"playerId":"jIFFYfEdhnj-UNnLAAAA","playerNumber":0,"shipId":1482780,"dt":0.017022540558033143,"position":{"data":{"0":8.275622367858887,"1":0.039247553795576096,"2":1.2951576709747314}},"orientation":{"data":{"0":-28.701051712036133,"1":-58.810150146484375,"2":18.088314056396484}}}}}
{"DateTime": "2015-03-17T02:07:49.030Z", "Message":"jIFFYfEdhnj-UNnLAAAA"}
{"DateTime": "2015-03-17T02:07:49.047Z", "Message":{"Msg":"ServerUpdate","Packet":{"playerId":"jIFFYfEdhnj-UNnLAAAA","playerNumber":0,"shipId":1482780,"dt":0.016975752116648438,"position":{"data":{"0":9.578211784362793,"1":0.021258994936943054,"2":1.8446162939071655}},"orientation":{"data":{"0":-29.342742919921875,"1":-59.50083923339844,"2":18.835697174072266}}}}}
{"DateTime": "2015-03-17T02:07:49.230Z", "Message":"jIFFYfEdhnj-UNnLAAAA"}
{"DateTime": "2015-03-17T02:07:49.247Z", "Message":{"Msg":"ServerUpdate","Packet":{"playerId":"jIFFYfEdhnj-UNnLAAAA","playerNumber":0,"shipId":1482780,"dt":0.01700442890330123,"position":{"data":{"0":10.880209922790527,"1":0.0032785467337816954,"2":2.393826723098755}},"orientation":{"data":{"0":-29.342742919921875,"1":-59.50083923339844,"2":18.835697174072266}}}}}
{"DateTime": "2015-03-17T02:07:49.448Z", "Message":"jIFFYfEdhnj-UNnLAAAA"}
{"DateTime": "2015-03-17T02:07:49.449Z", "Message":{"Msg":"ServerUpdate","Packet":{"playerId":"jIFFYfEdhnj-UNnLAAAA","playerNumber":0,"shipId":1482780,"dt":0.01796012055117535,"position":{"data":{"0":12.329561233520508,"1":-0.05177639424800873,"2":2.8697516918182373}},"orientation":{"data":{"0":-22.362834930419922,"1":-49.18069839477539,"2":10.285151481628418}}}}}
{"DateTime": "2015-03-17T02:07:49.648Z", "Message":"jIFFYfEdhnj-UNnLAAAA"}
{"DateTime": "2015-03-17T02:07:49.652Z", "Message":{"Msg":"ServerUpdate","Packet":{"playerId":"jIFFYfEdhnj-UNnLAAAA","playerNumber":0,"shipId":1482780,"dt":0.018014757376273338,"position":{"data":{"0":13.709068298339844,"1":-0.15001226961612701,"2":3.1455743312835693}},"orientation":{"data":{"0":-22.362834930419922,"1":-49.18069839477539,"2":10.285151481628418}}}}}
{"DateTime": "2015-03-17T02:07:49.863Z", "Message":"jIFFYfEdhnj-UNnLAAAA"}
{"DateTime": "2015-03-17T02:07:49.874Z", "Message":{"Msg":"ServerUpdate","Packet":{"playerId":"jIFFYfEdhnj-UNnLAAAA","playerNumber":0,"shipId":1482780,"dt":0.01601432511144776,"position":{"data":{"0":15.211539268493652,"1":-0.30612656474113464,"2":3.2561070919036865}},"orientation":{"data":{"0":-22.362834930419922,"1":-49.18069839477539,"2":10.285151481628418}}}}}
{"DateTime": "2015-03-17T02:07:50.064Z", "Message":"jIFFYfEdhnj-UNnLAAAA"}
{"DateTime": "2015-03-17T02:07:50.077Z", "Message":{"Msg":"ServerUpdate","Packet":{"playerId":"jIFFYfEdhnj-UNnLAAAA","playerNumber":0,"shipId":1482780,"dt":0.016986920970397477,"position":{"data":{"0":16.58109474182129,"1":-0.5306969285011292,"2":3.0388669967651367}},"orientation":{"data":{"0":-21.651533126831055,"1":-47.61823654174805,"2":9.334047317504883}}}}}
{"DateTime": "2015-03-17T02:07:50.264Z", "Message":"jIFFYfEdhnj-UNnLAAAA"}
{"DateTime": "2015-03-17T02:07:50.280Z", "Message":{"Msg":"ServerUpdate","Packet":{"playerId":"jIFFYfEdhnj-UNnLAAAA","playerNumber":0,"shipId":1482780,"dt":0.017029785219923724,"position":{"data":{"0":17.94148826599121,"1":-0.7680915594100952,"2":2.7677001953125}},"orientation":{"data":{"0":-28.17683982849121,"1":-58.217315673828125,"2":17.473602294921875}}}}}
{"DateTime": "2015-03-17T02:07:50.480Z", "Message":"jIFFYfEdhnj-UNnLAAAA"}
{"DateTime": "2015-03-17T02:07:50.482Z", "Message":{"Msg":"ServerUpdate","Packet":{"playerId":"jIFFYfEdhnj-UNnLAAAA","playerNumber":0,"shipId":1482780,"dt":0.01597659249742719,"position":{"data":{"0":19.46006965637207,"1":-0.9239886403083801,"2":2.8867268562316895}},"orientation":{"data":{"0":-40.335697174072266,"1":-67.40349578857422,"2":31.086000442504883}}}}}
{"DateTime": "2015-03-17T02:07:50.681Z", "Message":"jIFFYfEdhnj-UNnLAAAA"}
{"DateTime": "2015-03-17T02:07:50.684Z", "Message":{"Msg":"ServerUpdate","Packet":{"playerId":"jIFFYfEdhnj-UNnLAAAA","playerNumber":0,"shipId":1482780,"dt":0.017697501557602663,"position":{"data":{"0":20.81101417541504,"1":-0.9965680837631226,"2":3.2481491565704346}},"orientation":{"data":{"0":-88.76400756835938,"1":-75.59571075439453,"2":81.71529388427734}}}}}
{"DateTime": "2015-03-17T02:07:50.897Z", "Message":"jIFFYfEdhnj-UNnLAAAA"}
{"DateTime": "2015-03-17T02:07:50.908Z", "Message":{"Msg":"ServerUpdate","Packet":{"playerId":"jIFFYfEdhnj-UNnLAAAA","playerNumber":0,"shipId":1482780,"dt":0.016973940951174882,"position":{"data":{"0":22.208404541015625,"1":-1.1233868598937988,"2":3.4219861030578613}},"orientation":{"data":{"0":-107.27009582519531,"1":-74.90345001220703,"2":100.84024047851562}}}}}
{"DateTime": "2015-03-17T02:07:51.097Z", "Message":"jIFFYfEdhnj-UNnLAAAA"}
{"DateTime": "2015-03-17T02:07:51.111Z", "Message":{"Msg":"ServerUpdate","Packet":{"playerId":"jIFFYfEdhnj-UNnLAAAA","playerNumber":0,"shipId":1482780,"dt":0.016989335857691912,"position":{"data":{"0":23.507770538330078,"1":-1.3122309446334839,"2":3.3094875812530518}},"orientation":{"data":{"0":-107.27009582519531,"1":-74.90345001220703,"2":100.84024047851562}}}}}
{"DateTime": "2015-03-17T02:07:51.297Z", "Message":"jIFFYfEdhnj-UNnLAAAA"}
{"DateTime": "2015-03-17T02:07:51.312Z", "Message":{"Msg":"ServerUpdate","Packet":{"playerId":"jIFFYfEdhnj-UNnLAAAA","playerNumber":0,"shipId":1482780,"dt":0.016002250674959213,"position":{"data":{"0":24.640460968017578,"1":-1.6661947965621948,"2":2.4795312881469727}},"orientation":{"data":{"0":-107.27009582519531,"1":-74.90345001220703,"2":100.84024047851562}}}}}
{"DateTime": "2015-03-17T02:07:51.498Z", "Message":"jIFFYfEdhnj-UNnLAAAA"}
{"DateTime": "2015-03-17T02:07:51.513Z", "Message":{"Msg":"ServerUpdate","Packet":{"playerId":"jIFFYfEdhnj-UNnLAAAA","playerNumber":0,"shipId":1482780,"dt":0.01799513641698286,"position":{"data":{"0":25.827957153320312,"1":-1.9641127586364746,"2":1.8922598361968994}},"orientation":{"data":{"0":-107.27009582519531,"1":-74.90345001220703,"2":100.84024047851562}}}}}
{"DateTime": "2015-03-17T02:07:51.713Z", "Message":"jIFFYfEdhnj-UNnLAAAA"}
{"DateTime": "2015-03-17T02:07:51.715Z", "Message":{"Msg":"ServerUpdate","Packet":{"playerId":"jIFFYfEdhnj-UNnLAAAA","playerNumber":0,"shipId":1482780,"dt":0.015980214828370663,"position":{"data":{"0":27.229633331298828,"1":-2.1196091175079346,"2":1.9572817087173462}},"orientation":{"data":{"0":-100.83808898925781,"1":-75.33179473876953,"2":94.18553161621094}}}}}
{"DateTime": "2015-03-17T02:07:51.915Z", "Message":"jIFFYfEdhnj-UNnLAAAA"}
{"DateTime": "2015-03-17T02:07:51.919Z", "Message":{"Msg":"ServerUpdate","Packet":{"playerId":"jIFFYfEdhnj-UNnLAAAA","playerNumber":0,"shipId":1482780,"dt":0.018044641606578808,"position":{"data":{"0":28.517419815063477,"1":-2.28505277633667,"2":1.9297326803207397}},"orientation":{"data":{"0":-72.30203247070312,"1":-74.86705780029297,"2":64.6993179321289}}}}}
{"DateTime": "2015-03-17T02:07:52.130Z", "Message":"jIFFYfEdhnj-UNnLAAAA"}
{"DateTime": "2015-03-17T02:07:52.141Z", "Message":{"Msg":"ServerUpdate","Packet":{"playerId":"jIFFYfEdhnj-UNnLAAAA","playerNumber":0,"shipId":1482780,"dt":0.016033644209826888,"position":{"data":{"0":29.907819747924805,"1":-2.3593060970306396,"2":1.7439583539962769}},"orientation":{"data":{"0":-50.26598358154297,"1":-74.20538330078125,"2":58.1861572265625}}}}}
{"DateTime": "2015-03-17T02:07:52.347Z", "Message":"jIFFYfEdhnj-UNnLAAAA"}
{"DateTime": "2015-03-17T02:07:52.366Z", "Message":{"Msg":"ServerUpdate","Packet":{"playerId":"jIFFYfEdhnj-UNnLAAAA","playerNumber":0,"shipId":1482780,"dt":0.017020729392559587,"position":{"data":{"0":31.199636459350586,"1":-1.9186497926712036,"2":1.4454028606414795}},"orientation":{"data":{"0":-30.189586639404297,"1":-74.20538330078125,"2":58.1861572265625}}}}}
{"DateTime": "2015-03-17T02:07:52.547Z", "Message":"jIFFYfEdhnj-UNnLAAAA"}
{"DateTime": "2015-03-17T02:07:52.566Z", "Message":{"Msg":"ServerUpdate","Packet":{"playerId":"jIFFYfEdhnj-UNnLAAAA","playerNumber":0,"shipId":1482780,"dt":0.016987524692223813,"position":{"data":{"0":32.21228790283203,"1":-1.1815649271011353,"2":1.1172224283218384}},"orientation":{"data":{"0":-11.805150985717773,"1":-74.20538330078125,"2":58.1861572265625}}}}}
{"DateTime": "2015-03-17T02:07:52.748Z", "Message":"jIFFYfEdhnj-UNnLAAAA"}
{"DateTime": "2015-03-17T02:07:52.748Z", "Message":{"Msg":"ServerUpdate","Packet":{"playerId":"jIFFYfEdhnj-UNnLAAAA","playerNumber":0,"shipId":1482780,"dt":0.017364548971498153,"position":{"data":{"0":32.84319305419922,"1":-0.11326352506875992,"2":0.7610591053962708}},"orientation":{"data":{"0":11.279244422912598,"1":-72.41461181640625,"2":59.147239685058594}}}}}
{"DateTime": "2015-03-17T02:07:52.963Z", "Message":"jIFFYfEdhnj-UNnLAAAA"}
{"DateTime": "2015-03-17T02:07:52.971Z", "Message":{"Msg":"ServerUpdate","Packet":{"playerId":"jIFFYfEdhnj-UNnLAAAA","playerNumber":0,"shipId":1482780,"dt":0.016021569773340162,"position":{"data":{"0":32.9343147277832,"1":1.145289659500122,"2":0.16722777485847473}},"orientation":{"data":{"0":24.29548454284668,"1":-55.320838928222656,"2":71.18578338623047}}}}}
{"DateTime": "2015-03-17T02:07:53.181Z", "Message":"jIFFYfEdhnj-UNnLAAAA"}
{"DateTime": "2015-03-17T02:07:53.194Z", "Message":{"Msg":"ServerUpdate","Packet":{"playerId":"jIFFYfEdhnj-UNnLAAAA","playerNumber":0,"shipId":1482780,"dt":0.018029548560971307,"position":{"data":{"0":32.41891098022461,"1":2.12149977684021,"2":-0.6748457551002502}},"orientation":{"data":{"0":35.4084358215332,"1":-37.53755569458008,"2":85.43937683105469}}}}}
{"DateTime": "2015-03-17T02:07:53.397Z", "Message":"jIFFYfEdhnj-UNnLAAAA"}
{"DateTime": "2015-03-17T02:07:53.417Z", "Message":{"Msg":"ServerUpdate","Packet":{"playerId":"jIFFYfEdhnj-UNnLAAAA","playerNumber":0,"shipId":1482780,"dt":0.017040652212759598,"position":{"data":{"0":32.22785949707031,"1":2.2773842811584473,"2":-0.8866008520126343}},"orientation":{"data":{"0":49.0101432800293,"1":-22.15753746032715,"2":100.93750762939453}}}}}
{"DateTime": "2015-03-17T02:07:53.598Z", "Message":"jIFFYfEdhnj-UNnLAAAA"}
{"DateTime": "2015-03-17T02:07:53.599Z", "Message":{"Msg":"ServerUpdate","Packet":{"playerId":"jIFFYfEdhnj-UNnLAAAA","playerNumber":0,"shipId":1482780,"dt":0.018025624369114666,"position":{"data":{"0":32.22785949707031,"1":2.2773842811584473,"2":-0.8866008520126343}},"orientation":{"data":{"0":65.05823516845703,"1":-12.608864784240723,"2":115.2451400756836}}}}}
{"DateTime": "2015-03-17T02:07:53.813Z", "Message":"jIFFYfEdhnj-UNnLAAAA"}
{"DateTime": "2015-03-17T02:07:53.823Z", "Message":{"Msg":"ServerUpdate","Packet":{"playerId":"jIFFYfEdhnj-UNnLAAAA","playerNumber":0,"shipId":1482780,"dt":0.015985648324793145,"position":{"data":{"0":31.710613250732422,"1":1.9471906423568726,"2":-0.9742781519889832}},"orientation":{"data":{"0":85.0656967163086,"1":-9.619109153747559,"2":125.67884063720703}}}}}
{"DateTime": "2015-03-17T02:07:54.013Z", "Message":"jIFFYfEdhnj-UNnLAAAA"}
{"DateTime": "2015-03-17T02:07:54.026Z", "Message":{"Msg":"ServerUpdate","Packet":{"playerId":"jIFFYfEdhnj-UNnLAAAA","playerNumber":0,"shipId":1482780,"dt":0.015008222691249103,"position":{"data":{"0":30.708038330078125,"1":1.1166654825210571,"2":-0.9296464920043945}},"orientation":{"data":{"0":97.8167953491211,"1":-9.718372344970703,"2":132.3633270263672}}}}}
{"DateTime": "2015-03-17T02:07:54.230Z", "Message":"jIFFYfEdhnj-UNnLAAAA"}
{"DateTime": "2015-03-17T02:07:54.249Z", "Message":{"Msg":"ServerUpdate","Packet":{"playerId":"jIFFYfEdhnj-UNnLAAAA","playerNumber":0,"shipId":1482780,"dt":0.017007749373336992,"position":{"data":{"0":29.802522659301758,"1":0.09794997423887253,"2":-0.6301453709602356}},"orientation":{"data":{"0":104.70511627197266,"1":-10.81777286529541,"2":137.9938201904297}}}}}
{"DateTime": "2015-03-17T02:07:54.430Z", "Message":"jIFFYfEdhnj-UNnLAAAA"}
{"DateTime": "2015-03-17T02:07:54.433Z", "Message":{"Msg":"ServerUpdate","Packet":{"playerId":"jIFFYfEdhnj-UNnLAAAA","playerNumber":0,"shipId":1482780,"dt":0.017034313133608522,"position":{"data":{"0":28.572711944580078,"1":-0.3946339786052704,"2":-0.3254610300064087}},"orientation":{"data":{"0":91.21161651611328,"1":-9.174936294555664,"2":127.5164794921875}}}}}
{"DateTime": "2015-03-17T02:07:54.631Z", "Message":"jIFFYfEdhnj-UNnLAAAA"}
{"DateTime": "2015-03-17T02:07:54.637Z", "Message":{"Msg":"ServerUpdate","Packet":{"playerId":"jIFFYfEdhnj-UNnLAAAA","playerNumber":0,"shipId":1482780,"dt":0.016872817545605358,"position":{"data":{"0":27.089738845825195,"1":-0.15408319234848022,"2":-0.3638019561767578}},"orientation":{"data":{"0":73.8247299194336,"1":-12.061014175415039,"2":106.3353500366211}}}}}
{"DateTime": "2015-03-17T02:07:54.848Z", "Message":"jIFFYfEdhnj-UNnLAAAA"}
{"DateTime": "2015-03-17T02:07:54.859Z", "Message":{"Msg":"ServerUpdate","Packet":{"playerId":"jIFFYfEdhnj-UNnLAAAA","playerNumber":0,"shipId":1482780,"dt":0.018060640234922175,"position":{"data":{"0":25.76478385925293,"1":0.7387695908546448,"2":-0.5994921326637268}},"orientation":{"data":{"0":66.16279602050781,"1":-17.517911911010742,"2":90.86793518066406}}}}}
{"DateTime": "2015-03-17T02:07:55.063Z", "Message":"jIFFYfEdhnj-UNnLAAAA"}
{"DateTime": "2015-03-17T02:07:55.083Z", "Message":{"Msg":"ServerUpdate","Packet":{"playerId":"jIFFYfEdhnj-UNnLAAAA","playerNumber":0,"shipId":1482780,"dt":0.016015230694185447,"position":{"data":{"0":24.51374626159668,"1":1.4549167156219482,"2":-0.9420233368873596}},"orientation":{"data":{"0":67.96414184570312,"1":-19.77667999267578,"2":85.23934173583984}}}}}
{"DateTime": "2015-03-17T02:07:55.263Z", "Message":"jIFFYfEdhnj-UNnLAAAA"}
{"DateTime": "2015-03-17T02:07:55.264Z", "Message":{"Msg":"ServerUpdate","Packet":{"playerId":"jIFFYfEdhnj-UNnLAAAA","playerNumber":0,"shipId":1482780,"dt":0.01601130650232153,"position":{"data":{"0":23.17818260192871,"1":1.093559980392456,"2":-1.4477829933166504}},"orientation":{"data":{"0":76.94430541992188,"1":-1.1613761186599731,"2":71.0013656616211}}}}}
{"DateTime": "2015-03-17T02:07:55.463Z", "Message":"jIFFYfEdhnj-UNnLAAAA"}
{"DateTime": "2015-03-17T02:07:55.469Z", "Message":{"Msg":"ServerUpdate","Packet":{"playerId":"jIFFYfEdhnj-UNnLAAAA","playerNumber":0,"shipId":1482780,"dt":0.01598806321209122,"position":{"data":{"0":21.743942260742188,"1":0.6893150806427002,"2":-1.4071950912475586}},"orientation":{"data":{"0":84.94486236572266,"1":21.44840431213379,"2":60.573265075683594}}}}}
{"DateTime": "2015-03-17T02:07:55.663Z", "Message":"jIFFYfEdhnj-UNnLAAAA"}
{"DateTime": "2015-03-17T02:07:55.671Z", "Message":{"Msg":"ServerUpdate","Packet":{"playerId":"jIFFYfEdhnj-UNnLAAAA","playerNumber":0,"shipId":1482780,"dt":0.016254606397520546,"position":{"data":{"0":20.52438735961914,"1":0.2684985101222992,"2":-0.829578161239624}},"orientation":{"data":{"0":83.30152130126953,"1":45.32403564453125,"2":57.651912689208984}}}}}
{"DateTime": "2015-03-17T02:07:55.881Z", "Message":"jIFFYfEdhnj-UNnLAAAA"}
{"DateTime": "2015-03-17T02:07:55.894Z", "Message":{"Msg":"ServerUpdate","Packet":{"playerId":"jIFFYfEdhnj-UNnLAAAA","playerNumber":0,"shipId":1482780,"dt":0.01797823220590726,"position":{"data":{"0":19.36492919921875,"1":0.07728024572134018,"2":0.12834836542606354}},"orientation":{"data":{"0":54.622127532958984,"1":70.13994598388672,"2":43.19503402709961}}}}}
{"DateTime": "2015-03-17T02:07:56.098Z", "Message":"jIFFYfEdhnj-UNnLAAAA"}
{"DateTime": "2015-03-17T02:07:56.116Z", "Message":{"Msg":"ServerUpdate","Packet":{"playerId":"jIFFYfEdhnj-UNnLAAAA","playerNumber":0,"shipId":1482780,"dt":0.018044943467491976,"position":{"data":{"0":18.037179946899414,"1":0.07987703382968903,"2":0.7896011471748352}},"orientation":{"data":{"0":-28.29766082763672,"1":64.50355529785156,"2":-26.6528263092041}}}}}
{"DateTime": "2015-03-17T02:07:56.314Z", "Message":"jIFFYfEdhnj-UNnLAAAA"}
{"DateTime": "2015-03-17T02:07:56.319Z", "Message":{"Msg":"ServerUpdate","Packet":{"playerId":"jIFFYfEdhnj-UNnLAAAA","playerNumber":0,"shipId":1482780,"dt":0.01601070278050247,"position":{"data":{"0":16.50303840637207,"1":0.13828228414058685,"2":0.9753646850585938}},"orientation":{"data":{"0":-28.29766082763672,"1":64.50355529785156,"2":-26.6528263092041}}}}}
{"DateTime": "2015-03-17T02:07:56.514Z", "Message":"jIFFYfEdhnj-UNnLAAAA"}
{"DateTime": "2015-03-17T02:07:56.522Z", "Message":{"Msg":"ServerUpdate","Packet":{"playerId":"jIFFYfEdhnj-UNnLAAAA","playerNumber":0,"shipId":1482780,"dt":0.015886939806521696,"position":{"data":{"0":15.047659873962402,"1":0.23348316550254822,"2":1.3424859046936035}},"orientation":{"data":{"0":-24.053848266601562,"1":59.95766830444336,"2":-21.861013412475586}}}}}
{"DateTime": "2015-03-17T02:07:56.730Z", "Message":"jIFFYfEdhnj-UNnLAAAA"}
{"DateTime": "2015-03-17T02:07:56.744Z", "Message":{"Msg":"ServerUpdate","Packet":{"playerId":"jIFFYfEdhnj-UNnLAAAA","playerNumber":0,"shipId":1482780,"dt":0.015992289264864668,"position":{"data":{"0":13.485868453979492,"1":0.26073259115219116,"2":1.5737544298171997}},"orientation":{"data":{"0":-22.198522567749023,"1":45.3890266418457,"2":-12.117451667785645}}}}}
{"DateTime": "2015-03-17T02:07:56.930Z", "Message":"jIFFYfEdhnj-UNnLAAAA"}
{"DateTime": "2015-03-17T02:07:56.949Z", "Message":{"Msg":"ServerUpdate","Packet":{"playerId":"jIFFYfEdhnj-UNnLAAAA","playerNumber":0,"shipId":1482780,"dt":0.016034549792559118,"position":{"data":{"0":12.106303215026855,"1":0.040929555892944336,"2":1.3294923305511475}},"orientation":{"data":{"0":-20.38591766357422,"1":30.38578987121582,"2":-4.483869552612305}}}}}
{"DateTime": "2015-03-17T02:07:57.132Z", "Message":"jIFFYfEdhnj-UNnLAAAA"}
{"DateTime": "2015-03-17T02:07:57.133Z", "Message":{"Msg":"ServerUpdate","Packet":{"playerId":"jIFFYfEdhnj-UNnLAAAA","playerNumber":0,"shipId":1482780,"dt":0.017795908214964583,"position":{"data":{"0":10.761837005615234,"1":-0.18601089715957642,"2":1.0713852643966675}},"orientation":{"data":{"0":-18.855724334716797,"1":21.598934173583984,"2":-1.0034023523330688}}}}}
{"DateTime": "2015-03-17T02:07:57.347Z", "Message":"jIFFYfEdhnj-UNnLAAAA"}
{"DateTime": "2015-03-17T02:07:57.356Z", "Message":{"Msg":"ServerUpdate","Packet":{"playerId":"jIFFYfEdhnj-UNnLAAAA","playerNumber":0,"shipId":1482780,"dt":0.0169666962892843,"position":{"data":{"0":9.551163673400879,"1":-0.5243213772773743,"2":0.4162423610687256}},"orientation":{"data":{"0":-17.491289138793945,"1":-1.2157078981399536,"2":6.544938087463379}}}}}
{"DateTime": "2015-03-17T02:07:57.548Z", "Message":"jIFFYfEdhnj-UNnLAAAA"}
{"DateTime": "2015-03-17T02:07:57.561Z", "Message":{"Msg":"ServerUpdate","Packet":{"playerId":"jIFFYfEdhnj-UNnLAAAA","playerNumber":0,"shipId":1482780,"dt":0.017984269424148807,"position":{"data":{"0":9.551163673400879,"1":-0.5243213772773743,"2":0.4162423610687256}},"orientation":{"data":{"0":-19.208515167236328,"1":-24.029829025268555,"2":14.236763954162598}}}}}
{"DateTime": "2015-03-17T02:07:57.748Z", "Message":"jIFFYfEdhnj-UNnLAAAA"}
{"DateTime": "2015-03-17T02:07:57.766Z", "Message":{"Msg":"ServerUpdate","Packet":{"playerId":"jIFFYfEdhnj-UNnLAAAA","playerNumber":0,"shipId":1482780,"dt":0.017996343860635533,"position":{"data":{"0":9.551163673400879,"1":-0.5243213772773743,"2":0.4162423610687256}},"orientation":{"data":{"0":-25.774877548217773,"1":-46.286800384521484,"2":25.40229034423828}}}}}
{"DateTime": "2015-03-17T02:07:57.965Z", "Message":"jIFFYfEdhnj-UNnLAAAA"}
{"DateTime": "2015-03-17T02:07:57.970Z", "Message":{"Msg":"ServerUpdate","Packet":{"playerId":"jIFFYfEdhnj-UNnLAAAA","playerNumber":0,"shipId":1482780,"dt":0.018052791851205258,"position":{"data":{"0":9.593563079833984,"1":-0.5230949521064758,"2":0.40566742420196533}},"orientation":{"data":{"0":-51.16489028930664,"1":-67.30875396728516,"2":55.05490493774414}}}}}
{"DateTime": "2015-03-17T02:07:58.182Z", "Message":"jIFFYfEdhnj-UNnLAAAA"}
{"DateTime": "2015-03-17T02:07:58.192Z", "Message":{"Msg":"ServerUpdate","Packet":{"playerId":"jIFFYfEdhnj-UNnLAAAA","playerNumber":0,"shipId":1482780,"dt":0.017679088041957586,"position":{"data":{"0":10.86514949798584,"1":-0.4378800392150879,"2":0.2413572072982788}},"orientation":{"data":{"0":-59.42070007324219,"1":-69.57171630859375,"2":63.92767333984375}}}}}
{"DateTime": "2015-03-17T02:07:58.398Z", "Message":"jIFFYfEdhnj-UNnLAAAA"}
{"DateTime": "2015-03-17T02:07:58.416Z", "Message":{"Msg":"ServerUpdate","Packet":{"playerId":"jIFFYfEdhnj-UNnLAAAA","playerNumber":0,"shipId":1482780,"dt":0.01797913778863949,"position":{"data":{"0":12.387898445129395,"1":-0.15871305763721466,"2":0.7142174243927002}},"orientation":{"data":{"0":-48.749996185302734,"1":-64.53001403808594,"2":46.396183013916016}}}}}
{"DateTime": "2015-03-17T02:07:58.615Z", "Message":"jIFFYfEdhnj-UNnLAAAA"}
{"DateTime": "2015-03-17T02:07:58.619Z", "Message":{"Msg":"ServerUpdate","Packet":{"playerId":"jIFFYfEdhnj-UNnLAAAA","playerNumber":0,"shipId":1482780,"dt":0.01801385179353747,"position":{"data":{"0":14.018575668334961,"1":-0.2891254723072052,"2":0.7735843062400818}},"orientation":{"data":{"0":-34.40739440917969,"1":-46.550506591796875,"2":18.448999404907227}}}}}
{"DateTime": "2015-03-17T02:07:58.830Z", "Message":"jIFFYfEdhnj-UNnLAAAA"}
{"DateTime": "2015-03-17T02:07:58.841Z", "Message":{"Msg":"ServerUpdate","Packet":{"playerId":"jIFFYfEdhnj-UNnLAAAA","playerNumber":0,"shipId":1482780,"dt":0.015997722761279875,"position":{"data":{"0":15.634075164794922,"1":-0.5889240503311157,"2":0.6019991040229797}},"orientation":{"data":{"0":-37.614322662353516,"1":-50.45333480834961,"2":22.72738265991211}}}}}
{"DateTime": "2015-03-17T02:07:59.030Z", "Message":"jIFFYfEdhnj-UNnLAAAA"}
{"DateTime": "2015-03-17T02:07:59.045Z", "Message":{"Msg":"ServerUpdate","Packet":{"playerId":"jIFFYfEdhnj-UNnLAAAA","playerNumber":0,"shipId":1482780,"dt":0.016009193475940264,"position":{"data":{"0":17.068450927734375,"1":-0.8344088196754456,"2":0.4982590973377228}},"orientation":{"data":{"0":-41.593597412109375,"1":-54.16917419433594,"2":27.752046585083008}}}}}
{"DateTime": "2015-03-17T02:07:59.230Z", "Message":"jIFFYfEdhnj-UNnLAAAA"}
{"DateTime": "2015-03-17T02:07:59.247Z", "Message":{"Msg":"ServerUpdate","Packet":{"playerId":"jIFFYfEdhnj-UNnLAAAA","playerNumber":0,"shipId":1482780,"dt":0.014979847765505839,"position":{"data":{"0":18.507396697998047,"1":-1.0329546928405762,"2":0.5062382221221924}},"orientation":{"data":{"0":-53.10173416137695,"1":-60.92576599121094,"2":41.3480110168457}}}}}
{"DateTime": "2015-03-17T02:07:59.447Z", "Message":"jIFFYfEdhnj-UNnLAAAA"}
{"DateTime": "2015-03-17T02:07:59.448Z", "Message":{"Msg":"ServerUpdate","Packet":{"playerId":"jIFFYfEdhnj-UNnLAAAA","playerNumber":0,"shipId":1482780,"dt":0.017008353095159693,"position":{"data":{"0":19.783096313476562,"1":-1.4482136964797974,"2":-0.04842182621359825}},"orientation":{"data":{"0":-106.84413146972656,"1":-66.04434204101562,"2":100.34103393554688}}}}}
{"DateTime": "2015-03-17T02:07:59.665Z", "Message":"jIFFYfEdhnj-UNnLAAAA"}
{"DateTime": "2015-03-17T02:07:59.671Z", "Message":{"Msg":"ServerUpdate","Packet":{"playerId":"jIFFYfEdhnj-UNnLAAAA","playerNumber":0,"shipId":1482780,"dt":0.01700986239971826,"position":{"data":{"0":21.143566131591797,"1":-1.6662575006484985,"2":-0.19793377816677094}},"orientation":{"data":{"0":-114.17945098876953,"1":-64.44554138183594,"2":110.24030303955078}}}}}
{"DateTime": "2015-03-17T02:07:59.866Z", "Message":"jIFFYfEdhnj-UNnLAAAA"}
{"DateTime": "2015-03-17T02:07:59.874Z", "Message":{"Msg":"ServerUpdate","Packet":{"playerId":"jIFFYfEdhnj-UNnLAAAA","playerNumber":0,"shipId":1482780,"dt":0.017015597757050274,"position":{"data":{"0":22.34126091003418,"1":-1.519264817237854,"2":0.44648289680480957}},"orientation":{"data":{"0":-122.90960693359375,"1":-62.0472412109375,"2":120.01012420654297}}}}}
{"DateTime": "2015-03-17T02:08:00.081Z", "Message":"jIFFYfEdhnj-UNnLAAAA"}
{"DateTime": "2015-03-17T02:08:00.097Z", "Message":{"Msg":"ServerUpdate","Packet":{"playerId":"jIFFYfEdhnj-UNnLAAAA","playerNumber":0,"shipId":1482780,"dt":0.016042096315366506,"position":{"data":{"0":23.77941131591797,"1":-1.725780725479126,"2":0.33076363801956177}},"orientation":{"data":{"0":-122.90960693359375,"1":-62.0472412109375,"2":120.01012420654297}}}}}
{"DateTime": "2015-03-17T02:08:00.283Z", "Message":"jIFFYfEdhnj-UNnLAAAA"}
{"DateTime": "2015-03-17T02:08:00.297Z", "Message":{"Msg":"ServerUpdate","Packet":{"playerId":"jIFFYfEdhnj-UNnLAAAA","playerNumber":0,"shipId":1482780,"dt":0.017830018498039862,"position":{"data":{"0":25.08978843688965,"1":-2.0543224811553955,"2":-0.10067462921142578}},"orientation":{"data":{"0":-122.90960693359375,"1":-62.0472412109375,"2":120.01012420654297}}}}}
{"DateTime": "2015-03-17T02:08:00.498Z", "Message":"jIFFYfEdhnj-UNnLAAAA"}
{"DateTime": "2015-03-17T02:08:00.500Z", "Message":{"Msg":"ServerUpdate","Packet":{"playerId":"jIFFYfEdhnj-UNnLAAAA","playerNumber":0,"shipId":1482780,"dt":0.01656461755430064,"position":{"data":{"0":26.42140007019043,"1":-2.0094659328460693,"2":0.3404296338558197}},"orientation":{"data":{"0":-134.7813720703125,"1":-56.32958221435547,"2":133.79835510253906}}}}}
{"DateTime": "2015-03-17T02:08:00.715Z", "Message":"jIFFYfEdhnj-UNnLAAAA"}
{"DateTime": "2015-03-17T02:08:00.722Z", "Message":{"Msg":"ServerUpdate","Packet":{"playerId":"jIFFYfEdhnj-UNnLAAAA","playerNumber":0,"shipId":1482780,"dt":0.017033105689955846,"position":{"data":{"0":27.775659561157227,"1":-1.967738151550293,"2":0.7799959778785706}},"orientation":{"data":{"0":-142.73081970214844,"1":-49.469688415527344,"2":143.7384490966797}}}}}
{"DateTime": "2015-03-17T02:08:00.931Z", "Message":"jIFFYfEdhnj-UNnLAAAA"}
{"DateTime": "2015-03-17T02:08:00.943Z", "Message":{"Msg":"ServerUpdate","Packet":{"playerId":"jIFFYfEdhnj-UNnLAAAA","playerNumber":0,"shipId":1482780,"dt":0.015955764094491315,"position":{"data":{"0":29.307064056396484,"1":-2.1652822494506836,"2":0.7087076306343079}},"orientation":{"data":{"0":-142.73081970214844,"1":-49.469688415527344,"2":143.7384490966797}}}}}
{"DateTime": "2015-03-17T02:08:01.132Z", "Message":"jIFFYfEdhnj-UNnLAAAA"}
{"DateTime": "2015-03-17T02:08:01.144Z", "Message":{"Msg":"ServerUpdate","Packet":{"playerId":"jIFFYfEdhnj-UNnLAAAA","playerNumber":0,"shipId":1482780,"dt":0.016939830668103242,"position":{"data":{"0":30.71413803100586,"1":-2.364492893218994,"2":0.6020918488502502}},"orientation":{"data":{"0":-145.5970916748047,"1":-45.85385513305664,"2":147.6134796142578}}}}}
{"DateTime": "2015-03-17T02:08:01.349Z", "Message":"jIFFYfEdhnj-UNnLAAAA"}
{"DateTime": "2015-03-17T02:08:01.368Z", "Message":{"Msg":"ServerUpdate","Packet":{"playerId":"jIFFYfEdhnj-UNnLAAAA","playerNumber":0,"shipId":1482780,"dt":0.017948649836511323,"position":{"data":{"0":31.526763916015625,"1":-2.505728006362915,"2":0.47970619797706604}},"orientation":{"data":{"0":-153.15501403808594,"1":-29.37353515625,"2":159.84005737304688}}}}}
{"DateTime": "2015-03-17T02:08:01.565Z", "Message":"jIFFYfEdhnj-UNnLAAAA"}
{"DateTime": "2015-03-17T02:08:01.571Z", "Message":{"Msg":"ServerUpdate","Packet":{"playerId":"jIFFYfEdhnj-UNnLAAAA","playerNumber":0,"shipId":1482780,"dt":0.01705846200657834,"position":{"data":{"0":32.081321716308594,"1":-2.6711857318878174,"2":0.2357693314552307}},"orientation":{"data":{"0":-155.01910400390625,"1":-21.279285430908203,"2":164.18515014648438}}}}}
{"DateTime": "2015-03-17T02:08:01.765Z", "Message":"jIFFYfEdhnj-UNnLAAAA"}
{"DateTime": "2015-03-17T02:08:01.773Z", "Message":{"Msg":"ServerUpdate","Packet":{"playerId":"jIFFYfEdhnj-UNnLAAAA","playerNumber":0,"shipId":1482780,"dt":0.017090157402351907,"position":{"data":{"0":33.2880744934082,"1":-2.9656078815460205,"2":-0.14256951212882996}},"orientation":{"data":{"0":-157.89312744140625,"1":-12.389857292175293,"2":168.3682403564453}}}}}
{"DateTime": "2015-03-17T02:08:01.966Z", "Message":"jIFFYfEdhnj-UNnLAAAA"}
{"DateTime": "2015-03-17T02:08:01.977Z", "Message":{"Msg":"ServerUpdate","Packet":{"playerId":"jIFFYfEdhnj-UNnLAAAA","playerNumber":0,"shipId":1482780,"dt":0.018031963448265742,"position":{"data":{"0":34.56847381591797,"1":-3.038811445236206,"2":-0.2721025049686432}},"orientation":{"data":{"0":-173.09034729003906,"1":0.5321551561355591,"2":-171.7781982421875}}}}}
{"DateTime": "2015-03-17T02:08:02.182Z", "Message":"jIFFYfEdhnj-UNnLAAAA"}
{"DateTime": "2015-03-17T02:08:02.182Z", "Message":{"Msg":"ServerUpdate","Packet":{"playerId":"jIFFYfEdhnj-UNnLAAAA","playerNumber":0,"shipId":1482780,"dt":0.017026162888978433,"position":{"data":{"0":35.82283020019531,"1":-2.5072269439697266,"2":0.005259063094854355}},"orientation":{"data":{"0":179.63369750976562,"1":20.917898178100586,"2":-144.25457763671875}}}}}
{"DateTime": "2015-03-17T02:08:02.398Z", "Message":"jIFFYfEdhnj-UNnLAAAA"}
{"DateTime": "2015-03-17T02:08:02.410Z", "Message":{"Msg":"ServerUpdate","Packet":{"playerId":"jIFFYfEdhnj-UNnLAAAA","playerNumber":0,"shipId":1482780,"dt":0.0159651217827668,"position":{"data":{"0":36.64246368408203,"1":-1.6050999164581299,"2":0.7007730603218079}},"orientation":{"data":{"0":-175.57115173339844,"1":34.644371032714844,"2":-128.12693786621094}}}}}
{"DateTime": "2015-03-17T02:08:02.598Z", "Message":"jIFFYfEdhnj-UNnLAAAA"}
{"DateTime": "2015-03-17T02:08:02.614Z", "Message":{"Msg":"ServerUpdate","Packet":{"playerId":"jIFFYfEdhnj-UNnLAAAA","playerNumber":0,"shipId":1482780,"dt":0.015982327854759205,"position":{"data":{"0":37.12571334838867,"1":-0.8323491811752319,"2":1.6108520030975342}},"orientation":{"data":{"0":-158.50717163085938,"1":53.24821472167969,"2":-105.16719818115234}}}}}
{"DateTime": "2015-03-17T02:08:02.799Z", "Message":"jIFFYfEdhnj-UNnLAAAA"}
{"DateTime": "2015-03-17T02:08:02.817Z", "Message":{"Msg":"ServerUpdate","Packet":{"playerId":"jIFFYfEdhnj-UNnLAAAA","playerNumber":0,"shipId":1482780,"dt":0.017045481987355744,"position":{"data":{"0":37.16232681274414,"1":0.12041856348514557,"2":2.549489974975586}},"orientation":{"data":{"0":-103.29270935058594,"1":51.41166687011719,"2":-49.67423629760742}}}}}
{"DateTime": "2015-03-17T02:08:03.015Z", "Message":"jIFFYfEdhnj-UNnLAAAA"}
{"DateTime": "2015-03-17T02:08:03.020Z", "Message":{"Msg":"ServerUpdate","Packet":{"playerId":"jIFFYfEdhnj-UNnLAAAA","playerNumber":0,"shipId":1482780,"dt":0.017165018908570345,"position":{"data":{"0":36.82341003417969,"1":0.7764332890510559,"2":3.130056381225586}},"orientation":{"data":{"0":-67.20597839355469,"1":24.806692123413086,"2":-32.757537841796875}}}}}
{"DateTime": "2015-03-17T02:08:03.231Z", "Message":"jIFFYfEdhnj-UNnLAAAA"}
{"DateTime": "2015-03-17T02:08:03.243Z", "Message":{"Msg":"ServerUpdate","Packet":{"playerId":"jIFFYfEdhnj-UNnLAAAA","playerNumber":0,"shipId":1482780,"dt":0.0159953078739818,"position":{"data":{"0":36.23982620239258,"1":0.049220308661460876,"2":2.412249803543091}},"orientation":{"data":{"0":-42.904048919677734,"1":-3.4238429069519043,"2":-37.084930419921875}}}}}
{"DateTime": "2015-03-17T02:08:03.432Z", "Message":"jIFFYfEdhnj-UNnLAAAA"}
{"DateTime": "2015-03-17T02:08:03.447Z", "Message":{"Msg":"ServerUpdate","Packet":{"playerId":"jIFFYfEdhnj-UNnLAAAA","playerNumber":0,"shipId":1482780,"dt":0.016982996778540836,"position":{"data":{"0":35.74344253540039,"1":-0.6402320861816406,"2":1.429976463317871}},"orientation":{"data":{"0":-36.19148635864258,"1":-13.519001960754395,"2":-60.14337921142578}}}}}
{"DateTime": "2015-03-17T02:08:03.648Z", "Message":"jIFFYfEdhnj-UNnLAAAA"}
{"DateTime": "2015-03-17T02:08:03.648Z", "Message":{"Msg":"ServerUpdate","Packet":{"playerId":"jIFFYfEdhnj-UNnLAAAA","playerNumber":0,"shipId":1482780,"dt":0.016980581891242765,"position":{"data":{"0":35.093631744384766,"1":-1.0244274139404297,"2":0.25781068205833435}},"orientation":{"data":{"0":-28.173200607299805,"1":-7.773479461669922,"2":-94.74125671386719}}}}}
{"DateTime": "2015-03-17T02:08:03.865Z", "Message":"jIFFYfEdhnj-UNnLAAAA"}
{"DateTime": "2015-03-17T02:08:03.870Z", "Message":{"Msg":"ServerUpdate","Packet":{"playerId":"jIFFYfEdhnj-UNnLAAAA","playerNumber":0,"shipId":1482780,"dt":0.01700503262512575,"position":{"data":{"0":34.51823043823242,"1":-0.8120766878128052,"2":-0.9988452792167664}},"orientation":{"data":{"0":-26.440317153930664,"1":7.337610721588135,"2":-122.57852172851562}}}}}
{"DateTime": "2015-03-17T02:08:04.065Z", "Message":"jIFFYfEdhnj-UNnLAAAA"}
{"DateTime": "2015-03-17T02:08:04.071Z", "Message":{"Msg":"ServerUpdate","Packet":{"playerId":"jIFFYfEdhnj-UNnLAAAA","playerNumber":0,"shipId":1482780,"dt":0.016163746262962377,"position":{"data":{"0":34.27191925048828,"1":-0.14923802018165588,"2":-2.0884766578674316}},"orientation":{"data":{"0":-28.503917694091797,"1":26.83034896850586,"2":-130.74867248535156}}}}}
{"DateTime": "2015-03-17T02:08:04.282Z", "Message":"jIFFYfEdhnj-UNnLAAAA"}
{"DateTime": "2015-03-17T02:08:04.291Z", "Message":{"Msg":"ServerUpdate","Packet":{"playerId":"jIFFYfEdhnj-UNnLAAAA","playerNumber":0,"shipId":1482780,"dt":0.016942245555397677,"position":{"data":{"0":34.12778854370117,"1":0.7102040648460388,"2":-3.1897380352020264}},"orientation":{"data":{"0":-13.31910514831543,"1":36.30695343017578,"2":-102.27314758300781}}}}}
{"DateTime": "2015-03-17T02:08:04.499Z", "Message":"jIFFYfEdhnj-UNnLAAAA"}
{"DateTime": "2015-03-17T02:08:04.512Z", "Message":{"Msg":"ServerUpdate","Packet":{"playerId":"jIFFYfEdhnj-UNnLAAAA","playerNumber":0,"shipId":1482780,"dt":0.018066979314080526,"position":{"data":{"0":33.97187423706055,"1":1.6425905227661133,"2":-4.221524715423584}},"orientation":{"data":{"0":10.019303321838379,"1":50.7698860168457,"2":-66.9455795288086}}}}}
{"DateTime": "2015-03-17T02:08:04.716Z", "Message":"jIFFYfEdhnj-UNnLAAAA"}
{"DateTime": "2015-03-17T02:08:04.732Z", "Message":{"Msg":"ServerUpdate","Packet":{"playerId":"jIFFYfEdhnj-UNnLAAAA","playerNumber":0,"shipId":1482780,"dt":0.018023209481812956,"position":{"data":{"0":33.6457633972168,"1":2.8658721446990967,"2":-4.816014766693115}},"orientation":{"data":{"0":63.75578689575195,"1":56.99863052368164,"2":-2.9136035442352295}}}}}
{"DateTime": "2015-03-17T02:08:04.916Z", "Message":"jIFFYfEdhnj-UNnLAAAA"}
{"DateTime": "2015-03-17T02:08:04.933Z", "Message":{"Msg":"ServerUpdate","Packet":{"playerId":"jIFFYfEdhnj-UNnLAAAA","playerNumber":0,"shipId":1482780,"dt":0.016979374447597364,"position":{"data":{"0":33.12086486816406,"1":4.050295829772949,"2":-4.829000473022461}},"orientation":{"data":{"0":102.8919677734375,"1":35.1323127746582,"2":36.18798065185547}}}}}
{"DateTime": "2015-03-17T02:08:05.132Z", "Message":"jIFFYfEdhnj-UNnLAAAA"}
{"DateTime": "2015-03-17T02:08:05.134Z", "Message":{"Msg":"ServerUpdate","Packet":{"playerId":"jIFFYfEdhnj-UNnLAAAA","playerNumber":0,"shipId":1482780,"dt":0.01699446749320123,"position":{"data":{"0":31.77986717224121,"1":4.513626575469971,"2":-4.099598407745361}},"orientation":{"data":{"0":115.65946197509766,"1":1.6407617330551147,"2":52.095882415771484}}}}}
{"DateTime": "2015-03-17T02:08:05.332Z", "Message":"jIFFYfEdhnj-UNnLAAAA"}
{"DateTime": "2015-03-17T02:08:05.338Z", "Message":{"Msg":"ServerUpdate","Packet":{"playerId":"jIFFYfEdhnj-UNnLAAAA","playerNumber":0,"shipId":1482780,"dt":0.01700593820786162,"position":{"data":{"0":30.32324981689453,"1":4.394415855407715,"2":-3.7940056324005127}},"orientation":{"data":{"0":110.93313598632812,"1":-30.139368057250977,"2":64.5757827758789}}}}}
{"DateTime": "2015-03-17T02:08:05.549Z", "Message":"jIFFYfEdhnj-UNnLAAAA"}
{"DateTime": "2015-03-17T02:08:05.564Z", "Message":{"Msg":"ServerUpdate","Packet":{"playerId":"jIFFYfEdhnj-UNnLAAAA","playerNumber":0,"shipId":1482780,"dt":0.017996041999722365,"position":{"data":{"0":28.83208465576172,"1":4.177402019500732,"2":-4.239902973175049}},"orientation":{"data":{"0":74.76953887939453,"1":-57.906951904296875,"2":91.9630355834961}}}}}
{"DateTime": "2015-03-17T02:08:05.765Z", "Message":"jIFFYfEdhnj-UNnLAAAA"}
{"DateTime": "2015-03-17T02:08:05.767Z", "Message":{"Msg":"ServerUpdate","Packet":{"playerId":"jIFFYfEdhnj-UNnLAAAA","playerNumber":0,"shipId":1482780,"dt":0.017024955445329396,"position":{"data":{"0":27.43973159790039,"1":4.169301509857178,"2":-4.3987321853637695}},"orientation":{"data":{"0":70.96880340576172,"1":-82.5393295288086,"2":119.91571807861328}}}}}
{"DateTime": "2015-03-17T02:08:05.981Z", "Message":"jIFFYfEdhnj-UNnLAAAA"}
{"DateTime": "2015-03-17T02:08:05.991Z", "Message":{"Msg":"ServerUpdate","Packet":{"playerId":"jIFFYfEdhnj-UNnLAAAA","playerNumber":0,"shipId":1482780,"dt":0.016076508459351317,"position":{"data":{"0":26.096426010131836,"1":3.7530651092529297,"2":-4.355731964111328}},"orientation":{"data":{"0":-113.17179870605469,"1":-69.55268859863281,"2":-48.60233688354492}}}}}
{"DateTime": "2015-03-17T02:08:06.181Z", "Message":"jIFFYfEdhnj-UNnLAAAA"}
{"DateTime": "2015-03-17T02:08:06.195Z", "Message":{"Msg":"ServerUpdate","Packet":{"playerId":"jIFFYfEdhnj-UNnLAAAA","playerNumber":0,"shipId":1482780,"dt":0.015918333341382096,"position":{"data":{"0":24.937400817871094,"1":3.2577764987945557,"2":-4.044251441955566}},"orientation":{"data":{"0":-112.31742858886719,"1":-44.0175666809082,"2":-50.56098175048828}}}}}
{"DateTime": "2015-03-17T02:08:06.398Z", "Message":"jIFFYfEdhnj-UNnLAAAA"}
{"DateTime": "2015-03-17T02:08:06.399Z", "Message":{"Msg":"ServerUpdate","Packet":{"playerId":"jIFFYfEdhnj-UNnLAAAA","playerNumber":0,"shipId":1482780,"dt":0.017017710783438816,"position":{"data":{"0":23.936817169189453,"1":2.4547207355499268,"2":-3.302089214324951}},"orientation":{"data":{"0":-114.20598602294922,"1":-19.991458892822266,"2":-61.86140060424805}}}}}
{"DateTime": "2015-03-17T02:08:06.599Z", "Message":"jIFFYfEdhnj-UNnLAAAA"}
{"DateTime": "2015-03-17T02:08:06.602Z", "Message":{"Msg":"ServerUpdate","Packet":{"playerId":"jIFFYfEdhnj-UNnLAAAA","playerNumber":0,"shipId":1482780,"dt":0.018044339745662,"position":{"data":{"0":22.947298049926758,"1":1.6163569688796997,"2":-2.8700597286224365}},"orientation":{"data":{"0":-102.4358139038086,"1":2.787529706954956,"2":-69.4088363647461}}}}}
{"DateTime": "2015-03-17T02:08:06.816Z", "Message":"jIFFYfEdhnj-UNnLAAAA"}
{"DateTime": "2015-03-17T02:08:06.824Z", "Message":{"Msg":"ServerUpdate","Packet":{"playerId":"jIFFYfEdhnj-UNnLAAAA","playerNumber":0,"shipId":1482780,"dt":0.017984269424148807,"position":{"data":{"0":21.73394775390625,"1":0.8717735409736633,"2":-2.6215224266052246}},"orientation":{"data":{"0":-107.2259750366211,"1":25.702383041381836,"2":-85.55473327636719}}}}}
{"DateTime": "2015-03-17T02:08:07.016Z", "Message":"jIFFYfEdhnj-UNnLAAAA"}
{"DateTime": "2015-03-17T02:08:07.027Z", "Message":{"Msg":"ServerUpdate","Packet":{"playerId":"jIFFYfEdhnj-UNnLAAAA","playerNumber":0,"shipId":1482780,"dt":0.018050678824813076,"position":{"data":{"0":20.45932388305664,"1":0.7887480854988098,"2":-2.4282279014587402}},"orientation":{"data":{"0":-91.91373443603516,"1":48.26627731323242,"2":-94.58367156982422}}}}}
{"DateTime": "2015-03-17T02:08:07.231Z", "Message":"jIFFYfEdhnj-UNnLAAAA"}
{"DateTime": "2015-03-17T02:08:07.248Z", "Message":{"Msg":"ServerUpdate","Packet":{"playerId":"jIFFYfEdhnj-UNnLAAAA","playerNumber":0,"shipId":1482780,"dt":0.015991987403940585,"position":{"data":{"0":19.10694122314453,"1":0.888340950012207,"2":-2.799258232116699}},"orientation":{"data":{"0":-46.617942810058594,"1":68.98204040527344,"2":-56.375701904296875}}}}}
{"DateTime": "2015-03-17T02:08:07.431Z", "Message":"jIFFYfEdhnj-UNnLAAAA"}
{"DateTime": "2015-03-17T02:08:07.431Z", "Message":{"Msg":"ServerUpdate","Packet":{"playerId":"jIFFYfEdhnj-UNnLAAAA","playerNumber":0,"shipId":1482780,"dt":0.01601462697236275,"position":{"data":{"0":17.942218780517578,"1":1.0316523313522339,"2":-3.45991849899292}},"orientation":{"data":{"0":29.878833770751953,"1":73.49412536621094,"2":23.137317657470703}}}}}
{"DateTime": "2015-03-17T02:08:07.631Z", "Message":"jIFFYfEdhnj-UNnLAAAA"}
{"DateTime": "2015-03-17T02:08:07.633Z", "Message":{"Msg":"ServerUpdate","Packet":{"playerId":"jIFFYfEdhnj-UNnLAAAA","playerNumber":0,"shipId":1482780,"dt":0.01600194881405332,"position":{"data":{"0":16.810754776000977,"1":1.1450679302215576,"2":-3.7303755283355713}},"orientation":{"data":{"0":69.3361587524414,"1":65.1230697631836,"2":68.21172332763672}}}}}
{"DateTime": "2015-03-17T02:08:07.848Z", "Message":"jIFFYfEdhnj-UNnLAAAA"}
{"DateTime": "2015-03-17T02:08:07.858Z", "Message":{"Msg":"ServerUpdate","Packet":{"playerId":"jIFFYfEdhnj-UNnLAAAA","playerNumber":0,"shipId":1482780,"dt":0.016984204222186237,"position":{"data":{"0":16.855690002441406,"1":0.9779132604598999,"2":-3.324584722518921}},"orientation":{"data":{"0":103.89939880371094,"1":66.06118774414062,"2":114.06776428222656}}}}}
{"DateTime": "2015-03-17T02:08:08.049Z", "Message":"jIFFYfEdhnj-UNnLAAAA"}
{"DateTime": "2015-03-17T02:08:08.062Z", "Message":{"Msg":"ServerUpdate","Packet":{"playerId":"jIFFYfEdhnj-UNnLAAAA","playerNumber":0,"shipId":1482780,"dt":0.017991815946952556,"position":{"data":{"0":16.68279266357422,"1":0.9257252216339111,"2":-3.266817092895508}},"orientation":{"data":{"0":103.89939880371094,"1":66.06118774414062,"2":114.06776428222656}}}}}
{"DateTime": "2015-03-17T02:08:08.265Z", "Message":"jIFFYfEdhnj-UNnLAAAA"}
{"DateTime": "2015-03-17T02:08:08.284Z", "Message":{"Msg":"ServerUpdate","Packet":{"playerId":"jIFFYfEdhnj-UNnLAAAA","playerNumber":0,"shipId":1482780,"dt":0.016972431646616316,"position":{"data":{"0":15.322457313537598,"1":0.6533302664756775,"2":-3.1309449672698975}},"orientation":{"data":{"0":103.89939880371094,"1":66.06118774414062,"2":114.06776428222656}}}}}
{"DateTime": "2015-03-17T02:08:08.465Z", "Message":"jIFFYfEdhnj-UNnLAAAA"}
{"DateTime": "2015-03-17T02:08:08.484Z", "Message":{"Msg":"ServerUpdate","Packet":{"playerId":"jIFFYfEdhnj-UNnLAAAA","playerNumber":0,"shipId":1482780,"dt":0.016964583262903035,"position":{"data":{"0":14.053681373596191,"1":0.3992689847946167,"2":-3.0042171478271484}},"orientation":{"data":{"0":103.89939880371094,"1":66.06118774414062,"2":114.06776428222656}}}}}
{"DateTime": "2015-03-17T02:08:08.665Z", "Message":"jIFFYfEdhnj-UNnLAAAA"}
{"DateTime": "2015-03-17T02:08:08.667Z", "Message":{"Msg":"ServerUpdate","Packet":{"playerId":"jIFFYfEdhnj-UNnLAAAA","playerNumber":0,"shipId":1482780,"dt":0.017033709411785822,"position":{"data":{"0":12.7850341796875,"1":0.1452333927154541,"2":-2.877502918243408}},"orientation":{"data":{"0":103.89939880371094,"1":66.06118774414062,"2":114.06776428222656}}}}}
{"DateTime": "2015-03-17T02:08:08.865Z", "Message":"jIFFYfEdhnj-UNnLAAAA"}
{"DateTime": "2015-03-17T02:08:08.869Z", "Message":{"Msg":"ServerUpdate","Packet":{"playerId":"jIFFYfEdhnj-UNnLAAAA","playerNumber":0,"shipId":1482780,"dt":0.017061480615695474,"position":{"data":{"0":11.50574779510498,"1":-0.08460114151239395,"2":-2.810429811477661}},"orientation":{"data":{"0":103.89939880371094,"1":66.06118774414062,"2":114.06776428222656}}}}}
{"DateTime": "2015-03-17T02:08:09.081Z", "Message":"jIFFYfEdhnj-UNnLAAAA"}
{"DateTime": "2015-03-17T02:08:09.092Z", "Message":{"Msg":"ServerUpdate","Packet":{"playerId":"jIFFYfEdhnj-UNnLAAAA","playerNumber":0,"shipId":1482780,"dt":0.015987459490264883,"position":{"data":{"0":10.059355735778809,"1":-0.204594224691391,"2":-3.057037353515625}},"orientation":{"data":{"0":103.89939880371094,"1":66.06118774414062,"2":114.06776428222656}}}}}
{"DateTime": "2015-03-17T02:08:09.281Z", "Message":"jIFFYfEdhnj-UNnLAAAA"}
{"DateTime": "2015-03-17T02:08:09.295Z", "Message":{"Msg":"ServerUpdate","Packet":{"playerId":"jIFFYfEdhnj-UNnLAAAA","playerNumber":0,"shipId":1482780,"dt":0.01602126791243063,"position":{"data":{"0":8.733563423156738,"1":-0.33050671219825745,"2":-3.246370315551758}},"orientation":{"data":{"0":103.89939880371094,"1":66.06118774414062,"2":114.06776428222656}}}}}
{"DateTime": "2015-03-17T02:08:09.482Z", "Message":"jIFFYfEdhnj-UNnLAAAA"}
{"DateTime": "2015-03-17T02:08:09.498Z", "Message":{"Msg":"ServerUpdate","Packet":{"playerId":"jIFFYfEdhnj-UNnLAAAA","playerNumber":0,"shipId":1482780,"dt":0.016987222831310645,"position":{"data":{"0":7.499028205871582,"1":-0.661828339099884,"2":-2.929140090942383}},"orientation":{"data":{"0":103.89939880371094,"1":66.06118774414062,"2":114.06776428222656}}}}}
{"DateTime": "2015-03-17T02:08:09.698Z", "Message":"jIFFYfEdhnj-UNnLAAAA"}
{"DateTime": "2015-03-17T02:08:09.702Z", "Message":{"Msg":"ServerUpdate","Packet":{"playerId":"jIFFYfEdhnj-UNnLAAAA","playerNumber":0,"shipId":1482780,"dt":0.01703099266357458,"position":{"data":{"0":6.724775791168213,"1":-0.8563936352729797,"2":-2.760678768157959}},"orientation":{"data":{"0":103.89939880371094,"1":66.06118774414062,"2":114.06776428222656}}}}}
{"DateTime": "2015-03-17T02:08:09.915Z", "Message":"jIFFYfEdhnj-UNnLAAAA"}
{"DateTime": "2015-03-17T02:08:09.925Z", "Message":{"Msg":"ServerUpdate","Packet":{"playerId":"jIFFYfEdhnj-UNnLAAAA","playerNumber":0,"shipId":1482780,"dt":0.01697273350752221,"position":{"data":{"0":6.724775791168213,"1":-0.8563936352729797,"2":-2.760678768157959}},"orientation":{"data":{"0":103.89939880371094,"1":66.06118774414062,"2":114.06776428222656}}}}}
{"DateTime": "2015-03-17T02:08:10.115Z", "Message":"jIFFYfEdhnj-UNnLAAAA"}
{"DateTime": "2015-03-17T02:08:10.127Z", "Message":{"Msg":"ServerUpdate","Packet":{"playerId":"jIFFYfEdhnj-UNnLAAAA","playerNumber":0,"shipId":1482780,"dt":0.016020966051510186,"position":{"data":{"0":6.724775791168213,"1":-0.8563936352729797,"2":-2.760678768157959}},"orientation":{"data":{"0":103.89939880371094,"1":66.06118774414062,"2":114.06776428222656}}}}}
{"DateTime": "2015-03-17T02:08:10.315Z", "Message":"jIFFYfEdhnj-UNnLAAAA"}
{"DateTime": "2015-03-17T02:08:10.331Z", "Message":{"Msg":"ServerUpdate","Packet":{"playerId":"jIFFYfEdhnj-UNnLAAAA","playerNumber":0,"shipId":1482780,"dt":0.01699658051958977,"position":{"data":{"0":6.724775791168213,"1":-0.8563936352729797,"2":-2.760678768157959}},"orientation":{"data":{"0":103.89939880371094,"1":66.06118774414062,"2":114.06776428222656}}}}}
{"DateTime": "2015-03-17T02:08:15.218Z", "Message":"jIFFYfEdhnj-UNnLAAAA"}
{"DateTime": "2015-03-17T02:08:15.218Z", "Message":"jIFFYfEdhnj-UNnLAAAA"}
{"DateTime": "2015-03-17T02:08:15.233Z", "Message":{"Msg":"ServerQuit","Packet":{"playerId":"jIFFYfEdhnj-UNnLAAAA","playerNumber":0}}}
