{"DateTime": "2015-03-16T23:43:22.594Z", "Message":"Vzf38dVyzlYrdLLbAAAA"}
{"DateTime": "2015-03-16T23:43:22.795Z", "Message":"Vzf38dVyzlYrdLLbAAAA"}
{"DateTime": "2015-03-16T23:43:22.796Z", "Message":"Vzf38dVyzlYrdLLbAAAA"}
{"DateTime": "2015-03-16T23:43:22.802Z", "Message":{"Msg":"ServerMessage","Packet":"0 joined."}}
{"DateTime": "2015-03-16T23:43:31.020Z", "Message":"Vzf38dVyzlYrdLLbAAAA"}
{"DateTime": "2015-03-16T23:43:31.039Z", "Message":{"Msg":"ServerSpawn","Packet":{"playerId":"Vzf38dVyzlYrdLLbAAAA","playerNumber":0,"shipId":1482771,"position":{"data":{"0":-5,"1":0,"2":0}},"orientation":{"data":{"0":0,"1":0,"2":0}}}}}
{"DateTime": "2015-03-16T23:43:31.218Z", "Message":"Vzf38dVyzlYrdLLbAAAA"}
{"DateTime": "2015-03-16T23:43:31.220Z", "Message":{"Msg":"ServerUpdate","Packet":{"playerId":"Vzf38dVyzlYrdLLbAAAA","playerNumber":0,"shipId":1482771,"dt":0.016510584451021715,"position":{"data":{"0":-5,"1":0,"2":0}},"orientation":{"data":{"0":0,"1":0,"2":0}}}}}
{"DateTime": "2015-03-16T23:43:31.433Z", "Message":"Vzf38dVyzlYrdLLbAAAA"}
{"DateTime": "2015-03-16T23:43:31.439Z", "Message":{"Msg":"ServerUpdate","Packet":{"playerId":"Vzf38dVyzlYrdLLbAAAA","playerNumber":0,"shipId":1482771,"dt":0.015987157629351715,"position":{"data":{"0":-5,"1":0,"2":0}},"orientation":{"data":{"0":0,"1":0,"2":0}}}}}
{"DateTime": "2015-03-16T23:43:31.633Z", "Message":"Vzf38dVyzlYrdLLbAAAA"}
{"DateTime": "2015-03-16T23:43:31.642Z", "Message":{"Msg":"ServerUpdate","Packet":{"playerId":"Vzf38dVyzlYrdLLbAAAA","playerNumber":0,"shipId":1482771,"dt":0.015030560398745365,"position":{"data":{"0":-5,"1":0,"2":0}},"orientation":{"data":{"0":0,"1":0,"2":0}}}}}
{"DateTime": "2015-03-16T23:43:31.833Z", "Message":"Vzf38dVyzlYrdLLbAAAA"}
{"DateTime": "2015-03-16T23:43:31.842Z", "Message":{"Msg":"ServerUpdate","Packet":{"playerId":"Vzf38dVyzlYrdLLbAAAA","playerNumber":0,"shipId":1482771,"dt":0.01604451120266094,"position":{"data":{"0":-4.75354528427124,"1":0,"2":-0.10590595006942749}},"orientation":{"data":{"0":0,"1":0,"2":0}}}}}
{"DateTime": "2015-03-16T23:43:32.034Z", "Message":"Vzf38dVyzlYrdLLbAAAA"}
{"DateTime": "2015-03-16T23:43:32.046Z", "Message":{"Msg":"ServerUpdate","Packet":{"playerId":"Vzf38dVyzlYrdLLbAAAA","playerNumber":0,"shipId":1482771,"dt":0.016942245555399495,"position":{"data":{"0":-3.7175076007843018,"1":0,"2":-0.9508851766586304}},"orientation":{"data":{"0":0,"1":0,"2":0}}}}}
{"DateTime": "2015-03-16T23:43:32.251Z", "Message":"Vzf38dVyzlYrdLLbAAAA"}
{"DateTime": "2015-03-16T23:43:32.268Z", "Message":{"Msg":"ServerUpdate","Packet":{"playerId":"Vzf38dVyzlYrdLLbAAAA","playerNumber":0,"shipId":1482771,"dt":0.017992721529686607,"position":{"data":{"0":-2.7799525260925293,"1":0,"2":-2.091480016708374}},"orientation":{"data":{"0":0,"1":0,"2":0}}}}}
{"DateTime": "2015-03-16T23:43:32.453Z", "Message":"Vzf38dVyzlYrdLLbAAAA"}
{"DateTime": "2015-03-16T23:43:32.453Z", "Message":{"Msg":"ServerUpdate","Packet":{"playerId":"Vzf38dVyzlYrdLLbAAAA","playerNumber":0,"shipId":1482771,"dt":0.018585274500239394,"position":{"data":{"0":-2.182124614715576,"1":0,"2":-3.303537130355835}},"orientation":{"data":{"0":0,"1":0,"2":0}}}}}
{"DateTime": "2015-03-16T23:43:32.668Z", "Message":"Vzf38dVyzlYrdLLbAAAA"}
{"DateTime": "2015-03-16T23:43:32.676Z", "Message":{"Msg":"ServerUpdate","Packet":{"playerId":"Vzf38dVyzlYrdLLbAAAA","playerNumber":0,"shipId":1482771,"dt":0.01707778110495565,"position":{"data":{"0":-1.664573311805725,"1":0.2052202671766281,"2":-4.643177032470703}},"orientation":{"data":{"0":17.140544891357422,"1":0,"2":0}}}}}
{"DateTime": "2015-03-16T23:43:32.885Z", "Message":"Vzf38dVyzlYrdLLbAAAA"}
{"DateTime": "2015-03-16T23:43:32.899Z", "Message":{"Msg":"ServerUpdate","Packet":{"playerId":"Vzf38dVyzlYrdLLbAAAA","playerNumber":0,"shipId":1482771,"dt":0.017025559167153915,"position":{"data":{"0":-1.468305230140686,"1":0.6465162038803101,"2":-5.967125415802002}},"orientation":{"data":{"0":18.486000061035156,"1":0,"2":0}}}}}
{"DateTime": "2015-03-16T23:43:33.102Z", "Message":"Vzf38dVyzlYrdLLbAAAA"}
{"DateTime": "2015-03-16T23:43:33.120Z", "Message":{"Msg":"ServerUpdate","Packet":{"playerId":"Vzf38dVyzlYrdLLbAAAA","playerNumber":0,"shipId":1482771,"dt":0.017547778545174877,"position":{"data":{"0":-1.468305230140686,"1":1.0926966667175293,"2":-7.301701068878174}},"orientation":{"data":{"0":18.486000061035156,"1":0,"2":0}}}}}
{"DateTime": "2015-03-16T23:43:33.302Z", "Message":"Vzf38dVyzlYrdLLbAAAA"}
{"DateTime": "2015-03-16T23:43:33.303Z", "Message":{"Msg":"ServerUpdate","Packet":{"playerId":"Vzf38dVyzlYrdLLbAAAA","playerNumber":0,"shipId":1482771,"dt":0.01697363909026353,"position":{"data":{"0":-1.468305230140686,"1":1.5001566410064697,"2":-8.54011058807373}},"orientation":{"data":{"0":16.338653564453125,"1":0,"2":0}}}}}
{"DateTime": "2015-03-16T23:43:33.518Z", "Message":"Vzf38dVyzlYrdLLbAAAA"}
{"DateTime": "2015-03-16T23:43:33.528Z", "Message":{"Msg":"ServerUpdate","Packet":{"playerId":"Vzf38dVyzlYrdLLbAAAA","playerNumber":0,"shipId":1482771,"dt":0.016016438137829027,"position":{"data":{"0":-1.468305230140686,"1":1.6645386219024658,"2":-9.936310768127441}},"orientation":{"data":{"0":2.692056179046631,"1":0,"2":0}}}}}
{"DateTime": "2015-03-16T23:43:33.718Z", "Message":"Vzf38dVyzlYrdLLbAAAA"}
{"DateTime": "2015-03-16T23:43:33.732Z", "Message":{"Msg":"ServerUpdate","Packet":{"playerId":"Vzf38dVyzlYrdLLbAAAA","playerNumber":0,"shipId":1482771,"dt":0.01704699129191795,"position":{"data":{"0":-1.468305230140686,"1":1.7253109216690063,"2":-11.228791236877441}},"orientation":{"data":{"0":2.692056179046631,"1":0,"2":0}}}}}
{"DateTime": "2015-03-16T23:43:33.934Z", "Message":"Vzf38dVyzlYrdLLbAAAA"}
{"DateTime": "2015-03-16T23:43:33.955Z", "Message":{"Msg":"ServerUpdate","Packet":{"playerId":"Vzf38dVyzlYrdLLbAAAA","playerNumber":0,"shipId":1482771,"dt":0.016127824814417182,"position":{"data":{"0":-1.468305230140686,"1":1.7915571928024292,"2":-12.637693405151367}},"orientation":{"data":{"0":2.692056179046631,"1":0,"2":0}}}}}
{"DateTime": "2015-03-16T23:43:34.135Z", "Message":"Vzf38dVyzlYrdLLbAAAA"}
{"DateTime": "2015-03-16T23:43:34.140Z", "Message":{"Msg":"ServerUpdate","Packet":{"playerId":"Vzf38dVyzlYrdLLbAAAA","playerNumber":0,"shipId":1482771,"dt":0.016969413037493723,"position":{"data":{"0":-1.468305230140686,"1":1.8526320457458496,"2":-13.936612129211426}},"orientation":{"data":{"0":2.692056179046631,"1":0,"2":0}}}}}
{"DateTime": "2015-03-16T23:43:34.351Z", "Message":"Vzf38dVyzlYrdLLbAAAA"}
{"DateTime": "2015-03-16T23:43:34.363Z", "Message":{"Msg":"ServerUpdate","Packet":{"playerId":"Vzf38dVyzlYrdLLbAAAA","playerNumber":0,"shipId":1482771,"dt":0.017010466121546414,"position":{"data":{"0":-1.5555315017700195,"1":1.918308138847351,"2":-15.333383560180664}},"orientation":{"data":{"0":2.741586446762085,"1":10.903512954711914,"2":0.5189685225486755}}}}}
{"DateTime": "2015-03-16T23:43:34.552Z", "Message":"Vzf38dVyzlYrdLLbAAAA"}
{"DateTime": "2015-03-16T23:43:34.566Z", "Message":{"Msg":"ServerUpdate","Packet":{"playerId":"Vzf38dVyzlYrdLLbAAAA","playerNumber":0,"shipId":1482771,"dt":0.017045481987353922,"position":{"data":{"0":-1.9315990209579468,"1":1.9769972562789917,"2":-16.581562042236328}},"orientation":{"data":{"0":2.875990867614746,"1":20.5944881439209,"2":1.01237952709198}}}}}
{"DateTime": "2015-03-16T23:43:34.768Z", "Message":"Vzf38dVyzlYrdLLbAAAA"}
{"DateTime": "2015-03-16T23:43:34.771Z", "Message":{"Msg":"ServerUpdate","Packet":{"playerId":"Vzf38dVyzlYrdLLbAAAA","playerNumber":0,"shipId":1482771,"dt":0.017014390313404876,"position":{"data":{"0":-2.5807199478149414,"1":2.035322427749634,"2":-17.822006225585938}},"orientation":{"data":{"0":3.2284626960754395,"1":33.489681243896484,"2":1.7827352285385132}}}}}
{"DateTime": "2015-03-16T23:43:34.968Z", "Message":"Vzf38dVyzlYrdLLbAAAA"}
{"DateTime": "2015-03-16T23:43:34.974Z", "Message":{"Msg":"ServerUpdate","Packet":{"playerId":"Vzf38dVyzlYrdLLbAAAA","playerNumber":0,"shipId":1482771,"dt":0.014994638950201988,"position":{"data":{"0":-3.408613681793213,"1":2.083091974258423,"2":-18.83795738220215}},"orientation":{"data":{"0":3.728668212890625,"1":43.7608757019043,"2":2.580833673477173}}}}}
{"DateTime": "2015-03-16T23:43:35.169Z", "Message":"Vzf38dVyzlYrdLLbAAAA"}
{"DateTime": "2015-03-16T23:43:35.176Z", "Message":{"Msg":"ServerUpdate","Packet":{"playerId":"Vzf38dVyzlYrdLLbAAAA","playerNumber":0,"shipId":1482771,"dt":0.01796857265671497,"position":{"data":{"0":-4.14034366607666,"1":2.135896921157837,"2":-19.96098518371582}},"orientation":{"data":{"0":4.5692362785339355,"1":53.872947692871094,"2":3.693345069885254}}}}}
{"DateTime": "2015-03-16T23:43:35.369Z", "Message":"Vzf38dVyzlYrdLLbAAAA"}
{"DateTime": "2015-03-16T23:43:35.377Z", "Message":{"Msg":"ServerUpdate","Packet":{"playerId":"Vzf38dVyzlYrdLLbAAAA","playerNumber":0,"shipId":1482771,"dt":0.017829414776211708,"position":{"data":{"0":-5.094762325286865,"1":2.1783292293548584,"2":-20.927885055541992}},"orientation":{"data":{"0":7.509957790374756,"1":71.7621841430664,"2":8.14380931854248}}}}}
{"DateTime": "2015-03-16T23:43:35.584Z", "Message":"Vzf38dVyzlYrdLLbAAAA"}
{"DateTime": "2015-03-16T23:43:35.599Z", "Message":{"Msg":"ServerUpdate","Packet":{"playerId":"Vzf38dVyzlYrdLLbAAAA","playerNumber":0,"shipId":1482771,"dt":0.016014023250534592,"position":{"data":{"0":-6.456825256347656,"1":2.0791196823120117,"2":-21.158294677734375}},"orientation":{"data":{"0":161.4665985107422,"1":84.7224349975586,"2":167.7884063720703}}}}}
{"DateTime": "2015-03-16T23:43:35.785Z", "Message":"Vzf38dVyzlYrdLLbAAAA"}
{"DateTime": "2015-03-16T23:43:35.802Z", "Message":{"Msg":"ServerUpdate","Packet":{"playerId":"Vzf38dVyzlYrdLLbAAAA","playerNumber":0,"shipId":1482771,"dt":0.0170119754261068,"position":{"data":{"0":-7.727194786071777,"1":1.9333750009536743,"2":-20.932340621948242}},"orientation":{"data":{"0":173.1080780029297,"1":75.89817810058594,"2":179.56243896484375}}}}}
{"DateTime": "2015-03-16T23:43:36.001Z", "Message":"Vzf38dVyzlYrdLLbAAAA"}
{"DateTime": "2015-03-16T23:43:36.006Z", "Message":{"Msg":"ServerUpdate","Packet":{"playerId":"Vzf38dVyzlYrdLLbAAAA","playerNumber":0,"shipId":1482771,"dt":0.016976657699384303,"position":{"data":{"0":-9.034128189086914,"1":1.7761707305908203,"2":-20.452978134155273}},"orientation":{"data":{"0":176.34161376953125,"1":62.72880554199219,"2":-177.00408935546875}}}}}
{"DateTime": "2015-03-16T23:43:36.201Z", "Message":"Vzf38dVyzlYrdLLbAAAA"}
{"DateTime": "2015-03-16T23:43:36.210Z", "Message":{"Msg":"ServerUpdate","Packet":{"playerId":"Vzf38dVyzlYrdLLbAAAA","playerNumber":0,"shipId":1482771,"dt":0.016959451627393717,"position":{"data":{"0":-10.066046714782715,"1":1.640489935874939,"2":-19.68172836303711}},"orientation":{"data":{"0":177.60789489746094,"1":45.53426742553711,"2":-175.45907592773438}}}}}
{"DateTime": "2015-03-16T23:43:36.402Z", "Message":"Vzf38dVyzlYrdLLbAAAA"}
{"DateTime": "2015-03-16T23:43:36.413Z", "Message":{"Msg":"ServerUpdate","Packet":{"playerId":"Vzf38dVyzlYrdLLbAAAA","playerNumber":0,"shipId":1482771,"dt":0.017988495476914976,"position":{"data":{"0":-10.823990821838379,"1":1.5267843008041382,"2":-18.6378116607666}},"orientation":{"data":{"0":178.09530639648438,"1":28.400598526000977,"2":-174.65760803222656}}}}}
{"DateTime": "2015-03-16T23:43:36.603Z", "Message":"Vzf38dVyzlYrdLLbAAAA"}
{"DateTime": "2015-03-16T23:43:36.619Z", "Message":{"Msg":"ServerUpdate","Packet":{"playerId":"Vzf38dVyzlYrdLLbAAAA","playerNumber":0,"shipId":1482771,"dt":0.018860873513032856,"position":{"data":{"0":-11.248291015625,"1":1.444207787513733,"2":-17.410276412963867}},"orientation":{"data":{"0":178.28854370117188,"1":11.784010887145996,"2":-174.10104370117188}}}}}
{"DateTime": "2015-03-16T23:43:36.818Z", "Message":"Vzf38dVyzlYrdLLbAAAA"}
{"DateTime": "2015-03-16T23:43:36.822Z", "Message":{"Msg":"ServerUpdate","Packet":{"playerId":"Vzf38dVyzlYrdLLbAAAA","playerNumber":0,"shipId":1482771,"dt":0.015938256161585743,"position":{"data":{"0":-11.316682815551758,"1":1.3954052925109863,"2":-16.006181716918945}},"orientation":{"data":{"0":178.31959533691406,"1":-4.429378509521484,"2":-173.62161254882812}}}}}
{"DateTime": "2015-03-16T23:43:37.019Z", "Message":"Vzf38dVyzlYrdLLbAAAA"}
{"DateTime": "2015-03-16T23:43:37.026Z", "Message":{"Msg":"ServerUpdate","Packet":{"playerId":"Vzf38dVyzlYrdLLbAAAA","playerNumber":0,"shipId":1482771,"dt":0.01798728803326776,"position":{"data":{"0":-11.040366172790527,"1":1.3885796070098877,"2":-14.745972633361816}},"orientation":{"data":{"0":178.2308807373047,"1":-18.731966018676758,"2":-173.18312072753906}}}}}
{"DateTime": "2015-03-16T23:43:37.234Z", "Message":"Vzf38dVyzlYrdLLbAAAA"}
{"DateTime": "2015-03-16T23:43:37.249Z", "Message":{"Msg":"ServerUpdate","Packet":{"playerId":"Vzf38dVyzlYrdLLbAAAA","playerNumber":0,"shipId":1482771,"dt":0.016012513945974204,"position":{"data":{"0":-10.403529167175293,"1":1.421433448791504,"2":-13.492742538452148}},"orientation":{"data":{"0":177.98110961914062,"1":-33.910858154296875,"2":-172.624755859375}}}}}
{"DateTime": "2015-03-16T23:43:37.434Z", "Message":"Vzf38dVyzlYrdLLbAAAA"}
{"DateTime": "2015-03-16T23:43:37.453Z", "Message":{"Msg":"ServerUpdate","Packet":{"playerId":"Vzf38dVyzlYrdLLbAAAA","playerNumber":0,"shipId":1482771,"dt":0.014981658930977573,"position":{"data":{"0":-9.540801048278809,"1":1.4872007369995117,"2":-12.517518043518066}},"orientation":{"data":{"0":177.49693298339844,"1":-47.97538375854492,"2":-171.8914794921875}}}}}
{"DateTime": "2015-03-16T23:43:37.636Z", "Message":"Vzf38dVyzlYrdLLbAAAA"}
{"DateTime": "2015-03-16T23:43:37.655Z", "Message":{"Msg":"ServerUpdate","Packet":{"playerId":"Vzf38dVyzlYrdLLbAAAA","playerNumber":0,"shipId":1482771,"dt":0.01679705045665287,"position":{"data":{"0":-8.473392486572266,"1":1.582495093345642,"2":-11.784141540527344}},"orientation":{"data":{"0":176.43235778808594,"1":-61.975982666015625,"2":-170.60118103027344}}}}}
{"DateTime": "2015-03-16T23:43:37.852Z", "Message":"Vzf38dVyzlYrdLLbAAAA"}
{"DateTime": "2015-03-16T23:43:37.856Z", "Message":{"Msg":"ServerUpdate","Packet":{"playerId":"Vzf38dVyzlYrdLLbAAAA","playerNumber":0,"shipId":1482771,"dt":0.016965790706544793,"position":{"data":{"0":-7.396463871002197,"1":1.6541457176208496,"2":-10.710328102111816}},"orientation":{"data":{"0":172.15187072753906,"1":-69.24302673339844,"2":-169.5133819580078}}}}}
{"DateTime": "2015-03-16T23:43:38.051Z", "Message":"Vzf38dVyzlYrdLLbAAAA"}
{"DateTime": "2015-03-16T23:43:38.058Z", "Message":{"Msg":"ServerUpdate","Packet":{"playerId":"Vzf38dVyzlYrdLLbAAAA","playerNumber":0,"shipId":1482771,"dt":0.016014325111445942,"position":{"data":{"0":-6.628902435302734,"1":1.531964898109436,"2":-9.498373985290527}},"orientation":{"data":{"0":170.80990600585938,"1":-49.6050910949707,"2":-175.74940490722656}}}}}
{"DateTime": "2015-03-16T23:43:38.253Z", "Message":"Vzf38dVyzlYrdLLbAAAA"}
{"DateTime": "2015-03-16T23:43:38.261Z", "Message":{"Msg":"ServerUpdate","Packet":{"playerId":"Vzf38dVyzlYrdLLbAAAA","playerNumber":0,"shipId":1482771,"dt":0.018662852754663617,"position":{"data":{"0":-5.968167304992676,"1":1.3748698234558105,"2":-8.297755241394043}},"orientation":{"data":{"0":170.99765014648438,"1":-48.58917999267578,"2":-175.997802734375}}}}}
{"DateTime": "2015-03-16T23:43:38.469Z", "Message":"Vzf38dVyzlYrdLLbAAAA"}
{"DateTime": "2015-03-16T23:43:38.485Z", "Message":{"Msg":"ServerUpdate","Packet":{"playerId":"Vzf38dVyzlYrdLLbAAAA","playerNumber":0,"shipId":1482771,"dt":0.01703099266357458,"position":{"data":{"0":-5.029471397399902,"1":1.2191152572631836,"2":-7.239265441894531}},"orientation":{"data":{"0":172.24327087402344,"1":-39.92729949951172,"2":-177.7774658203125}}}}}
{"DateTime": "2015-03-16T23:43:38.669Z", "Message":"Vzf38dVyzlYrdLLbAAAA"}
{"DateTime": "2015-03-16T23:43:38.686Z", "Message":{"Msg":"ServerUpdate","Packet":{"playerId":"Vzf38dVyzlYrdLLbAAAA","playerNumber":0,"shipId":1482771,"dt":0.01797943964955266,"position":{"data":{"0":-3.7273871898651123,"1":1.0907641649246216,"2":-6.612805366516113}},"orientation":{"data":{"0":173.53453063964844,"1":-23.197223663330078,"2":179.78211975097656}}}}}
{"DateTime": "2015-03-16T23:43:38.885Z", "Message":"Vzf38dVyzlYrdLLbAAAA"}
{"DateTime": "2015-03-16T23:43:38.886Z", "Message":{"Msg":"ServerUpdate","Packet":{"playerId":"Vzf38dVyzlYrdLLbAAAA","playerNumber":0,"shipId":1482771,"dt":0.017021936836204985,"position":{"data":{"0":-2.476764440536499,"1":0.9320924878120422,"2":-5.671379089355469}},"orientation":{"data":{"0":174.05908203125,"1":-0.37159010767936707,"2":177.26487731933594}}}}}
{"DateTime": "2015-03-16T23:43:39.101Z", "Message":"Vzf38dVyzlYrdLLbAAAA"}
{"DateTime": "2015-03-16T23:43:39.108Z", "Message":{"Msg":"ServerUpdate","Packet":{"playerId":"Vzf38dVyzlYrdLLbAAAA","playerNumber":0,"shipId":1482771,"dt":0.016983902361276705,"position":{"data":{"0":-1.609086275100708,"1":0.7588950991630554,"2":-4.4124369621276855}},"orientation":{"data":{"0":173.66151428222656,"1":20.36557960510254,"2":175.01242065429688}}}}}
{"DateTime": "2015-03-16T23:43:39.302Z", "Message":"Vzf38dVyzlYrdLLbAAAA"}
{"DateTime": "2015-03-16T23:43:39.310Z", "Message":{"Msg":"ServerUpdate","Packet":{"playerId":"Vzf38dVyzlYrdLLbAAAA","playerNumber":0,"shipId":1482771,"dt":0.017798323102262658,"position":{"data":{"0":-1.1154130697250366,"1":0.6001380085945129,"2":-3.1181724071502686}},"orientation":{"data":{"0":172.55126953125,"1":37.02450942993164,"2":172.72476196289062}}}}}
{"DateTime": "2015-03-16T23:43:39.518Z", "Message":"Vzf38dVyzlYrdLLbAAAA"}
{"DateTime": "2015-03-16T23:43:39.534Z", "Message":{"Msg":"ServerUpdate","Packet":{"playerId":"Vzf38dVyzlYrdLLbAAAA","playerNumber":0,"shipId":1482771,"dt":0.017017710783438816,"position":{"data":{"0":-0.8224296569824219,"1":0.43381819128990173,"2":-1.6579846143722534}},"orientation":{"data":{"0":169.5949249267578,"1":55.035091400146484,"2":168.66844177246094}}}}}
{"DateTime": "2015-03-16T23:43:39.719Z", "Message":"Vzf38dVyzlYrdLLbAAAA"}
{"DateTime": "2015-03-16T23:43:39.737Z", "Message":{"Msg":"ServerUpdate","Packet":{"playerId":"Vzf38dVyzlYrdLLbAAAA","playerNumber":0,"shipId":1482771,"dt":0.018322655506664887,"position":{"data":{"0":-0.9790672063827515,"1":0.30125361680984497,"2":-0.31270480155944824}},"orientation":{"data":{"0":150.81690979003906,"1":77.744873046875,"2":148.6019744873047}}}}}
{"DateTime": "2015-03-16T23:43:39.934Z", "Message":"Vzf38dVyzlYrdLLbAAAA"}
{"DateTime": "2015-03-16T23:43:39.937Z", "Message":{"Msg":"ServerUpdate","Packet":{"playerId":"Vzf38dVyzlYrdLLbAAAA","playerNumber":0,"shipId":1482771,"dt":0.016023079077902368,"position":{"data":{"0":-1.7325478792190552,"1":0.20626576244831085,"2":0.9494507312774658}},"orientation":{"data":{"0":24.665449142456055,"1":75.63999938964844,"2":21.20909309387207}}}}}
{"DateTime": "2015-03-16T23:43:40.134Z", "Message":"Vzf38dVyzlYrdLLbAAAA"}
{"DateTime": "2015-03-16T23:43:40.138Z", "Message":{"Msg":"ServerUpdate","Packet":{"playerId":"Vzf38dVyzlYrdLLbAAAA","playerNumber":0,"shipId":1482771,"dt":0.016023079077898728,"position":{"data":{"0":-2.7783079147338867,"1":0.16468460857868195,"2":1.8349004983901978}},"orientation":{"data":{"0":13.549064636230469,"1":63.782081604003906,"2":9.425371170043945}}}}}
{"DateTime": "2015-03-16T23:43:40.351Z", "Message":"Vzf38dVyzlYrdLLbAAAA"}
{"DateTime": "2015-03-16T23:43:40.358Z", "Message":{"Msg":"ServerUpdate","Packet":{"playerId":"Vzf38dVyzlYrdLLbAAAA","playerNumber":0,"shipId":1482771,"dt":0.01699265632772949,"position":{"data":{"0":-3.9322609901428223,"1":0.12397588044404984,"2":2.762291193008423}},"orientation":{"data":{"0":13.549064636230469,"1":63.782081604003906,"2":9.425371170043945}}}}}
{"DateTime": "2015-03-16T23:43:40.551Z", "Message":"Vzf38dVyzlYrdLLbAAAA"}
{"DateTime": "2015-03-16T23:43:40.561Z", "Message":{"Msg":"ServerUpdate","Packet":{"playerId":"Vzf38dVyzlYrdLLbAAAA","playerNumber":0,"shipId":1482771,"dt":0.017005636346952086,"position":{"data":{"0":-3.9322609901428223,"1":0.12397588044404984,"2":2.762291193008423}},"orientation":{"data":{"0":13.549064636230469,"1":63.782081604003906,"2":9.425371170043945}}}}}
{"DateTime": "2015-03-16T23:43:40.752Z", "Message":"Vzf38dVyzlYrdLLbAAAA"}
{"DateTime": "2015-03-16T23:43:40.765Z", "Message":{"Msg":"ServerUpdate","Packet":{"playerId":"Vzf38dVyzlYrdLLbAAAA","playerNumber":0,"shipId":1482771,"dt":0.01802924670005814,"position":{"data":{"0":-3.9322609901428223,"1":0.12397588044404984,"2":2.762291193008423}},"orientation":{"data":{"0":13.549064636230469,"1":63.782081604003906,"2":9.425371170043945}}}}}
{"DateTime": "2015-03-16T23:43:40.953Z", "Message":"Vzf38dVyzlYrdLLbAAAA"}
{"DateTime": "2015-03-16T23:43:40.969Z", "Message":{"Msg":"ServerUpdate","Packet":{"playerId":"Vzf38dVyzlYrdLLbAAAA","playerNumber":0,"shipId":1482771,"dt":0.018871136784047848,"position":{"data":{"0":-3.9322609901428223,"1":0.12397588044404984,"2":2.762291193008423}},"orientation":{"data":{"0":13.549064636230469,"1":63.782081604003906,"2":9.425371170043945}}}}}
{"DateTime": "2015-03-16T23:43:41.168Z", "Message":"Vzf38dVyzlYrdLLbAAAA"}
{"DateTime": "2015-03-16T23:43:41.175Z", "Message":{"Msg":"ServerUpdate","Packet":{"playerId":"Vzf38dVyzlYrdLLbAAAA","playerNumber":0,"shipId":1482771,"dt":0.016939226946276902,"position":{"data":{"0":-3.9322609901428223,"1":0.12397588044404984,"2":2.762291193008423}},"orientation":{"data":{"0":13.549064636230469,"1":63.782081604003906,"2":9.425371170043945}}}}}
{"DateTime": "2015-03-16T23:43:41.384Z", "Message":"Vzf38dVyzlYrdLLbAAAA"}
{"DateTime": "2015-03-16T23:43:41.397Z", "Message":{"Msg":"ServerUpdate","Packet":{"playerId":"Vzf38dVyzlYrdLLbAAAA","playerNumber":0,"shipId":1482771,"dt":0.016120882013437948,"position":{"data":{"0":-3.9322609901428223,"1":0.12397588044404984,"2":2.762291193008423}},"orientation":{"data":{"0":13.549064636230469,"1":63.782081604003906,"2":9.425371170043945}}}}}
{"DateTime": "2015-03-16T23:43:41.602Z", "Message":"Vzf38dVyzlYrdLLbAAAA"}
{"DateTime": "2015-03-16T23:43:41.621Z", "Message":{"Msg":"ServerUpdate","Packet":{"playerId":"Vzf38dVyzlYrdLLbAAAA","playerNumber":0,"shipId":1482771,"dt":0.017992117807865724,"position":{"data":{"0":-3.9322609901428223,"1":0.12397588044404984,"2":2.762291193008423}},"orientation":{"data":{"0":13.549064636230469,"1":63.782081604003906,"2":9.425371170043945}}}}}
{"DateTime": "2015-03-16T23:43:41.818Z", "Message":"Vzf38dVyzlYrdLLbAAAA"}
{"DateTime": "2015-03-16T23:43:41.824Z", "Message":{"Msg":"ServerUpdate","Packet":{"playerId":"Vzf38dVyzlYrdLLbAAAA","playerNumber":0,"shipId":1482771,"dt":0.017052726649249964,"position":{"data":{"0":-3.9322609901428223,"1":0.12397588044404984,"2":2.762291193008423}},"orientation":{"data":{"0":13.549064636230469,"1":63.782081604003906,"2":9.425371170043945}}}}}
{"DateTime": "2015-03-16T23:43:42.034Z", "Message":"Vzf38dVyzlYrdLLbAAAA"}
{"DateTime": "2015-03-16T23:43:42.049Z", "Message":{"Msg":"ServerUpdate","Packet":{"playerId":"Vzf38dVyzlYrdLLbAAAA","playerNumber":0,"shipId":1482771,"dt":0.015899617964831123,"position":{"data":{"0":-3.9322609901428223,"1":0.12397588044404984,"2":2.762291193008423}},"orientation":{"data":{"0":13.549064636230469,"1":63.782081604003906,"2":9.425371170043945}}}}}
{"DateTime": "2015-03-16T23:43:42.234Z", "Message":"Vzf38dVyzlYrdLLbAAAA"}
{"DateTime": "2015-03-16T23:43:42.252Z", "Message":{"Msg":"ServerUpdate","Packet":{"playerId":"Vzf38dVyzlYrdLLbAAAA","playerNumber":0,"shipId":1482771,"dt":0.015986855768442183,"position":{"data":{"0":-3.9322609901428223,"1":0.12397588044404984,"2":2.762291193008423}},"orientation":{"data":{"0":13.549064636230469,"1":63.782081604003906,"2":9.425371170043945}}}}}
{"DateTime": "2015-03-16T23:43:43.520Z", "Message":"Vzf38dVyzlYrdLLbAAAA"}
{"DateTime": "2015-03-16T23:43:43.521Z", "Message":"Vzf38dVyzlYrdLLbAAAA"}
{"DateTime": "2015-03-16T23:43:43.529Z", "Message":{"Msg":"ServerQuit","Packet":{"playerId":"Vzf38dVyzlYrdLLbAAAA","playerNumber":0}}}
