{"DateTime": "2015-03-14T16:39:06.552Z", "Message":"izEy5m6GMfErnGnTAAAA"}
{"DateTime": "2015-03-14T16:39:06.639Z", "Message":"izEy5m6GMfErnGnTAAAA"}
{"DateTime": "2015-03-14T16:39:06.639Z", "Message":"izEy5m6GMfErnGnTAAAA"}
{"DateTime": "2015-03-14T16:39:06.657Z", "Message":{"Msg":"ServerMessage","Packet":"0 joined."}}
{"DateTime": "2015-03-14T16:39:20.662Z", "Message":"izEy5m6GMfErnGnTAAAA"}
{"DateTime": "2015-03-14T16:39:20.677Z", "Message":{"Msg":"ServerSpawn","Packet":{"playerId":"izEy5m6GMfErnGnTAAAA","playerNumber":0,"shipId":1482771,"position":{"data":{"0":0,"1":0,"2":0}},"orientation":{"data":{"0":0,"1":0,"2":0}}}}}
{"DateTime": "2015-03-14T16:39:20.859Z", "Message":"izEy5m6GMfErnGnTAAAA"}
{"DateTime": "2015-03-14T16:39:20.860Z", "Message":{"Msg":"ServerUpdate","Packet":{"playerId":"izEy5m6GMfErnGnTAAAA","playerNumber":0,"shipId":1482771,"position":{"data":{"0":0,"1":0,"2":0}},"orientation":{"data":{"0":0,"1":0,"2":0}}}}}
{"DateTime": "2015-03-14T16:39:21.076Z", "Message":"izEy5m6GMfErnGnTAAAA"}
{"DateTime": "2015-03-14T16:39:21.083Z", "Message":{"Msg":"ServerUpdate","Packet":{"playerId":"izEy5m6GMfErnGnTAAAA","playerNumber":0,"shipId":1482771,"position":{"data":{"0":0,"1":0,"2":0}},"orientation":{"data":{"0":0,"1":0,"2":0}}}}}
{"DateTime": "2015-03-14T16:39:21.291Z", "Message":"izEy5m6GMfErnGnTAAAA"}
{"DateTime": "2015-03-14T16:39:21.309Z", "Message":{"Msg":"ServerUpdate","Packet":{"playerId":"izEy5m6GMfErnGnTAAAA","playerNumber":0,"shipId":1482771,"position":{"data":{"0":0,"1":0,"2":0}},"orientation":{"data":{"0":0,"1":0,"2":0}}}}}
{"DateTime": "2015-03-14T16:39:21.491Z", "Message":"izEy5m6GMfErnGnTAAAA"}
{"DateTime": "2015-03-14T16:39:21.510Z", "Message":{"Msg":"ServerUpdate","Packet":{"playerId":"izEy5m6GMfErnGnTAAAA","playerNumber":0,"shipId":1482771,"position":{"data":{"0":0,"1":0,"2":0}},"orientation":{"data":{"0":2.5553483963012695,"1":3.718101739883423,"2":0.05530008301138878}}}}}
{"DateTime": "2015-03-14T16:39:21.709Z", "Message":"izEy5m6GMfErnGnTAAAA"}
{"DateTime": "2015-03-14T16:39:21.712Z", "Message":{"Msg":"ServerUpdate","Packet":{"playerId":"izEy5m6GMfErnGnTAAAA","playerNumber":0,"shipId":1482771,"position":{"data":{"0":0,"1":0,"2":0}},"orientation":{"data":{"0":15.004939079284668,"1":29.334808349609375,"2":3.9434993267059326}}}}}
{"DateTime": "2015-03-14T16:39:21.909Z", "Message":"izEy5m6GMfErnGnTAAAA"}
{"DateTime": "2015-03-14T16:39:21.916Z", "Message":{"Msg":"ServerUpdate","Packet":{"playerId":"izEy5m6GMfErnGnTAAAA","playerNumber":0,"shipId":1482771,"position":{"data":{"0":-0.035633381456136703,"1":0.013505679555237293,"2":-0.025282518938183784}},"orientation":{"data":{"0":29.591108322143555,"1":50.52267074584961,"2":15.584543228149414}}}}}
{"DateTime": "2015-03-14T16:39:22.126Z", "Message":"izEy5m6GMfErnGnTAAAA"}
{"DateTime": "2015-03-14T16:39:22.139Z", "Message":{"Msg":"ServerUpdate","Packet":{"playerId":"izEy5m6GMfErnGnTAAAA","playerNumber":0,"shipId":1482771,"position":{"data":{"0":-0.8010863661766052,"1":0.2911132872104645,"2":-0.5309208035469055}},"orientation":{"data":{"0":30.78997802734375,"1":52.17074203491211,"2":17.119504928588867}}}}}
{"DateTime": "2015-03-14T16:39:22.342Z", "Message":"izEy5m6GMfErnGnTAAAA"}
{"DateTime": "2015-03-14T16:39:22.360Z", "Message":{"Msg":"ServerUpdate","Packet":{"playerId":"izEy5m6GMfErnGnTAAAA","playerNumber":0,"shipId":1482771,"position":{"data":{"0":-2.18796443939209,"1":0.7935006618499756,"2":-1.4452804327011108}},"orientation":{"data":{"0":30.78997802734375,"1":52.17074203491211,"2":17.119504928588867}}}}}
{"DateTime": "2015-03-14T16:39:22.558Z", "Message":"izEy5m6GMfErnGnTAAAA"}
{"DateTime": "2015-03-14T16:39:22.561Z", "Message":{"Msg":"ServerUpdate","Packet":{"playerId":"izEy5m6GMfErnGnTAAAA","playerNumber":0,"shipId":1482771,"position":{"data":{"0":-3.33414363861084,"1":1.1959011554718018,"2":-2.162637948989868}},"orientation":{"data":{"0":30.78997802734375,"1":52.17074203491211,"2":17.119504928588867}}}}}
{"DateTime": "2015-03-14T16:39:22.758Z", "Message":"izEy5m6GMfErnGnTAAAA"}
{"DateTime": "2015-03-14T16:39:22.765Z", "Message":{"Msg":"ServerUpdate","Packet":{"playerId":"izEy5m6GMfErnGnTAAAA","playerNumber":0,"shipId":1482771,"position":{"data":{"0":-4.6720781326293945,"1":1.3265572786331177,"2":-1.984802484512329}},"orientation":{"data":{"0":27.472505569458008,"1":47.11408996582031,"2":12.77108383178711}}}}}
{"DateTime": "2015-03-14T16:39:22.959Z", "Message":"izEy5m6GMfErnGnTAAAA"}
{"DateTime": "2015-03-14T16:39:22.968Z", "Message":{"Msg":"ServerUpdate","Packet":{"playerId":"izEy5m6GMfErnGnTAAAA","playerNumber":0,"shipId":1482771,"position":{"data":{"0":-5.993916988372803,"1":1.4343369007110596,"2":-1.7453179359436035}},"orientation":{"data":{"0":21.24858283996582,"1":29.972021102905273,"2":2.908738374710083}}}}}
{"DateTime": "2015-03-14T16:39:23.175Z", "Message":"izEy5m6GMfErnGnTAAAA"}
{"DateTime": "2015-03-14T16:39:23.191Z", "Message":{"Msg":"ServerUpdate","Packet":{"playerId":"izEy5m6GMfErnGnTAAAA","playerNumber":0,"shipId":1482771,"position":{"data":{"0":-7.3880228996276855,"1":1.7319756746292114,"2":-2.043560266494751}},"orientation":{"data":{"0":18.38234519958496,"1":5.415519714355469,"2":-6.28827428817749}}}}}
{"DateTime": "2015-03-14T16:39:23.375Z", "Message":"izEy5m6GMfErnGnTAAAA"}
{"DateTime": "2015-03-14T16:39:23.394Z", "Message":{"Msg":"ServerUpdate","Packet":{"playerId":"izEy5m6GMfErnGnTAAAA","playerNumber":0,"shipId":1482771,"position":{"data":{"0":-8.408599853515625,"1":2.136268138885498,"2":-2.820003032684326}},"orientation":{"data":{"0":19.20218276977539,"1":-17.343460083007812,"2":-14.011971473693848}}}}}
{"DateTime": "2015-03-14T16:39:23.575Z", "Message":"izEy5m6GMfErnGnTAAAA"}
{"DateTime": "2015-03-14T16:39:23.577Z", "Message":{"Msg":"ServerUpdate","Packet":{"playerId":"izEy5m6GMfErnGnTAAAA","playerNumber":0,"shipId":1482771,"position":{"data":{"0":-9.040477752685547,"1":2.587010383605957,"2":-3.9008378982543945}},"orientation":{"data":{"0":24.126262664794922,"1":-39.81882095336914,"2":-24.087554931640625}}}}}
{"DateTime": "2015-03-14T16:39:23.791Z", "Message":"izEy5m6GMfErnGnTAAAA"}
{"DateTime": "2015-03-14T16:39:23.799Z", "Message":{"Msg":"ServerUpdate","Packet":{"playerId":"izEy5m6GMfErnGnTAAAA","playerNumber":0,"shipId":1482771,"position":{"data":{"0":-9.18393325805664,"1":3.0487005710601807,"2":-5.222184658050537}},"orientation":{"data":{"0":41.84890365600586,"1":-61.92873764038086,"2":-46.403263092041016}}}}}
{"DateTime": "2015-03-14T16:39:23.991Z", "Message":"izEy5m6GMfErnGnTAAAA"}
{"DateTime": "2015-03-14T16:39:24.000Z", "Message":{"Msg":"ServerUpdate","Packet":{"playerId":"izEy5m6GMfErnGnTAAAA","playerNumber":0,"shipId":1482771,"position":{"data":{"0":-8.767109870910645,"1":3.389821767807007,"2":-6.42573356628418}},"orientation":{"data":{"0":90.91706085205078,"1":-71.70716094970703,"2":-100.29155731201172}}}}}
{"DateTime": "2015-03-14T16:39:24.192Z", "Message":"izEy5m6GMfErnGnTAAAA"}
{"DateTime": "2015-03-14T16:39:24.203Z", "Message":{"Msg":"ServerUpdate","Packet":{"playerId":"izEy5m6GMfErnGnTAAAA","playerNumber":0,"shipId":1482771,"position":{"data":{"0":-7.933322906494141,"1":3.746122360229492,"2":-7.3675737380981445}},"orientation":{"data":{"0":109.2144546508789,"1":-45.95049285888672,"2":-128.81251525878906}}}}}
{"DateTime": "2015-03-14T16:39:24.408Z", "Message":"izEy5m6GMfErnGnTAAAA"}
{"DateTime": "2015-03-14T16:39:24.424Z", "Message":{"Msg":"ServerUpdate","Packet":{"playerId":"izEy5m6GMfErnGnTAAAA","playerNumber":0,"shipId":1482771,"position":{"data":{"0":-6.651824474334717,"1":4.161190509796143,"2":-7.743079662322998}},"orientation":{"data":{"0":116.47380828857422,"1":-12.025103569030762,"2":-144.08404541015625}}}}}
{"DateTime": "2015-03-14T16:39:24.609Z", "Message":"izEy5m6GMfErnGnTAAAA"}
{"DateTime": "2015-03-14T16:39:24.627Z", "Message":{"Msg":"ServerUpdate","Packet":{"playerId":"izEy5m6GMfErnGnTAAAA","playerNumber":0,"shipId":1482771,"position":{"data":{"0":-5.409396648406982,"1":4.30538272857666,"2":-7.388057708740234}},"orientation":{"data":{"0":115.22795867919922,"1":20.135255813598633,"2":-155.0998992919922}}}}}
{"DateTime": "2015-03-14T16:39:24.809Z", "Message":"izEy5m6GMfErnGnTAAAA"}
{"DateTime": "2015-03-14T16:39:24.810Z", "Message":{"Msg":"ServerUpdate","Packet":{"playerId":"izEy5m6GMfErnGnTAAAA","playerNumber":0,"shipId":1482771,"position":{"data":{"0":-4.451770782470703,"1":4.126183032989502,"2":-6.516213893890381}},"orientation":{"data":{"0":104.05018615722656,"1":51.0949592590332,"2":-172.7918701171875}}}}}
{"DateTime": "2015-03-14T16:39:25.010Z", "Message":"izEy5m6GMfErnGnTAAAA"}
{"DateTime": "2015-03-14T16:39:25.013Z", "Message":{"Msg":"ServerUpdate","Packet":{"playerId":"izEy5m6GMfErnGnTAAAA","playerNumber":0,"shipId":1482771,"position":{"data":{"0":-3.9816346168518066,"1":3.7866344451904297,"2":-5.380179405212402}},"orientation":{"data":{"0":46.27826690673828,"1":71.02534484863281,"2":123.9966049194336}}}}}
{"DateTime": "2015-03-14T16:39:25.210Z", "Message":"izEy5m6GMfErnGnTAAAA"}
{"DateTime": "2015-03-14T16:39:25.215Z", "Message":{"Msg":"ServerUpdate","Packet":{"playerId":"izEy5m6GMfErnGnTAAAA","playerNumber":0,"shipId":1482771,"position":{"data":{"0":-4.115506649017334,"1":3.2879319190979004,"2":-4.2498297691345215}},"orientation":{"data":{"0":-2.661482572555542,"1":63.93414306640625,"2":50.5941276550293}}}}}
{"DateTime": "2015-03-14T16:39:25.426Z", "Message":"izEy5m6GMfErnGnTAAAA"}
{"DateTime": "2015-03-14T16:39:25.440Z", "Message":{"Msg":"ServerUpdate","Packet":{"playerId":"izEy5m6GMfErnGnTAAAA","playerNumber":0,"shipId":1482771,"position":{"data":{"0":-5.126959800720215,"1":2.5671162605285645,"2":-3.7806901931762695}},"orientation":{"data":{"0":-65.30337524414062,"1":68.0845718383789,"2":-34.916500091552734}}}}}
{"DateTime": "2015-03-14T16:39:25.642Z", "Message":"izEy5m6GMfErnGnTAAAA"}
{"DateTime": "2015-03-14T16:39:25.661Z", "Message":{"Msg":"ServerUpdate","Packet":{"playerId":"izEy5m6GMfErnGnTAAAA","playerNumber":0,"shipId":1482771,"position":{"data":{"0":-6.428314685821533,"1":2.0782761573791504,"2":-3.767618417739868}},"orientation":{"data":{"0":-99.79954528808594,"1":43.283836364746094,"2":-87.04230499267578}}}}}
{"DateTime": "2015-03-14T16:39:25.842Z", "Message":"izEy5m6GMfErnGnTAAAA"}
{"DateTime": "2015-03-14T16:39:25.843Z", "Message":{"Msg":"ServerUpdate","Packet":{"playerId":"izEy5m6GMfErnGnTAAAA","playerNumber":0,"shipId":1482771,"position":{"data":{"0":-7.760773658752441,"1":1.611599326133728,"2":-3.7969400882720947}},"orientation":{"data":{"0":-101.49784851074219,"1":14.811287879943848,"2":-108.58786010742188}}}}}
{"DateTime": "2015-03-14T16:39:26.042Z", "Message":"izEy5m6GMfErnGnTAAAA"}
{"DateTime": "2015-03-14T16:39:26.043Z", "Message":{"Msg":"ServerUpdate","Packet":{"playerId":"izEy5m6GMfErnGnTAAAA","playerNumber":0,"shipId":1482771,"position":{"data":{"0":-9.181488990783691,"1":1.429234504699707,"2":-3.6984965801239014}},"orientation":{"data":{"0":-94.94480895996094,"1":1.345908522605896,"2":-130.5393829345703}}}}}
{"DateTime": "2015-03-14T16:39:26.260Z", "Message":"izEy5m6GMfErnGnTAAAA"}
{"DateTime": "2015-03-14T16:39:26.264Z", "Message":{"Msg":"ServerUpdate","Packet":{"playerId":"izEy5m6GMfErnGnTAAAA","playerNumber":0,"shipId":1482771,"position":{"data":{"0":-10.653337478637695,"1":1.9018511772155762,"2":-3.6516661643981934}},"orientation":{"data":{"0":-92.21939849853516,"1":0.0848882868885994,"2":-156.43765258789062}}}}}
{"DateTime": "2015-03-14T16:39:26.476Z", "Message":"izEy5m6GMfErnGnTAAAA"}
{"DateTime": "2015-03-14T16:39:26.486Z", "Message":{"Msg":"ServerUpdate","Packet":{"playerId":"izEy5m6GMfErnGnTAAAA","playerNumber":0,"shipId":1482771,"position":{"data":{"0":-11.754644393920898,"1":2.9868435859680176,"2":-3.7429981231689453}},"orientation":{"data":{"0":-97.85437774658203,"1":22.08614158630371,"2":175.18878173828125}}}}}
{"DateTime": "2015-03-14T16:39:26.676Z", "Message":"izEy5m6GMfErnGnTAAAA"}
{"DateTime": "2015-03-14T16:39:26.689Z", "Message":{"Msg":"ServerUpdate","Packet":{"playerId":"izEy5m6GMfErnGnTAAAA","playerNumber":0,"shipId":1482771,"position":{"data":{"0":-12.16719913482666,"1":4.344069957733154,"2":-3.9202218055725098}},"orientation":{"data":{"0":-116.43669128417969,"1":38.52134323120117,"2":140.39723205566406}}}}}
{"DateTime": "2015-03-14T16:39:26.876Z", "Message":"izEy5m6GMfErnGnTAAAA"}
{"DateTime": "2015-03-14T16:39:26.893Z", "Message":{"Msg":"ServerUpdate","Packet":{"playerId":"izEy5m6GMfErnGnTAAAA","playerNumber":0,"shipId":1482771,"position":{"data":{"0":-11.874079704284668,"1":5.628287315368652,"2":-3.7770280838012695}},"orientation":{"data":{"0":-148.2232666015625,"1":40.80942916870117,"2":95.94181823730469}}}}}
{"DateTime": "2015-03-14T16:39:27.077Z", "Message":"izEy5m6GMfErnGnTAAAA"}
{"DateTime": "2015-03-14T16:39:27.095Z", "Message":{"Msg":"ServerUpdate","Packet":{"playerId":"izEy5m6GMfErnGnTAAAA","playerNumber":0,"shipId":1482771,"position":{"data":{"0":-11.417887687683105,"1":6.579661846160889,"2":-3.0250954627990723}},"orientation":{"data":{"0":179.00779724121094,"1":23.557716369628906,"2":65.4561767578125}}}}}
{"DateTime": "2015-03-14T16:39:27.292Z", "Message":"izEy5m6GMfErnGnTAAAA"}
{"DateTime": "2015-03-14T16:39:27.297Z", "Message":{"Msg":"ServerUpdate","Packet":{"playerId":"izEy5m6GMfErnGnTAAAA","playerNumber":0,"shipId":1482771,"position":{"data":{"0":-11.527393341064453,"1":6.883055210113525,"2":-1.6616884469985962}},"orientation":{"data":{"0":165.0868377685547,"1":-1.9374395608901978,"2":69.10662841796875}}}}}
{"DateTime": "2015-03-14T16:39:27.492Z", "Message":"izEy5m6GMfErnGnTAAAA"}
{"DateTime": "2015-03-14T16:39:27.500Z", "Message":{"Msg":"ServerUpdate","Packet":{"playerId":"izEy5m6GMfErnGnTAAAA","playerNumber":0,"shipId":1482771,"position":{"data":{"0":-11.948001861572266,"1":6.688839435577393,"2":-0.456819087266922}},"orientation":{"data":{"0":163.50265502929688,"1":-25.075050354003906,"2":75.7448501586914}}}}}
{"DateTime": "2015-03-14T16:39:27.692Z", "Message":"izEy5m6GMfErnGnTAAAA"}
{"DateTime": "2015-03-14T16:39:27.700Z", "Message":{"Msg":"ServerUpdate","Packet":{"playerId":"izEy5m6GMfErnGnTAAAA","playerNumber":0,"shipId":1482771,"position":{"data":{"0":-12.48190689086914,"1":6.030883312225342,"2":0.5083525776863098}},"orientation":{"data":{"0":157.55076599121094,"1":-47.65778350830078,"2":85.57305145263672}}}}}
{"DateTime": "2015-03-14T16:39:27.910Z", "Message":"izEy5m6GMfErnGnTAAAA"}
{"DateTime": "2015-03-14T16:39:27.921Z", "Message":{"Msg":"ServerUpdate","Packet":{"playerId":"izEy5m6GMfErnGnTAAAA","playerNumber":0,"shipId":1482771,"position":{"data":{"0":-13.084956169128418,"1":4.925046920776367,"2":1.1011296510696411}},"orientation":{"data":{"0":132.63510131835938,"1":-69.53604888916016,"2":114.09085083007812}}}}}
{"DateTime": "2015-03-14T16:39:28.126Z", "Message":"izEy5m6GMfErnGnTAAAA"}
{"DateTime": "2015-03-14T16:39:28.141Z", "Message":{"Msg":"ServerUpdate","Packet":{"playerId":"izEy5m6GMfErnGnTAAAA","playerNumber":0,"shipId":1482771,"position":{"data":{"0":-13.852884292602539,"1":3.751826524734497,"2":1.2682970762252808}},"orientation":{"data":{"0":-137.3027801513672,"1":-76.22982788085938,"2":8.664678573608398}}}}}
{"DateTime": "2015-03-14T16:39:28.326Z", "Message":"izEy5m6GMfErnGnTAAAA"}
{"DateTime": "2015-03-14T16:39:28.341Z", "Message":{"Msg":"ServerUpdate","Packet":{"playerId":"izEy5m6GMfErnGnTAAAA","playerNumber":0,"shipId":1482771,"position":{"data":{"0":-14.527233123779297,"1":2.777076482772827,"2":1.7632173299789429}},"orientation":{"data":{"0":-157.6016387939453,"1":-53.6368408203125,"2":31.40652847290039}}}}}
{"DateTime": "2015-03-14T16:39:28.527Z", "Message":"izEy5m6GMfErnGnTAAAA"}
{"DateTime": "2015-03-14T16:39:28.544Z", "Message":{"Msg":"ServerUpdate","Packet":{"playerId":"izEy5m6GMfErnGnTAAAA","playerNumber":0,"shipId":1482771,"position":{"data":{"0":-14.930646896362305,"1":1.9670329093933105,"2":2.6912827491760254}},"orientation":{"data":{"0":-164.76048278808594,"1":-30.74043083190918,"2":41.83894729614258}}}}}
{"DateTime": "2015-03-14T16:39:28.742Z", "Message":"izEy5m6GMfErnGnTAAAA"}
{"DateTime": "2015-03-14T16:39:28.749Z", "Message":{"Msg":"ServerUpdate","Packet":{"playerId":"izEy5m6GMfErnGnTAAAA","playerNumber":0,"shipId":1482771,"position":{"data":{"0":-15.087491989135742,"1":1.550980806350708,"2":4.014274597167969}},"orientation":{"data":{"0":-177.77008056640625,"1":-5.059525012969971,"2":46.06551742553711}}}}}
{"DateTime": "2015-03-14T16:39:28.942Z", "Message":"izEy5m6GMfErnGnTAAAA"}
{"DateTime": "2015-03-14T16:39:28.955Z", "Message":{"Msg":"ServerUpdate","Packet":{"playerId":"izEy5m6GMfErnGnTAAAA","playerNumber":0,"shipId":1482771,"position":{"data":{"0":-15.044099807739258,"1":1.4576483964920044,"2":5.309821605682373}},"orientation":{"data":{"0":-175.39157104492188,"1":-1.3492017984390259,"2":46.23655319213867}}}}}
{"DateTime": "2015-03-14T16:39:29.159Z", "Message":"izEy5m6GMfErnGnTAAAA"}
{"DateTime": "2015-03-14T16:39:29.159Z", "Message":{"Msg":"ServerUpdate","Packet":{"playerId":"izEy5m6GMfErnGnTAAAA","playerNumber":0,"shipId":1482771,"position":{"data":{"0":-14.891244888305664,"1":1.4564573764801025,"2":6.692413806915283}},"orientation":{"data":{"0":-175.24107360839844,"1":14.49341869354248,"2":47.538883209228516}}}}}
{"DateTime": "2015-03-14T16:39:29.360Z", "Message":"izEy5m6GMfErnGnTAAAA"}
{"DateTime": "2015-03-14T16:39:29.361Z", "Message":{"Msg":"ServerUpdate","Packet":{"playerId":"izEy5m6GMfErnGnTAAAA","playerNumber":0,"shipId":1482771,"position":{"data":{"0":-14.298917770385742,"1":1.9576842784881592,"2":7.716873645782471}},"orientation":{"data":{"0":-174.11776733398438,"1":38.39346694946289,"2":50.00640869140625}}}}}
{"DateTime": "2015-03-14T16:39:29.576Z", "Message":"izEy5m6GMfErnGnTAAAA"}
{"DateTime": "2015-03-14T16:39:29.581Z", "Message":{"Msg":"ServerUpdate","Packet":{"playerId":"izEy5m6GMfErnGnTAAAA","playerNumber":0,"shipId":1482771,"position":{"data":{"0":-13.219552993774414,"1":3.0035059452056885,"2":8.05309772491455}},"orientation":{"data":{"0":-162.8587188720703,"1":61.80961227416992,"2":55.41365432739258}}}}}
{"DateTime": "2015-03-14T16:39:29.776Z", "Message":"izEy5m6GMfErnGnTAAAA"}
{"DateTime": "2015-03-14T16:39:29.786Z", "Message":{"Msg":"ServerUpdate","Packet":{"playerId":"izEy5m6GMfErnGnTAAAA","playerNumber":0,"shipId":1482771,"position":{"data":{"0":-11.962468147277832,"1":3.6916205883026123,"2":8.002728462219238}},"orientation":{"data":{"0":-138.1630401611328,"1":62.89860534667969,"2":56.197898864746094}}}}}
{"DateTime": "2015-03-14T16:39:29.976Z", "Message":"izEy5m6GMfErnGnTAAAA"}
{"DateTime": "2015-03-14T16:39:29.991Z", "Message":{"Msg":"ServerUpdate","Packet":{"playerId":"izEy5m6GMfErnGnTAAAA","playerNumber":0,"shipId":1482771,"position":{"data":{"0":-10.576688766479492,"1":3.8834598064422607,"2":7.856727123260498}},"orientation":{"data":{"0":-116.69493103027344,"1":62.89860534667969,"2":56.197898864746094}}}}}
{"DateTime": "2015-03-14T16:39:30.176Z", "Message":"izEy5m6GMfErnGnTAAAA"}
{"DateTime": "2015-03-14T16:39:30.194Z", "Message":{"Msg":"ServerUpdate","Packet":{"playerId":"izEy5m6GMfErnGnTAAAA","playerNumber":0,"shipId":1482771,"position":{"data":{"0":-9.421608924865723,"1":3.3761186599731445,"2":8.096871376037598}},"orientation":{"data":{"0":-93.38619232177734,"1":62.89860534667969,"2":56.197898864746094}}}}}
{"DateTime": "2015-03-14T16:39:30.392Z", "Message":"izEy5m6GMfErnGnTAAAA"}
{"DateTime": "2015-03-14T16:39:30.397Z", "Message":{"Msg":"ServerUpdate","Packet":{"playerId":"izEy5m6GMfErnGnTAAAA","playerNumber":0,"shipId":1482771,"position":{"data":{"0":-8.614219665527344,"1":2.3464882373809814,"2":8.9791259765625}},"orientation":{"data":{"0":-88.9056167602539,"1":62.82378005981445,"2":64.03609466552734}}}}}
{"DateTime": "2015-03-14T16:39:30.592Z", "Message":"izEy5m6GMfErnGnTAAAA"}
{"DateTime": "2015-03-14T16:39:30.600Z", "Message":{"Msg":"ServerUpdate","Packet":{"playerId":"izEy5m6GMfErnGnTAAAA","playerNumber":0,"shipId":1482771,"position":{"data":{"0":-7.407602310180664,"1":2.008000135421753,"2":9.08434772491455}},"orientation":{"data":{"0":-85.00253295898438,"1":62.690433502197266,"2":92.00370788574219}}}}}
{"DateTime": "2015-03-14T16:39:30.810Z", "Message":"izEy5m6GMfErnGnTAAAA"}
{"DateTime": "2015-03-14T16:39:30.821Z", "Message":{"Msg":"ServerUpdate","Packet":{"playerId":"izEy5m6GMfErnGnTAAAA","playerNumber":0,"shipId":1482771,"position":{"data":{"0":-6.255865573883057,"1":2.526581048965454,"2":8.12195873260498}},"orientation":{"data":{"0":-56.70294952392578,"1":54.01759719848633,"2":134.26995849609375}}}}}
{"DateTime": "2015-03-14T16:39:31.026Z", "Message":"izEy5m6GMfErnGnTAAAA"}
{"DateTime": "2015-03-14T16:39:31.045Z", "Message":{"Msg":"ServerUpdate","Packet":{"playerId":"izEy5m6GMfErnGnTAAAA","playerNumber":0,"shipId":1482771,"position":{"data":{"0":-5.298250675201416,"1":3.1628551483154297,"2":7.152045249938965}},"orientation":{"data":{"0":-43.17866516113281,"1":44.13754653930664,"2":152.04165649414062}}}}}
{"DateTime": "2015-03-14T16:39:31.227Z", "Message":"izEy5m6GMfErnGnTAAAA"}
{"DateTime": "2015-03-14T16:39:31.247Z", "Message":{"Msg":"ServerUpdate","Packet":{"playerId":"izEy5m6GMfErnGnTAAAA","playerNumber":0,"shipId":1482771,"position":{"data":{"0":-4.617916107177734,"1":3.7121870517730713,"2":6.174713611602783}},"orientation":{"data":{"0":-24.792695999145508,"1":26.636749267578125,"2":168.07662963867188}}}}}
{"DateTime": "2015-03-14T16:39:31.442Z", "Message":"izEy5m6GMfErnGnTAAAA"}
{"DateTime": "2015-03-14T16:39:31.452Z", "Message":{"Msg":"ServerUpdate","Packet":{"playerId":"izEy5m6GMfErnGnTAAAA","playerNumber":0,"shipId":1482771,"position":{"data":{"0":-3.9938838481903076,"1":3.8469796180725098,"2":4.923774719238281}},"orientation":{"data":{"0":1.600798487663269,"1":22.387588500976562,"2":168.76675415039062}}}}}
{"DateTime": "2015-03-14T16:39:31.642Z", "Message":"izEy5m6GMfErnGnTAAAA"}
{"DateTime": "2015-03-14T16:39:31.655Z", "Message":{"Msg":"ServerUpdate","Packet":{"playerId":"izEy5m6GMfErnGnTAAAA","playerNumber":0,"shipId":1482771,"position":{"data":{"0":-3.7485735416412354,"1":3.5056631565093994,"2":3.711259365081787}},"orientation":{"data":{"0":20.022863388061523,"1":8.862512588500977,"2":166.2257080078125}}}}}
{"DateTime": "2015-03-14T16:39:31.842Z", "Message":"izEy5m6GMfErnGnTAAAA"}
{"DateTime": "2015-03-14T16:39:31.856Z", "Message":{"Msg":"ServerUpdate","Packet":{"playerId":"izEy5m6GMfErnGnTAAAA","playerNumber":0,"shipId":1482771,"position":{"data":{"0":-3.6717581748962402,"1":3.0283586978912354,"2":2.5039448738098145}},"orientation":{"data":{"0":20.022863388061523,"1":8.862512588500977,"2":166.2257080078125}}}}}
{"DateTime": "2015-03-14T16:39:32.060Z", "Message":"izEy5m6GMfErnGnTAAAA"}
{"DateTime": "2015-03-14T16:39:32.077Z", "Message":{"Msg":"ServerUpdate","Packet":{"playerId":"izEy5m6GMfErnGnTAAAA","playerNumber":0,"shipId":1482771,"position":{"data":{"0":-3.5008270740509033,"1":2.520977020263672,"2":1.2044565677642822}},"orientation":{"data":{"0":14.418331146240234,"1":8.862512588500977,"2":166.2257080078125}}}}}
{"DateTime": "2015-03-14T16:39:32.276Z", "Message":"izEy5m6GMfErnGnTAAAA"}
{"DateTime": "2015-03-14T16:39:32.281Z", "Message":{"Msg":"ServerUpdate","Packet":{"playerId":"izEy5m6GMfErnGnTAAAA","playerNumber":0,"shipId":1482771,"position":{"data":{"0":-2.4558205604553223,"1":2.2085750102996826,"2":0.09227389097213745}},"orientation":{"data":{"0":-8.713508605957031,"1":5.5850934982299805,"2":166.06903076171875}}}}}
{"DateTime": "2015-03-14T16:39:32.476Z", "Message":"izEy5m6GMfErnGnTAAAA"}
{"DateTime": "2015-03-14T16:39:32.484Z", "Message":{"Msg":"ServerUpdate","Packet":{"playerId":"izEy5m6GMfErnGnTAAAA","playerNumber":0,"shipId":1482771,"position":{"data":{"0":-1.4096053838729858,"1":2.1175503730773926,"2":-0.8783817291259766}},"orientation":{"data":{"0":-8.713508605957031,"1":5.5850934982299805,"2":166.06903076171875}}}}}
{"DateTime": "2015-03-14T16:39:32.677Z", "Message":"izEy5m6GMfErnGnTAAAA"}
{"DateTime": "2015-03-14T16:39:32.687Z", "Message":{"Msg":"ServerUpdate","Packet":{"playerId":"izEy5m6GMfErnGnTAAAA","playerNumber":0,"shipId":1482771,"position":{"data":{"0":-0.40970921516418457,"1":2.0394105911254883,"2":-1.8626121282577515}},"orientation":{"data":{"0":-8.68912410736084,"1":3.6022984981536865,"2":166.37344360351562}}}}}
{"DateTime": "2015-03-14T16:39:32.893Z", "Message":"izEy5m6GMfErnGnTAAAA"}
{"DateTime": "2015-03-14T16:39:32.911Z", "Message":{"Msg":"ServerUpdate","Packet":{"playerId":"izEy5m6GMfErnGnTAAAA","playerNumber":0,"shipId":1482771,"position":{"data":{"0":-0.15141470730304718,"1":2.2019572257995605,"2":-3.2248334884643555}},"orientation":{"data":{"0":-7.979518890380859,"1":-0.3998014032840729,"2":-166.73641967773438}}}}}
{"DateTime": "2015-03-14T16:39:33.109Z", "Message":"izEy5m6GMfErnGnTAAAA"}
{"DateTime": "2015-03-14T16:39:33.114Z", "Message":{"Msg":"ServerUpdate","Packet":{"playerId":"izEy5m6GMfErnGnTAAAA","playerNumber":0,"shipId":1482771,"position":{"data":{"0":-0.09036356210708618,"1":2.453275203704834,"2":-4.597308158874512}},"orientation":{"data":{"0":-5.772370338439941,"1":18.701189041137695,"2":-142.7774200439453}}}}}
{"DateTime": "2015-03-14T16:39:33.327Z", "Message":"izEy5m6GMfErnGnTAAAA"}
{"DateTime": "2015-03-14T16:39:33.336Z", "Message":{"Msg":"ServerUpdate","Packet":{"playerId":"izEy5m6GMfErnGnTAAAA","playerNumber":0,"shipId":1482771,"position":{"data":{"0":0.07294860482215881,"1":2.6627018451690674,"2":-5.287096977233887}},"orientation":{"data":{"0":3.361137628555298,"1":45.44517517089844,"2":-127.60366821289062}}}}}
{"DateTime": "2015-03-14T16:39:33.527Z", "Message":"izEy5m6GMfErnGnTAAAA"}
{"DateTime": "2015-03-14T16:39:33.538Z", "Message":{"Msg":"ServerUpdate","Packet":{"playerId":"izEy5m6GMfErnGnTAAAA","playerNumber":0,"shipId":1482771,"position":{"data":{"0":0.07294860482215881,"1":2.6627018451690674,"2":-5.287096977233887}},"orientation":{"data":{"0":27.021223068237305,"1":64.40754699707031,"2":-119.4203109741211}}}}}
{"DateTime": "2015-03-14T16:39:33.742Z", "Message":"izEy5m6GMfErnGnTAAAA"}
{"DateTime": "2015-03-14T16:39:33.761Z", "Message":{"Msg":"ServerUpdate","Packet":{"playerId":"izEy5m6GMfErnGnTAAAA","playerNumber":0,"shipId":1482771,"position":{"data":{"0":0.07294860482215881,"1":2.6627018451690674,"2":-5.287096977233887}},"orientation":{"data":{"0":77.5803451538086,"1":73.32505798339844,"2":-91.38522338867188}}}}}
{"DateTime": "2015-03-14T16:39:33.959Z", "Message":"izEy5m6GMfErnGnTAAAA"}
{"DateTime": "2015-03-14T16:39:33.964Z", "Message":{"Msg":"ServerUpdate","Packet":{"playerId":"izEy5m6GMfErnGnTAAAA","playerNumber":0,"shipId":1482771,"position":{"data":{"0":0.23887866735458374,"1":2.65004825592041,"2":-5.284509181976318}},"orientation":{"data":{"0":93.10599517822266,"1":73.32505798339844,"2":-91.38522338867188}}}}}
{"DateTime": "2015-03-14T16:39:34.160Z", "Message":"izEy5m6GMfErnGnTAAAA"}
{"DateTime": "2015-03-14T16:39:34.164Z", "Message":{"Msg":"ServerUpdate","Packet":{"playerId":"izEy5m6GMfErnGnTAAAA","playerNumber":0,"shipId":1482771,"position":{"data":{"0":1.502801775932312,"1":2.553663730621338,"2":-5.264800071716309}},"orientation":{"data":{"0":93.10599517822266,"1":73.32505798339844,"2":-91.38522338867188}}}}}
{"DateTime": "2015-03-14T16:39:34.377Z", "Message":"izEy5m6GMfErnGnTAAAA"}
{"DateTime": "2015-03-14T16:39:34.387Z", "Message":{"Msg":"ServerUpdate","Packet":{"playerId":"izEy5m6GMfErnGnTAAAA","playerNumber":0,"shipId":1482771,"position":{"data":{"0":2.9157166481018066,"1":2.4459168910980225,"2":-5.242766380310059}},"orientation":{"data":{"0":93.10599517822266,"1":73.32505798339844,"2":-91.38522338867188}}}}}
{"DateTime": "2015-03-14T16:39:34.593Z", "Message":"izEy5m6GMfErnGnTAAAA"}
{"DateTime": "2015-03-14T16:39:34.611Z", "Message":{"Msg":"ServerUpdate","Packet":{"playerId":"izEy5m6GMfErnGnTAAAA","playerNumber":0,"shipId":1482771,"position":{"data":{"0":3.0253331661224365,"1":2.4375576972961426,"2":-5.2410569190979}},"orientation":{"data":{"0":93.10599517822266,"1":73.32505798339844,"2":-91.38522338867188}}}}}
{"DateTime": "2015-03-14T16:39:34.810Z", "Message":"izEy5m6GMfErnGnTAAAA"}
{"DateTime": "2015-03-14T16:39:34.814Z", "Message":{"Msg":"ServerUpdate","Packet":{"playerId":"izEy5m6GMfErnGnTAAAA","playerNumber":0,"shipId":1482771,"position":{"data":{"0":3.0253331661224365,"1":2.4375576972961426,"2":-5.2410569190979}},"orientation":{"data":{"0":93.10599517822266,"1":73.32505798339844,"2":-91.38522338867188}}}}}
{"DateTime": "2015-03-14T16:39:35.027Z", "Message":"izEy5m6GMfErnGnTAAAA"}
{"DateTime": "2015-03-14T16:39:35.036Z", "Message":{"Msg":"ServerUpdate","Packet":{"playerId":"izEy5m6GMfErnGnTAAAA","playerNumber":0,"shipId":1482771,"position":{"data":{"0":3.0253331661224365,"1":2.4375576972961426,"2":-5.2410569190979}},"orientation":{"data":{"0":93.10599517822266,"1":73.32505798339844,"2":-91.38522338867188}}}}}
{"DateTime": "2015-03-14T16:39:35.227Z", "Message":"izEy5m6GMfErnGnTAAAA"}
{"DateTime": "2015-03-14T16:39:35.238Z", "Message":{"Msg":"ServerUpdate","Packet":{"playerId":"izEy5m6GMfErnGnTAAAA","playerNumber":0,"shipId":1482771,"position":{"data":{"0":3.0253331661224365,"1":2.4375576972961426,"2":-5.2410569190979}},"orientation":{"data":{"0":93.10599517822266,"1":73.32505798339844,"2":-91.38522338867188}}}}}
{"DateTime": "2015-03-14T16:39:35.442Z", "Message":"izEy5m6GMfErnGnTAAAA"}
{"DateTime": "2015-03-14T16:39:35.461Z", "Message":{"Msg":"ServerUpdate","Packet":{"playerId":"izEy5m6GMfErnGnTAAAA","playerNumber":0,"shipId":1482771,"position":{"data":{"0":3.0253331661224365,"1":2.4375576972961426,"2":-5.2410569190979}},"orientation":{"data":{"0":93.10599517822266,"1":73.32505798339844,"2":-91.38522338867188}}}}}
{"DateTime": "2015-03-14T16:39:35.660Z", "Message":"izEy5m6GMfErnGnTAAAA"}
{"DateTime": "2015-03-14T16:39:35.661Z", "Message":{"Msg":"ServerUpdate","Packet":{"playerId":"izEy5m6GMfErnGnTAAAA","playerNumber":0,"shipId":1482771,"position":{"data":{"0":3.0253331661224365,"1":2.4375576972961426,"2":-5.2410569190979}},"orientation":{"data":{"0":93.10599517822266,"1":73.32505798339844,"2":-91.38522338867188}}}}}
{"DateTime": "2015-03-14T16:39:35.876Z", "Message":"izEy5m6GMfErnGnTAAAA"}
{"DateTime": "2015-03-14T16:39:35.881Z", "Message":{"Msg":"ServerUpdate","Packet":{"playerId":"izEy5m6GMfErnGnTAAAA","playerNumber":0,"shipId":1482771,"position":{"data":{"0":3.0253331661224365,"1":2.4375576972961426,"2":-5.2410569190979}},"orientation":{"data":{"0":93.10599517822266,"1":73.32505798339844,"2":-91.38522338867188}}}}}
{"DateTime": "2015-03-14T16:39:36.076Z", "Message":"izEy5m6GMfErnGnTAAAA"}
{"DateTime": "2015-03-14T16:39:36.082Z", "Message":{"Msg":"ServerUpdate","Packet":{"playerId":"izEy5m6GMfErnGnTAAAA","playerNumber":0,"shipId":1482771,"position":{"data":{"0":3.0253331661224365,"1":2.4375576972961426,"2":-5.2410569190979}},"orientation":{"data":{"0":93.10599517822266,"1":73.32505798339844,"2":-91.38522338867188}}}}}
{"DateTime": "2015-03-14T16:39:36.292Z", "Message":"izEy5m6GMfErnGnTAAAA"}
{"DateTime": "2015-03-14T16:39:36.308Z", "Message":{"Msg":"ServerUpdate","Packet":{"playerId":"izEy5m6GMfErnGnTAAAA","playerNumber":0,"shipId":1482771,"position":{"data":{"0":3.0253331661224365,"1":2.4375576972961426,"2":-5.2410569190979}},"orientation":{"data":{"0":93.10599517822266,"1":73.32505798339844,"2":-91.38522338867188}}}}}
{"DateTime": "2015-03-14T16:39:36.510Z", "Message":"izEy5m6GMfErnGnTAAAA"}
{"DateTime": "2015-03-14T16:39:36.530Z", "Message":{"Msg":"ServerUpdate","Packet":{"playerId":"izEy5m6GMfErnGnTAAAA","playerNumber":0,"shipId":1482771,"position":{"data":{"0":3.0253331661224365,"1":2.4375576972961426,"2":-5.2410569190979}},"orientation":{"data":{"0":93.10599517822266,"1":73.32505798339844,"2":-91.38522338867188}}}}}
{"DateTime": "2015-03-14T16:39:36.726Z", "Message":"izEy5m6GMfErnGnTAAAA"}
{"DateTime": "2015-03-14T16:39:36.732Z", "Message":{"Msg":"ServerUpdate","Packet":{"playerId":"izEy5m6GMfErnGnTAAAA","playerNumber":0,"shipId":1482771,"position":{"data":{"0":3.0253331661224365,"1":2.4375576972961426,"2":-5.2410569190979}},"orientation":{"data":{"0":93.10599517822266,"1":73.32505798339844,"2":-91.38522338867188}}}}}
{"DateTime": "2015-03-14T16:39:36.927Z", "Message":"izEy5m6GMfErnGnTAAAA"}
{"DateTime": "2015-03-14T16:39:36.935Z", "Message":{"Msg":"ServerUpdate","Packet":{"playerId":"izEy5m6GMfErnGnTAAAA","playerNumber":0,"shipId":1482771,"position":{"data":{"0":3.0253331661224365,"1":2.4375576972961426,"2":-5.2410569190979}},"orientation":{"data":{"0":93.10599517822266,"1":73.32505798339844,"2":-91.38522338867188}}}}}
{"DateTime": "2015-03-14T16:39:37.142Z", "Message":"izEy5m6GMfErnGnTAAAA"}
{"DateTime": "2015-03-14T16:39:37.160Z", "Message":{"Msg":"ServerUpdate","Packet":{"playerId":"izEy5m6GMfErnGnTAAAA","playerNumber":0,"shipId":1482771,"position":{"data":{"0":3.0253331661224365,"1":2.4375576972961426,"2":-5.2410569190979}},"orientation":{"data":{"0":93.10599517822266,"1":73.32505798339844,"2":-91.38522338867188}}}}}
{"DateTime": "2015-03-14T16:39:38.961Z", "Message":"izEy5m6GMfErnGnTAAAA"}
{"DateTime": "2015-03-14T16:39:38.964Z", "Message":{"Msg":"ServerQuit","Packet":{"playerId":"izEy5m6GMfErnGnTAAAA","playerNumber":0}}}
