{"DateTime": "2015-03-17T15:46:51.906Z", "Message":"i32sq8shDeMdvYLVAAAA"}
{"DateTime": "2015-03-17T15:48:12.175Z", "Message":"i32sq8shDeMdvYLVAAAA"}
{"DateTime": "2015-03-17T15:48:14.609Z", "Message":"64esCBK8hYSDDwDZAAAB"}
{"DateTime": "2015-03-17T15:52:55.116Z", "Message":"64esCBK8hYSDDwDZAAAB"}
{"DateTime": "2015-03-17T15:53:05.639Z", "Message":"GiiI2vv-IJGkZjkHAAAC"}
{"DateTime": "2015-03-17T15:55:13.410Z", "Message":"GiiI2vv-IJGkZjkHAAAC"}
{"DateTime": "2015-03-17T15:55:15.770Z", "Message":"Hou34FgU4mGd3tXyAAAD"}
{"DateTime": "2015-03-17T15:59:06.565Z", "Message":"Hou34FgU4mGd3tXyAAAD"}
{"DateTime": "2015-03-17T15:59:59.074Z", "Message":"vs_uJnAmUtZlhBWnAAAE"}
{"DateTime": "2015-03-17T16:00:34.711Z", "Message":"vs_uJnAmUtZlhBWnAAAE"}
{"DateTime": "2015-03-17T16:00:43.929Z", "Message":"fAEmtxwD0cQHRpa9AAAF"}
{"DateTime": "2015-03-17T16:01:35.663Z", "Message":"fAEmtxwD0cQHRpa9AAAF"}
{"DateTime": "2015-03-17T16:01:51.768Z", "Message":"bj_gc3JCaCcaRj2jAAAG"}
{"DateTime": "2015-03-17T16:02:51.244Z", "Message":"bj_gc3JCaCcaRj2jAAAG"}
{"DateTime": "2015-03-17T16:03:01.197Z", "Message":"ZHLM6QY8zz01ti-IAAAH"}
{"DateTime": "2015-03-17T16:04:00.749Z", "Message":"ZHLM6QY8zz01ti-IAAAH"}
{"DateTime": "2015-03-17T16:04:11.179Z", "Message":"04_gz5kzRorv2JYDAAAI"}
{"DateTime": "2015-03-17T16:05:10.914Z", "Message":"04_gz5kzRorv2JYDAAAI"}
{"DateTime": "2015-03-17T16:05:12.032Z", "Message":"E_gTzlvckKOiMplmAAAJ"}
{"DateTime": "2015-03-17T16:06:57.020Z", "Message":"E_gTzlvckKOiMplmAAAJ"}
{"DateTime": "2015-03-17T16:07:04.298Z", "Message":"GJaVxkoNAslCEGzyAAAK"}
{"DateTime": "2015-03-17T16:09:42.085Z", "Message":"GJaVxkoNAslCEGzyAAAK"}
{"DateTime": "2015-03-17T16:09:45.345Z", "Message":"IluR9wSLmmOo-dcOAAAL"}
{"DateTime": "2015-03-17T16:10:41.898Z", "Message":"IluR9wSLmmOo-dcOAAAL"}
{"DateTime": "2015-03-17T16:10:44.800Z", "Message":"8cBdMzPR7Asa7lfRAAAM"}
{"DateTime": "2015-03-17T16:25:43.460Z", "Message":"8cBdMzPR7Asa7lfRAAAM"}
{"DateTime": "2015-03-17T16:25:53.037Z", "Message":"H2gVAvKCf9eDylicAAAN"}
{"DateTime": "2015-03-17T16:29:02.923Z", "Message":"H2gVAvKCf9eDylicAAAN"}
{"DateTime": "2015-03-17T16:29:09.780Z", "Message":"bR9pfNidJPZGHzIiAAAO"}
{"DateTime": "2015-03-17T16:31:21.709Z", "Message":"bR9pfNidJPZGHzIiAAAO"}
{"DateTime": "2015-03-17T16:32:31.287Z", "Message":"bPoiPqtpc840YV5TAAAP"}
{"DateTime": "2015-03-17T16:32:33.321Z", "Message":"bPoiPqtpc840YV5TAAAP"}
{"DateTime": "2015-03-17T16:32:40.195Z", "Message":"tpIEmM0IE3XvybaaAAAQ"}
{"DateTime": "2015-03-17T16:34:47.834Z", "Message":"tpIEmM0IE3XvybaaAAAQ"}
{"DateTime": "2015-03-17T16:34:48.914Z", "Message":"Cmz4JxTZMvZ5qNlHAAAR"}
{"DateTime": "2015-03-17T16:35:10.803Z", "Message":"Cmz4JxTZMvZ5qNlHAAAR"}
{"DateTime": "2015-03-17T16:35:11.944Z", "Message":"qB9IfheGSnGYrn7KAAAS"}
{"DateTime": "2015-03-17T16:36:47.823Z", "Message":"qB9IfheGSnGYrn7KAAAS"}
{"DateTime": "2015-03-17T16:36:48.963Z", "Message":"Lf02v2-Yw3iVbTwaAAAT"}
{"DateTime": "2015-03-17T16:38:21.065Z", "Message":"Lf02v2-Yw3iVbTwaAAAT"}
{"DateTime": "2015-03-17T16:38:22.154Z", "Message":"9c_wShug00g7SGV_AAAU"}
{"DateTime": "2015-03-17T16:40:10.523Z", "Message":"9c_wShug00g7SGV_AAAU"}
{"DateTime": "2015-03-17T16:40:11.623Z", "Message":"FlbcNFxJmfaqXq_NAAAV"}
{"DateTime": "2015-03-17T16:47:22.586Z", "Message":"FlbcNFxJmfaqXq_NAAAV"}
{"DateTime": "2015-03-17T16:47:23.681Z", "Message":"FGK8tVDIJTVSHln8AAAW"}
{"DateTime": "2015-03-17T16:49:17.077Z", "Message":"FGK8tVDIJTVSHln8AAAW"}
{"DateTime": "2015-03-17T16:49:20.854Z", "Message":"tSggIgMXvLL_JzkSAAAX"}
{"DateTime": "2015-03-17T16:57:05.958Z", "Message":"tSggIgMXvLL_JzkSAAAX"}
{"DateTime": "2015-03-17T16:57:07.166Z", "Message":"lVEGdUJmXItfAnbjAAAY"}
{"DateTime": "2015-03-17T16:57:44.105Z", "Message":"lVEGdUJmXItfAnbjAAAY"}
{"DateTime": "2015-03-17T16:57:45.426Z", "Message":"Q-7pdjtLC-dn83nPAAAZ"}
{"DateTime": "2015-03-17T16:59:40.401Z", "Message":"Q-7pdjtLC-dn83nPAAAZ"}
{"DateTime": "2015-03-17T16:59:41.622Z", "Message":"dx0W9fX0cW4rmU5ZAAAa"}
{"DateTime": "2015-03-17T17:02:25.475Z", "Message":"dx0W9fX0cW4rmU5ZAAAa"}
{"DateTime": "2015-03-17T17:02:36.593Z", "Message":"EL6Lko-oBM6KIxLyAAAb"}
{"DateTime": "2015-03-17T17:04:31.969Z", "Message":"EL6Lko-oBM6KIxLyAAAb"}
{"DateTime": "2015-03-17T17:04:33.041Z", "Message":"dMWBk8WDdRZwetA_AAAc"}
{"DateTime": "2015-03-17T17:05:30.739Z", "Message":"dMWBk8WDdRZwetA_AAAc"}
{"DateTime": "2015-03-17T17:05:31.828Z", "Message":"oCNX0FawCBklocmXAAAd"}
{"DateTime": "2015-03-17T17:06:27.702Z", "Message":"oCNX0FawCBklocmXAAAd"}
{"DateTime": "2015-03-17T17:06:28.822Z", "Message":"1n8b7u8y5PL8X3cyAAAe"}
{"DateTime": "2015-03-17T17:06:45.477Z", "Message":"1n8b7u8y5PL8X3cyAAAe"}
{"DateTime": "2015-03-17T17:07:07.999Z", "Message":"-lY0DcTTDy1Y6pH8AAAf"}
{"DateTime": "2015-03-17T17:09:18.526Z", "Message":"-lY0DcTTDy1Y6pH8AAAf"}
{"DateTime": "2015-03-17T17:09:19.619Z", "Message":"dNwZYvwdizBJtoPHAAAg"}
{"DateTime": "2015-03-17T17:11:42.853Z", "Message":"dNwZYvwdizBJtoPHAAAg"}
{"DateTime": "2015-03-17T17:11:43.933Z", "Message":"let6M24Qx9uuxAswAAAh"}
{"DateTime": "2015-03-17T17:18:32.023Z", "Message":"let6M24Qx9uuxAswAAAh"}
