{"DateTime": "2015-03-14T16:48:11.686Z", "Message":"BJEkbQ4K_2wJvWbeAAAA"}
{"DateTime": "2015-03-14T16:48:12.003Z", "Message":"BJEkbQ4K_2wJvWbeAAAA"}
{"DateTime": "2015-03-14T16:48:12.005Z", "Message":"BJEkbQ4K_2wJvWbeAAAA"}
{"DateTime": "2015-03-14T16:48:12.006Z", "Message":{"Msg":"ServerMessage","Packet":"0 joined."}}
{"DateTime": "2015-03-14T16:48:20.697Z", "Message":"BJEkbQ4K_2wJvWbeAAAA"}
{"DateTime": "2015-03-14T16:48:20.701Z", "Message":{"Msg":"ServerSpawn","Packet":{"playerId":"BJEkbQ4K_2wJvWbeAAAA","playerNumber":0,"shipId":1482780,"position":{"data":{"0":0,"1":0,"2":0}},"orientation":{"data":{"0":0,"1":0,"2":0}}}}}
{"DateTime": "2015-03-14T16:48:20.910Z", "Message":"BJEkbQ4K_2wJvWbeAAAA"}
{"DateTime": "2015-03-14T16:48:20.925Z", "Message":{"Msg":"ServerUpdate","Packet":{"playerId":"BJEkbQ4K_2wJvWbeAAAA","playerNumber":0,"shipId":1482780,"position":{"data":{"0":0,"1":0,"2":0}},"orientation":{"data":{"0":0,"1":0,"2":0}}}}}
{"DateTime": "2015-03-14T16:48:21.127Z", "Message":"BJEkbQ4K_2wJvWbeAAAA"}
{"DateTime": "2015-03-14T16:48:21.146Z", "Message":{"Msg":"ServerUpdate","Packet":{"playerId":"BJEkbQ4K_2wJvWbeAAAA","playerNumber":0,"shipId":1482780,"position":{"data":{"0":0,"1":0,"2":0}},"orientation":{"data":{"0":0,"1":0,"2":0}}}}}
{"DateTime": "2015-03-14T16:48:21.343Z", "Message":"BJEkbQ4K_2wJvWbeAAAA"}
{"DateTime": "2015-03-14T16:48:21.346Z", "Message":{"Msg":"ServerUpdate","Packet":{"playerId":"BJEkbQ4K_2wJvWbeAAAA","playerNumber":0,"shipId":1482780,"position":{"data":{"0":0.08173820376396179,"1":0,"2":0}},"orientation":{"data":{"0":0,"1":0,"2":0}}}}}
{"DateTime": "2015-03-14T16:48:21.544Z", "Message":"BJEkbQ4K_2wJvWbeAAAA"}
{"DateTime": "2015-03-14T16:48:21.547Z", "Message":{"Msg":"ServerUpdate","Packet":{"playerId":"BJEkbQ4K_2wJvWbeAAAA","playerNumber":0,"shipId":1482780,"position":{"data":{"0":1.335511565208435,"1":0,"2":0}},"orientation":{"data":{"0":0,"1":0,"2":0}}}}}
{"DateTime": "2015-03-14T16:48:21.760Z", "Message":"BJEkbQ4K_2wJvWbeAAAA"}
{"DateTime": "2015-03-14T16:48:21.769Z", "Message":{"Msg":"ServerUpdate","Packet":{"playerId":"BJEkbQ4K_2wJvWbeAAAA","playerNumber":0,"shipId":1482780,"position":{"data":{"0":2.745671033859253,"1":0,"2":-0.09407772123813629}},"orientation":{"data":{"0":0,"1":12.84321403503418,"2":0}}}}}
{"DateTime": "2015-03-14T16:48:21.977Z", "Message":"BJEkbQ4K_2wJvWbeAAAA"}
{"DateTime": "2015-03-14T16:48:21.995Z", "Message":{"Msg":"ServerUpdate","Packet":{"playerId":"BJEkbQ4K_2wJvWbeAAAA","playerNumber":0,"shipId":1482780,"position":{"data":{"0":3.1739144325256348,"1":0,"2":-0.1462957262992859}},"orientation":{"data":{"0":0,"1":38.64427185058594,"2":0}}}}}
{"DateTime": "2015-03-14T16:48:22.193Z", "Message":"BJEkbQ4K_2wJvWbeAAAA"}
{"DateTime": "2015-03-14T16:48:22.197Z", "Message":{"Msg":"ServerUpdate","Packet":{"playerId":"BJEkbQ4K_2wJvWbeAAAA","playerNumber":0,"shipId":1482780,"position":{"data":{"0":3.1739144325256348,"1":0,"2":-0.1462957262992859}},"orientation":{"data":{"0":0,"1":64.7016372680664,"2":0}}}}}
{"DateTime": "2015-03-14T16:48:22.393Z", "Message":"BJEkbQ4K_2wJvWbeAAAA"}
{"DateTime": "2015-03-14T16:48:22.398Z", "Message":{"Msg":"ServerUpdate","Packet":{"playerId":"BJEkbQ4K_2wJvWbeAAAA","playerNumber":0,"shipId":1482780,"position":{"data":{"0":3.1739144325256348,"1":0,"2":-0.1462957262992859}},"orientation":{"data":{"0":0,"1":64.7016372680664,"2":0}}}}}
{"DateTime": "2015-03-14T16:48:22.593Z", "Message":"BJEkbQ4K_2wJvWbeAAAA"}
{"DateTime": "2015-03-14T16:48:22.600Z", "Message":{"Msg":"ServerUpdate","Packet":{"playerId":"BJEkbQ4K_2wJvWbeAAAA","playerNumber":0,"shipId":1482780,"position":{"data":{"0":3.368579387664795,"1":0,"2":0.15204784274101257}},"orientation":{"data":{"0":0,"1":64.7016372680664,"2":0}}}}}
{"DateTime": "2015-03-14T16:48:22.794Z", "Message":"BJEkbQ4K_2wJvWbeAAAA"}
{"DateTime": "2015-03-14T16:48:22.800Z", "Message":{"Msg":"ServerUpdate","Packet":{"playerId":"BJEkbQ4K_2wJvWbeAAAA","playerNumber":0,"shipId":1482780,"position":{"data":{"0":3.4608514308929443,"1":0,"2":1.5256593227386475}},"orientation":{"data":{"0":0,"1":62.89632797241211,"2":0}}}}}
{"DateTime": "2015-03-14T16:48:23.009Z", "Message":"BJEkbQ4K_2wJvWbeAAAA"}
{"DateTime": "2015-03-14T16:48:23.021Z", "Message":{"Msg":"ServerUpdate","Packet":{"playerId":"BJEkbQ4K_2wJvWbeAAAA","playerNumber":0,"shipId":1482780,"position":{"data":{"0":3.314462900161743,"1":0,"2":1.7491885423660278}},"orientation":{"data":{"0":0,"1":42.734352111816406,"2":0}}}}}
{"DateTime": "2015-03-14T16:48:23.209Z", "Message":"BJEkbQ4K_2wJvWbeAAAA"}
{"DateTime": "2015-03-14T16:48:23.222Z", "Message":{"Msg":"ServerUpdate","Packet":{"playerId":"BJEkbQ4K_2wJvWbeAAAA","playerNumber":0,"shipId":1482780,"position":{"data":{"0":3.1527817249298096,"1":0,"2":1.898563265800476}},"orientation":{"data":{"0":0,"1":42.734352111816406,"2":0}}}}}
{"DateTime": "2015-03-14T16:48:23.409Z", "Message":"BJEkbQ4K_2wJvWbeAAAA"}
{"DateTime": "2015-03-14T16:48:23.422Z", "Message":{"Msg":"ServerUpdate","Packet":{"playerId":"BJEkbQ4K_2wJvWbeAAAA","playerNumber":0,"shipId":1482780,"position":{"data":{"0":3.522529363632202,"1":0,"2":2.768603563308716}},"orientation":{"data":{"0":0,"1":42.734352111816406,"2":0}}}}}
{"DateTime": "2015-03-14T16:48:23.626Z", "Message":"BJEkbQ4K_2wJvWbeAAAA"}
{"DateTime": "2015-03-14T16:48:23.643Z", "Message":{"Msg":"ServerUpdate","Packet":{"playerId":"BJEkbQ4K_2wJvWbeAAAA","playerNumber":0,"shipId":1482780,"position":{"data":{"0":4.91760778427124,"1":0,"2":3.3530094623565674}},"orientation":{"data":{"0":0,"1":42.734352111816406,"2":0}}}}}
{"DateTime": "2015-03-14T16:48:23.827Z", "Message":"BJEkbQ4K_2wJvWbeAAAA"}
{"DateTime": "2015-03-14T16:48:23.845Z", "Message":{"Msg":"ServerUpdate","Packet":{"playerId":"BJEkbQ4K_2wJvWbeAAAA","playerNumber":0,"shipId":1482780,"position":{"data":{"0":4.972030162811279,"1":0,"2":3.453136682510376}},"orientation":{"data":{"0":0,"1":42.734352111816406,"2":0}}}}}
{"DateTime": "2015-03-14T16:48:24.043Z", "Message":"BJEkbQ4K_2wJvWbeAAAA"}
{"DateTime": "2015-03-14T16:48:24.046Z", "Message":{"Msg":"ServerUpdate","Packet":{"playerId":"BJEkbQ4K_2wJvWbeAAAA","playerNumber":0,"shipId":1482780,"position":{"data":{"0":4.972030162811279,"1":0,"2":3.453136682510376}},"orientation":{"data":{"0":0,"1":42.734352111816406,"2":0}}}}}
{"DateTime": "2015-03-14T16:48:24.244Z", "Message":"BJEkbQ4K_2wJvWbeAAAA"}
{"DateTime": "2015-03-14T16:48:24.248Z", "Message":{"Msg":"ServerUpdate","Packet":{"playerId":"BJEkbQ4K_2wJvWbeAAAA","playerNumber":0,"shipId":1482780,"position":{"data":{"0":4.972030162811279,"1":0,"2":3.453136682510376}},"orientation":{"data":{"0":0,"1":42.734352111816406,"2":0}}}}}
{"DateTime": "2015-03-14T16:48:24.459Z", "Message":"BJEkbQ4K_2wJvWbeAAAA"}
{"DateTime": "2015-03-14T16:48:24.468Z", "Message":{"Msg":"ServerUpdate","Packet":{"playerId":"BJEkbQ4K_2wJvWbeAAAA","playerNumber":0,"shipId":1482780,"position":{"data":{"0":4.972030162811279,"1":0,"2":3.453136682510376}},"orientation":{"data":{"0":0,"1":42.734352111816406,"2":0}}}}}
{"DateTime": "2015-03-14T16:48:24.659Z", "Message":"BJEkbQ4K_2wJvWbeAAAA"}
{"DateTime": "2015-03-14T16:48:24.668Z", "Message":{"Msg":"ServerUpdate","Packet":{"playerId":"BJEkbQ4K_2wJvWbeAAAA","playerNumber":0,"shipId":1482780,"position":{"data":{"0":4.972030162811279,"1":0,"2":3.453136682510376}},"orientation":{"data":{"0":0,"1":42.734352111816406,"2":0}}}}}
{"DateTime": "2015-03-14T16:48:24.859Z", "Message":"BJEkbQ4K_2wJvWbeAAAA"}
{"DateTime": "2015-03-14T16:48:24.871Z", "Message":{"Msg":"ServerUpdate","Packet":{"playerId":"BJEkbQ4K_2wJvWbeAAAA","playerNumber":0,"shipId":1482780,"position":{"data":{"0":4.972030162811279,"1":0,"2":3.453136682510376}},"orientation":{"data":{"0":0,"1":42.734352111816406,"2":0}}}}}
{"DateTime": "2015-03-14T16:48:25.076Z", "Message":"BJEkbQ4K_2wJvWbeAAAA"}
{"DateTime": "2015-03-14T16:48:25.095Z", "Message":{"Msg":"ServerUpdate","Packet":{"playerId":"BJEkbQ4K_2wJvWbeAAAA","playerNumber":0,"shipId":1482780,"position":{"data":{"0":4.972030162811279,"1":0,"2":3.453136682510376}},"orientation":{"data":{"0":0,"1":42.734352111816406,"2":0}}}}}
{"DateTime": "2015-03-14T16:48:25.277Z", "Message":"BJEkbQ4K_2wJvWbeAAAA"}
{"DateTime": "2015-03-14T16:48:25.296Z", "Message":{"Msg":"ServerUpdate","Packet":{"playerId":"BJEkbQ4K_2wJvWbeAAAA","playerNumber":0,"shipId":1482780,"position":{"data":{"0":4.972030162811279,"1":0,"2":3.453136682510376}},"orientation":{"data":{"0":0,"1":42.734352111816406,"2":0}}}}}
{"DateTime": "2015-03-14T16:48:25.493Z", "Message":"BJEkbQ4K_2wJvWbeAAAA"}
{"DateTime": "2015-03-14T16:48:25.499Z", "Message":{"Msg":"ServerUpdate","Packet":{"playerId":"BJEkbQ4K_2wJvWbeAAAA","playerNumber":0,"shipId":1482780,"position":{"data":{"0":4.972030162811279,"1":0,"2":3.453136682510376}},"orientation":{"data":{"0":0,"1":42.734352111816406,"2":0}}}}}
{"DateTime": "2015-03-14T16:48:25.694Z", "Message":"BJEkbQ4K_2wJvWbeAAAA"}
{"DateTime": "2015-03-14T16:48:25.702Z", "Message":{"Msg":"ServerUpdate","Packet":{"playerId":"BJEkbQ4K_2wJvWbeAAAA","playerNumber":0,"shipId":1482780,"position":{"data":{"0":4.972030162811279,"1":0,"2":3.453136682510376}},"orientation":{"data":{"0":0,"1":42.734352111816406,"2":0}}}}}
{"DateTime": "2015-03-14T16:48:25.909Z", "Message":"BJEkbQ4K_2wJvWbeAAAA"}
{"DateTime": "2015-03-14T16:48:25.925Z", "Message":{"Msg":"ServerUpdate","Packet":{"playerId":"BJEkbQ4K_2wJvWbeAAAA","playerNumber":0,"shipId":1482780,"position":{"data":{"0":4.972030162811279,"1":0,"2":3.453136682510376}},"orientation":{"data":{"0":0,"1":42.734352111816406,"2":0}}}}}
{"DateTime": "2015-03-14T16:48:26.109Z", "Message":"BJEkbQ4K_2wJvWbeAAAA"}
{"DateTime": "2015-03-14T16:48:26.128Z", "Message":{"Msg":"ServerUpdate","Packet":{"playerId":"BJEkbQ4K_2wJvWbeAAAA","playerNumber":0,"shipId":1482780,"position":{"data":{"0":4.972030162811279,"1":0,"2":3.453136682510376}},"orientation":{"data":{"0":0,"1":42.734352111816406,"2":0}}}}}
{"DateTime": "2015-03-14T16:48:26.326Z", "Message":"BJEkbQ4K_2wJvWbeAAAA"}
{"DateTime": "2015-03-14T16:48:26.331Z", "Message":{"Msg":"ServerUpdate","Packet":{"playerId":"BJEkbQ4K_2wJvWbeAAAA","playerNumber":0,"shipId":1482780,"position":{"data":{"0":4.972030162811279,"1":0,"2":3.453136682510376}},"orientation":{"data":{"0":0,"1":42.734352111816406,"2":0}}}}}
{"DateTime": "2015-03-14T16:48:26.526Z", "Message":"BJEkbQ4K_2wJvWbeAAAA"}
{"DateTime": "2015-03-14T16:48:26.535Z", "Message":{"Msg":"ServerUpdate","Packet":{"playerId":"BJEkbQ4K_2wJvWbeAAAA","playerNumber":0,"shipId":1482780,"position":{"data":{"0":4.972030162811279,"1":0,"2":3.453136682510376}},"orientation":{"data":{"0":0,"1":42.734352111816406,"2":0}}}}}
{"DateTime": "2015-03-14T16:48:26.726Z", "Message":"BJEkbQ4K_2wJvWbeAAAA"}
{"DateTime": "2015-03-14T16:48:26.737Z", "Message":{"Msg":"ServerUpdate","Packet":{"playerId":"BJEkbQ4K_2wJvWbeAAAA","playerNumber":0,"shipId":1482780,"position":{"data":{"0":4.972030162811279,"1":0,"2":3.453136682510376}},"orientation":{"data":{"0":0,"1":42.734352111816406,"2":0}}}}}
{"DateTime": "2015-03-14T16:48:26.943Z", "Message":"BJEkbQ4K_2wJvWbeAAAA"}
{"DateTime": "2015-03-14T16:48:26.961Z", "Message":{"Msg":"ServerUpdate","Packet":{"playerId":"BJEkbQ4K_2wJvWbeAAAA","playerNumber":0,"shipId":1482780,"position":{"data":{"0":4.972030162811279,"1":0,"2":3.453136682510376}},"orientation":{"data":{"0":0,"1":42.734352111816406,"2":0}}}}}
{"DateTime": "2015-03-14T16:48:27.159Z", "Message":"BJEkbQ4K_2wJvWbeAAAA"}
{"DateTime": "2015-03-14T16:48:27.161Z", "Message":{"Msg":"ServerUpdate","Packet":{"playerId":"BJEkbQ4K_2wJvWbeAAAA","playerNumber":0,"shipId":1482780,"position":{"data":{"0":4.972030162811279,"1":0,"2":3.453136682510376}},"orientation":{"data":{"0":0,"1":42.734352111816406,"2":0}}}}}
{"DateTime": "2015-03-14T16:48:27.359Z", "Message":"BJEkbQ4K_2wJvWbeAAAA"}
{"DateTime": "2015-03-14T16:48:27.362Z", "Message":{"Msg":"ServerUpdate","Packet":{"playerId":"BJEkbQ4K_2wJvWbeAAAA","playerNumber":0,"shipId":1482780,"position":{"data":{"0":4.972030162811279,"1":0,"2":3.453136682510376}},"orientation":{"data":{"0":0,"1":42.734352111816406,"2":0}}}}}
{"DateTime": "2015-03-14T16:48:27.559Z", "Message":"BJEkbQ4K_2wJvWbeAAAA"}
{"DateTime": "2015-03-14T16:48:27.563Z", "Message":{"Msg":"ServerUpdate","Packet":{"playerId":"BJEkbQ4K_2wJvWbeAAAA","playerNumber":0,"shipId":1482780,"position":{"data":{"0":4.972030162811279,"1":0,"2":3.453136682510376}},"orientation":{"data":{"0":0,"1":42.734352111816406,"2":0}}}}}
{"DateTime": "2015-03-14T16:48:27.759Z", "Message":"BJEkbQ4K_2wJvWbeAAAA"}
{"DateTime": "2015-03-14T16:48:27.764Z", "Message":{"Msg":"ServerUpdate","Packet":{"playerId":"BJEkbQ4K_2wJvWbeAAAA","playerNumber":0,"shipId":1482780,"position":{"data":{"0":4.972030162811279,"1":0,"2":3.453136682510376}},"orientation":{"data":{"0":0,"1":42.734352111816406,"2":0}}}}}
{"DateTime": "2015-03-14T16:48:27.976Z", "Message":"BJEkbQ4K_2wJvWbeAAAA"}
{"DateTime": "2015-03-14T16:48:27.985Z", "Message":{"Msg":"ServerUpdate","Packet":{"playerId":"BJEkbQ4K_2wJvWbeAAAA","playerNumber":0,"shipId":1482780,"position":{"data":{"0":4.972030162811279,"1":0,"2":3.453136682510376}},"orientation":{"data":{"0":0,"1":42.734352111816406,"2":0}}}}}
{"DateTime": "2015-03-14T16:48:28.193Z", "Message":"BJEkbQ4K_2wJvWbeAAAA"}
{"DateTime": "2015-03-14T16:48:28.205Z", "Message":{"Msg":"ServerUpdate","Packet":{"playerId":"BJEkbQ4K_2wJvWbeAAAA","playerNumber":0,"shipId":1482780,"position":{"data":{"0":4.972030162811279,"1":0,"2":3.453136682510376}},"orientation":{"data":{"0":0,"1":42.734352111816406,"2":0}}}}}
{"DateTime": "2015-03-14T16:48:28.393Z", "Message":"BJEkbQ4K_2wJvWbeAAAA"}
{"DateTime": "2015-03-14T16:48:28.405Z", "Message":{"Msg":"ServerUpdate","Packet":{"playerId":"BJEkbQ4K_2wJvWbeAAAA","playerNumber":0,"shipId":1482780,"position":{"data":{"0":4.972030162811279,"1":0,"2":3.453136682510376}},"orientation":{"data":{"0":0,"1":42.734352111816406,"2":0}}}}}
{"DateTime": "2015-03-14T16:48:28.609Z", "Message":"BJEkbQ4K_2wJvWbeAAAA"}
{"DateTime": "2015-03-14T16:48:28.625Z", "Message":{"Msg":"ServerUpdate","Packet":{"playerId":"BJEkbQ4K_2wJvWbeAAAA","playerNumber":0,"shipId":1482780,"position":{"data":{"0":4.972030162811279,"1":0,"2":3.453136682510376}},"orientation":{"data":{"0":0,"1":42.734352111816406,"2":0}}}}}
{"DateTime": "2015-03-14T16:48:28.809Z", "Message":"BJEkbQ4K_2wJvWbeAAAA"}
{"DateTime": "2015-03-14T16:48:28.825Z", "Message":{"Msg":"ServerUpdate","Packet":{"playerId":"BJEkbQ4K_2wJvWbeAAAA","playerNumber":0,"shipId":1482780,"position":{"data":{"0":4.972030162811279,"1":0,"2":3.453136682510376}},"orientation":{"data":{"0":0,"1":42.734352111816406,"2":0}}}}}
{"DateTime": "2015-03-14T16:48:29.009Z", "Message":"BJEkbQ4K_2wJvWbeAAAA"}
{"DateTime": "2015-03-14T16:48:29.025Z", "Message":{"Msg":"ServerUpdate","Packet":{"playerId":"BJEkbQ4K_2wJvWbeAAAA","playerNumber":0,"shipId":1482780,"position":{"data":{"0":4.972030162811279,"1":0,"2":3.453136682510376}},"orientation":{"data":{"0":0,"1":42.734352111816406,"2":0}}}}}
{"DateTime": "2015-03-14T16:48:29.209Z", "Message":"BJEkbQ4K_2wJvWbeAAAA"}
{"DateTime": "2015-03-14T16:48:29.226Z", "Message":{"Msg":"ServerUpdate","Packet":{"playerId":"BJEkbQ4K_2wJvWbeAAAA","playerNumber":0,"shipId":1482780,"position":{"data":{"0":4.972030162811279,"1":0,"2":3.453136682510376}},"orientation":{"data":{"0":0,"1":42.734352111816406,"2":0}}}}}
{"DateTime": "2015-03-14T16:48:29.427Z", "Message":"BJEkbQ4K_2wJvWbeAAAA"}
{"DateTime": "2015-03-14T16:48:29.432Z", "Message":{"Msg":"ServerUpdate","Packet":{"playerId":"BJEkbQ4K_2wJvWbeAAAA","playerNumber":0,"shipId":1482780,"position":{"data":{"0":4.972030162811279,"1":0,"2":3.453136682510376}},"orientation":{"data":{"0":0,"1":42.734352111816406,"2":0}}}}}
{"DateTime": "2015-03-14T16:48:29.628Z", "Message":"BJEkbQ4K_2wJvWbeAAAA"}
{"DateTime": "2015-03-14T16:48:29.634Z", "Message":{"Msg":"ServerUpdate","Packet":{"playerId":"BJEkbQ4K_2wJvWbeAAAA","playerNumber":0,"shipId":1482780,"position":{"data":{"0":4.972030162811279,"1":0,"2":3.453136682510376}},"orientation":{"data":{"0":0,"1":42.734352111816406,"2":0}}}}}
{"DateTime": "2015-03-14T16:48:29.828Z", "Message":"BJEkbQ4K_2wJvWbeAAAA"}
{"DateTime": "2015-03-14T16:48:29.836Z", "Message":{"Msg":"ServerUpdate","Packet":{"playerId":"BJEkbQ4K_2wJvWbeAAAA","playerNumber":0,"shipId":1482780,"position":{"data":{"0":4.972030162811279,"1":0,"2":3.453136682510376}},"orientation":{"data":{"0":0,"1":42.734352111816406,"2":0}}}}}
{"DateTime": "2015-03-14T16:48:30.045Z", "Message":"BJEkbQ4K_2wJvWbeAAAA"}
{"DateTime": "2015-03-14T16:48:30.057Z", "Message":{"Msg":"ServerUpdate","Packet":{"playerId":"BJEkbQ4K_2wJvWbeAAAA","playerNumber":0,"shipId":1482780,"position":{"data":{"0":4.972030162811279,"1":0,"2":3.453136682510376}},"orientation":{"data":{"0":0,"1":42.734352111816406,"2":0}}}}}
{"DateTime": "2015-03-14T16:48:30.260Z", "Message":"BJEkbQ4K_2wJvWbeAAAA"}
{"DateTime": "2015-03-14T16:48:30.262Z", "Message":{"Msg":"ServerUpdate","Packet":{"playerId":"BJEkbQ4K_2wJvWbeAAAA","playerNumber":0,"shipId":1482780,"position":{"data":{"0":4.972030162811279,"1":0,"2":3.453136682510376}},"orientation":{"data":{"0":0,"1":42.734352111816406,"2":0}}}}}
{"DateTime": "2015-03-14T16:48:30.477Z", "Message":"BJEkbQ4K_2wJvWbeAAAA"}
{"DateTime": "2015-03-14T16:48:30.483Z", "Message":{"Msg":"ServerUpdate","Packet":{"playerId":"BJEkbQ4K_2wJvWbeAAAA","playerNumber":0,"shipId":1482780,"position":{"data":{"0":4.972030162811279,"1":0,"2":3.453136682510376}},"orientation":{"data":{"0":0,"1":42.734352111816406,"2":0}}}}}
{"DateTime": "2015-03-14T16:48:30.678Z", "Message":"BJEkbQ4K_2wJvWbeAAAA"}
{"DateTime": "2015-03-14T16:48:30.686Z", "Message":{"Msg":"ServerUpdate","Packet":{"playerId":"BJEkbQ4K_2wJvWbeAAAA","playerNumber":0,"shipId":1482780,"position":{"data":{"0":4.972030162811279,"1":0,"2":3.453136682510376}},"orientation":{"data":{"0":0,"1":42.734352111816406,"2":0}}}}}
{"DateTime": "2015-03-14T16:48:30.894Z", "Message":"BJEkbQ4K_2wJvWbeAAAA"}
{"DateTime": "2015-03-14T16:48:30.907Z", "Message":{"Msg":"ServerUpdate","Packet":{"playerId":"BJEkbQ4K_2wJvWbeAAAA","playerNumber":0,"shipId":1482780,"position":{"data":{"0":4.972030162811279,"1":0,"2":3.453136682510376}},"orientation":{"data":{"0":0,"1":42.734352111816406,"2":0}}}}}
{"DateTime": "2015-03-14T16:48:31.094Z", "Message":"BJEkbQ4K_2wJvWbeAAAA"}
{"DateTime": "2015-03-14T16:48:31.111Z", "Message":{"Msg":"ServerUpdate","Packet":{"playerId":"BJEkbQ4K_2wJvWbeAAAA","playerNumber":0,"shipId":1482780,"position":{"data":{"0":4.972030162811279,"1":0,"2":3.453136682510376}},"orientation":{"data":{"0":0,"1":42.734352111816406,"2":0}}}}}
{"DateTime": "2015-03-14T16:48:31.310Z", "Message":"BJEkbQ4K_2wJvWbeAAAA"}
{"DateTime": "2015-03-14T16:48:31.313Z", "Message":{"Msg":"ServerUpdate","Packet":{"playerId":"BJEkbQ4K_2wJvWbeAAAA","playerNumber":0,"shipId":1482780,"position":{"data":{"0":4.972030162811279,"1":0,"2":3.453136682510376}},"orientation":{"data":{"0":0,"1":42.734352111816406,"2":0}}}}}
{"DateTime": "2015-03-14T16:48:31.511Z", "Message":"BJEkbQ4K_2wJvWbeAAAA"}
{"DateTime": "2015-03-14T16:48:31.517Z", "Message":{"Msg":"ServerUpdate","Packet":{"playerId":"BJEkbQ4K_2wJvWbeAAAA","playerNumber":0,"shipId":1482780,"position":{"data":{"0":4.972030162811279,"1":0,"2":3.453136682510376}},"orientation":{"data":{"0":0,"1":42.734352111816406,"2":0}}}}}
{"DateTime": "2015-03-14T16:48:31.727Z", "Message":"BJEkbQ4K_2wJvWbeAAAA"}
{"DateTime": "2015-03-14T16:48:31.740Z", "Message":{"Msg":"ServerUpdate","Packet":{"playerId":"BJEkbQ4K_2wJvWbeAAAA","playerNumber":0,"shipId":1482780,"position":{"data":{"0":4.972030162811279,"1":0,"2":3.453136682510376}},"orientation":{"data":{"0":0,"1":42.734352111816406,"2":0}}}}}
{"DateTime": "2015-03-14T16:48:31.944Z", "Message":"BJEkbQ4K_2wJvWbeAAAA"}
{"DateTime": "2015-03-14T16:48:31.962Z", "Message":{"Msg":"ServerUpdate","Packet":{"playerId":"BJEkbQ4K_2wJvWbeAAAA","playerNumber":0,"shipId":1482780,"position":{"data":{"0":4.972030162811279,"1":0,"2":3.453136682510376}},"orientation":{"data":{"0":0,"1":42.734352111816406,"2":0}}}}}
{"DateTime": "2015-03-14T16:48:32.145Z", "Message":"BJEkbQ4K_2wJvWbeAAAA"}
{"DateTime": "2015-03-14T16:48:32.163Z", "Message":{"Msg":"ServerUpdate","Packet":{"playerId":"BJEkbQ4K_2wJvWbeAAAA","playerNumber":0,"shipId":1482780,"position":{"data":{"0":4.972030162811279,"1":0,"2":3.453136682510376}},"orientation":{"data":{"0":0,"1":42.734352111816406,"2":0}}}}}
{"DateTime": "2015-03-14T16:48:32.345Z", "Message":"BJEkbQ4K_2wJvWbeAAAA"}
{"DateTime": "2015-03-14T16:48:32.346Z", "Message":{"Msg":"ServerUpdate","Packet":{"playerId":"BJEkbQ4K_2wJvWbeAAAA","playerNumber":0,"shipId":1482780,"position":{"data":{"0":4.972030162811279,"1":0,"2":3.453136682510376}},"orientation":{"data":{"0":0,"1":42.734352111816406,"2":0}}}}}
{"DateTime": "2015-03-14T16:48:32.560Z", "Message":"BJEkbQ4K_2wJvWbeAAAA"}
{"DateTime": "2015-03-14T16:48:32.566Z", "Message":{"Msg":"ServerUpdate","Packet":{"playerId":"BJEkbQ4K_2wJvWbeAAAA","playerNumber":0,"shipId":1482780,"position":{"data":{"0":4.972030162811279,"1":0,"2":3.453136682510376}},"orientation":{"data":{"0":0,"1":42.734352111816406,"2":0}}}}}
{"DateTime": "2015-03-14T16:48:32.777Z", "Message":"BJEkbQ4K_2wJvWbeAAAA"}
{"DateTime": "2015-03-14T16:48:32.789Z", "Message":{"Msg":"ServerUpdate","Packet":{"playerId":"BJEkbQ4K_2wJvWbeAAAA","playerNumber":0,"shipId":1482780,"position":{"data":{"0":4.972030162811279,"1":0,"2":3.453136682510376}},"orientation":{"data":{"0":0,"1":42.734352111816406,"2":0}}}}}
{"DateTime": "2015-03-14T16:48:32.977Z", "Message":"BJEkbQ4K_2wJvWbeAAAA"}
{"DateTime": "2015-03-14T16:48:32.993Z", "Message":{"Msg":"ServerUpdate","Packet":{"playerId":"BJEkbQ4K_2wJvWbeAAAA","playerNumber":0,"shipId":1482780,"position":{"data":{"0":4.972030162811279,"1":0,"2":3.453136682510376}},"orientation":{"data":{"0":0,"1":42.734352111816406,"2":0}}}}}
{"DateTime": "2015-03-14T16:48:33.178Z", "Message":"BJEkbQ4K_2wJvWbeAAAA"}
{"DateTime": "2015-03-14T16:48:33.193Z", "Message":{"Msg":"ServerUpdate","Packet":{"playerId":"BJEkbQ4K_2wJvWbeAAAA","playerNumber":0,"shipId":1482780,"position":{"data":{"0":4.972030162811279,"1":0,"2":3.453136682510376}},"orientation":{"data":{"0":0,"1":42.734352111816406,"2":0}}}}}
{"DateTime": "2015-03-14T16:48:33.378Z", "Message":"BJEkbQ4K_2wJvWbeAAAA"}
{"DateTime": "2015-03-14T16:48:33.393Z", "Message":{"Msg":"ServerUpdate","Packet":{"playerId":"BJEkbQ4K_2wJvWbeAAAA","playerNumber":0,"shipId":1482780,"position":{"data":{"0":4.972030162811279,"1":0,"2":3.453136682510376}},"orientation":{"data":{"0":0,"1":42.734352111816406,"2":0}}}}}
{"DateTime": "2015-03-14T16:48:33.578Z", "Message":"BJEkbQ4K_2wJvWbeAAAA"}
{"DateTime": "2015-03-14T16:48:33.597Z", "Message":{"Msg":"ServerUpdate","Packet":{"playerId":"BJEkbQ4K_2wJvWbeAAAA","playerNumber":0,"shipId":1482780,"position":{"data":{"0":4.972030162811279,"1":0,"2":3.453136682510376}},"orientation":{"data":{"0":0,"1":42.734352111816406,"2":0}}}}}
{"DateTime": "2015-03-14T16:48:33.778Z", "Message":"BJEkbQ4K_2wJvWbeAAAA"}
{"DateTime": "2015-03-14T16:48:33.781Z", "Message":{"Msg":"ServerUpdate","Packet":{"playerId":"BJEkbQ4K_2wJvWbeAAAA","playerNumber":0,"shipId":1482780,"position":{"data":{"0":4.972030162811279,"1":0,"2":3.453136682510376}},"orientation":{"data":{"0":0,"1":42.734352111816406,"2":0}}}}}
{"DateTime": "2015-03-14T16:48:33.994Z", "Message":"BJEkbQ4K_2wJvWbeAAAA"}
{"DateTime": "2015-03-14T16:48:34.004Z", "Message":{"Msg":"ServerUpdate","Packet":{"playerId":"BJEkbQ4K_2wJvWbeAAAA","playerNumber":0,"shipId":1482780,"position":{"data":{"0":4.972030162811279,"1":0,"2":3.453136682510376}},"orientation":{"data":{"0":0,"1":42.734352111816406,"2":0}}}}}
{"DateTime": "2015-03-14T16:48:34.210Z", "Message":"BJEkbQ4K_2wJvWbeAAAA"}
{"DateTime": "2015-03-14T16:48:34.229Z", "Message":{"Msg":"ServerUpdate","Packet":{"playerId":"BJEkbQ4K_2wJvWbeAAAA","playerNumber":0,"shipId":1482780,"position":{"data":{"0":4.972030162811279,"1":0,"2":3.453136682510376}},"orientation":{"data":{"0":0,"1":42.734352111816406,"2":0}}}}}
{"DateTime": "2015-03-14T16:48:34.412Z", "Message":"BJEkbQ4K_2wJvWbeAAAA"}
{"DateTime": "2015-03-14T16:48:34.432Z", "Message":{"Msg":"ServerUpdate","Packet":{"playerId":"BJEkbQ4K_2wJvWbeAAAA","playerNumber":0,"shipId":1482780,"position":{"data":{"0":4.972030162811279,"1":0,"2":3.453136682510376}},"orientation":{"data":{"0":0,"1":42.734352111816406,"2":0}}}}}
{"DateTime": "2015-03-14T16:48:34.627Z", "Message":"BJEkbQ4K_2wJvWbeAAAA"}
{"DateTime": "2015-03-14T16:48:34.633Z", "Message":{"Msg":"ServerUpdate","Packet":{"playerId":"BJEkbQ4K_2wJvWbeAAAA","playerNumber":0,"shipId":1482780,"position":{"data":{"0":4.972030162811279,"1":0,"2":3.453136682510376}},"orientation":{"data":{"0":0,"1":42.734352111816406,"2":0}}}}}
{"DateTime": "2015-03-14T16:48:34.828Z", "Message":"BJEkbQ4K_2wJvWbeAAAA"}
{"DateTime": "2015-03-14T16:48:34.833Z", "Message":{"Msg":"ServerUpdate","Packet":{"playerId":"BJEkbQ4K_2wJvWbeAAAA","playerNumber":0,"shipId":1482780,"position":{"data":{"0":4.972030162811279,"1":0,"2":3.453136682510376}},"orientation":{"data":{"0":0,"1":42.734352111816406,"2":0}}}}}
{"DateTime": "2015-03-14T16:48:35.045Z", "Message":"BJEkbQ4K_2wJvWbeAAAA"}
{"DateTime": "2015-03-14T16:48:35.058Z", "Message":{"Msg":"ServerUpdate","Packet":{"playerId":"BJEkbQ4K_2wJvWbeAAAA","playerNumber":0,"shipId":1482780,"position":{"data":{"0":4.972030162811279,"1":0,"2":3.453136682510376}},"orientation":{"data":{"0":0,"1":42.734352111816406,"2":0}}}}}
{"DateTime": "2015-03-14T16:48:35.260Z", "Message":"BJEkbQ4K_2wJvWbeAAAA"}
{"DateTime": "2015-03-14T16:48:35.280Z", "Message":{"Msg":"ServerUpdate","Packet":{"playerId":"BJEkbQ4K_2wJvWbeAAAA","playerNumber":0,"shipId":1482780,"position":{"data":{"0":4.972030162811279,"1":0,"2":3.453136682510376}},"orientation":{"data":{"0":0,"1":42.734352111816406,"2":0}}}}}
{"DateTime": "2015-03-14T16:48:35.461Z", "Message":"BJEkbQ4K_2wJvWbeAAAA"}
{"DateTime": "2015-03-14T16:48:35.480Z", "Message":{"Msg":"ServerUpdate","Packet":{"playerId":"BJEkbQ4K_2wJvWbeAAAA","playerNumber":0,"shipId":1482780,"position":{"data":{"0":4.972030162811279,"1":0,"2":3.453136682510376}},"orientation":{"data":{"0":0,"1":42.734352111816406,"2":0}}}}}
{"DateTime": "2015-03-14T16:48:35.678Z", "Message":"BJEkbQ4K_2wJvWbeAAAA"}
{"DateTime": "2015-03-14T16:48:35.682Z", "Message":{"Msg":"ServerUpdate","Packet":{"playerId":"BJEkbQ4K_2wJvWbeAAAA","playerNumber":0,"shipId":1482780,"position":{"data":{"0":4.972030162811279,"1":0,"2":3.453136682510376}},"orientation":{"data":{"0":0,"1":42.734352111816406,"2":0}}}}}
{"DateTime": "2015-03-14T16:48:35.895Z", "Message":"BJEkbQ4K_2wJvWbeAAAA"}
{"DateTime": "2015-03-14T16:48:35.906Z", "Message":{"Msg":"ServerUpdate","Packet":{"playerId":"BJEkbQ4K_2wJvWbeAAAA","playerNumber":0,"shipId":1482780,"position":{"data":{"0":4.972030162811279,"1":0,"2":3.453136682510376}},"orientation":{"data":{"0":0,"1":42.734352111816406,"2":0}}}}}
{"DateTime": "2015-03-14T16:48:36.111Z", "Message":"BJEkbQ4K_2wJvWbeAAAA"}
{"DateTime": "2015-03-14T16:48:36.130Z", "Message":{"Msg":"ServerUpdate","Packet":{"playerId":"BJEkbQ4K_2wJvWbeAAAA","playerNumber":0,"shipId":1482780,"position":{"data":{"0":4.972030162811279,"1":0,"2":3.453136682510376}},"orientation":{"data":{"0":0,"1":42.734352111816406,"2":0}}}}}
{"DateTime": "2015-03-14T16:48:36.327Z", "Message":"BJEkbQ4K_2wJvWbeAAAA"}
{"DateTime": "2015-03-14T16:48:36.335Z", "Message":{"Msg":"ServerUpdate","Packet":{"playerId":"BJEkbQ4K_2wJvWbeAAAA","playerNumber":0,"shipId":1482780,"position":{"data":{"0":4.972030162811279,"1":0,"2":3.453136682510376}},"orientation":{"data":{"0":0,"1":42.734352111816406,"2":0}}}}}
{"DateTime": "2015-03-14T16:48:36.527Z", "Message":"BJEkbQ4K_2wJvWbeAAAA"}
{"DateTime": "2015-03-14T16:48:36.538Z", "Message":{"Msg":"ServerUpdate","Packet":{"playerId":"BJEkbQ4K_2wJvWbeAAAA","playerNumber":0,"shipId":1482780,"position":{"data":{"0":4.972030162811279,"1":0,"2":3.453136682510376}},"orientation":{"data":{"0":0,"1":42.734352111816406,"2":0}}}}}
{"DateTime": "2015-03-14T16:48:36.728Z", "Message":"BJEkbQ4K_2wJvWbeAAAA"}
{"DateTime": "2015-03-14T16:48:36.739Z", "Message":{"Msg":"ServerUpdate","Packet":{"playerId":"BJEkbQ4K_2wJvWbeAAAA","playerNumber":0,"shipId":1482780,"position":{"data":{"0":4.972030162811279,"1":0,"2":3.453136682510376}},"orientation":{"data":{"0":0,"1":42.734352111816406,"2":0}}}}}
{"DateTime": "2015-03-14T16:48:36.944Z", "Message":"BJEkbQ4K_2wJvWbeAAAA"}
{"DateTime": "2015-03-14T16:48:36.958Z", "Message":{"Msg":"ServerUpdate","Packet":{"playerId":"BJEkbQ4K_2wJvWbeAAAA","playerNumber":0,"shipId":1482780,"position":{"data":{"0":4.972030162811279,"1":0,"2":3.453136682510376}},"orientation":{"data":{"0":0,"1":42.734352111816406,"2":0}}}}}
{"DateTime": "2015-03-14T16:48:37.160Z", "Message":"BJEkbQ4K_2wJvWbeAAAA"}
{"DateTime": "2015-03-14T16:48:37.178Z", "Message":{"Msg":"ServerUpdate","Packet":{"playerId":"BJEkbQ4K_2wJvWbeAAAA","playerNumber":0,"shipId":1482780,"position":{"data":{"0":4.972030162811279,"1":0,"2":3.453136682510376}},"orientation":{"data":{"0":0,"1":42.734352111816406,"2":0}}}}}
{"DateTime": "2015-03-14T16:48:37.360Z", "Message":"BJEkbQ4K_2wJvWbeAAAA"}
{"DateTime": "2015-03-14T16:48:37.381Z", "Message":{"Msg":"ServerUpdate","Packet":{"playerId":"BJEkbQ4K_2wJvWbeAAAA","playerNumber":0,"shipId":1482780,"position":{"data":{"0":4.972030162811279,"1":0,"2":3.453136682510376}},"orientation":{"data":{"0":0,"1":42.734352111816406,"2":0}}}}}
{"DateTime": "2015-03-14T16:48:37.577Z", "Message":"BJEkbQ4K_2wJvWbeAAAA"}
{"DateTime": "2015-03-14T16:48:37.585Z", "Message":{"Msg":"ServerUpdate","Packet":{"playerId":"BJEkbQ4K_2wJvWbeAAAA","playerNumber":0,"shipId":1482780,"position":{"data":{"0":4.972030162811279,"1":0,"2":3.453136682510376}},"orientation":{"data":{"0":0,"1":42.734352111816406,"2":0}}}}}
{"DateTime": "2015-03-14T16:48:37.777Z", "Message":"BJEkbQ4K_2wJvWbeAAAA"}
{"DateTime": "2015-03-14T16:48:37.789Z", "Message":{"Msg":"ServerUpdate","Packet":{"playerId":"BJEkbQ4K_2wJvWbeAAAA","playerNumber":0,"shipId":1482780,"position":{"data":{"0":4.972030162811279,"1":0,"2":3.453136682510376}},"orientation":{"data":{"0":0,"1":42.734352111816406,"2":0}}}}}
{"DateTime": "2015-03-14T16:48:37.977Z", "Message":"BJEkbQ4K_2wJvWbeAAAA"}
{"DateTime": "2015-03-14T16:48:37.992Z", "Message":{"Msg":"ServerUpdate","Packet":{"playerId":"BJEkbQ4K_2wJvWbeAAAA","playerNumber":0,"shipId":1482780,"position":{"data":{"0":4.972030162811279,"1":0,"2":3.453136682510376}},"orientation":{"data":{"0":0,"1":42.734352111816406,"2":0}}}}}
{"DateTime": "2015-03-14T16:48:38.178Z", "Message":"BJEkbQ4K_2wJvWbeAAAA"}
{"DateTime": "2015-03-14T16:48:38.194Z", "Message":{"Msg":"ServerUpdate","Packet":{"playerId":"BJEkbQ4K_2wJvWbeAAAA","playerNumber":0,"shipId":1482780,"position":{"data":{"0":4.972030162811279,"1":0,"2":3.453136682510376}},"orientation":{"data":{"0":0,"1":42.734352111816406,"2":0}}}}}
{"DateTime": "2015-03-14T16:48:38.394Z", "Message":"BJEkbQ4K_2wJvWbeAAAA"}
{"DateTime": "2015-03-14T16:48:38.399Z", "Message":{"Msg":"ServerUpdate","Packet":{"playerId":"BJEkbQ4K_2wJvWbeAAAA","playerNumber":0,"shipId":1482780,"position":{"data":{"0":4.972030162811279,"1":0,"2":3.453136682510376}},"orientation":{"data":{"0":0,"1":42.734352111816406,"2":0}}}}}
{"DateTime": "2015-03-14T16:48:38.609Z", "Message":"BJEkbQ4K_2wJvWbeAAAA"}
{"DateTime": "2015-03-14T16:48:38.621Z", "Message":{"Msg":"ServerUpdate","Packet":{"playerId":"BJEkbQ4K_2wJvWbeAAAA","playerNumber":0,"shipId":1482780,"position":{"data":{"0":4.972030162811279,"1":0,"2":3.453136682510376}},"orientation":{"data":{"0":0,"1":42.734352111816406,"2":0}}}}}
{"DateTime": "2015-03-14T16:48:38.810Z", "Message":"BJEkbQ4K_2wJvWbeAAAA"}
{"DateTime": "2015-03-14T16:48:38.823Z", "Message":{"Msg":"ServerUpdate","Packet":{"playerId":"BJEkbQ4K_2wJvWbeAAAA","playerNumber":0,"shipId":1482780,"position":{"data":{"0":4.972030162811279,"1":0,"2":3.453136682510376}},"orientation":{"data":{"0":0,"1":42.734352111816406,"2":0}}}}}
{"DateTime": "2015-03-14T16:48:39.011Z", "Message":"BJEkbQ4K_2wJvWbeAAAA"}
{"DateTime": "2015-03-14T16:48:39.025Z", "Message":{"Msg":"ServerUpdate","Packet":{"playerId":"BJEkbQ4K_2wJvWbeAAAA","playerNumber":0,"shipId":1482780,"position":{"data":{"0":4.972030162811279,"1":0,"2":3.453136682510376}},"orientation":{"data":{"0":0,"1":42.734352111816406,"2":0}}}}}
{"DateTime": "2015-03-14T16:48:39.227Z", "Message":"BJEkbQ4K_2wJvWbeAAAA"}
{"DateTime": "2015-03-14T16:48:39.246Z", "Message":{"Msg":"ServerUpdate","Packet":{"playerId":"BJEkbQ4K_2wJvWbeAAAA","playerNumber":0,"shipId":1482780,"position":{"data":{"0":4.972030162811279,"1":0,"2":3.453136682510376}},"orientation":{"data":{"0":0,"1":42.734352111816406,"2":0}}}}}
{"DateTime": "2015-03-14T16:48:39.429Z", "Message":"BJEkbQ4K_2wJvWbeAAAA"}
{"DateTime": "2015-03-14T16:48:39.446Z", "Message":{"Msg":"ServerUpdate","Packet":{"playerId":"BJEkbQ4K_2wJvWbeAAAA","playerNumber":0,"shipId":1482780,"position":{"data":{"0":4.972030162811279,"1":0,"2":3.453136682510376}},"orientation":{"data":{"0":0,"1":42.734352111816406,"2":0}}}}}
{"DateTime": "2015-03-14T16:48:39.644Z", "Message":"BJEkbQ4K_2wJvWbeAAAA"}
{"DateTime": "2015-03-14T16:48:39.647Z", "Message":{"Msg":"ServerUpdate","Packet":{"playerId":"BJEkbQ4K_2wJvWbeAAAA","playerNumber":0,"shipId":1482780,"position":{"data":{"0":4.972030162811279,"1":0,"2":3.453136682510376}},"orientation":{"data":{"0":0,"1":42.734352111816406,"2":0}}}}}
{"DateTime": "2015-03-14T16:48:39.861Z", "Message":"BJEkbQ4K_2wJvWbeAAAA"}
{"DateTime": "2015-03-14T16:48:39.870Z", "Message":{"Msg":"ServerUpdate","Packet":{"playerId":"BJEkbQ4K_2wJvWbeAAAA","playerNumber":0,"shipId":1482780,"position":{"data":{"0":4.972030162811279,"1":0,"2":3.453136682510376}},"orientation":{"data":{"0":0,"1":42.734352111816406,"2":0}}}}}
{"DateTime": "2015-03-14T16:48:40.077Z", "Message":"BJEkbQ4K_2wJvWbeAAAA"}
{"DateTime": "2015-03-14T16:48:40.094Z", "Message":{"Msg":"ServerUpdate","Packet":{"playerId":"BJEkbQ4K_2wJvWbeAAAA","playerNumber":0,"shipId":1482780,"position":{"data":{"0":4.972030162811279,"1":0,"2":3.453136682510376}},"orientation":{"data":{"0":0,"1":42.734352111816406,"2":0}}}}}
{"DateTime": "2015-03-14T16:48:40.294Z", "Message":"BJEkbQ4K_2wJvWbeAAAA"}
{"DateTime": "2015-03-14T16:48:40.298Z", "Message":{"Msg":"ServerUpdate","Packet":{"playerId":"BJEkbQ4K_2wJvWbeAAAA","playerNumber":0,"shipId":1482780,"position":{"data":{"0":4.972030162811279,"1":0,"2":3.453136682510376}},"orientation":{"data":{"0":0,"1":42.734352111816406,"2":0}}}}}
{"DateTime": "2015-03-14T16:48:40.495Z", "Message":"BJEkbQ4K_2wJvWbeAAAA"}
{"DateTime": "2015-03-14T16:48:40.500Z", "Message":{"Msg":"ServerUpdate","Packet":{"playerId":"BJEkbQ4K_2wJvWbeAAAA","playerNumber":0,"shipId":1482780,"position":{"data":{"0":4.972030162811279,"1":0,"2":3.453136682510376}},"orientation":{"data":{"0":0,"1":42.734352111816406,"2":0}}}}}
{"DateTime": "2015-03-14T16:48:40.710Z", "Message":"BJEkbQ4K_2wJvWbeAAAA"}
{"DateTime": "2015-03-14T16:48:40.721Z", "Message":{"Msg":"ServerUpdate","Packet":{"playerId":"BJEkbQ4K_2wJvWbeAAAA","playerNumber":0,"shipId":1482780,"position":{"data":{"0":4.972030162811279,"1":0,"2":3.453136682510376}},"orientation":{"data":{"0":0,"1":42.734352111816406,"2":0}}}}}
{"DateTime": "2015-03-14T16:48:40.929Z", "Message":"BJEkbQ4K_2wJvWbeAAAA"}
{"DateTime": "2015-03-14T16:48:40.943Z", "Message":{"Msg":"ServerUpdate","Packet":{"playerId":"BJEkbQ4K_2wJvWbeAAAA","playerNumber":0,"shipId":1482780,"position":{"data":{"0":4.972030162811279,"1":0,"2":3.453136682510376}},"orientation":{"data":{"0":0,"1":42.734352111816406,"2":0}}}}}
{"DateTime": "2015-03-14T16:48:41.128Z", "Message":"BJEkbQ4K_2wJvWbeAAAA"}
{"DateTime": "2015-03-14T16:48:41.143Z", "Message":{"Msg":"ServerUpdate","Packet":{"playerId":"BJEkbQ4K_2wJvWbeAAAA","playerNumber":0,"shipId":1482780,"position":{"data":{"0":4.972030162811279,"1":0,"2":3.453136682510376}},"orientation":{"data":{"0":0,"1":42.734352111816406,"2":0}}}}}
{"DateTime": "2015-03-14T16:48:41.344Z", "Message":"BJEkbQ4K_2wJvWbeAAAA"}
{"DateTime": "2015-03-14T16:48:41.363Z", "Message":{"Msg":"ServerUpdate","Packet":{"playerId":"BJEkbQ4K_2wJvWbeAAAA","playerNumber":0,"shipId":1482780,"position":{"data":{"0":4.972030162811279,"1":0,"2":3.453136682510376}},"orientation":{"data":{"0":0,"1":42.734352111816406,"2":0}}}}}
{"DateTime": "2015-03-14T16:48:41.561Z", "Message":"BJEkbQ4K_2wJvWbeAAAA"}
{"DateTime": "2015-03-14T16:48:41.568Z", "Message":{"Msg":"ServerUpdate","Packet":{"playerId":"BJEkbQ4K_2wJvWbeAAAA","playerNumber":0,"shipId":1482780,"position":{"data":{"0":4.972030162811279,"1":0,"2":3.453136682510376}},"orientation":{"data":{"0":0,"1":42.734352111816406,"2":0}}}}}
{"DateTime": "2015-03-14T16:48:41.777Z", "Message":"BJEkbQ4K_2wJvWbeAAAA"}
{"DateTime": "2015-03-14T16:48:41.792Z", "Message":{"Msg":"ServerUpdate","Packet":{"playerId":"BJEkbQ4K_2wJvWbeAAAA","playerNumber":0,"shipId":1482780,"position":{"data":{"0":4.972030162811279,"1":0,"2":3.453136682510376}},"orientation":{"data":{"0":0,"1":42.734352111816406,"2":0}}}}}
{"DateTime": "2015-03-14T16:48:41.994Z", "Message":"BJEkbQ4K_2wJvWbeAAAA"}
{"DateTime": "2015-03-14T16:48:41.994Z", "Message":{"Msg":"ServerUpdate","Packet":{"playerId":"BJEkbQ4K_2wJvWbeAAAA","playerNumber":0,"shipId":1482780,"position":{"data":{"0":4.972030162811279,"1":0,"2":3.453136682510376}},"orientation":{"data":{"0":0,"1":42.734352111816406,"2":0}}}}}
{"DateTime": "2015-03-14T16:48:42.210Z", "Message":"BJEkbQ4K_2wJvWbeAAAA"}
{"DateTime": "2015-03-14T16:48:42.217Z", "Message":{"Msg":"ServerUpdate","Packet":{"playerId":"BJEkbQ4K_2wJvWbeAAAA","playerNumber":0,"shipId":1482780,"position":{"data":{"0":4.972030162811279,"1":0,"2":3.453136682510376}},"orientation":{"data":{"0":0,"1":42.734352111816406,"2":0}}}}}
{"DateTime": "2015-03-14T16:48:42.411Z", "Message":"BJEkbQ4K_2wJvWbeAAAA"}
{"DateTime": "2015-03-14T16:48:42.419Z", "Message":{"Msg":"ServerUpdate","Packet":{"playerId":"BJEkbQ4K_2wJvWbeAAAA","playerNumber":0,"shipId":1482780,"position":{"data":{"0":4.972030162811279,"1":0,"2":3.453136682510376}},"orientation":{"data":{"0":0,"1":42.734352111816406,"2":0}}}}}
{"DateTime": "2015-03-14T16:48:42.627Z", "Message":"BJEkbQ4K_2wJvWbeAAAA"}
{"DateTime": "2015-03-14T16:48:42.642Z", "Message":{"Msg":"ServerUpdate","Packet":{"playerId":"BJEkbQ4K_2wJvWbeAAAA","playerNumber":0,"shipId":1482780,"position":{"data":{"0":4.972030162811279,"1":0,"2":3.453136682510376}},"orientation":{"data":{"0":0,"1":42.734352111816406,"2":0}}}}}
{"DateTime": "2015-03-14T16:48:42.828Z", "Message":"BJEkbQ4K_2wJvWbeAAAA"}
{"DateTime": "2015-03-14T16:48:42.845Z", "Message":{"Msg":"ServerUpdate","Packet":{"playerId":"BJEkbQ4K_2wJvWbeAAAA","playerNumber":0,"shipId":1482780,"position":{"data":{"0":4.972030162811279,"1":0,"2":3.453136682510376}},"orientation":{"data":{"0":0,"1":42.734352111816406,"2":0}}}}}
{"DateTime": "2015-03-14T16:48:43.044Z", "Message":"BJEkbQ4K_2wJvWbeAAAA"}
{"DateTime": "2015-03-14T16:48:43.049Z", "Message":{"Msg":"ServerUpdate","Packet":{"playerId":"BJEkbQ4K_2wJvWbeAAAA","playerNumber":0,"shipId":1482780,"position":{"data":{"0":4.972030162811279,"1":0,"2":3.453136682510376}},"orientation":{"data":{"0":0,"1":42.734352111816406,"2":0}}}}}
{"DateTime": "2015-03-14T16:48:43.261Z", "Message":"BJEkbQ4K_2wJvWbeAAAA"}
{"DateTime": "2015-03-14T16:48:43.272Z", "Message":{"Msg":"ServerUpdate","Packet":{"playerId":"BJEkbQ4K_2wJvWbeAAAA","playerNumber":0,"shipId":1482780,"position":{"data":{"0":4.972030162811279,"1":0,"2":3.453136682510376}},"orientation":{"data":{"0":0,"1":42.734352111816406,"2":0}}}}}
{"DateTime": "2015-03-14T16:48:43.478Z", "Message":"BJEkbQ4K_2wJvWbeAAAA"}
{"DateTime": "2015-03-14T16:48:43.496Z", "Message":{"Msg":"ServerUpdate","Packet":{"playerId":"BJEkbQ4K_2wJvWbeAAAA","playerNumber":0,"shipId":1482780,"position":{"data":{"0":4.972030162811279,"1":0,"2":3.453136682510376}},"orientation":{"data":{"0":0,"1":42.734352111816406,"2":0}}}}}
{"DateTime": "2015-03-14T16:48:43.694Z", "Message":"BJEkbQ4K_2wJvWbeAAAA"}
{"DateTime": "2015-03-14T16:48:43.698Z", "Message":{"Msg":"ServerUpdate","Packet":{"playerId":"BJEkbQ4K_2wJvWbeAAAA","playerNumber":0,"shipId":1482780,"position":{"data":{"0":4.972030162811279,"1":0,"2":3.453136682510376}},"orientation":{"data":{"0":0,"1":42.734352111816406,"2":0}}}}}
{"DateTime": "2015-03-14T16:48:43.894Z", "Message":"BJEkbQ4K_2wJvWbeAAAA"}
{"DateTime": "2015-03-14T16:48:43.901Z", "Message":{"Msg":"ServerUpdate","Packet":{"playerId":"BJEkbQ4K_2wJvWbeAAAA","playerNumber":0,"shipId":1482780,"position":{"data":{"0":4.972030162811279,"1":0,"2":3.453136682510376}},"orientation":{"data":{"0":0,"1":42.734352111816406,"2":0}}}}}
{"DateTime": "2015-03-14T16:48:44.110Z", "Message":"BJEkbQ4K_2wJvWbeAAAA"}
{"DateTime": "2015-03-14T16:48:44.121Z", "Message":{"Msg":"ServerUpdate","Packet":{"playerId":"BJEkbQ4K_2wJvWbeAAAA","playerNumber":0,"shipId":1482780,"position":{"data":{"0":4.972030162811279,"1":0,"2":3.453136682510376}},"orientation":{"data":{"0":0,"1":42.734352111816406,"2":0}}}}}
{"DateTime": "2015-03-14T16:48:44.310Z", "Message":"BJEkbQ4K_2wJvWbeAAAA"}
{"DateTime": "2015-03-14T16:48:44.322Z", "Message":{"Msg":"ServerUpdate","Packet":{"playerId":"BJEkbQ4K_2wJvWbeAAAA","playerNumber":0,"shipId":1482780,"position":{"data":{"0":4.972030162811279,"1":0,"2":3.453136682510376}},"orientation":{"data":{"0":0,"1":42.734352111816406,"2":0}}}}}
{"DateTime": "2015-03-14T16:48:44.511Z", "Message":"BJEkbQ4K_2wJvWbeAAAA"}
{"DateTime": "2015-03-14T16:48:44.525Z", "Message":{"Msg":"ServerUpdate","Packet":{"playerId":"BJEkbQ4K_2wJvWbeAAAA","playerNumber":0,"shipId":1482780,"position":{"data":{"0":4.972030162811279,"1":0,"2":3.453136682510376}},"orientation":{"data":{"0":0,"1":42.734352111816406,"2":0}}}}}
{"DateTime": "2015-03-14T16:48:44.727Z", "Message":"BJEkbQ4K_2wJvWbeAAAA"}
{"DateTime": "2015-03-14T16:48:44.727Z", "Message":{"Msg":"ServerUpdate","Packet":{"playerId":"BJEkbQ4K_2wJvWbeAAAA","playerNumber":0,"shipId":1482780,"position":{"data":{"0":4.972030162811279,"1":0,"2":3.453136682510376}},"orientation":{"data":{"0":0,"1":42.734352111816406,"2":0}}}}}
{"DateTime": "2015-03-14T16:48:44.928Z", "Message":"BJEkbQ4K_2wJvWbeAAAA"}
{"DateTime": "2015-03-14T16:48:44.932Z", "Message":{"Msg":"ServerUpdate","Packet":{"playerId":"BJEkbQ4K_2wJvWbeAAAA","playerNumber":0,"shipId":1482780,"position":{"data":{"0":4.972030162811279,"1":0,"2":3.453136682510376}},"orientation":{"data":{"0":0,"1":42.734352111816406,"2":0}}}}}
{"DateTime": "2015-03-14T16:48:45.128Z", "Message":"BJEkbQ4K_2wJvWbeAAAA"}
{"DateTime": "2015-03-14T16:48:45.135Z", "Message":{"Msg":"ServerUpdate","Packet":{"playerId":"BJEkbQ4K_2wJvWbeAAAA","playerNumber":0,"shipId":1482780,"position":{"data":{"0":4.972030162811279,"1":0,"2":3.453136682510376}},"orientation":{"data":{"0":0,"1":42.734352111816406,"2":0}}}}}
{"DateTime": "2015-03-14T16:48:45.344Z", "Message":"BJEkbQ4K_2wJvWbeAAAA"}
{"DateTime": "2015-03-14T16:48:45.358Z", "Message":{"Msg":"ServerUpdate","Packet":{"playerId":"BJEkbQ4K_2wJvWbeAAAA","playerNumber":0,"shipId":1482780,"position":{"data":{"0":4.972030162811279,"1":0,"2":3.453136682510376}},"orientation":{"data":{"0":0,"1":42.734352111816406,"2":0}}}}}
{"DateTime": "2015-03-14T16:48:45.544Z", "Message":"BJEkbQ4K_2wJvWbeAAAA"}
{"DateTime": "2015-03-14T16:48:45.562Z", "Message":{"Msg":"ServerUpdate","Packet":{"playerId":"BJEkbQ4K_2wJvWbeAAAA","playerNumber":0,"shipId":1482780,"position":{"data":{"0":4.972030162811279,"1":0,"2":3.453136682510376}},"orientation":{"data":{"0":0,"1":42.734352111816406,"2":0}}}}}
{"DateTime": "2015-03-14T16:48:45.760Z", "Message":"BJEkbQ4K_2wJvWbeAAAA"}
{"DateTime": "2015-03-14T16:48:45.765Z", "Message":{"Msg":"ServerUpdate","Packet":{"playerId":"BJEkbQ4K_2wJvWbeAAAA","playerNumber":0,"shipId":1482780,"position":{"data":{"0":4.972030162811279,"1":0,"2":3.453136682510376}},"orientation":{"data":{"0":0,"1":42.734352111816406,"2":0}}}}}
{"DateTime": "2015-03-14T16:48:45.977Z", "Message":"BJEkbQ4K_2wJvWbeAAAA"}
{"DateTime": "2015-03-14T16:48:45.987Z", "Message":{"Msg":"ServerUpdate","Packet":{"playerId":"BJEkbQ4K_2wJvWbeAAAA","playerNumber":0,"shipId":1482780,"position":{"data":{"0":4.972030162811279,"1":0,"2":3.453136682510376}},"orientation":{"data":{"0":0,"1":42.734352111816406,"2":0}}}}}
{"DateTime": "2015-03-14T16:48:46.177Z", "Message":"BJEkbQ4K_2wJvWbeAAAA"}
{"DateTime": "2015-03-14T16:48:46.190Z", "Message":{"Msg":"ServerUpdate","Packet":{"playerId":"BJEkbQ4K_2wJvWbeAAAA","playerNumber":0,"shipId":1482780,"position":{"data":{"0":4.972030162811279,"1":0,"2":3.453136682510376}},"orientation":{"data":{"0":0,"1":42.734352111816406,"2":0}}}}}
{"DateTime": "2015-03-14T16:48:46.378Z", "Message":"BJEkbQ4K_2wJvWbeAAAA"}
{"DateTime": "2015-03-14T16:48:46.392Z", "Message":{"Msg":"ServerUpdate","Packet":{"playerId":"BJEkbQ4K_2wJvWbeAAAA","playerNumber":0,"shipId":1482780,"position":{"data":{"0":4.972030162811279,"1":0,"2":3.453136682510376}},"orientation":{"data":{"0":0,"1":42.734352111816406,"2":0}}}}}
{"DateTime": "2015-03-14T16:48:46.594Z", "Message":"BJEkbQ4K_2wJvWbeAAAA"}
{"DateTime": "2015-03-14T16:48:46.613Z", "Message":{"Msg":"ServerUpdate","Packet":{"playerId":"BJEkbQ4K_2wJvWbeAAAA","playerNumber":0,"shipId":1482780,"position":{"data":{"0":4.972030162811279,"1":0,"2":3.453136682510376}},"orientation":{"data":{"0":0,"1":42.734352111816406,"2":0}}}}}
{"DateTime": "2015-03-14T16:48:46.811Z", "Message":"BJEkbQ4K_2wJvWbeAAAA"}
{"DateTime": "2015-03-14T16:48:46.817Z", "Message":{"Msg":"ServerUpdate","Packet":{"playerId":"BJEkbQ4K_2wJvWbeAAAA","playerNumber":0,"shipId":1482780,"position":{"data":{"0":4.972030162811279,"1":0,"2":3.453136682510376}},"orientation":{"data":{"0":0,"1":42.734352111816406,"2":0}}}}}
{"DateTime": "2015-03-14T16:48:47.011Z", "Message":"BJEkbQ4K_2wJvWbeAAAA"}
{"DateTime": "2015-03-14T16:48:47.019Z", "Message":{"Msg":"ServerUpdate","Packet":{"playerId":"BJEkbQ4K_2wJvWbeAAAA","playerNumber":0,"shipId":1482780,"position":{"data":{"0":4.972030162811279,"1":0,"2":3.453136682510376}},"orientation":{"data":{"0":0,"1":42.734352111816406,"2":0}}}}}
{"DateTime": "2015-03-14T16:48:47.211Z", "Message":"BJEkbQ4K_2wJvWbeAAAA"}
{"DateTime": "2015-03-14T16:48:47.223Z", "Message":{"Msg":"ServerUpdate","Packet":{"playerId":"BJEkbQ4K_2wJvWbeAAAA","playerNumber":0,"shipId":1482780,"position":{"data":{"0":4.972030162811279,"1":0,"2":3.453136682510376}},"orientation":{"data":{"0":0,"1":42.734352111816406,"2":0}}}}}
{"DateTime": "2015-03-14T16:48:47.411Z", "Message":"BJEkbQ4K_2wJvWbeAAAA"}
{"DateTime": "2015-03-14T16:48:47.424Z", "Message":{"Msg":"ServerUpdate","Packet":{"playerId":"BJEkbQ4K_2wJvWbeAAAA","playerNumber":0,"shipId":1482780,"position":{"data":{"0":4.972030162811279,"1":0,"2":3.453136682510376}},"orientation":{"data":{"0":0,"1":42.734352111816406,"2":0}}}}}
{"DateTime": "2015-03-14T16:48:47.628Z", "Message":"BJEkbQ4K_2wJvWbeAAAA"}
{"DateTime": "2015-03-14T16:48:47.646Z", "Message":{"Msg":"ServerUpdate","Packet":{"playerId":"BJEkbQ4K_2wJvWbeAAAA","playerNumber":0,"shipId":1482780,"position":{"data":{"0":4.972030162811279,"1":0,"2":3.453136682510376}},"orientation":{"data":{"0":0,"1":42.734352111816406,"2":0}}}}}
{"DateTime": "2015-03-14T16:48:47.828Z", "Message":"BJEkbQ4K_2wJvWbeAAAA"}
{"DateTime": "2015-03-14T16:48:47.846Z", "Message":{"Msg":"ServerUpdate","Packet":{"playerId":"BJEkbQ4K_2wJvWbeAAAA","playerNumber":0,"shipId":1482780,"position":{"data":{"0":4.972030162811279,"1":0,"2":3.453136682510376}},"orientation":{"data":{"0":0,"1":42.734352111816406,"2":0}}}}}
{"DateTime": "2015-03-14T16:48:48.028Z", "Message":"BJEkbQ4K_2wJvWbeAAAA"}
{"DateTime": "2015-03-14T16:48:48.030Z", "Message":{"Msg":"ServerUpdate","Packet":{"playerId":"BJEkbQ4K_2wJvWbeAAAA","playerNumber":0,"shipId":1482780,"position":{"data":{"0":4.972030162811279,"1":0,"2":3.453136682510376}},"orientation":{"data":{"0":0,"1":42.734352111816406,"2":0}}}}}
{"DateTime": "2015-03-14T16:48:48.229Z", "Message":"BJEkbQ4K_2wJvWbeAAAA"}
{"DateTime": "2015-03-14T16:48:48.232Z", "Message":{"Msg":"ServerUpdate","Packet":{"playerId":"BJEkbQ4K_2wJvWbeAAAA","playerNumber":0,"shipId":1482780,"position":{"data":{"0":4.972030162811279,"1":0,"2":3.453136682510376}},"orientation":{"data":{"0":0,"1":42.734352111816406,"2":0}}}}}
{"DateTime": "2015-03-14T16:48:48.446Z", "Message":"BJEkbQ4K_2wJvWbeAAAA"}
{"DateTime": "2015-03-14T16:48:48.454Z", "Message":{"Msg":"ServerUpdate","Packet":{"playerId":"BJEkbQ4K_2wJvWbeAAAA","playerNumber":0,"shipId":1482780,"position":{"data":{"0":4.972030162811279,"1":0,"2":3.453136682510376}},"orientation":{"data":{"0":0,"1":42.734352111816406,"2":0}}}}}
{"DateTime": "2015-03-14T16:48:48.663Z", "Message":"BJEkbQ4K_2wJvWbeAAAA"}
{"DateTime": "2015-03-14T16:48:48.677Z", "Message":{"Msg":"ServerUpdate","Packet":{"playerId":"BJEkbQ4K_2wJvWbeAAAA","playerNumber":0,"shipId":1482780,"position":{"data":{"0":4.972030162811279,"1":0,"2":3.453136682510376}},"orientation":{"data":{"0":0,"1":42.734352111816406,"2":0}}}}}
{"DateTime": "2015-03-14T16:48:48.878Z", "Message":"BJEkbQ4K_2wJvWbeAAAA"}
{"DateTime": "2015-03-14T16:48:48.898Z", "Message":{"Msg":"ServerUpdate","Packet":{"playerId":"BJEkbQ4K_2wJvWbeAAAA","playerNumber":0,"shipId":1482780,"position":{"data":{"0":4.972030162811279,"1":0,"2":3.453136682510376}},"orientation":{"data":{"0":0,"1":42.734352111816406,"2":0}}}}}
{"DateTime": "2015-03-14T16:48:49.095Z", "Message":"BJEkbQ4K_2wJvWbeAAAA"}
{"DateTime": "2015-03-14T16:48:49.100Z", "Message":{"Msg":"ServerUpdate","Packet":{"playerId":"BJEkbQ4K_2wJvWbeAAAA","playerNumber":0,"shipId":1482780,"position":{"data":{"0":4.972030162811279,"1":0,"2":3.453136682510376}},"orientation":{"data":{"0":0,"1":42.734352111816406,"2":0}}}}}
{"DateTime": "2015-03-14T16:48:49.295Z", "Message":"BJEkbQ4K_2wJvWbeAAAA"}
{"DateTime": "2015-03-14T16:48:49.305Z", "Message":{"Msg":"ServerUpdate","Packet":{"playerId":"BJEkbQ4K_2wJvWbeAAAA","playerNumber":0,"shipId":1482780,"position":{"data":{"0":4.972030162811279,"1":0,"2":3.453136682510376}},"orientation":{"data":{"0":0,"1":42.734352111816406,"2":0}}}}}
{"DateTime": "2015-03-14T16:48:49.496Z", "Message":"BJEkbQ4K_2wJvWbeAAAA"}
{"DateTime": "2015-03-14T16:48:49.507Z", "Message":{"Msg":"ServerUpdate","Packet":{"playerId":"BJEkbQ4K_2wJvWbeAAAA","playerNumber":0,"shipId":1482780,"position":{"data":{"0":4.972030162811279,"1":0,"2":3.453136682510376}},"orientation":{"data":{"0":0,"1":42.734352111816406,"2":0}}}}}
{"DateTime": "2015-03-14T16:48:49.696Z", "Message":"BJEkbQ4K_2wJvWbeAAAA"}
{"DateTime": "2015-03-14T16:48:49.710Z", "Message":{"Msg":"ServerUpdate","Packet":{"playerId":"BJEkbQ4K_2wJvWbeAAAA","playerNumber":0,"shipId":1482780,"position":{"data":{"0":4.972030162811279,"1":0,"2":3.453136682510376}},"orientation":{"data":{"0":0,"1":42.734352111816406,"2":0}}}}}
{"DateTime": "2015-03-14T16:48:49.911Z", "Message":"BJEkbQ4K_2wJvWbeAAAA"}
{"DateTime": "2015-03-14T16:48:49.931Z", "Message":{"Msg":"ServerUpdate","Packet":{"playerId":"BJEkbQ4K_2wJvWbeAAAA","playerNumber":0,"shipId":1482780,"position":{"data":{"0":4.972030162811279,"1":0,"2":3.453136682510376}},"orientation":{"data":{"0":0,"1":42.734352111816406,"2":0}}}}}
{"DateTime": "2015-03-14T16:48:50.112Z", "Message":"BJEkbQ4K_2wJvWbeAAAA"}
{"DateTime": "2015-03-14T16:48:50.114Z", "Message":{"Msg":"ServerUpdate","Packet":{"playerId":"BJEkbQ4K_2wJvWbeAAAA","playerNumber":0,"shipId":1482780,"position":{"data":{"0":4.972030162811279,"1":0,"2":3.453136682510376}},"orientation":{"data":{"0":0,"1":42.734352111816406,"2":0}}}}}
{"DateTime": "2015-03-14T16:48:50.313Z", "Message":"BJEkbQ4K_2wJvWbeAAAA"}
{"DateTime": "2015-03-14T16:48:50.317Z", "Message":{"Msg":"ServerUpdate","Packet":{"playerId":"BJEkbQ4K_2wJvWbeAAAA","playerNumber":0,"shipId":1482780,"position":{"data":{"0":4.972030162811279,"1":0,"2":3.453136682510376}},"orientation":{"data":{"0":0,"1":42.734352111816406,"2":0}}}}}
{"DateTime": "2015-03-14T16:48:50.528Z", "Message":"BJEkbQ4K_2wJvWbeAAAA"}
{"DateTime": "2015-03-14T16:48:50.543Z", "Message":{"Msg":"ServerUpdate","Packet":{"playerId":"BJEkbQ4K_2wJvWbeAAAA","playerNumber":0,"shipId":1482780,"position":{"data":{"0":4.972030162811279,"1":0,"2":3.453136682510376}},"orientation":{"data":{"0":0,"1":42.734352111816406,"2":0}}}}}
{"DateTime": "2015-03-14T16:48:50.729Z", "Message":"BJEkbQ4K_2wJvWbeAAAA"}
{"DateTime": "2015-03-14T16:48:50.744Z", "Message":{"Msg":"ServerUpdate","Packet":{"playerId":"BJEkbQ4K_2wJvWbeAAAA","playerNumber":0,"shipId":1482780,"position":{"data":{"0":4.972030162811279,"1":0,"2":3.453136682510376}},"orientation":{"data":{"0":0,"1":42.734352111816406,"2":0}}}}}
{"DateTime": "2015-03-14T16:48:50.946Z", "Message":"BJEkbQ4K_2wJvWbeAAAA"}
{"DateTime": "2015-03-14T16:48:50.965Z", "Message":{"Msg":"ServerUpdate","Packet":{"playerId":"BJEkbQ4K_2wJvWbeAAAA","playerNumber":0,"shipId":1482780,"position":{"data":{"0":4.972030162811279,"1":0,"2":3.453136682510376}},"orientation":{"data":{"0":0,"1":42.734352111816406,"2":0}}}}}
{"DateTime": "2015-03-14T16:48:51.161Z", "Message":"BJEkbQ4K_2wJvWbeAAAA"}
{"DateTime": "2015-03-14T16:48:51.168Z", "Message":{"Msg":"ServerUpdate","Packet":{"playerId":"BJEkbQ4K_2wJvWbeAAAA","playerNumber":0,"shipId":1482780,"position":{"data":{"0":4.972030162811279,"1":0,"2":3.453136682510376}},"orientation":{"data":{"0":0,"1":42.734352111816406,"2":0}}}}}
{"DateTime": "2015-03-14T16:48:51.362Z", "Message":"BJEkbQ4K_2wJvWbeAAAA"}
{"DateTime": "2015-03-14T16:48:51.371Z", "Message":{"Msg":"ServerUpdate","Packet":{"playerId":"BJEkbQ4K_2wJvWbeAAAA","playerNumber":0,"shipId":1482780,"position":{"data":{"0":4.972030162811279,"1":0,"2":3.453136682510376}},"orientation":{"data":{"0":0,"1":42.734352111816406,"2":0}}}}}
{"DateTime": "2015-03-14T16:48:51.578Z", "Message":"BJEkbQ4K_2wJvWbeAAAA"}
{"DateTime": "2015-03-14T16:48:51.593Z", "Message":{"Msg":"ServerUpdate","Packet":{"playerId":"BJEkbQ4K_2wJvWbeAAAA","playerNumber":0,"shipId":1482780,"position":{"data":{"0":4.972030162811279,"1":0,"2":3.453136682510376}},"orientation":{"data":{"0":0,"1":42.734352111816406,"2":0}}}}}
{"DateTime": "2015-03-14T16:48:51.779Z", "Message":"BJEkbQ4K_2wJvWbeAAAA"}
{"DateTime": "2015-03-14T16:48:51.795Z", "Message":{"Msg":"ServerUpdate","Packet":{"playerId":"BJEkbQ4K_2wJvWbeAAAA","playerNumber":0,"shipId":1482780,"position":{"data":{"0":4.972030162811279,"1":0,"2":3.453136682510376}},"orientation":{"data":{"0":0,"1":42.734352111816406,"2":0}}}}}
{"DateTime": "2015-03-14T16:48:51.995Z", "Message":"BJEkbQ4K_2wJvWbeAAAA"}
{"DateTime": "2015-03-14T16:48:51.998Z", "Message":{"Msg":"ServerUpdate","Packet":{"playerId":"BJEkbQ4K_2wJvWbeAAAA","playerNumber":0,"shipId":1482780,"position":{"data":{"0":4.972030162811279,"1":0,"2":3.453136682510376}},"orientation":{"data":{"0":0,"1":42.734352111816406,"2":0}}}}}
{"DateTime": "2015-03-14T16:48:52.196Z", "Message":"BJEkbQ4K_2wJvWbeAAAA"}
{"DateTime": "2015-03-14T16:48:52.200Z", "Message":{"Msg":"ServerUpdate","Packet":{"playerId":"BJEkbQ4K_2wJvWbeAAAA","playerNumber":0,"shipId":1482780,"position":{"data":{"0":4.972030162811279,"1":0,"2":3.453136682510376}},"orientation":{"data":{"0":0,"1":42.734352111816406,"2":0}}}}}
{"DateTime": "2015-03-14T16:48:52.413Z", "Message":"BJEkbQ4K_2wJvWbeAAAA"}
{"DateTime": "2015-03-14T16:48:52.421Z", "Message":{"Msg":"ServerUpdate","Packet":{"playerId":"BJEkbQ4K_2wJvWbeAAAA","playerNumber":0,"shipId":1482780,"position":{"data":{"0":4.972030162811279,"1":0,"2":3.453136682510376}},"orientation":{"data":{"0":0,"1":42.734352111816406,"2":0}}}}}
{"DateTime": "2015-03-14T16:48:52.630Z", "Message":"BJEkbQ4K_2wJvWbeAAAA"}
{"DateTime": "2015-03-14T16:48:52.643Z", "Message":{"Msg":"ServerUpdate","Packet":{"playerId":"BJEkbQ4K_2wJvWbeAAAA","playerNumber":0,"shipId":1482780,"position":{"data":{"0":4.972030162811279,"1":0,"2":3.453136682510376}},"orientation":{"data":{"0":0,"1":42.734352111816406,"2":0}}}}}
{"DateTime": "2015-03-14T16:48:52.845Z", "Message":"BJEkbQ4K_2wJvWbeAAAA"}
{"DateTime": "2015-03-14T16:48:52.846Z", "Message":{"Msg":"ServerUpdate","Packet":{"playerId":"BJEkbQ4K_2wJvWbeAAAA","playerNumber":0,"shipId":1482780,"position":{"data":{"0":4.972030162811279,"1":0,"2":3.453136682510376}},"orientation":{"data":{"0":0,"1":42.734352111816406,"2":0}}}}}
{"DateTime": "2015-03-14T16:48:53.045Z", "Message":"BJEkbQ4K_2wJvWbeAAAA"}
{"DateTime": "2015-03-14T16:48:53.049Z", "Message":{"Msg":"ServerUpdate","Packet":{"playerId":"BJEkbQ4K_2wJvWbeAAAA","playerNumber":0,"shipId":1482780,"position":{"data":{"0":4.972030162811279,"1":0,"2":3.453136682510376}},"orientation":{"data":{"0":0,"1":42.734352111816406,"2":0}}}}}
{"DateTime": "2015-03-14T16:48:53.262Z", "Message":"BJEkbQ4K_2wJvWbeAAAA"}
{"DateTime": "2015-03-14T16:48:53.273Z", "Message":{"Msg":"ServerUpdate","Packet":{"playerId":"BJEkbQ4K_2wJvWbeAAAA","playerNumber":0,"shipId":1482780,"position":{"data":{"0":4.972030162811279,"1":0,"2":3.453136682510376}},"orientation":{"data":{"0":0,"1":42.734352111816406,"2":0}}}}}
{"DateTime": "2015-03-14T16:48:54.347Z", "Message":"BJEkbQ4K_2wJvWbeAAAA"}
{"DateTime": "2015-03-14T16:48:54.350Z", "Message":{"Msg":"ServerQuit","Packet":{"playerId":"BJEkbQ4K_2wJvWbeAAAA","playerNumber":0}}}
